[0.655s] Invoking command in '/home/juan/Documents/fundamentos_robotica/destroyer_ws/src/tools': CMAKE_PREFIX_PATH=/home/juan/Documents/fundamentos_robotica/destroyer_ws/install/custom_msgs:/home/juan/Documents/fundamentos_robotica/destroyer_ws/install/turtlebot3_custom_simulation:/home/juan/Documents/fundamentos_robotica/destroyer_ws/install/grid_fastslam:/home/juan/Documents/fundamentos_robotica/ws/install/turtlebot3_icp_localization:/home/juan/Documents/fundamentos_robotica/ws/install/turtlebot3_custom_simulation:/home/juan/Documents/fundamentos_robotica/ws/install/custom_msgs LD_LIBRARY_PATH=/home/juan/Documents/fundamentos_robotica/destroyer_ws/install/custom_msgs/lib:/home/juan/Documents/fundamentos_robotica/ws/install/custom_msgs/lib:/usr/lib/x86_64-linux-gnu/gazebo-11/plugins:/opt/ros/humble/opt/rviz_ogre_vendor/lib:/opt/ros/humble/lib/x86_64-linux-gnu:/opt/ros/humble/lib:/usr/lib/x86_64-linux-gnu/gazebo-11/plugins PYTHONPATH=/home/juan/Documents/fundamentos_robotica/destroyer_ws/build/tools/prefix_override:/usr/lib/python3/dist-packages/colcon_core/task/python/colcon_distutils_commands:/home/juan/Documents/fundamentos_robotica/destroyer_ws/install/tools/lib/python3.10/site-packages:${PYTHONPATH} /usr/bin/python3 -W ignore:setup.py install is deprecated -W ignore:easy_install command is deprecated setup.py egg_info --egg-base ../../build/tools build --build-base /home/juan/Documents/fundamentos_robotica/destroyer_ws/build/tools/build install --record /home/juan/Documents/fundamentos_robotica/destroyer_ws/build/tools/install.log --single-version-externally-managed install_data
[0.870s] running egg_info
[0.871s] writing ../../build/tools/tools.egg-info/PKG-INFO
[0.871s] writing dependency_links to ../../build/tools/tools.egg-info/dependency_links.txt
[0.871s] writing entry points to ../../build/tools/tools.egg-info/entry_points.txt
[0.871s] writing requirements to ../../build/tools/tools.egg-info/requires.txt
[0.871s] writing top-level names to ../../build/tools/tools.egg-info/top_level.txt
[0.873s] reading manifest file '../../build/tools/tools.egg-info/SOURCES.txt'
[0.873s] adding license file 'LICENSE'
[0.874s] writing manifest file '../../build/tools/tools.egg-info/SOURCES.txt'
[0.874s] running build
[0.874s] running build_py
[0.874s] running install
[0.874s] running install_lib
[0.875s] running install_data
[0.875s] running install_egg_info
[0.877s] removing '/home/juan/Documents/fundamentos_robotica/destroyer_ws/install/tools/lib/python3.10/site-packages/tools-0.0.0-py3.10.egg-info' (and everything under it)
[0.878s] Copying ../../build/tools/tools.egg-info to /home/juan/Documents/fundamentos_robotica/destroyer_ws/install/tools/lib/python3.10/site-packages/tools-0.0.0-py3.10.egg-info
[0.878s] running install_scripts
[0.896s] Installing delta_odom script to /home/juan/Documents/fundamentos_robotica/destroyer_ws/install/tools/lib/tools
[0.896s] Installing map_saver script to /home/juan/Documents/fundamentos_robotica/destroyer_ws/install/tools/lib/tools
[0.897s] writing list of installed files to '/home/juan/Documents/fundamentos_robotica/destroyer_ws/build/tools/install.log'
[0.927s] Invoked command in '/home/juan/Documents/fundamentos_robotica/destroyer_ws/src/tools' returned '0': CMAKE_PREFIX_PATH=/home/juan/Documents/fundamentos_robotica/destroyer_ws/install/custom_msgs:/home/juan/Documents/fundamentos_robotica/destroyer_ws/install/turtlebot3_custom_simulation:/home/juan/Documents/fundamentos_robotica/destroyer_ws/install/grid_fastslam:/home/juan/Documents/fundamentos_robotica/ws/install/turtlebot3_icp_localization:/home/juan/Documents/fundamentos_robotica/ws/install/turtlebot3_custom_simulation:/home/juan/Documents/fundamentos_robotica/ws/install/custom_msgs LD_LIBRARY_PATH=/home/juan/Documents/fundamentos_robotica/destroyer_ws/install/custom_msgs/lib:/home/juan/Documents/fundamentos_robotica/ws/install/custom_msgs/lib:/usr/lib/x86_64-linux-gnu/gazebo-11/plugins:/opt/ros/humble/opt/rviz_ogre_vendor/lib:/opt/ros/humble/lib/x86_64-linux-gnu:/opt/ros/humble/lib:/usr/lib/x86_64-linux-gnu/gazebo-11/plugins PYTHONPATH=/home/juan/Documents/fundamentos_robotica/destroyer_ws/build/tools/prefix_override:/usr/lib/python3/dist-packages/colcon_core/task/python/colcon_distutils_commands:/home/juan/Documents/fundamentos_robotica/destroyer_ws/install/tools/lib/python3.10/site-packages:${PYTHONPATH} /usr/bin/python3 -W ignore:setup.py install is deprecated -W ignore:easy_install command is deprecated setup.py egg_info --egg-base ../../build/tools build --build-base /home/juan/Documents/fundamentos_robotica/destroyer_ws/build/tools/build install --record /home/juan/Documents/fundamentos_robotica/destroyer_ws/build/tools/install.log --single-version-externally-managed install_data
