running egg_info
creating ../../build/state_machine/state_machine.egg-info
writing ../../build/state_machine/state_machine.egg-info/PKG-INFO
writing dependency_links to ../../build/state_machine/state_machine.egg-info/dependency_links.txt
writing entry points to ../../build/state_machine/state_machine.egg-info/entry_points.txt
writing requirements to ../../build/state_machine/state_machine.egg-info/requires.txt
writing top-level names to ../../build/state_machine/state_machine.egg-info/top_level.txt
writing manifest file '../../build/state_machine/state_machine.egg-info/SOURCES.txt'
reading manifest file '../../build/state_machine/state_machine.egg-info/SOURCES.txt'
adding license file 'LICENSE'
writing manifest file '../../build/state_machine/state_machine.egg-info/SOURCES.txt'
running build
running build_py
creating /home/alumno1/Documents/destroyer_ws/build/state_machine/build
creating /home/alumno1/Documents/destroyer_ws/build/state_machine/build/lib
creating /home/alumno1/Documents/destroyer_ws/build/state_machine/build/lib/state_machine
copying state_machine/map_publisher.py -> /home/alumno1/Documents/destroyer_ws/build/state_machine/build/lib/state_machine
copying state_machine/robot_functions.py -> /home/alumno1/Documents/destroyer_ws/build/state_machine/build/lib/state_machine
copying state_machine/__init__.py -> /home/alumno1/Documents/destroyer_ws/build/state_machine/build/lib/state_machine
copying state_machine/likelihood.py -> /home/alumno1/Documents/destroyer_ws/build/state_machine/build/lib/state_machine
copying state_machine/localization.py -> /home/alumno1/Documents/destroyer_ws/build/state_machine/build/lib/state_machine
running install
running install_lib
creating /home/alumno1/Documents/destroyer_ws/install/state_machine/lib/python3.10/site-packages/state_machine
copying /home/alumno1/Documents/destroyer_ws/build/state_machine/build/lib/state_machine/map_publisher.py -> /home/alumno1/Documents/destroyer_ws/install/state_machine/lib/python3.10/site-packages/state_machine
copying /home/alumno1/Documents/destroyer_ws/build/state_machine/build/lib/state_machine/robot_functions.py -> /home/alumno1/Documents/destroyer_ws/install/state_machine/lib/python3.10/site-packages/state_machine
copying /home/alumno1/Documents/destroyer_ws/build/state_machine/build/lib/state_machine/__init__.py -> /home/alumno1/Documents/destroyer_ws/install/state_machine/lib/python3.10/site-packages/state_machine
copying /home/alumno1/Documents/destroyer_ws/build/state_machine/build/lib/state_machine/likelihood.py -> /home/alumno1/Documents/destroyer_ws/install/state_machine/lib/python3.10/site-packages/state_machine
copying /home/alumno1/Documents/destroyer_ws/build/state_machine/build/lib/state_machine/localization.py -> /home/alumno1/Documents/destroyer_ws/install/state_machine/lib/python3.10/site-packages/state_machine
byte-compiling /home/alumno1/Documents/destroyer_ws/install/state_machine/lib/python3.10/site-packages/state_machine/map_publisher.py to map_publisher.cpython-310.pyc
byte-compiling /home/alumno1/Documents/destroyer_ws/install/state_machine/lib/python3.10/site-packages/state_machine/robot_functions.py to robot_functions.cpython-310.pyc
byte-compiling /home/alumno1/Documents/destroyer_ws/install/state_machine/lib/python3.10/site-packages/state_machine/__init__.py to __init__.cpython-310.pyc
byte-compiling /home/alumno1/Documents/destroyer_ws/install/state_machine/lib/python3.10/site-packages/state_machine/likelihood.py to likelihood.cpython-310.pyc
byte-compiling /home/alumno1/Documents/destroyer_ws/install/state_machine/lib/python3.10/site-packages/state_machine/localization.py to localization.cpython-310.pyc
running install_data
creating /home/alumno1/Documents/destroyer_ws/install/state_machine/share/ament_index
creating /home/alumno1/Documents/destroyer_ws/install/state_machine/share/ament_index/resource_index
creating /home/alumno1/Documents/destroyer_ws/install/state_machine/share/ament_index/resource_index/packages
copying resource/state_machine -> /home/alumno1/Documents/destroyer_ws/install/state_machine/share/ament_index/resource_index/packages
copying package.xml -> /home/alumno1/Documents/destroyer_ws/install/state_machine/share/state_machine
creating /home/alumno1/Documents/destroyer_ws/install/state_machine/share/state_machine/launch
copying launch/state_machine.launch.py -> /home/alumno1/Documents/destroyer_ws/install/state_machine/share/state_machine/launch
creating /home/alumno1/Documents/destroyer_ws/install/state_machine/share/state_machine/maps
copying maps/custom_casa_1.yaml -> /home/alumno1/Documents/destroyer_ws/install/state_machine/share/state_machine/maps
copying maps/custom_casa_1.pgm -> /home/alumno1/Documents/destroyer_ws/install/state_machine/share/state_machine/maps
creating /home/alumno1/Documents/destroyer_ws/install/state_machine/share/state_machine/rviz
running install_egg_info
Copying ../../build/state_machine/state_machine.egg-info to /home/alumno1/Documents/destroyer_ws/install/state_machine/lib/python3.10/site-packages/state_machine-0.0.0-py3.10.egg-info
running install_scripts
Installing likelihood_map_publisher script to /home/alumno1/Documents/destroyer_ws/install/state_machine/lib/state_machine
Installing map_publisher script to /home/alumno1/Documents/destroyer_ws/install/state_machine/lib/state_machine
writing list of installed files to '/home/alumno1/Documents/destroyer_ws/build/state_machine/install.log'
