[0.400s] Invoking command in '/home/alumno1/Documents/destroyer_ws/src/state_machine': PYTHONPATH=/home/alumno1/Documents/destroyer_ws/build/state_machine/prefix_override:/usr/lib/python3/dist-packages/colcon_core/task/python/colcon_distutils_commands:/home/alumno1/Documents/destroyer_ws/install/state_machine/lib/python3.10/site-packages:${PYTHONPATH} /usr/bin/python3 -W ignore:setup.py install is deprecated -W ignore:easy_install command is deprecated setup.py egg_info --egg-base ../../build/state_machine build --build-base /home/alumno1/Documents/destroyer_ws/build/state_machine/build install --record /home/alumno1/Documents/destroyer_ws/build/state_machine/install.log --single-version-externally-managed install_data
[0.502s] running egg_info
[0.502s] creating ../../build/state_machine/state_machine.egg-info
[0.503s] writing ../../build/state_machine/state_machine.egg-info/PKG-INFO
[0.503s] writing dependency_links to ../../build/state_machine/state_machine.egg-info/dependency_links.txt
[0.503s] writing entry points to ../../build/state_machine/state_machine.egg-info/entry_points.txt
[0.503s] writing requirements to ../../build/state_machine/state_machine.egg-info/requires.txt
[0.503s] writing top-level names to ../../build/state_machine/state_machine.egg-info/top_level.txt
[0.503s] writing manifest file '../../build/state_machine/state_machine.egg-info/SOURCES.txt'
[0.503s] reading manifest file '../../build/state_machine/state_machine.egg-info/SOURCES.txt'
[0.504s] adding license file 'LICENSE'
[0.504s] writing manifest file '../../build/state_machine/state_machine.egg-info/SOURCES.txt'
[0.504s] running build
[0.504s] running build_py
[0.504s] creating /home/alumno1/Documents/destroyer_ws/build/state_machine/build
[0.504s] creating /home/alumno1/Documents/destroyer_ws/build/state_machine/build/lib
[0.504s] creating /home/alumno1/Documents/destroyer_ws/build/state_machine/build/lib/state_machine
[0.504s] copying state_machine/map_publisher.py -> /home/alumno1/Documents/destroyer_ws/build/state_machine/build/lib/state_machine
[0.504s] copying state_machine/robot_functions.py -> /home/alumno1/Documents/destroyer_ws/build/state_machine/build/lib/state_machine
[0.504s] copying state_machine/__init__.py -> /home/alumno1/Documents/destroyer_ws/build/state_machine/build/lib/state_machine
[0.505s] copying state_machine/likelihood.py -> /home/alumno1/Documents/destroyer_ws/build/state_machine/build/lib/state_machine
[0.505s] copying state_machine/localization.py -> /home/alumno1/Documents/destroyer_ws/build/state_machine/build/lib/state_machine
[0.505s] running install
[0.505s] running install_lib
[0.505s] creating /home/alumno1/Documents/destroyer_ws/install/state_machine/lib/python3.10/site-packages/state_machine
[0.505s] copying /home/alumno1/Documents/destroyer_ws/build/state_machine/build/lib/state_machine/map_publisher.py -> /home/alumno1/Documents/destroyer_ws/install/state_machine/lib/python3.10/site-packages/state_machine
[0.505s] copying /home/alumno1/Documents/destroyer_ws/build/state_machine/build/lib/state_machine/robot_functions.py -> /home/alumno1/Documents/destroyer_ws/install/state_machine/lib/python3.10/site-packages/state_machine
[0.505s] copying /home/alumno1/Documents/destroyer_ws/build/state_machine/build/lib/state_machine/__init__.py -> /home/alumno1/Documents/destroyer_ws/install/state_machine/lib/python3.10/site-packages/state_machine
[0.505s] copying /home/alumno1/Documents/destroyer_ws/build/state_machine/build/lib/state_machine/likelihood.py -> /home/alumno1/Documents/destroyer_ws/install/state_machine/lib/python3.10/site-packages/state_machine
[0.505s] copying /home/alumno1/Documents/destroyer_ws/build/state_machine/build/lib/state_machine/localization.py -> /home/alumno1/Documents/destroyer_ws/install/state_machine/lib/python3.10/site-packages/state_machine
[0.506s] byte-compiling /home/alumno1/Documents/destroyer_ws/install/state_machine/lib/python3.10/site-packages/state_machine/map_publisher.py to map_publisher.cpython-310.pyc
[0.506s] byte-compiling /home/alumno1/Documents/destroyer_ws/install/state_machine/lib/python3.10/site-packages/state_machine/robot_functions.py to robot_functions.cpython-310.pyc
[0.506s] byte-compiling /home/alumno1/Documents/destroyer_ws/install/state_machine/lib/python3.10/site-packages/state_machine/__init__.py to __init__.cpython-310.pyc
[0.506s] byte-compiling /home/alumno1/Documents/destroyer_ws/install/state_machine/lib/python3.10/site-packages/state_machine/likelihood.py to likelihood.cpython-310.pyc
[0.506s] byte-compiling /home/alumno1/Documents/destroyer_ws/install/state_machine/lib/python3.10/site-packages/state_machine/localization.py to localization.cpython-310.pyc
[0.507s] running install_data
[0.507s] creating /home/alumno1/Documents/destroyer_ws/install/state_machine/share/ament_index
[0.507s] creating /home/alumno1/Documents/destroyer_ws/install/state_machine/share/ament_index/resource_index
[0.507s] creating /home/alumno1/Documents/destroyer_ws/install/state_machine/share/ament_index/resource_index/packages
[0.507s] copying resource/state_machine -> /home/alumno1/Documents/destroyer_ws/install/state_machine/share/ament_index/resource_index/packages
[0.507s] copying package.xml -> /home/alumno1/Documents/destroyer_ws/install/state_machine/share/state_machine
[0.507s] creating /home/alumno1/Documents/destroyer_ws/install/state_machine/share/state_machine/launch
[0.507s] copying launch/state_machine.launch.py -> /home/alumno1/Documents/destroyer_ws/install/state_machine/share/state_machine/launch
[0.508s] creating /home/alumno1/Documents/destroyer_ws/install/state_machine/share/state_machine/maps
[0.508s] copying maps/custom_casa_1.yaml -> /home/alumno1/Documents/destroyer_ws/install/state_machine/share/state_machine/maps
[0.508s] copying maps/custom_casa_1.pgm -> /home/alumno1/Documents/destroyer_ws/install/state_machine/share/state_machine/maps
[0.508s] creating /home/alumno1/Documents/destroyer_ws/install/state_machine/share/state_machine/rviz
[0.508s] running install_egg_info
[0.508s] Copying ../../build/state_machine/state_machine.egg-info to /home/alumno1/Documents/destroyer_ws/install/state_machine/lib/python3.10/site-packages/state_machine-0.0.0-py3.10.egg-info
[0.508s] running install_scripts
[0.517s] Installing likelihood_map_publisher script to /home/alumno1/Documents/destroyer_ws/install/state_machine/lib/state_machine
[0.517s] Installing map_publisher script to /home/alumno1/Documents/destroyer_ws/install/state_machine/lib/state_machine
[0.517s] writing list of installed files to '/home/alumno1/Documents/destroyer_ws/build/state_machine/install.log'
[0.528s] Invoked command in '/home/alumno1/Documents/destroyer_ws/src/state_machine' returned '0': PYTHONPATH=/home/alumno1/Documents/destroyer_ws/build/state_machine/prefix_override:/usr/lib/python3/dist-packages/colcon_core/task/python/colcon_distutils_commands:/home/alumno1/Documents/destroyer_ws/install/state_machine/lib/python3.10/site-packages:${PYTHONPATH} /usr/bin/python3 -W ignore:setup.py install is deprecated -W ignore:easy_install command is deprecated setup.py egg_info --egg-base ../../build/state_machine build --build-base /home/alumno1/Documents/destroyer_ws/build/state_machine/build install --record /home/alumno1/Documents/destroyer_ws/build/state_machine/install.log --single-version-externally-managed install_data
