[35m[1mConsolidate compiler generated dependencies of target grid_fastslam_node[0m
[ 33%] [32mBuilding CXX object CMakeFiles/grid_fastslam_node.dir/src/grid_fastslam.cpp.o[0m
[ 66%] [32m[1mLinking CXX executable grid_fastslam_node[0m
[100%] Built target grid_fastslam_node
-- Install configuration: ""
-- Installing: /home/alumno1/Documents/destroyer_ws/install/grid_fastslam/lib/grid_fastslam/grid_fastslam_node
-- Set runtime path of "/home/alumno1/Documents/destroyer_ws/install/grid_fastslam/lib/grid_fastslam/grid_fastslam_node" to ""
-- Installing: /home/alumno1/Documents/destroyer_ws/install/grid_fastslam/include/
-- Installing: /home/alumno1/Documents/destroyer_ws/install/grid_fastslam/include//grid_fastslam
-- Installing: /home/alumno1/Documents/destroyer_ws/install/grid_fastslam/include//grid_fastslam/grid_fastslam.hpp
-- Installing: /home/alumno1/Documents/destroyer_ws/install/grid_fastslam/share/grid_fastslam/launch
-- Installing: /home/alumno1/Documents/destroyer_ws/install/grid_fastslam/share/grid_fastslam/launch/fastslam.launch.py
-- Installing: /home/alumno1/Documents/destroyer_ws/install/grid_fastslam/share/grid_fastslam/rviz
-- Installing: /home/alumno1/Documents/destroyer_ws/install/grid_fastslam/share/grid_fastslam/rviz/fastslam.rviz
-- Installing: /home/alumno1/Documents/destroyer_ws/install/grid_fastslam/share/ament_index/resource_index/package_run_dependencies/grid_fastslam
-- Installing: /home/alumno1/Documents/destroyer_ws/install/grid_fastslam/share/ament_index/resource_index/parent_prefix_path/grid_fastslam
-- Installing: /home/alumno1/Documents/destroyer_ws/install/grid_fastslam/share/grid_fastslam/environment/ament_prefix_path.sh
-- Installing: /home/alumno1/Documents/destroyer_ws/install/grid_fastslam/share/grid_fastslam/environment/ament_prefix_path.dsv
-- Installing: /home/alumno1/Documents/destroyer_ws/install/grid_fastslam/share/grid_fastslam/environment/path.sh
-- Installing: /home/alumno1/Documents/destroyer_ws/install/grid_fastslam/share/grid_fastslam/environment/path.dsv
-- Installing: /home/alumno1/Documents/destroyer_ws/install/grid_fastslam/share/grid_fastslam/local_setup.bash
-- Installing: /home/alumno1/Documents/destroyer_ws/install/grid_fastslam/share/grid_fastslam/local_setup.sh
-- Installing: /home/alumno1/Documents/destroyer_ws/install/grid_fastslam/share/grid_fastslam/local_setup.zsh
-- Installing: /home/alumno1/Documents/destroyer_ws/install/grid_fastslam/share/grid_fastslam/local_setup.dsv
-- Installing: /home/alumno1/Documents/destroyer_ws/install/grid_fastslam/share/grid_fastslam/package.dsv
-- Installing: /home/alumno1/Documents/destroyer_ws/install/grid_fastslam/share/ament_index/resource_index/packages/grid_fastslam
-- Installing: /home/alumno1/Documents/destroyer_ws/install/grid_fastslam/share/grid_fastslam/cmake/grid_fastslamConfig.cmake
-- Installing: /home/alumno1/Documents/destroyer_ws/install/grid_fastslam/share/grid_fastslam/cmake/grid_fastslamConfig-version.cmake
-- Installing: /home/alumno1/Documents/destroyer_ws/install/grid_fastslam/share/grid_fastslam/package.xml
