running egg_info
creating ../../build/tools/tools.egg-info
writing ../../build/tools/tools.egg-info/PKG-INFO
writing dependency_links to ../../build/tools/tools.egg-info/dependency_links.txt
writing entry points to ../../build/tools/tools.egg-info/entry_points.txt
writing requirements to ../../build/tools/tools.egg-info/requires.txt
writing top-level names to ../../build/tools/tools.egg-info/top_level.txt
writing manifest file '../../build/tools/tools.egg-info/SOURCES.txt'
reading manifest file '../../build/tools/tools.egg-info/SOURCES.txt'
adding license file 'LICENSE'
writing manifest file '../../build/tools/tools.egg-info/SOURCES.txt'
running build
running build_py
creating /home/juan/Documents/fundamentos_robotica/destroyer_ws/build/tools/build
creating /home/juan/Documents/fundamentos_robotica/destroyer_ws/build/tools/build/lib
creating /home/juan/Documents/fundamentos_robotica/destroyer_ws/build/tools/build/lib/tools
copying tools/map_saver.py -> /home/juan/Documents/fundamentos_robotica/destroyer_ws/build/tools/build/lib/tools
copying tools/__init__.py -> /home/juan/Documents/fundamentos_robotica/destroyer_ws/build/tools/build/lib/tools
copying tools/delta_odom.py -> /home/juan/Documents/fundamentos_robotica/destroyer_ws/build/tools/build/lib/tools
running install
running install_lib
creating /home/juan/Documents/fundamentos_robotica/destroyer_ws/install/tools/lib/python3.10/site-packages/tools
copying /home/juan/Documents/fundamentos_robotica/destroyer_ws/build/tools/build/lib/tools/map_saver.py -> /home/juan/Documents/fundamentos_robotica/destroyer_ws/install/tools/lib/python3.10/site-packages/tools
copying /home/juan/Documents/fundamentos_robotica/destroyer_ws/build/tools/build/lib/tools/__init__.py -> /home/juan/Documents/fundamentos_robotica/destroyer_ws/install/tools/lib/python3.10/site-packages/tools
copying /home/juan/Documents/fundamentos_robotica/destroyer_ws/build/tools/build/lib/tools/delta_odom.py -> /home/juan/Documents/fundamentos_robotica/destroyer_ws/install/tools/lib/python3.10/site-packages/tools
byte-compiling /home/juan/Documents/fundamentos_robotica/destroyer_ws/install/tools/lib/python3.10/site-packages/tools/map_saver.py to map_saver.cpython-310.pyc
byte-compiling /home/juan/Documents/fundamentos_robotica/destroyer_ws/install/tools/lib/python3.10/site-packages/tools/__init__.py to __init__.cpython-310.pyc
byte-compiling /home/juan/Documents/fundamentos_robotica/destroyer_ws/install/tools/lib/python3.10/site-packages/tools/delta_odom.py to delta_odom.cpython-310.pyc
running install_data
creating /home/juan/Documents/fundamentos_robotica/destroyer_ws/install/tools/share/ament_index
creating /home/juan/Documents/fundamentos_robotica/destroyer_ws/install/tools/share/ament_index/resource_index
creating /home/juan/Documents/fundamentos_robotica/destroyer_ws/install/tools/share/ament_index/resource_index/packages
copying resource/tools -> /home/juan/Documents/fundamentos_robotica/destroyer_ws/install/tools/share/ament_index/resource_index/packages
copying package.xml -> /home/juan/Documents/fundamentos_robotica/destroyer_ws/install/tools/share/tools
creating /home/juan/Documents/fundamentos_robotica/destroyer_ws/install/tools/share/tools/launch
copying launch/odom.launch.py -> /home/juan/Documents/fundamentos_robotica/destroyer_ws/install/tools/share/tools/launch
running install_egg_info
Copying ../../build/tools/tools.egg-info to /home/juan/Documents/fundamentos_robotica/destroyer_ws/install/tools/lib/python3.10/site-packages/tools-0.0.0-py3.10.egg-info
running install_scripts
Installing delta_odom script to /home/juan/Documents/fundamentos_robotica/destroyer_ws/install/tools/lib/tools
Installing map_saver script to /home/juan/Documents/fundamentos_robotica/destroyer_ws/install/tools/lib/tools
writing list of installed files to '/home/juan/Documents/fundamentos_robotica/destroyer_ws/build/tools/install.log'
