running egg_info
writing ../../build/tools/tools.egg-info/PKG-INFO
writing dependency_links to ../../build/tools/tools.egg-info/dependency_links.txt
writing entry points to ../../build/tools/tools.egg-info/entry_points.txt
writing requirements to ../../build/tools/tools.egg-info/requires.txt
writing top-level names to ../../build/tools/tools.egg-info/top_level.txt
reading manifest file '../../build/tools/tools.egg-info/SOURCES.txt'
adding license file 'LICENSE'
writing manifest file '../../build/tools/tools.egg-info/SOURCES.txt'
running build
running build_py
copying tools/map_saver.py -> /home/alumno1/Documents/destroyer_ws/build/tools/build/lib/tools
running install
running install_lib
copying /home/alumno1/Documents/destroyer_ws/build/tools/build/lib/tools/map_saver.py -> /home/alumno1/Documents/destroyer_ws/install/tools/lib/python3.10/site-packages/tools
byte-compiling /home/alumno1/Documents/destroyer_ws/install/tools/lib/python3.10/site-packages/tools/map_saver.py to map_saver.cpython-310.pyc
running install_data
running install_egg_info
removing '/home/alumno1/Documents/destroyer_ws/install/tools/lib/python3.10/site-packages/tools-0.0.0-py3.10.egg-info' (and everything under it)
Copying ../../build/tools/tools.egg-info to /home/alumno1/Documents/destroyer_ws/install/tools/lib/python3.10/site-packages/tools-0.0.0-py3.10.egg-info
running install_scripts
Installing delta_odom script to /home/alumno1/Documents/destroyer_ws/install/tools/lib/tools
Installing map_saver script to /home/alumno1/Documents/destroyer_ws/install/tools/lib/tools
writing list of installed files to '/home/alumno1/Documents/destroyer_ws/build/tools/install.log'
