[0.162s] DEBUG:colcon:Command line arguments: ['/usr/bin/colcon', 'build']
[0.162s] DEBUG:colcon:Parsed command line arguments: Namespace(log_base=None, log_level=None, verb_name='build', build_base='build', install_base='install', merge_install=False, symlink_install=False, test_result_base=None, continue_on_error=False, executor='parallel', parallel_workers=12, event_handlers=None, ignore_user_meta=False, metas=['./colcon.meta'], base_paths=['.'], packages_ignore=None, packages_ignore_regex=None, paths=None, packages_up_to=None, packages_up_to_regex=None, packages_above=None, packages_above_and_dependencies=None, packages_above_depth=None, packages_select_by_dep=None, packages_skip_by_dep=None, packages_skip_up_to=None, packages_select_build_failed=False, packages_skip_build_finished=False, packages_select_test_failures=False, packages_skip_test_passed=False, packages_select=None, packages_skip=None, packages_select_regex=None, packages_skip_regex=None, packages_start=None, packages_end=None, allow_overriding=[], cmake_args=None, cmake_target=None, cmake_target_skip_unavailable=False, cmake_clean_cache=False, cmake_clean_first=False, cmake_force_configure=False, ament_cmake_args=None, catkin_cmake_args=None, catkin_skip_building_tests=False, mixin_files=None, mixin=None, verb_parser=<colcon_mixin.mixin.mixin_argument.MixinArgumentDecorator object at 0x709e1ca9c190>, verb_extension=<colcon_core.verb.build.BuildVerb object at 0x709e1ca63ca0>, main=<bound method BuildVerb.main of <colcon_core.verb.build.BuildVerb object at 0x709e1ca63ca0>>, mixin_verb=('build',))
[0.450s] Level 1:colcon.colcon_core.package_discovery:discover_packages(colcon_meta) check parameters
[0.450s] Level 1:colcon.colcon_core.package_discovery:discover_packages(recursive) check parameters
[0.450s] Level 1:colcon.colcon_core.package_discovery:discover_packages(ignore) check parameters
[0.450s] Level 1:colcon.colcon_core.package_discovery:discover_packages(path) check parameters
[0.450s] Level 1:colcon.colcon_core.package_discovery:discover_packages(colcon_meta) discover
[0.450s] Level 1:colcon.colcon_core.package_discovery:discover_packages(recursive) discover
[0.450s] INFO:colcon.colcon_core.package_discovery:Crawling recursively for packages in '/home/juan/Documents/fundamentos_robotica/destroyer_ws'
[0.451s] Level 1:colcon.colcon_core.package_identification:_identify(.) by extensions ['ignore', 'ignore_ament_install']
[0.451s] Level 1:colcon.colcon_core.package_identification:_identify(.) by extension 'ignore'
[0.451s] Level 1:colcon.colcon_core.package_identification:_identify(.) by extension 'ignore_ament_install'
[0.451s] Level 1:colcon.colcon_core.package_identification:_identify(.) by extensions ['colcon_pkg']
[0.451s] Level 1:colcon.colcon_core.package_identification:_identify(.) by extension 'colcon_pkg'
[0.451s] Level 1:colcon.colcon_core.package_identification:_identify(.) by extensions ['colcon_meta']
[0.451s] Level 1:colcon.colcon_core.package_identification:_identify(.) by extension 'colcon_meta'
[0.451s] Level 1:colcon.colcon_core.package_identification:_identify(.) by extensions ['ros']
[0.451s] Level 1:colcon.colcon_core.package_identification:_identify(.) by extension 'ros'
[0.463s] Level 1:colcon.colcon_core.package_identification:_identify(.) by extensions ['cmake', 'python']
[0.463s] Level 1:colcon.colcon_core.package_identification:_identify(.) by extension 'cmake'
[0.463s] Level 1:colcon.colcon_core.package_identification:_identify(.) by extension 'python'
[0.463s] Level 1:colcon.colcon_core.package_identification:_identify(.) by extensions ['python_setup_py']
[0.463s] Level 1:colcon.colcon_core.package_identification:_identify(.) by extension 'python_setup_py'
[0.463s] Level 1:colcon.colcon_core.package_identification:_identify(build) by extensions ['ignore', 'ignore_ament_install']
[0.463s] Level 1:colcon.colcon_core.package_identification:_identify(build) by extension 'ignore'
[0.463s] Level 1:colcon.colcon_core.package_identification:_identify(build) ignored
[0.463s] Level 1:colcon.colcon_core.package_identification:_identify(install) by extensions ['ignore', 'ignore_ament_install']
[0.463s] Level 1:colcon.colcon_core.package_identification:_identify(install) by extension 'ignore'
[0.463s] Level 1:colcon.colcon_core.package_identification:_identify(install) ignored
[0.464s] Level 1:colcon.colcon_core.package_identification:_identify(log) by extensions ['ignore', 'ignore_ament_install']
[0.464s] Level 1:colcon.colcon_core.package_identification:_identify(log) by extension 'ignore'
[0.464s] Level 1:colcon.colcon_core.package_identification:_identify(log) ignored
[0.464s] Level 1:colcon.colcon_core.package_identification:_identify(src) by extensions ['ignore', 'ignore_ament_install']
[0.464s] Level 1:colcon.colcon_core.package_identification:_identify(src) by extension 'ignore'
[0.464s] Level 1:colcon.colcon_core.package_identification:_identify(src) by extension 'ignore_ament_install'
[0.464s] Level 1:colcon.colcon_core.package_identification:_identify(src) by extensions ['colcon_pkg']
[0.464s] Level 1:colcon.colcon_core.package_identification:_identify(src) by extension 'colcon_pkg'
[0.464s] Level 1:colcon.colcon_core.package_identification:_identify(src) by extensions ['colcon_meta']
[0.464s] Level 1:colcon.colcon_core.package_identification:_identify(src) by extension 'colcon_meta'
[0.464s] Level 1:colcon.colcon_core.package_identification:_identify(src) by extensions ['ros']
[0.464s] Level 1:colcon.colcon_core.package_identification:_identify(src) by extension 'ros'
[0.464s] Level 1:colcon.colcon_core.package_identification:_identify(src) by extensions ['cmake', 'python']
[0.464s] Level 1:colcon.colcon_core.package_identification:_identify(src) by extension 'cmake'
[0.464s] Level 1:colcon.colcon_core.package_identification:_identify(src) by extension 'python'
[0.464s] Level 1:colcon.colcon_core.package_identification:_identify(src) by extensions ['python_setup_py']
[0.464s] Level 1:colcon.colcon_core.package_identification:_identify(src) by extension 'python_setup_py'
[0.464s] Level 1:colcon.colcon_core.package_identification:_identify(src/custom_msgs) by extensions ['ignore', 'ignore_ament_install']
[0.464s] Level 1:colcon.colcon_core.package_identification:_identify(src/custom_msgs) by extension 'ignore'
[0.464s] Level 1:colcon.colcon_core.package_identification:_identify(src/custom_msgs) by extension 'ignore_ament_install'
[0.465s] Level 1:colcon.colcon_core.package_identification:_identify(src/custom_msgs) by extensions ['colcon_pkg']
[0.465s] Level 1:colcon.colcon_core.package_identification:_identify(src/custom_msgs) by extension 'colcon_pkg'
[0.465s] Level 1:colcon.colcon_core.package_identification:_identify(src/custom_msgs) by extensions ['colcon_meta']
[0.465s] Level 1:colcon.colcon_core.package_identification:_identify(src/custom_msgs) by extension 'colcon_meta'
[0.465s] Level 1:colcon.colcon_core.package_identification:_identify(src/custom_msgs) by extensions ['ros']
[0.465s] Level 1:colcon.colcon_core.package_identification:_identify(src/custom_msgs) by extension 'ros'
[0.467s] DEBUG:colcon.colcon_core.package_identification:Package 'src/custom_msgs' with type 'ros.ament_cmake' and name 'custom_msgs'
[0.468s] Level 1:colcon.colcon_core.package_identification:_identify(src/grid_fastslam) by extensions ['ignore', 'ignore_ament_install']
[0.468s] Level 1:colcon.colcon_core.package_identification:_identify(src/grid_fastslam) by extension 'ignore'
[0.468s] Level 1:colcon.colcon_core.package_identification:_identify(src/grid_fastslam) by extension 'ignore_ament_install'
[0.468s] Level 1:colcon.colcon_core.package_identification:_identify(src/grid_fastslam) by extensions ['colcon_pkg']
[0.468s] Level 1:colcon.colcon_core.package_identification:_identify(src/grid_fastslam) by extension 'colcon_pkg'
[0.468s] Level 1:colcon.colcon_core.package_identification:_identify(src/grid_fastslam) by extensions ['colcon_meta']
[0.468s] Level 1:colcon.colcon_core.package_identification:_identify(src/grid_fastslam) by extension 'colcon_meta'
[0.468s] Level 1:colcon.colcon_core.package_identification:_identify(src/grid_fastslam) by extensions ['ros']
[0.468s] Level 1:colcon.colcon_core.package_identification:_identify(src/grid_fastslam) by extension 'ros'
[0.470s] DEBUG:colcon.colcon_core.package_identification:Package 'src/grid_fastslam' with type 'ros.ament_cmake' and name 'grid_fastslam'
[0.470s] Level 1:colcon.colcon_core.package_identification:_identify(src/mappeate_y_ubicate) by extensions ['ignore', 'ignore_ament_install']
[0.470s] Level 1:colcon.colcon_core.package_identification:_identify(src/mappeate_y_ubicate) by extension 'ignore'
[0.470s] Level 1:colcon.colcon_core.package_identification:_identify(src/mappeate_y_ubicate) by extension 'ignore_ament_install'
[0.470s] Level 1:colcon.colcon_core.package_identification:_identify(src/mappeate_y_ubicate) by extensions ['colcon_pkg']
[0.470s] Level 1:colcon.colcon_core.package_identification:_identify(src/mappeate_y_ubicate) by extension 'colcon_pkg'
[0.471s] Level 1:colcon.colcon_core.package_identification:_identify(src/mappeate_y_ubicate) by extensions ['colcon_meta']
[0.471s] Level 1:colcon.colcon_core.package_identification:_identify(src/mappeate_y_ubicate) by extension 'colcon_meta'
[0.471s] Level 1:colcon.colcon_core.package_identification:_identify(src/mappeate_y_ubicate) by extensions ['ros']
[0.471s] Level 1:colcon.colcon_core.package_identification:_identify(src/mappeate_y_ubicate) by extension 'ros'
[0.472s] DEBUG:colcon.colcon_core.package_identification:Package 'src/mappeate_y_ubicate' with type 'ros.ament_python' and name 'mappeate_y_ubicate'
[0.472s] Level 1:colcon.colcon_core.package_identification:_identify(src/state_machine) by extensions ['ignore', 'ignore_ament_install']
[0.472s] Level 1:colcon.colcon_core.package_identification:_identify(src/state_machine) by extension 'ignore'
[0.472s] Level 1:colcon.colcon_core.package_identification:_identify(src/state_machine) by extension 'ignore_ament_install'
[0.472s] Level 1:colcon.colcon_core.package_identification:_identify(src/state_machine) by extensions ['colcon_pkg']
[0.472s] Level 1:colcon.colcon_core.package_identification:_identify(src/state_machine) by extension 'colcon_pkg'
[0.472s] Level 1:colcon.colcon_core.package_identification:_identify(src/state_machine) by extensions ['colcon_meta']
[0.472s] Level 1:colcon.colcon_core.package_identification:_identify(src/state_machine) by extension 'colcon_meta'
[0.472s] Level 1:colcon.colcon_core.package_identification:_identify(src/state_machine) by extensions ['ros']
[0.472s] Level 1:colcon.colcon_core.package_identification:_identify(src/state_machine) by extension 'ros'
[0.473s] DEBUG:colcon.colcon_core.package_identification:Package 'src/state_machine' with type 'ros.ament_python' and name 'state_machine'
[0.473s] Level 1:colcon.colcon_core.package_identification:_identify(src/tools) by extensions ['ignore', 'ignore_ament_install']
[0.473s] Level 1:colcon.colcon_core.package_identification:_identify(src/tools) by extension 'ignore'
[0.473s] Level 1:colcon.colcon_core.package_identification:_identify(src/tools) by extension 'ignore_ament_install'
[0.473s] Level 1:colcon.colcon_core.package_identification:_identify(src/tools) by extensions ['colcon_pkg']
[0.473s] Level 1:colcon.colcon_core.package_identification:_identify(src/tools) by extension 'colcon_pkg'
[0.473s] Level 1:colcon.colcon_core.package_identification:_identify(src/tools) by extensions ['colcon_meta']
[0.473s] Level 1:colcon.colcon_core.package_identification:_identify(src/tools) by extension 'colcon_meta'
[0.473s] Level 1:colcon.colcon_core.package_identification:_identify(src/tools) by extensions ['ros']
[0.473s] Level 1:colcon.colcon_core.package_identification:_identify(src/tools) by extension 'ros'
[0.474s] DEBUG:colcon.colcon_core.package_identification:Package 'src/tools' with type 'ros.ament_python' and name 'tools'
[0.474s] Level 1:colcon.colcon_core.package_identification:_identify(src/turtlebot3_custom_simulation) by extensions ['ignore', 'ignore_ament_install']
[0.474s] Level 1:colcon.colcon_core.package_identification:_identify(src/turtlebot3_custom_simulation) by extension 'ignore'
[0.474s] Level 1:colcon.colcon_core.package_identification:_identify(src/turtlebot3_custom_simulation) by extension 'ignore_ament_install'
[0.474s] Level 1:colcon.colcon_core.package_identification:_identify(src/turtlebot3_custom_simulation) by extensions ['colcon_pkg']
[0.474s] Level 1:colcon.colcon_core.package_identification:_identify(src/turtlebot3_custom_simulation) by extension 'colcon_pkg'
[0.474s] Level 1:colcon.colcon_core.package_identification:_identify(src/turtlebot3_custom_simulation) by extensions ['colcon_meta']
[0.474s] Level 1:colcon.colcon_core.package_identification:_identify(src/turtlebot3_custom_simulation) by extension 'colcon_meta'
[0.474s] Level 1:colcon.colcon_core.package_identification:_identify(src/turtlebot3_custom_simulation) by extensions ['ros']
[0.474s] Level 1:colcon.colcon_core.package_identification:_identify(src/turtlebot3_custom_simulation) by extension 'ros'
[0.475s] DEBUG:colcon.colcon_core.package_identification:Package 'src/turtlebot3_custom_simulation' with type 'ros.ament_cmake' and name 'turtlebot3_custom_simulation'
[0.475s] Level 1:colcon.colcon_core.package_discovery:discover_packages(recursive) using defaults
[0.475s] Level 1:colcon.colcon_core.package_discovery:discover_packages(ignore) discover
[0.475s] Level 1:colcon.colcon_core.package_discovery:discover_packages(ignore) using defaults
[0.475s] Level 1:colcon.colcon_core.package_discovery:discover_packages(path) discover
[0.475s] Level 1:colcon.colcon_core.package_discovery:discover_packages(path) using defaults
[0.513s] Level 1:colcon.colcon_core.package_discovery:discover_packages(prefix_path) check parameters
[0.513s] Level 1:colcon.colcon_core.package_discovery:discover_packages(prefix_path) discover
[0.517s] DEBUG:colcon.colcon_installed_package_information.package_discovery:Found 7 installed packages in /home/juan/Documents/fundamentos_robotica/ws/install
[0.518s] DEBUG:colcon.colcon_installed_package_information.package_discovery:Found 437 installed packages in /opt/ros/humble
[0.521s] Level 1:colcon.colcon_core.package_discovery:discover_packages(prefix_path) using defaults
[0.568s] WARNING:colcon.colcon_core.package_selection:Some selected packages are already built in one or more underlay workspaces:
	'custom_msgs' is in: /home/juan/Documents/fundamentos_robotica/ws/install/custom_msgs
If a package in a merged underlay workspace is overridden and it installs headers, then all packages in the overlay must sort their include directories by workspace order. Failure to do so may result in build failures or undefined behavior at run time.
If the overridden package is used by another package in any underlay, then the overriding package in the overlay must be API and ABI compatible or undefined behavior at run time may occur.

If you understand the risks and want to override a package anyways, add the following to the command line:
	--allow-overriding custom_msgs

This may be promoted to an error in a future release of colcon-override-check.
[0.569s] Level 5:colcon.colcon_core.verb:set package 'custom_msgs' build argument 'cmake_args' from command line to 'None'
[0.569s] Level 5:colcon.colcon_core.verb:set package 'custom_msgs' build argument 'cmake_target' from command line to 'None'
[0.569s] Level 5:colcon.colcon_core.verb:set package 'custom_msgs' build argument 'cmake_target_skip_unavailable' from command line to 'False'
[0.569s] Level 5:colcon.colcon_core.verb:set package 'custom_msgs' build argument 'cmake_clean_cache' from command line to 'False'
[0.569s] Level 5:colcon.colcon_core.verb:set package 'custom_msgs' build argument 'cmake_clean_first' from command line to 'False'
[0.569s] Level 5:colcon.colcon_core.verb:set package 'custom_msgs' build argument 'cmake_force_configure' from command line to 'False'
[0.569s] Level 5:colcon.colcon_core.verb:set package 'custom_msgs' build argument 'ament_cmake_args' from command line to 'None'
[0.569s] Level 5:colcon.colcon_core.verb:set package 'custom_msgs' build argument 'catkin_cmake_args' from command line to 'None'
[0.569s] Level 5:colcon.colcon_core.verb:set package 'custom_msgs' build argument 'catkin_skip_building_tests' from command line to 'False'
[0.569s] DEBUG:colcon.colcon_core.verb:Building package 'custom_msgs' with the following arguments: {'ament_cmake_args': None, 'build_base': '/home/juan/Documents/fundamentos_robotica/destroyer_ws/build/custom_msgs', 'catkin_cmake_args': None, 'catkin_skip_building_tests': False, 'cmake_args': None, 'cmake_clean_cache': False, 'cmake_clean_first': False, 'cmake_force_configure': False, 'cmake_target': None, 'cmake_target_skip_unavailable': False, 'install_base': '/home/juan/Documents/fundamentos_robotica/destroyer_ws/install/custom_msgs', 'merge_install': False, 'path': '/home/juan/Documents/fundamentos_robotica/destroyer_ws/src/custom_msgs', 'symlink_install': False, 'test_result_base': None}
[0.569s] Level 5:colcon.colcon_core.verb:set package 'mappeate_y_ubicate' build argument 'cmake_args' from command line to 'None'
[0.569s] Level 5:colcon.colcon_core.verb:set package 'mappeate_y_ubicate' build argument 'cmake_target' from command line to 'None'
[0.569s] Level 5:colcon.colcon_core.verb:set package 'mappeate_y_ubicate' build argument 'cmake_target_skip_unavailable' from command line to 'False'
[0.569s] Level 5:colcon.colcon_core.verb:set package 'mappeate_y_ubicate' build argument 'cmake_clean_cache' from command line to 'False'
[0.569s] Level 5:colcon.colcon_core.verb:set package 'mappeate_y_ubicate' build argument 'cmake_clean_first' from command line to 'False'
[0.569s] Level 5:colcon.colcon_core.verb:set package 'mappeate_y_ubicate' build argument 'cmake_force_configure' from command line to 'False'
[0.569s] Level 5:colcon.colcon_core.verb:set package 'mappeate_y_ubicate' build argument 'ament_cmake_args' from command line to 'None'
[0.569s] Level 5:colcon.colcon_core.verb:set package 'mappeate_y_ubicate' build argument 'catkin_cmake_args' from command line to 'None'
[0.569s] Level 5:colcon.colcon_core.verb:set package 'mappeate_y_ubicate' build argument 'catkin_skip_building_tests' from command line to 'False'
[0.569s] DEBUG:colcon.colcon_core.verb:Building package 'mappeate_y_ubicate' with the following arguments: {'ament_cmake_args': None, 'build_base': '/home/juan/Documents/fundamentos_robotica/destroyer_ws/build/mappeate_y_ubicate', 'catkin_cmake_args': None, 'catkin_skip_building_tests': False, 'cmake_args': None, 'cmake_clean_cache': False, 'cmake_clean_first': False, 'cmake_force_configure': False, 'cmake_target': None, 'cmake_target_skip_unavailable': False, 'install_base': '/home/juan/Documents/fundamentos_robotica/destroyer_ws/install/mappeate_y_ubicate', 'merge_install': False, 'path': '/home/juan/Documents/fundamentos_robotica/destroyer_ws/src/mappeate_y_ubicate', 'symlink_install': False, 'test_result_base': None}
[0.570s] Level 5:colcon.colcon_core.verb:set package 'state_machine' build argument 'cmake_args' from command line to 'None'
[0.570s] Level 5:colcon.colcon_core.verb:set package 'state_machine' build argument 'cmake_target' from command line to 'None'
[0.570s] Level 5:colcon.colcon_core.verb:set package 'state_machine' build argument 'cmake_target_skip_unavailable' from command line to 'False'
[0.570s] Level 5:colcon.colcon_core.verb:set package 'state_machine' build argument 'cmake_clean_cache' from command line to 'False'
[0.570s] Level 5:colcon.colcon_core.verb:set package 'state_machine' build argument 'cmake_clean_first' from command line to 'False'
[0.570s] Level 5:colcon.colcon_core.verb:set package 'state_machine' build argument 'cmake_force_configure' from command line to 'False'
[0.570s] Level 5:colcon.colcon_core.verb:set package 'state_machine' build argument 'ament_cmake_args' from command line to 'None'
[0.570s] Level 5:colcon.colcon_core.verb:set package 'state_machine' build argument 'catkin_cmake_args' from command line to 'None'
[0.570s] Level 5:colcon.colcon_core.verb:set package 'state_machine' build argument 'catkin_skip_building_tests' from command line to 'False'
[0.570s] DEBUG:colcon.colcon_core.verb:Building package 'state_machine' with the following arguments: {'ament_cmake_args': None, 'build_base': '/home/juan/Documents/fundamentos_robotica/destroyer_ws/build/state_machine', 'catkin_cmake_args': None, 'catkin_skip_building_tests': False, 'cmake_args': None, 'cmake_clean_cache': False, 'cmake_clean_first': False, 'cmake_force_configure': False, 'cmake_target': None, 'cmake_target_skip_unavailable': False, 'install_base': '/home/juan/Documents/fundamentos_robotica/destroyer_ws/install/state_machine', 'merge_install': False, 'path': '/home/juan/Documents/fundamentos_robotica/destroyer_ws/src/state_machine', 'symlink_install': False, 'test_result_base': None}
[0.570s] Level 5:colcon.colcon_core.verb:set package 'turtlebot3_custom_simulation' build argument 'cmake_args' from command line to 'None'
[0.570s] Level 5:colcon.colcon_core.verb:set package 'turtlebot3_custom_simulation' build argument 'cmake_target' from command line to 'None'
[0.570s] Level 5:colcon.colcon_core.verb:set package 'turtlebot3_custom_simulation' build argument 'cmake_target_skip_unavailable' from command line to 'False'
[0.570s] Level 5:colcon.colcon_core.verb:set package 'turtlebot3_custom_simulation' build argument 'cmake_clean_cache' from command line to 'False'
[0.570s] Level 5:colcon.colcon_core.verb:set package 'turtlebot3_custom_simulation' build argument 'cmake_clean_first' from command line to 'False'
[0.570s] Level 5:colcon.colcon_core.verb:set package 'turtlebot3_custom_simulation' build argument 'cmake_force_configure' from command line to 'False'
[0.570s] Level 5:colcon.colcon_core.verb:set package 'turtlebot3_custom_simulation' build argument 'ament_cmake_args' from command line to 'None'
[0.570s] Level 5:colcon.colcon_core.verb:set package 'turtlebot3_custom_simulation' build argument 'catkin_cmake_args' from command line to 'None'
[0.570s] Level 5:colcon.colcon_core.verb:set package 'turtlebot3_custom_simulation' build argument 'catkin_skip_building_tests' from command line to 'False'
[0.570s] DEBUG:colcon.colcon_core.verb:Building package 'turtlebot3_custom_simulation' with the following arguments: {'ament_cmake_args': None, 'build_base': '/home/juan/Documents/fundamentos_robotica/destroyer_ws/build/turtlebot3_custom_simulation', 'catkin_cmake_args': None, 'catkin_skip_building_tests': False, 'cmake_args': None, 'cmake_clean_cache': False, 'cmake_clean_first': False, 'cmake_force_configure': False, 'cmake_target': None, 'cmake_target_skip_unavailable': False, 'install_base': '/home/juan/Documents/fundamentos_robotica/destroyer_ws/install/turtlebot3_custom_simulation', 'merge_install': False, 'path': '/home/juan/Documents/fundamentos_robotica/destroyer_ws/src/turtlebot3_custom_simulation', 'symlink_install': False, 'test_result_base': None}
[0.571s] Level 5:colcon.colcon_core.verb:set package 'grid_fastslam' build argument 'cmake_args' from command line to 'None'
[0.571s] Level 5:colcon.colcon_core.verb:set package 'grid_fastslam' build argument 'cmake_target' from command line to 'None'
[0.571s] Level 5:colcon.colcon_core.verb:set package 'grid_fastslam' build argument 'cmake_target_skip_unavailable' from command line to 'False'
[0.571s] Level 5:colcon.colcon_core.verb:set package 'grid_fastslam' build argument 'cmake_clean_cache' from command line to 'False'
[0.571s] Level 5:colcon.colcon_core.verb:set package 'grid_fastslam' build argument 'cmake_clean_first' from command line to 'False'
[0.571s] Level 5:colcon.colcon_core.verb:set package 'grid_fastslam' build argument 'cmake_force_configure' from command line to 'False'
[0.571s] Level 5:colcon.colcon_core.verb:set package 'grid_fastslam' build argument 'ament_cmake_args' from command line to 'None'
[0.571s] Level 5:colcon.colcon_core.verb:set package 'grid_fastslam' build argument 'catkin_cmake_args' from command line to 'None'
[0.571s] Level 5:colcon.colcon_core.verb:set package 'grid_fastslam' build argument 'catkin_skip_building_tests' from command line to 'False'
[0.571s] DEBUG:colcon.colcon_core.verb:Building package 'grid_fastslam' with the following arguments: {'ament_cmake_args': None, 'build_base': '/home/juan/Documents/fundamentos_robotica/destroyer_ws/build/grid_fastslam', 'catkin_cmake_args': None, 'catkin_skip_building_tests': False, 'cmake_args': None, 'cmake_clean_cache': False, 'cmake_clean_first': False, 'cmake_force_configure': False, 'cmake_target': None, 'cmake_target_skip_unavailable': False, 'install_base': '/home/juan/Documents/fundamentos_robotica/destroyer_ws/install/grid_fastslam', 'merge_install': False, 'path': '/home/juan/Documents/fundamentos_robotica/destroyer_ws/src/grid_fastslam', 'symlink_install': False, 'test_result_base': None}
[0.571s] Level 5:colcon.colcon_core.verb:set package 'tools' build argument 'cmake_args' from command line to 'None'
[0.571s] Level 5:colcon.colcon_core.verb:set package 'tools' build argument 'cmake_target' from command line to 'None'
[0.571s] Level 5:colcon.colcon_core.verb:set package 'tools' build argument 'cmake_target_skip_unavailable' from command line to 'False'
[0.571s] Level 5:colcon.colcon_core.verb:set package 'tools' build argument 'cmake_clean_cache' from command line to 'False'
[0.571s] Level 5:colcon.colcon_core.verb:set package 'tools' build argument 'cmake_clean_first' from command line to 'False'
[0.571s] Level 5:colcon.colcon_core.verb:set package 'tools' build argument 'cmake_force_configure' from command line to 'False'
[0.571s] Level 5:colcon.colcon_core.verb:set package 'tools' build argument 'ament_cmake_args' from command line to 'None'
[0.571s] Level 5:colcon.colcon_core.verb:set package 'tools' build argument 'catkin_cmake_args' from command line to 'None'
[0.571s] Level 5:colcon.colcon_core.verb:set package 'tools' build argument 'catkin_skip_building_tests' from command line to 'False'
[0.571s] DEBUG:colcon.colcon_core.verb:Building package 'tools' with the following arguments: {'ament_cmake_args': None, 'build_base': '/home/juan/Documents/fundamentos_robotica/destroyer_ws/build/tools', 'catkin_cmake_args': None, 'catkin_skip_building_tests': False, 'cmake_args': None, 'cmake_clean_cache': False, 'cmake_clean_first': False, 'cmake_force_configure': False, 'cmake_target': None, 'cmake_target_skip_unavailable': False, 'install_base': '/home/juan/Documents/fundamentos_robotica/destroyer_ws/install/tools', 'merge_install': False, 'path': '/home/juan/Documents/fundamentos_robotica/destroyer_ws/src/tools', 'symlink_install': False, 'test_result_base': None}
[0.571s] INFO:colcon.colcon_core.executor:Executing jobs using 'parallel' executor
[0.572s] DEBUG:colcon.colcon_parallel_executor.executor.parallel:run_until_complete
[0.573s] INFO:colcon.colcon_ros.task.ament_cmake.build:Building ROS package in '/home/juan/Documents/fundamentos_robotica/destroyer_ws/src/custom_msgs' with build type 'ament_cmake'
[0.573s] INFO:colcon.colcon_cmake.task.cmake.build:Building CMake package in '/home/juan/Documents/fundamentos_robotica/destroyer_ws/src/custom_msgs'
[0.576s] INFO:colcon.colcon_core.plugin_system:Skipping extension 'colcon_core.shell.bat': Not used on non-Windows systems
[0.577s] INFO:colcon.colcon_core.shell:Skip shell extension 'powershell' for command environment: Not usable outside of PowerShell
[0.577s] DEBUG:colcon.colcon_core.shell:Skip shell extension 'dsv' for command environment
[0.582s] INFO:colcon.colcon_ros.task.ament_python.build:Building ROS package in '/home/juan/Documents/fundamentos_robotica/destroyer_ws/src/mappeate_y_ubicate' with build type 'ament_python'
[0.582s] Level 1:colcon.colcon_core.shell:create_environment_hook('mappeate_y_ubicate', 'ament_prefix_path')
[0.582s] INFO:colcon.colcon_core.shell:Creating environment hook '/home/juan/Documents/fundamentos_robotica/destroyer_ws/install/mappeate_y_ubicate/share/mappeate_y_ubicate/hook/ament_prefix_path.ps1'
[0.583s] INFO:colcon.colcon_core.shell:Creating environment descriptor '/home/juan/Documents/fundamentos_robotica/destroyer_ws/install/mappeate_y_ubicate/share/mappeate_y_ubicate/hook/ament_prefix_path.dsv'
[0.583s] INFO:colcon.colcon_core.shell:Creating environment hook '/home/juan/Documents/fundamentos_robotica/destroyer_ws/install/mappeate_y_ubicate/share/mappeate_y_ubicate/hook/ament_prefix_path.sh'
[0.584s] INFO:colcon.colcon_core.shell:Skip shell extension 'powershell' for command environment: Not usable outside of PowerShell
[0.584s] DEBUG:colcon.colcon_core.shell:Skip shell extension 'dsv' for command environment
[0.588s] INFO:colcon.colcon_ros.task.ament_python.build:Building ROS package in '/home/juan/Documents/fundamentos_robotica/destroyer_ws/src/state_machine' with build type 'ament_python'
[0.588s] Level 1:colcon.colcon_core.shell:create_environment_hook('state_machine', 'ament_prefix_path')
[0.589s] INFO:colcon.colcon_core.shell:Creating environment hook '/home/juan/Documents/fundamentos_robotica/destroyer_ws/install/state_machine/share/state_machine/hook/ament_prefix_path.ps1'
[0.589s] INFO:colcon.colcon_core.shell:Creating environment descriptor '/home/juan/Documents/fundamentos_robotica/destroyer_ws/install/state_machine/share/state_machine/hook/ament_prefix_path.dsv'
[0.590s] INFO:colcon.colcon_core.shell:Creating environment hook '/home/juan/Documents/fundamentos_robotica/destroyer_ws/install/state_machine/share/state_machine/hook/ament_prefix_path.sh'
[0.590s] INFO:colcon.colcon_core.shell:Skip shell extension 'powershell' for command environment: Not usable outside of PowerShell
[0.590s] DEBUG:colcon.colcon_core.shell:Skip shell extension 'dsv' for command environment
[0.594s] INFO:colcon.colcon_ros.task.ament_cmake.build:Building ROS package in '/home/juan/Documents/fundamentos_robotica/destroyer_ws/src/turtlebot3_custom_simulation' with build type 'ament_cmake'
[0.594s] INFO:colcon.colcon_cmake.task.cmake.build:Building CMake package in '/home/juan/Documents/fundamentos_robotica/destroyer_ws/src/turtlebot3_custom_simulation'
[0.595s] INFO:colcon.colcon_core.shell:Skip shell extension 'powershell' for command environment: Not usable outside of PowerShell
[0.595s] DEBUG:colcon.colcon_core.shell:Skip shell extension 'dsv' for command environment
[0.604s] DEBUG:colcon.colcon_core.event_handler.log_command:Invoking command in '/home/juan/Documents/fundamentos_robotica/destroyer_ws/build/custom_msgs': CMAKE_PREFIX_PATH=${CMAKE_PREFIX_PATH}:/home/juan/Documents/fundamentos_robotica/ws/install/ubicate_nene:/home/juan/Documents/fundamentos_robotica/ws/install/paquete1:/home/juan/Documents/fundamentos_robotica/ws/install/no_te_choques:/home/juan/Documents/fundamentos_robotica/ws/install/custom_code:/opt/ros/humble /usr/bin/cmake --build /home/juan/Documents/fundamentos_robotica/destroyer_ws/build/custom_msgs -- -j12 -l12
[0.855s] INFO:colcon.colcon_core.task.python.build:Building Python package in '/home/juan/Documents/fundamentos_robotica/destroyer_ws/src/mappeate_y_ubicate'
[0.856s] INFO:colcon.colcon_core.shell:Skip shell extension 'powershell' for command environment: Not usable outside of PowerShell
[0.856s] DEBUG:colcon.colcon_core.shell:Skip shell extension 'dsv' for command environment
[1.099s] INFO:colcon.colcon_core.task.python.build:Building Python package in '/home/juan/Documents/fundamentos_robotica/destroyer_ws/src/state_machine'
[1.099s] INFO:colcon.colcon_core.shell:Skip shell extension 'powershell' for command environment: Not usable outside of PowerShell
[1.099s] DEBUG:colcon.colcon_core.shell:Skip shell extension 'dsv' for command environment
[1.110s] DEBUG:colcon.colcon_core.event_handler.log_command:Invoking command in '/home/juan/Documents/fundamentos_robotica/destroyer_ws/build/turtlebot3_custom_simulation': CMAKE_PREFIX_PATH=${CMAKE_PREFIX_PATH}:/home/juan/Documents/fundamentos_robotica/ws/install/ubicate_nene:/home/juan/Documents/fundamentos_robotica/ws/install/paquete1:/home/juan/Documents/fundamentos_robotica/ws/install/no_te_choques:/home/juan/Documents/fundamentos_robotica/ws/install/custom_code:/opt/ros/humble /usr/bin/cmake --build /home/juan/Documents/fundamentos_robotica/destroyer_ws/build/turtlebot3_custom_simulation -- -j12 -l12
[1.110s] DEBUG:colcon.colcon_core.event_handler.log_command:Invoked command in '/home/juan/Documents/fundamentos_robotica/destroyer_ws/build/custom_msgs' returned '0': CMAKE_PREFIX_PATH=${CMAKE_PREFIX_PATH}:/home/juan/Documents/fundamentos_robotica/ws/install/ubicate_nene:/home/juan/Documents/fundamentos_robotica/ws/install/paquete1:/home/juan/Documents/fundamentos_robotica/ws/install/no_te_choques:/home/juan/Documents/fundamentos_robotica/ws/install/custom_code:/opt/ros/humble /usr/bin/cmake --build /home/juan/Documents/fundamentos_robotica/destroyer_ws/build/custom_msgs -- -j12 -l12
[1.122s] DEBUG:colcon.colcon_core.event_handler.log_command:Invoking command in '/home/juan/Documents/fundamentos_robotica/destroyer_ws/build/custom_msgs': CMAKE_PREFIX_PATH=${CMAKE_PREFIX_PATH}:/home/juan/Documents/fundamentos_robotica/ws/install/ubicate_nene:/home/juan/Documents/fundamentos_robotica/ws/install/paquete1:/home/juan/Documents/fundamentos_robotica/ws/install/no_te_choques:/home/juan/Documents/fundamentos_robotica/ws/install/custom_code:/opt/ros/humble /usr/bin/cmake --install /home/juan/Documents/fundamentos_robotica/destroyer_ws/build/custom_msgs
[1.187s] Level 1:colcon.colcon_core.environment:create_environment_scripts_only(custom_msgs)
[1.188s] DEBUG:colcon.colcon_core.event_handler.log_command:Invoked command in '/home/juan/Documents/fundamentos_robotica/destroyer_ws/build/custom_msgs' returned '0': CMAKE_PREFIX_PATH=${CMAKE_PREFIX_PATH}:/home/juan/Documents/fundamentos_robotica/ws/install/ubicate_nene:/home/juan/Documents/fundamentos_robotica/ws/install/paquete1:/home/juan/Documents/fundamentos_robotica/ws/install/no_te_choques:/home/juan/Documents/fundamentos_robotica/ws/install/custom_code:/opt/ros/humble /usr/bin/cmake --install /home/juan/Documents/fundamentos_robotica/destroyer_ws/build/custom_msgs
[1.192s] Level 1:colcon.colcon_core.environment:checking '/home/juan/Documents/fundamentos_robotica/destroyer_ws/install/custom_msgs' for CMake module files
[1.193s] Level 1:colcon.colcon_core.environment:checking '/home/juan/Documents/fundamentos_robotica/destroyer_ws/install/custom_msgs' for CMake config files
[1.193s] Level 1:colcon.colcon_core.shell:create_environment_hook('custom_msgs', 'cmake_prefix_path')
[1.194s] INFO:colcon.colcon_core.shell:Creating environment hook '/home/juan/Documents/fundamentos_robotica/destroyer_ws/install/custom_msgs/share/custom_msgs/hook/cmake_prefix_path.ps1'
[1.194s] INFO:colcon.colcon_core.shell:Creating environment descriptor '/home/juan/Documents/fundamentos_robotica/destroyer_ws/install/custom_msgs/share/custom_msgs/hook/cmake_prefix_path.dsv'
[1.194s] INFO:colcon.colcon_core.shell:Creating environment hook '/home/juan/Documents/fundamentos_robotica/destroyer_ws/install/custom_msgs/share/custom_msgs/hook/cmake_prefix_path.sh'
[1.195s] Level 1:colcon.colcon_core.environment:checking '/home/juan/Documents/fundamentos_robotica/destroyer_ws/install/custom_msgs/lib'
[1.195s] Level 1:colcon.colcon_core.shell:create_environment_hook('custom_msgs', 'ld_library_path_lib')
[1.196s] INFO:colcon.colcon_core.shell:Creating environment hook '/home/juan/Documents/fundamentos_robotica/destroyer_ws/install/custom_msgs/share/custom_msgs/hook/ld_library_path_lib.ps1'
[1.196s] INFO:colcon.colcon_core.shell:Creating environment descriptor '/home/juan/Documents/fundamentos_robotica/destroyer_ws/install/custom_msgs/share/custom_msgs/hook/ld_library_path_lib.dsv'
[1.197s] INFO:colcon.colcon_core.shell:Creating environment hook '/home/juan/Documents/fundamentos_robotica/destroyer_ws/install/custom_msgs/share/custom_msgs/hook/ld_library_path_lib.sh'
[1.197s] Level 1:colcon.colcon_core.environment:checking '/home/juan/Documents/fundamentos_robotica/destroyer_ws/install/custom_msgs/bin'
[1.197s] Level 1:colcon.colcon_core.environment:checking '/home/juan/Documents/fundamentos_robotica/destroyer_ws/install/custom_msgs/lib/pkgconfig/custom_msgs.pc'
[1.197s] Level 1:colcon.colcon_core.environment:checking '/home/juan/Documents/fundamentos_robotica/destroyer_ws/install/custom_msgs/lib/python3.10/site-packages'
[1.197s] Level 1:colcon.colcon_core.environment:checking '/home/juan/Documents/fundamentos_robotica/destroyer_ws/install/custom_msgs/bin'
[1.198s] INFO:colcon.colcon_core.shell:Creating package script '/home/juan/Documents/fundamentos_robotica/destroyer_ws/install/custom_msgs/share/custom_msgs/package.ps1'
[1.199s] INFO:colcon.colcon_core.shell:Creating package descriptor '/home/juan/Documents/fundamentos_robotica/destroyer_ws/install/custom_msgs/share/custom_msgs/package.dsv'
[1.199s] INFO:colcon.colcon_core.shell:Creating package script '/home/juan/Documents/fundamentos_robotica/destroyer_ws/install/custom_msgs/share/custom_msgs/package.sh'
[1.200s] INFO:colcon.colcon_core.shell:Creating package script '/home/juan/Documents/fundamentos_robotica/destroyer_ws/install/custom_msgs/share/custom_msgs/package.bash'
[1.201s] INFO:colcon.colcon_core.shell:Creating package script '/home/juan/Documents/fundamentos_robotica/destroyer_ws/install/custom_msgs/share/custom_msgs/package.zsh'
[1.203s] Level 1:colcon.colcon_core.environment:create_file_with_runtime_dependencies(/home/juan/Documents/fundamentos_robotica/destroyer_ws/install/custom_msgs/share/colcon-core/packages/custom_msgs)
[1.203s] Level 1:colcon.colcon_core.environment:create_environment_scripts_only(custom_msgs)
[1.203s] Level 1:colcon.colcon_core.environment:checking '/home/juan/Documents/fundamentos_robotica/destroyer_ws/install/custom_msgs' for CMake module files
[1.204s] Level 1:colcon.colcon_core.environment:checking '/home/juan/Documents/fundamentos_robotica/destroyer_ws/install/custom_msgs' for CMake config files
[1.204s] Level 1:colcon.colcon_core.shell:create_environment_hook('custom_msgs', 'cmake_prefix_path')
[1.205s] INFO:colcon.colcon_core.shell:Creating environment hook '/home/juan/Documents/fundamentos_robotica/destroyer_ws/install/custom_msgs/share/custom_msgs/hook/cmake_prefix_path.ps1'
[1.205s] INFO:colcon.colcon_core.shell:Creating environment descriptor '/home/juan/Documents/fundamentos_robotica/destroyer_ws/install/custom_msgs/share/custom_msgs/hook/cmake_prefix_path.dsv'
[1.205s] INFO:colcon.colcon_core.shell:Creating environment hook '/home/juan/Documents/fundamentos_robotica/destroyer_ws/install/custom_msgs/share/custom_msgs/hook/cmake_prefix_path.sh'
[1.206s] Level 1:colcon.colcon_core.environment:checking '/home/juan/Documents/fundamentos_robotica/destroyer_ws/install/custom_msgs/lib'
[1.206s] Level 1:colcon.colcon_core.shell:create_environment_hook('custom_msgs', 'ld_library_path_lib')
[1.206s] INFO:colcon.colcon_core.shell:Creating environment hook '/home/juan/Documents/fundamentos_robotica/destroyer_ws/install/custom_msgs/share/custom_msgs/hook/ld_library_path_lib.ps1'
[1.207s] INFO:colcon.colcon_core.shell:Creating environment descriptor '/home/juan/Documents/fundamentos_robotica/destroyer_ws/install/custom_msgs/share/custom_msgs/hook/ld_library_path_lib.dsv'
[1.207s] INFO:colcon.colcon_core.shell:Creating environment hook '/home/juan/Documents/fundamentos_robotica/destroyer_ws/install/custom_msgs/share/custom_msgs/hook/ld_library_path_lib.sh'
[1.207s] Level 1:colcon.colcon_core.environment:checking '/home/juan/Documents/fundamentos_robotica/destroyer_ws/install/custom_msgs/bin'
[1.207s] Level 1:colcon.colcon_core.environment:checking '/home/juan/Documents/fundamentos_robotica/destroyer_ws/install/custom_msgs/lib/pkgconfig/custom_msgs.pc'
[1.208s] Level 1:colcon.colcon_core.environment:checking '/home/juan/Documents/fundamentos_robotica/destroyer_ws/install/custom_msgs/lib/python3.10/site-packages'
[1.208s] Level 1:colcon.colcon_core.environment:checking '/home/juan/Documents/fundamentos_robotica/destroyer_ws/install/custom_msgs/bin'
[1.208s] INFO:colcon.colcon_core.shell:Creating package script '/home/juan/Documents/fundamentos_robotica/destroyer_ws/install/custom_msgs/share/custom_msgs/package.ps1'
[1.209s] INFO:colcon.colcon_core.shell:Creating package descriptor '/home/juan/Documents/fundamentos_robotica/destroyer_ws/install/custom_msgs/share/custom_msgs/package.dsv'
[1.209s] INFO:colcon.colcon_core.shell:Creating package script '/home/juan/Documents/fundamentos_robotica/destroyer_ws/install/custom_msgs/share/custom_msgs/package.sh'
[1.209s] INFO:colcon.colcon_core.shell:Creating package script '/home/juan/Documents/fundamentos_robotica/destroyer_ws/install/custom_msgs/share/custom_msgs/package.bash'
[1.210s] INFO:colcon.colcon_core.shell:Creating package script '/home/juan/Documents/fundamentos_robotica/destroyer_ws/install/custom_msgs/share/custom_msgs/package.zsh'
[1.210s] Level 1:colcon.colcon_core.environment:create_file_with_runtime_dependencies(/home/juan/Documents/fundamentos_robotica/destroyer_ws/install/custom_msgs/share/colcon-core/packages/custom_msgs)
[1.211s] INFO:colcon.colcon_ros.task.ament_cmake.build:Building ROS package in '/home/juan/Documents/fundamentos_robotica/destroyer_ws/src/grid_fastslam' with build type 'ament_cmake'
[1.211s] INFO:colcon.colcon_cmake.task.cmake.build:Building CMake package in '/home/juan/Documents/fundamentos_robotica/destroyer_ws/src/grid_fastslam'
[1.211s] INFO:colcon.colcon_core.shell:Skip shell extension 'powershell' for command environment: Not usable outside of PowerShell
[1.211s] DEBUG:colcon.colcon_core.shell:Skip shell extension 'dsv' for command environment
[1.215s] INFO:colcon.colcon_ros.task.ament_python.build:Building ROS package in '/home/juan/Documents/fundamentos_robotica/destroyer_ws/src/tools' with build type 'ament_python'
[1.216s] Level 1:colcon.colcon_core.shell:create_environment_hook('tools', 'ament_prefix_path')
[1.216s] INFO:colcon.colcon_core.shell:Creating environment hook '/home/juan/Documents/fundamentos_robotica/destroyer_ws/install/tools/share/tools/hook/ament_prefix_path.ps1'
[1.217s] INFO:colcon.colcon_core.shell:Creating environment descriptor '/home/juan/Documents/fundamentos_robotica/destroyer_ws/install/tools/share/tools/hook/ament_prefix_path.dsv'
[1.217s] INFO:colcon.colcon_core.shell:Creating environment hook '/home/juan/Documents/fundamentos_robotica/destroyer_ws/install/tools/share/tools/hook/ament_prefix_path.sh'
[1.218s] INFO:colcon.colcon_core.shell:Skip shell extension 'powershell' for command environment: Not usable outside of PowerShell
[1.218s] DEBUG:colcon.colcon_core.shell:Skip shell extension 'dsv' for command environment
[1.223s] DEBUG:colcon.colcon_core.event_handler.log_command:Invoked command in '/home/juan/Documents/fundamentos_robotica/destroyer_ws/build/turtlebot3_custom_simulation' returned '0': CMAKE_PREFIX_PATH=${CMAKE_PREFIX_PATH}:/home/juan/Documents/fundamentos_robotica/ws/install/ubicate_nene:/home/juan/Documents/fundamentos_robotica/ws/install/paquete1:/home/juan/Documents/fundamentos_robotica/ws/install/no_te_choques:/home/juan/Documents/fundamentos_robotica/ws/install/custom_code:/opt/ros/humble /usr/bin/cmake --build /home/juan/Documents/fundamentos_robotica/destroyer_ws/build/turtlebot3_custom_simulation -- -j12 -l12
[1.225s] DEBUG:colcon.colcon_core.event_handler.log_command:Invoking command in '/home/juan/Documents/fundamentos_robotica/destroyer_ws/build/turtlebot3_custom_simulation': CMAKE_PREFIX_PATH=${CMAKE_PREFIX_PATH}:/home/juan/Documents/fundamentos_robotica/ws/install/ubicate_nene:/home/juan/Documents/fundamentos_robotica/ws/install/paquete1:/home/juan/Documents/fundamentos_robotica/ws/install/no_te_choques:/home/juan/Documents/fundamentos_robotica/ws/install/custom_code:/opt/ros/humble /usr/bin/cmake --install /home/juan/Documents/fundamentos_robotica/destroyer_ws/build/turtlebot3_custom_simulation
[1.230s] DEBUG:colcon.colcon_core.event_handler.log_command:Invoking command in '/home/juan/Documents/fundamentos_robotica/destroyer_ws/build/grid_fastslam': AMENT_PREFIX_PATH=/home/juan/Documents/fundamentos_robotica/destroyer_ws/install/custom_msgs:${AMENT_PREFIX_PATH} CMAKE_PREFIX_PATH=/home/juan/Documents/fundamentos_robotica/destroyer_ws/install/custom_msgs:/home/juan/Documents/fundamentos_robotica/ws/install/turtlebot3_icp_localization:/home/juan/Documents/fundamentos_robotica/ws/install/turtlebot3_custom_simulation:/home/juan/Documents/fundamentos_robotica/ws/install/custom_msgs:/home/juan/Documents/fundamentos_robotica/ws/install/ubicate_nene:/home/juan/Documents/fundamentos_robotica/ws/install/paquete1:/home/juan/Documents/fundamentos_robotica/ws/install/no_te_choques:/home/juan/Documents/fundamentos_robotica/ws/install/custom_code:/opt/ros/humble LD_LIBRARY_PATH=/home/juan/Documents/fundamentos_robotica/destroyer_ws/install/custom_msgs/lib:/home/juan/Documents/fundamentos_robotica/ws/install/custom_msgs/lib:/usr/lib/x86_64-linux-gnu/gazebo-11/plugins:/opt/ros/humble/opt/rviz_ogre_vendor/lib:/opt/ros/humble/lib/x86_64-linux-gnu:/opt/ros/humble/lib:/usr/lib/x86_64-linux-gnu/gazebo-11/plugins PYTHONPATH=/home/juan/Documents/fundamentos_robotica/destroyer_ws/install/custom_msgs/local/lib/python3.10/dist-packages:${PYTHONPATH} /usr/bin/cmake --build /home/juan/Documents/fundamentos_robotica/destroyer_ws/build/grid_fastslam -- -j12 -l12
[1.481s] INFO:colcon.colcon_core.task.python.build:Building Python package in '/home/juan/Documents/fundamentos_robotica/destroyer_ws/src/tools'
[1.481s] INFO:colcon.colcon_core.shell:Skip shell extension 'powershell' for command environment: Not usable outside of PowerShell
[1.482s] DEBUG:colcon.colcon_core.shell:Skip shell extension 'dsv' for command environment
[1.487s] Level 1:colcon.colcon_core.environment:create_environment_scripts_only(turtlebot3_custom_simulation)
[1.487s] Level 1:colcon.colcon_core.environment:checking '/home/juan/Documents/fundamentos_robotica/destroyer_ws/install/turtlebot3_custom_simulation' for CMake module files
[1.487s] DEBUG:colcon.colcon_core.event_handler.log_command:Invoked command in '/home/juan/Documents/fundamentos_robotica/destroyer_ws/build/turtlebot3_custom_simulation' returned '0': CMAKE_PREFIX_PATH=${CMAKE_PREFIX_PATH}:/home/juan/Documents/fundamentos_robotica/ws/install/ubicate_nene:/home/juan/Documents/fundamentos_robotica/ws/install/paquete1:/home/juan/Documents/fundamentos_robotica/ws/install/no_te_choques:/home/juan/Documents/fundamentos_robotica/ws/install/custom_code:/opt/ros/humble /usr/bin/cmake --install /home/juan/Documents/fundamentos_robotica/destroyer_ws/build/turtlebot3_custom_simulation
[1.488s] Level 1:colcon.colcon_core.environment:checking '/home/juan/Documents/fundamentos_robotica/destroyer_ws/install/turtlebot3_custom_simulation' for CMake config files
[1.488s] Level 1:colcon.colcon_core.shell:create_environment_hook('turtlebot3_custom_simulation', 'cmake_prefix_path')
[1.489s] INFO:colcon.colcon_core.shell:Creating environment hook '/home/juan/Documents/fundamentos_robotica/destroyer_ws/install/turtlebot3_custom_simulation/share/turtlebot3_custom_simulation/hook/cmake_prefix_path.ps1'
[1.489s] INFO:colcon.colcon_core.shell:Creating environment descriptor '/home/juan/Documents/fundamentos_robotica/destroyer_ws/install/turtlebot3_custom_simulation/share/turtlebot3_custom_simulation/hook/cmake_prefix_path.dsv'
[1.489s] INFO:colcon.colcon_core.shell:Creating environment hook '/home/juan/Documents/fundamentos_robotica/destroyer_ws/install/turtlebot3_custom_simulation/share/turtlebot3_custom_simulation/hook/cmake_prefix_path.sh'
[1.490s] Level 1:colcon.colcon_core.environment:checking '/home/juan/Documents/fundamentos_robotica/destroyer_ws/install/turtlebot3_custom_simulation/lib'
[1.490s] Level 1:colcon.colcon_core.environment:checking '/home/juan/Documents/fundamentos_robotica/destroyer_ws/install/turtlebot3_custom_simulation/bin'
[1.490s] Level 1:colcon.colcon_core.environment:checking '/home/juan/Documents/fundamentos_robotica/destroyer_ws/install/turtlebot3_custom_simulation/lib/pkgconfig/turtlebot3_custom_simulation.pc'
[1.490s] Level 1:colcon.colcon_core.environment:checking '/home/juan/Documents/fundamentos_robotica/destroyer_ws/install/turtlebot3_custom_simulation/lib/python3.10/site-packages'
[1.490s] Level 1:colcon.colcon_core.environment:checking '/home/juan/Documents/fundamentos_robotica/destroyer_ws/install/turtlebot3_custom_simulation/bin'
[1.491s] INFO:colcon.colcon_core.shell:Creating package script '/home/juan/Documents/fundamentos_robotica/destroyer_ws/install/turtlebot3_custom_simulation/share/turtlebot3_custom_simulation/package.ps1'
[1.491s] INFO:colcon.colcon_core.shell:Creating package descriptor '/home/juan/Documents/fundamentos_robotica/destroyer_ws/install/turtlebot3_custom_simulation/share/turtlebot3_custom_simulation/package.dsv'
[1.492s] INFO:colcon.colcon_core.shell:Creating package script '/home/juan/Documents/fundamentos_robotica/destroyer_ws/install/turtlebot3_custom_simulation/share/turtlebot3_custom_simulation/package.sh'
[1.492s] INFO:colcon.colcon_core.shell:Creating package script '/home/juan/Documents/fundamentos_robotica/destroyer_ws/install/turtlebot3_custom_simulation/share/turtlebot3_custom_simulation/package.bash'
[1.492s] INFO:colcon.colcon_core.shell:Creating package script '/home/juan/Documents/fundamentos_robotica/destroyer_ws/install/turtlebot3_custom_simulation/share/turtlebot3_custom_simulation/package.zsh'
[1.493s] Level 1:colcon.colcon_core.environment:create_file_with_runtime_dependencies(/home/juan/Documents/fundamentos_robotica/destroyer_ws/install/turtlebot3_custom_simulation/share/colcon-core/packages/turtlebot3_custom_simulation)
[1.493s] Level 1:colcon.colcon_core.environment:create_environment_scripts_only(turtlebot3_custom_simulation)
[1.493s] Level 1:colcon.colcon_core.environment:checking '/home/juan/Documents/fundamentos_robotica/destroyer_ws/install/turtlebot3_custom_simulation' for CMake module files
[1.494s] Level 1:colcon.colcon_core.environment:checking '/home/juan/Documents/fundamentos_robotica/destroyer_ws/install/turtlebot3_custom_simulation' for CMake config files
[1.494s] Level 1:colcon.colcon_core.shell:create_environment_hook('turtlebot3_custom_simulation', 'cmake_prefix_path')
[1.494s] INFO:colcon.colcon_core.shell:Creating environment hook '/home/juan/Documents/fundamentos_robotica/destroyer_ws/install/turtlebot3_custom_simulation/share/turtlebot3_custom_simulation/hook/cmake_prefix_path.ps1'
[1.495s] INFO:colcon.colcon_core.shell:Creating environment descriptor '/home/juan/Documents/fundamentos_robotica/destroyer_ws/install/turtlebot3_custom_simulation/share/turtlebot3_custom_simulation/hook/cmake_prefix_path.dsv'
[1.495s] INFO:colcon.colcon_core.shell:Creating environment hook '/home/juan/Documents/fundamentos_robotica/destroyer_ws/install/turtlebot3_custom_simulation/share/turtlebot3_custom_simulation/hook/cmake_prefix_path.sh'
[1.496s] Level 1:colcon.colcon_core.environment:checking '/home/juan/Documents/fundamentos_robotica/destroyer_ws/install/turtlebot3_custom_simulation/lib'
[1.496s] Level 1:colcon.colcon_core.environment:checking '/home/juan/Documents/fundamentos_robotica/destroyer_ws/install/turtlebot3_custom_simulation/bin'
[1.496s] Level 1:colcon.colcon_core.environment:checking '/home/juan/Documents/fundamentos_robotica/destroyer_ws/install/turtlebot3_custom_simulation/lib/pkgconfig/turtlebot3_custom_simulation.pc'
[1.496s] Level 1:colcon.colcon_core.environment:checking '/home/juan/Documents/fundamentos_robotica/destroyer_ws/install/turtlebot3_custom_simulation/lib/python3.10/site-packages'
[1.496s] Level 1:colcon.colcon_core.environment:checking '/home/juan/Documents/fundamentos_robotica/destroyer_ws/install/turtlebot3_custom_simulation/bin'
[1.496s] INFO:colcon.colcon_core.shell:Creating package script '/home/juan/Documents/fundamentos_robotica/destroyer_ws/install/turtlebot3_custom_simulation/share/turtlebot3_custom_simulation/package.ps1'
[1.497s] INFO:colcon.colcon_core.shell:Creating package descriptor '/home/juan/Documents/fundamentos_robotica/destroyer_ws/install/turtlebot3_custom_simulation/share/turtlebot3_custom_simulation/package.dsv'
[1.497s] INFO:colcon.colcon_core.shell:Creating package script '/home/juan/Documents/fundamentos_robotica/destroyer_ws/install/turtlebot3_custom_simulation/share/turtlebot3_custom_simulation/package.sh'
[1.498s] INFO:colcon.colcon_core.shell:Creating package script '/home/juan/Documents/fundamentos_robotica/destroyer_ws/install/turtlebot3_custom_simulation/share/turtlebot3_custom_simulation/package.bash'
[1.498s] INFO:colcon.colcon_core.shell:Creating package script '/home/juan/Documents/fundamentos_robotica/destroyer_ws/install/turtlebot3_custom_simulation/share/turtlebot3_custom_simulation/package.zsh'
[1.498s] Level 1:colcon.colcon_core.environment:create_file_with_runtime_dependencies(/home/juan/Documents/fundamentos_robotica/destroyer_ws/install/turtlebot3_custom_simulation/share/colcon-core/packages/turtlebot3_custom_simulation)
[1.500s] DEBUG:colcon.colcon_core.event_handler.log_command:Invoked command in '/home/juan/Documents/fundamentos_robotica/destroyer_ws/build/grid_fastslam' returned '0': AMENT_PREFIX_PATH=/home/juan/Documents/fundamentos_robotica/destroyer_ws/install/custom_msgs:${AMENT_PREFIX_PATH} CMAKE_PREFIX_PATH=/home/juan/Documents/fundamentos_robotica/destroyer_ws/install/custom_msgs:/home/juan/Documents/fundamentos_robotica/ws/install/turtlebot3_icp_localization:/home/juan/Documents/fundamentos_robotica/ws/install/turtlebot3_custom_simulation:/home/juan/Documents/fundamentos_robotica/ws/install/custom_msgs:/home/juan/Documents/fundamentos_robotica/ws/install/ubicate_nene:/home/juan/Documents/fundamentos_robotica/ws/install/paquete1:/home/juan/Documents/fundamentos_robotica/ws/install/no_te_choques:/home/juan/Documents/fundamentos_robotica/ws/install/custom_code:/opt/ros/humble LD_LIBRARY_PATH=/home/juan/Documents/fundamentos_robotica/destroyer_ws/install/custom_msgs/lib:/home/juan/Documents/fundamentos_robotica/ws/install/custom_msgs/lib:/usr/lib/x86_64-linux-gnu/gazebo-11/plugins:/opt/ros/humble/opt/rviz_ogre_vendor/lib:/opt/ros/humble/lib/x86_64-linux-gnu:/opt/ros/humble/lib:/usr/lib/x86_64-linux-gnu/gazebo-11/plugins PYTHONPATH=/home/juan/Documents/fundamentos_robotica/destroyer_ws/install/custom_msgs/local/lib/python3.10/dist-packages:${PYTHONPATH} /usr/bin/cmake --build /home/juan/Documents/fundamentos_robotica/destroyer_ws/build/grid_fastslam -- -j12 -l12
[1.502s] DEBUG:colcon.colcon_core.event_handler.log_command:Invoking command in '/home/juan/Documents/fundamentos_robotica/destroyer_ws/build/grid_fastslam': AMENT_PREFIX_PATH=/home/juan/Documents/fundamentos_robotica/destroyer_ws/install/custom_msgs:${AMENT_PREFIX_PATH} CMAKE_PREFIX_PATH=/home/juan/Documents/fundamentos_robotica/destroyer_ws/install/custom_msgs:/home/juan/Documents/fundamentos_robotica/ws/install/turtlebot3_icp_localization:/home/juan/Documents/fundamentos_robotica/ws/install/turtlebot3_custom_simulation:/home/juan/Documents/fundamentos_robotica/ws/install/custom_msgs:/home/juan/Documents/fundamentos_robotica/ws/install/ubicate_nene:/home/juan/Documents/fundamentos_robotica/ws/install/paquete1:/home/juan/Documents/fundamentos_robotica/ws/install/no_te_choques:/home/juan/Documents/fundamentos_robotica/ws/install/custom_code:/opt/ros/humble LD_LIBRARY_PATH=/home/juan/Documents/fundamentos_robotica/destroyer_ws/install/custom_msgs/lib:/home/juan/Documents/fundamentos_robotica/ws/install/custom_msgs/lib:/usr/lib/x86_64-linux-gnu/gazebo-11/plugins:/opt/ros/humble/opt/rviz_ogre_vendor/lib:/opt/ros/humble/lib/x86_64-linux-gnu:/opt/ros/humble/lib:/usr/lib/x86_64-linux-gnu/gazebo-11/plugins PYTHONPATH=/home/juan/Documents/fundamentos_robotica/destroyer_ws/install/custom_msgs/local/lib/python3.10/dist-packages:${PYTHONPATH} /usr/bin/cmake --install /home/juan/Documents/fundamentos_robotica/destroyer_ws/build/grid_fastslam
[1.517s] Level 1:colcon.colcon_core.environment:create_environment_scripts_only(grid_fastslam)
[1.517s] Level 1:colcon.colcon_core.environment:checking '/home/juan/Documents/fundamentos_robotica/destroyer_ws/install/grid_fastslam' for CMake module files
[1.518s] DEBUG:colcon.colcon_core.event_handler.log_command:Invoked command in '/home/juan/Documents/fundamentos_robotica/destroyer_ws/build/grid_fastslam' returned '0': AMENT_PREFIX_PATH=/home/juan/Documents/fundamentos_robotica/destroyer_ws/install/custom_msgs:${AMENT_PREFIX_PATH} CMAKE_PREFIX_PATH=/home/juan/Documents/fundamentos_robotica/destroyer_ws/install/custom_msgs:/home/juan/Documents/fundamentos_robotica/ws/install/turtlebot3_icp_localization:/home/juan/Documents/fundamentos_robotica/ws/install/turtlebot3_custom_simulation:/home/juan/Documents/fundamentos_robotica/ws/install/custom_msgs:/home/juan/Documents/fundamentos_robotica/ws/install/ubicate_nene:/home/juan/Documents/fundamentos_robotica/ws/install/paquete1:/home/juan/Documents/fundamentos_robotica/ws/install/no_te_choques:/home/juan/Documents/fundamentos_robotica/ws/install/custom_code:/opt/ros/humble LD_LIBRARY_PATH=/home/juan/Documents/fundamentos_robotica/destroyer_ws/install/custom_msgs/lib:/home/juan/Documents/fundamentos_robotica/ws/install/custom_msgs/lib:/usr/lib/x86_64-linux-gnu/gazebo-11/plugins:/opt/ros/humble/opt/rviz_ogre_vendor/lib:/opt/ros/humble/lib/x86_64-linux-gnu:/opt/ros/humble/lib:/usr/lib/x86_64-linux-gnu/gazebo-11/plugins PYTHONPATH=/home/juan/Documents/fundamentos_robotica/destroyer_ws/install/custom_msgs/local/lib/python3.10/dist-packages:${PYTHONPATH} /usr/bin/cmake --install /home/juan/Documents/fundamentos_robotica/destroyer_ws/build/grid_fastslam
[1.518s] Level 1:colcon.colcon_core.environment:checking '/home/juan/Documents/fundamentos_robotica/destroyer_ws/install/grid_fastslam' for CMake config files
[1.519s] Level 1:colcon.colcon_core.shell:create_environment_hook('grid_fastslam', 'cmake_prefix_path')
[1.519s] INFO:colcon.colcon_core.shell:Creating environment hook '/home/juan/Documents/fundamentos_robotica/destroyer_ws/install/grid_fastslam/share/grid_fastslam/hook/cmake_prefix_path.ps1'
[1.520s] INFO:colcon.colcon_core.shell:Creating environment descriptor '/home/juan/Documents/fundamentos_robotica/destroyer_ws/install/grid_fastslam/share/grid_fastslam/hook/cmake_prefix_path.dsv'
[1.520s] INFO:colcon.colcon_core.shell:Creating environment hook '/home/juan/Documents/fundamentos_robotica/destroyer_ws/install/grid_fastslam/share/grid_fastslam/hook/cmake_prefix_path.sh'
[1.521s] Level 1:colcon.colcon_core.environment:checking '/home/juan/Documents/fundamentos_robotica/destroyer_ws/install/grid_fastslam/lib'
[1.521s] Level 1:colcon.colcon_core.environment:checking '/home/juan/Documents/fundamentos_robotica/destroyer_ws/install/grid_fastslam/bin'
[1.521s] Level 1:colcon.colcon_core.environment:checking '/home/juan/Documents/fundamentos_robotica/destroyer_ws/install/grid_fastslam/lib/pkgconfig/grid_fastslam.pc'
[1.521s] Level 1:colcon.colcon_core.environment:checking '/home/juan/Documents/fundamentos_robotica/destroyer_ws/install/grid_fastslam/lib/python3.10/site-packages'
[1.521s] Level 1:colcon.colcon_core.environment:checking '/home/juan/Documents/fundamentos_robotica/destroyer_ws/install/grid_fastslam/bin'
[1.522s] INFO:colcon.colcon_core.shell:Creating package script '/home/juan/Documents/fundamentos_robotica/destroyer_ws/install/grid_fastslam/share/grid_fastslam/package.ps1'
[1.522s] INFO:colcon.colcon_core.shell:Creating package descriptor '/home/juan/Documents/fundamentos_robotica/destroyer_ws/install/grid_fastslam/share/grid_fastslam/package.dsv'
[1.523s] INFO:colcon.colcon_core.shell:Creating package script '/home/juan/Documents/fundamentos_robotica/destroyer_ws/install/grid_fastslam/share/grid_fastslam/package.sh'
[1.523s] INFO:colcon.colcon_core.shell:Creating package script '/home/juan/Documents/fundamentos_robotica/destroyer_ws/install/grid_fastslam/share/grid_fastslam/package.bash'
[1.524s] INFO:colcon.colcon_core.shell:Creating package script '/home/juan/Documents/fundamentos_robotica/destroyer_ws/install/grid_fastslam/share/grid_fastslam/package.zsh'
[1.524s] Level 1:colcon.colcon_core.environment:create_file_with_runtime_dependencies(/home/juan/Documents/fundamentos_robotica/destroyer_ws/install/grid_fastslam/share/colcon-core/packages/grid_fastslam)
[1.524s] Level 1:colcon.colcon_core.environment:create_environment_scripts_only(grid_fastslam)
[1.525s] Level 1:colcon.colcon_core.environment:checking '/home/juan/Documents/fundamentos_robotica/destroyer_ws/install/grid_fastslam' for CMake module files
[1.525s] Level 1:colcon.colcon_core.environment:checking '/home/juan/Documents/fundamentos_robotica/destroyer_ws/install/grid_fastslam' for CMake config files
[1.525s] Level 1:colcon.colcon_core.shell:create_environment_hook('grid_fastslam', 'cmake_prefix_path')
[1.526s] INFO:colcon.colcon_core.shell:Creating environment hook '/home/juan/Documents/fundamentos_robotica/destroyer_ws/install/grid_fastslam/share/grid_fastslam/hook/cmake_prefix_path.ps1'
[1.526s] INFO:colcon.colcon_core.shell:Creating environment descriptor '/home/juan/Documents/fundamentos_robotica/destroyer_ws/install/grid_fastslam/share/grid_fastslam/hook/cmake_prefix_path.dsv'
[1.526s] INFO:colcon.colcon_core.shell:Creating environment hook '/home/juan/Documents/fundamentos_robotica/destroyer_ws/install/grid_fastslam/share/grid_fastslam/hook/cmake_prefix_path.sh'
[1.527s] Level 1:colcon.colcon_core.environment:checking '/home/juan/Documents/fundamentos_robotica/destroyer_ws/install/grid_fastslam/lib'
[1.527s] Level 1:colcon.colcon_core.environment:checking '/home/juan/Documents/fundamentos_robotica/destroyer_ws/install/grid_fastslam/bin'
[1.527s] Level 1:colcon.colcon_core.environment:checking '/home/juan/Documents/fundamentos_robotica/destroyer_ws/install/grid_fastslam/lib/pkgconfig/grid_fastslam.pc'
[1.527s] Level 1:colcon.colcon_core.environment:checking '/home/juan/Documents/fundamentos_robotica/destroyer_ws/install/grid_fastslam/lib/python3.10/site-packages'
[1.527s] Level 1:colcon.colcon_core.environment:checking '/home/juan/Documents/fundamentos_robotica/destroyer_ws/install/grid_fastslam/bin'
[1.528s] INFO:colcon.colcon_core.shell:Creating package script '/home/juan/Documents/fundamentos_robotica/destroyer_ws/install/grid_fastslam/share/grid_fastslam/package.ps1'
[1.528s] INFO:colcon.colcon_core.shell:Creating package descriptor '/home/juan/Documents/fundamentos_robotica/destroyer_ws/install/grid_fastslam/share/grid_fastslam/package.dsv'
[1.529s] INFO:colcon.colcon_core.shell:Creating package script '/home/juan/Documents/fundamentos_robotica/destroyer_ws/install/grid_fastslam/share/grid_fastslam/package.sh'
[1.529s] INFO:colcon.colcon_core.shell:Creating package script '/home/juan/Documents/fundamentos_robotica/destroyer_ws/install/grid_fastslam/share/grid_fastslam/package.bash'
[1.530s] INFO:colcon.colcon_core.shell:Creating package script '/home/juan/Documents/fundamentos_robotica/destroyer_ws/install/grid_fastslam/share/grid_fastslam/package.zsh'
[1.530s] Level 1:colcon.colcon_core.environment:create_file_with_runtime_dependencies(/home/juan/Documents/fundamentos_robotica/destroyer_ws/install/grid_fastslam/share/colcon-core/packages/grid_fastslam)
[1.586s] DEBUG:colcon.colcon_core.event_handler.log_command:Invoking command in '/home/juan/Documents/fundamentos_robotica/destroyer_ws/src/mappeate_y_ubicate': PYTHONPATH=/home/juan/Documents/fundamentos_robotica/destroyer_ws/build/mappeate_y_ubicate/prefix_override:/usr/lib/python3/dist-packages/colcon_core/task/python/colcon_distutils_commands:/home/juan/Documents/fundamentos_robotica/destroyer_ws/install/mappeate_y_ubicate/lib/python3.10/site-packages:${PYTHONPATH} /usr/bin/python3 -W ignore:setup.py install is deprecated -W ignore:easy_install command is deprecated setup.py egg_info --egg-base ../../build/mappeate_y_ubicate build --build-base /home/juan/Documents/fundamentos_robotica/destroyer_ws/build/mappeate_y_ubicate/build install --record /home/juan/Documents/fundamentos_robotica/destroyer_ws/build/mappeate_y_ubicate/install.log --single-version-externally-managed install_data
[1.590s] DEBUG:colcon.colcon_core.event_handler.log_command:Invoking command in '/home/juan/Documents/fundamentos_robotica/destroyer_ws/src/state_machine': PYTHONPATH=/home/juan/Documents/fundamentos_robotica/destroyer_ws/build/state_machine/prefix_override:/usr/lib/python3/dist-packages/colcon_core/task/python/colcon_distutils_commands:/home/juan/Documents/fundamentos_robotica/destroyer_ws/install/state_machine/lib/python3.10/site-packages:${PYTHONPATH} /usr/bin/python3 -W ignore:setup.py install is deprecated -W ignore:easy_install command is deprecated setup.py egg_info --egg-base ../../build/state_machine build --build-base /home/juan/Documents/fundamentos_robotica/destroyer_ws/build/state_machine/build install --record /home/juan/Documents/fundamentos_robotica/destroyer_ws/build/state_machine/install.log --single-version-externally-managed install_data
[1.864s] DEBUG:colcon.colcon_core.event_handler.log_command:Invoking command in '/home/juan/Documents/fundamentos_robotica/destroyer_ws/src/tools': AMENT_PREFIX_PATH=/home/juan/Documents/fundamentos_robotica/destroyer_ws/install/custom_msgs:${AMENT_PREFIX_PATH} CMAKE_PREFIX_PATH=/home/juan/Documents/fundamentos_robotica/destroyer_ws/install/custom_msgs:${CMAKE_PREFIX_PATH} LD_LIBRARY_PATH=/home/juan/Documents/fundamentos_robotica/destroyer_ws/install/custom_msgs/lib:/home/juan/Documents/fundamentos_robotica/ws/install/custom_msgs/lib:/usr/lib/x86_64-linux-gnu/gazebo-11/plugins:/opt/ros/humble/opt/rviz_ogre_vendor/lib:/opt/ros/humble/lib/x86_64-linux-gnu:/opt/ros/humble/lib:/usr/lib/x86_64-linux-gnu/gazebo-11/plugins PYTHONPATH=/home/juan/Documents/fundamentos_robotica/destroyer_ws/build/tools/prefix_override:/usr/lib/python3/dist-packages/colcon_core/task/python/colcon_distutils_commands:/home/juan/Documents/fundamentos_robotica/destroyer_ws/install/tools/lib/python3.10/site-packages:/home/juan/Documents/fundamentos_robotica/destroyer_ws/install/custom_msgs/local/lib/python3.10/dist-packages:${PYTHONPATH} /usr/bin/python3 -W ignore:setup.py install is deprecated -W ignore:easy_install command is deprecated setup.py egg_info --egg-base ../../build/tools build --build-base /home/juan/Documents/fundamentos_robotica/destroyer_ws/build/tools/build install --record /home/juan/Documents/fundamentos_robotica/destroyer_ws/build/tools/install.log --single-version-externally-managed install_data
[1.873s] Level 1:colcon.colcon_core.environment:checking '/home/juan/Documents/fundamentos_robotica/destroyer_ws/install/mappeate_y_ubicate' for CMake module files
[1.874s] DEBUG:colcon.colcon_core.event_handler.log_command:Invoked command in '/home/juan/Documents/fundamentos_robotica/destroyer_ws/src/mappeate_y_ubicate' returned '0': PYTHONPATH=/home/juan/Documents/fundamentos_robotica/destroyer_ws/build/mappeate_y_ubicate/prefix_override:/usr/lib/python3/dist-packages/colcon_core/task/python/colcon_distutils_commands:/home/juan/Documents/fundamentos_robotica/destroyer_ws/install/mappeate_y_ubicate/lib/python3.10/site-packages:${PYTHONPATH} /usr/bin/python3 -W ignore:setup.py install is deprecated -W ignore:easy_install command is deprecated setup.py egg_info --egg-base ../../build/mappeate_y_ubicate build --build-base /home/juan/Documents/fundamentos_robotica/destroyer_ws/build/mappeate_y_ubicate/build install --record /home/juan/Documents/fundamentos_robotica/destroyer_ws/build/mappeate_y_ubicate/install.log --single-version-externally-managed install_data
[1.874s] Level 1:colcon.colcon_core.environment:checking '/home/juan/Documents/fundamentos_robotica/destroyer_ws/install/mappeate_y_ubicate' for CMake config files
[1.875s] Level 1:colcon.colcon_core.environment:checking '/home/juan/Documents/fundamentos_robotica/destroyer_ws/install/mappeate_y_ubicate/lib'
[1.875s] Level 1:colcon.colcon_core.environment:checking '/home/juan/Documents/fundamentos_robotica/destroyer_ws/install/mappeate_y_ubicate/bin'
[1.875s] Level 1:colcon.colcon_core.environment:checking '/home/juan/Documents/fundamentos_robotica/destroyer_ws/install/mappeate_y_ubicate/lib/pkgconfig/mappeate_y_ubicate.pc'
[1.875s] Level 1:colcon.colcon_core.environment:checking '/home/juan/Documents/fundamentos_robotica/destroyer_ws/install/mappeate_y_ubicate/lib/python3.10/site-packages'
[1.875s] Level 1:colcon.colcon_core.shell:create_environment_hook('mappeate_y_ubicate', 'pythonpath')
[1.875s] INFO:colcon.colcon_core.shell:Creating environment hook '/home/juan/Documents/fundamentos_robotica/destroyer_ws/install/mappeate_y_ubicate/share/mappeate_y_ubicate/hook/pythonpath.ps1'
[1.876s] INFO:colcon.colcon_core.shell:Creating environment descriptor '/home/juan/Documents/fundamentos_robotica/destroyer_ws/install/mappeate_y_ubicate/share/mappeate_y_ubicate/hook/pythonpath.dsv'
[1.877s] INFO:colcon.colcon_core.shell:Creating environment hook '/home/juan/Documents/fundamentos_robotica/destroyer_ws/install/mappeate_y_ubicate/share/mappeate_y_ubicate/hook/pythonpath.sh'
[1.877s] Level 1:colcon.colcon_core.environment:checking '/home/juan/Documents/fundamentos_robotica/destroyer_ws/install/mappeate_y_ubicate/bin'
[1.877s] Level 1:colcon.colcon_core.environment:create_environment_scripts_only(mappeate_y_ubicate)
[1.878s] INFO:colcon.colcon_core.shell:Creating package script '/home/juan/Documents/fundamentos_robotica/destroyer_ws/install/mappeate_y_ubicate/share/mappeate_y_ubicate/package.ps1'
[1.878s] INFO:colcon.colcon_core.shell:Creating package descriptor '/home/juan/Documents/fundamentos_robotica/destroyer_ws/install/mappeate_y_ubicate/share/mappeate_y_ubicate/package.dsv'
[1.879s] INFO:colcon.colcon_core.shell:Creating package script '/home/juan/Documents/fundamentos_robotica/destroyer_ws/install/mappeate_y_ubicate/share/mappeate_y_ubicate/package.sh'
[1.879s] INFO:colcon.colcon_core.shell:Creating package script '/home/juan/Documents/fundamentos_robotica/destroyer_ws/install/mappeate_y_ubicate/share/mappeate_y_ubicate/package.bash'
[1.879s] INFO:colcon.colcon_core.shell:Creating package script '/home/juan/Documents/fundamentos_robotica/destroyer_ws/install/mappeate_y_ubicate/share/mappeate_y_ubicate/package.zsh'
[1.880s] Level 1:colcon.colcon_core.environment:create_file_with_runtime_dependencies(/home/juan/Documents/fundamentos_robotica/destroyer_ws/install/mappeate_y_ubicate/share/colcon-core/packages/mappeate_y_ubicate)
[1.883s] Level 1:colcon.colcon_core.environment:checking '/home/juan/Documents/fundamentos_robotica/destroyer_ws/install/state_machine' for CMake module files
[1.884s] DEBUG:colcon.colcon_core.event_handler.log_command:Invoked command in '/home/juan/Documents/fundamentos_robotica/destroyer_ws/src/state_machine' returned '0': PYTHONPATH=/home/juan/Documents/fundamentos_robotica/destroyer_ws/build/state_machine/prefix_override:/usr/lib/python3/dist-packages/colcon_core/task/python/colcon_distutils_commands:/home/juan/Documents/fundamentos_robotica/destroyer_ws/install/state_machine/lib/python3.10/site-packages:${PYTHONPATH} /usr/bin/python3 -W ignore:setup.py install is deprecated -W ignore:easy_install command is deprecated setup.py egg_info --egg-base ../../build/state_machine build --build-base /home/juan/Documents/fundamentos_robotica/destroyer_ws/build/state_machine/build install --record /home/juan/Documents/fundamentos_robotica/destroyer_ws/build/state_machine/install.log --single-version-externally-managed install_data
[1.884s] Level 1:colcon.colcon_core.environment:checking '/home/juan/Documents/fundamentos_robotica/destroyer_ws/install/state_machine' for CMake config files
[1.885s] Level 1:colcon.colcon_core.environment:checking '/home/juan/Documents/fundamentos_robotica/destroyer_ws/install/state_machine/lib'
[1.885s] Level 1:colcon.colcon_core.environment:checking '/home/juan/Documents/fundamentos_robotica/destroyer_ws/install/state_machine/bin'
[1.885s] Level 1:colcon.colcon_core.environment:checking '/home/juan/Documents/fundamentos_robotica/destroyer_ws/install/state_machine/lib/pkgconfig/state_machine.pc'
[1.885s] Level 1:colcon.colcon_core.environment:checking '/home/juan/Documents/fundamentos_robotica/destroyer_ws/install/state_machine/lib/python3.10/site-packages'
[1.885s] Level 1:colcon.colcon_core.shell:create_environment_hook('state_machine', 'pythonpath')
[1.885s] INFO:colcon.colcon_core.shell:Creating environment hook '/home/juan/Documents/fundamentos_robotica/destroyer_ws/install/state_machine/share/state_machine/hook/pythonpath.ps1'
[1.886s] INFO:colcon.colcon_core.shell:Creating environment descriptor '/home/juan/Documents/fundamentos_robotica/destroyer_ws/install/state_machine/share/state_machine/hook/pythonpath.dsv'
[1.886s] INFO:colcon.colcon_core.shell:Creating environment hook '/home/juan/Documents/fundamentos_robotica/destroyer_ws/install/state_machine/share/state_machine/hook/pythonpath.sh'
[1.887s] Level 1:colcon.colcon_core.environment:checking '/home/juan/Documents/fundamentos_robotica/destroyer_ws/install/state_machine/bin'
[1.887s] Level 1:colcon.colcon_core.environment:create_environment_scripts_only(state_machine)
[1.887s] INFO:colcon.colcon_core.shell:Creating package script '/home/juan/Documents/fundamentos_robotica/destroyer_ws/install/state_machine/share/state_machine/package.ps1'
[1.887s] INFO:colcon.colcon_core.shell:Creating package descriptor '/home/juan/Documents/fundamentos_robotica/destroyer_ws/install/state_machine/share/state_machine/package.dsv'
[1.888s] INFO:colcon.colcon_core.shell:Creating package script '/home/juan/Documents/fundamentos_robotica/destroyer_ws/install/state_machine/share/state_machine/package.sh'
[1.888s] INFO:colcon.colcon_core.shell:Creating package script '/home/juan/Documents/fundamentos_robotica/destroyer_ws/install/state_machine/share/state_machine/package.bash'
[1.888s] INFO:colcon.colcon_core.shell:Creating package script '/home/juan/Documents/fundamentos_robotica/destroyer_ws/install/state_machine/share/state_machine/package.zsh'
[1.889s] Level 1:colcon.colcon_core.environment:create_file_with_runtime_dependencies(/home/juan/Documents/fundamentos_robotica/destroyer_ws/install/state_machine/share/colcon-core/packages/state_machine)
[2.135s] Level 1:colcon.colcon_core.environment:checking '/home/juan/Documents/fundamentos_robotica/destroyer_ws/install/tools' for CMake module files
[2.136s] DEBUG:colcon.colcon_core.event_handler.log_command:Invoked command in '/home/juan/Documents/fundamentos_robotica/destroyer_ws/src/tools' returned '0': AMENT_PREFIX_PATH=/home/juan/Documents/fundamentos_robotica/destroyer_ws/install/custom_msgs:${AMENT_PREFIX_PATH} CMAKE_PREFIX_PATH=/home/juan/Documents/fundamentos_robotica/destroyer_ws/install/custom_msgs:${CMAKE_PREFIX_PATH} LD_LIBRARY_PATH=/home/juan/Documents/fundamentos_robotica/destroyer_ws/install/custom_msgs/lib:/home/juan/Documents/fundamentos_robotica/ws/install/custom_msgs/lib:/usr/lib/x86_64-linux-gnu/gazebo-11/plugins:/opt/ros/humble/opt/rviz_ogre_vendor/lib:/opt/ros/humble/lib/x86_64-linux-gnu:/opt/ros/humble/lib:/usr/lib/x86_64-linux-gnu/gazebo-11/plugins PYTHONPATH=/home/juan/Documents/fundamentos_robotica/destroyer_ws/build/tools/prefix_override:/usr/lib/python3/dist-packages/colcon_core/task/python/colcon_distutils_commands:/home/juan/Documents/fundamentos_robotica/destroyer_ws/install/tools/lib/python3.10/site-packages:/home/juan/Documents/fundamentos_robotica/destroyer_ws/install/custom_msgs/local/lib/python3.10/dist-packages:${PYTHONPATH} /usr/bin/python3 -W ignore:setup.py install is deprecated -W ignore:easy_install command is deprecated setup.py egg_info --egg-base ../../build/tools build --build-base /home/juan/Documents/fundamentos_robotica/destroyer_ws/build/tools/build install --record /home/juan/Documents/fundamentos_robotica/destroyer_ws/build/tools/install.log --single-version-externally-managed install_data
[2.136s] Level 1:colcon.colcon_core.environment:checking '/home/juan/Documents/fundamentos_robotica/destroyer_ws/install/tools' for CMake config files
[2.137s] Level 1:colcon.colcon_core.environment:checking '/home/juan/Documents/fundamentos_robotica/destroyer_ws/install/tools/lib'
[2.137s] Level 1:colcon.colcon_core.environment:checking '/home/juan/Documents/fundamentos_robotica/destroyer_ws/install/tools/bin'
[2.137s] Level 1:colcon.colcon_core.environment:checking '/home/juan/Documents/fundamentos_robotica/destroyer_ws/install/tools/lib/pkgconfig/tools.pc'
[2.137s] Level 1:colcon.colcon_core.environment:checking '/home/juan/Documents/fundamentos_robotica/destroyer_ws/install/tools/lib/python3.10/site-packages'
[2.137s] Level 1:colcon.colcon_core.shell:create_environment_hook('tools', 'pythonpath')
[2.137s] INFO:colcon.colcon_core.shell:Creating environment hook '/home/juan/Documents/fundamentos_robotica/destroyer_ws/install/tools/share/tools/hook/pythonpath.ps1'
[2.138s] INFO:colcon.colcon_core.shell:Creating environment descriptor '/home/juan/Documents/fundamentos_robotica/destroyer_ws/install/tools/share/tools/hook/pythonpath.dsv'
[2.138s] INFO:colcon.colcon_core.shell:Creating environment hook '/home/juan/Documents/fundamentos_robotica/destroyer_ws/install/tools/share/tools/hook/pythonpath.sh'
[2.138s] Level 1:colcon.colcon_core.environment:checking '/home/juan/Documents/fundamentos_robotica/destroyer_ws/install/tools/bin'
[2.138s] Level 1:colcon.colcon_core.environment:create_environment_scripts_only(tools)
[2.139s] INFO:colcon.colcon_core.shell:Creating package script '/home/juan/Documents/fundamentos_robotica/destroyer_ws/install/tools/share/tools/package.ps1'
[2.139s] INFO:colcon.colcon_core.shell:Creating package descriptor '/home/juan/Documents/fundamentos_robotica/destroyer_ws/install/tools/share/tools/package.dsv'
[2.140s] INFO:colcon.colcon_core.shell:Creating package script '/home/juan/Documents/fundamentos_robotica/destroyer_ws/install/tools/share/tools/package.sh'
[2.140s] INFO:colcon.colcon_core.shell:Creating package script '/home/juan/Documents/fundamentos_robotica/destroyer_ws/install/tools/share/tools/package.bash'
[2.140s] INFO:colcon.colcon_core.shell:Creating package script '/home/juan/Documents/fundamentos_robotica/destroyer_ws/install/tools/share/tools/package.zsh'
[2.140s] Level 1:colcon.colcon_core.environment:create_file_with_runtime_dependencies(/home/juan/Documents/fundamentos_robotica/destroyer_ws/install/tools/share/colcon-core/packages/tools)
[2.141s] DEBUG:colcon.colcon_parallel_executor.executor.parallel:closing loop
[2.141s] DEBUG:colcon.colcon_parallel_executor.executor.parallel:loop closed
[2.141s] DEBUG:colcon.colcon_parallel_executor.executor.parallel:run_until_complete finished with '0'
[2.141s] DEBUG:colcon.colcon_core.event_reactor:joining thread
[2.151s] INFO:colcon.colcon_core.plugin_system:Skipping extension 'colcon_notification.desktop_notification.terminal_notifier': Not used on non-Darwin systems
[2.151s] INFO:colcon.colcon_core.plugin_system:Skipping extension 'colcon_notification.desktop_notification.win32': Not used on non-Windows systems
[2.151s] INFO:colcon.colcon_notification.desktop_notification:Sending desktop notification using 'notify2'
[2.161s] DEBUG:colcon.colcon_core.event_reactor:joined thread
[2.162s] INFO:colcon.colcon_core.shell:Creating prefix script '/home/juan/Documents/fundamentos_robotica/destroyer_ws/install/local_setup.ps1'
[2.163s] INFO:colcon.colcon_core.shell:Creating prefix util module '/home/juan/Documents/fundamentos_robotica/destroyer_ws/install/_local_setup_util_ps1.py'
[2.164s] INFO:colcon.colcon_core.shell:Creating prefix chain script '/home/juan/Documents/fundamentos_robotica/destroyer_ws/install/setup.ps1'
[2.166s] INFO:colcon.colcon_core.shell:Creating prefix script '/home/juan/Documents/fundamentos_robotica/destroyer_ws/install/local_setup.sh'
[2.166s] INFO:colcon.colcon_core.shell:Creating prefix util module '/home/juan/Documents/fundamentos_robotica/destroyer_ws/install/_local_setup_util_sh.py'
[2.167s] INFO:colcon.colcon_core.shell:Creating prefix chain script '/home/juan/Documents/fundamentos_robotica/destroyer_ws/install/setup.sh'
[2.168s] INFO:colcon.colcon_core.shell:Creating prefix script '/home/juan/Documents/fundamentos_robotica/destroyer_ws/install/local_setup.bash'
[2.169s] INFO:colcon.colcon_core.shell:Creating prefix chain script '/home/juan/Documents/fundamentos_robotica/destroyer_ws/install/setup.bash'
[2.170s] INFO:colcon.colcon_core.shell:Creating prefix script '/home/juan/Documents/fundamentos_robotica/destroyer_ws/install/local_setup.zsh'
[2.171s] INFO:colcon.colcon_core.shell:Creating prefix chain script '/home/juan/Documents/fundamentos_robotica/destroyer_ws/install/setup.zsh'
