[1.043s] Invoking command in '/home/juan/Documents/fundamentos_robotica/destroyer_ws/src/state_machine': PYTHONPATH=/home/juan/Documents/fundamentos_robotica/destroyer_ws/build/state_machine/prefix_override:/usr/lib/python3/dist-packages/colcon_core/task/python/colcon_distutils_commands:/home/juan/Documents/fundamentos_robotica/destroyer_ws/install/state_machine/lib/python3.10/site-packages:${PYTHONPATH} /usr/bin/python3 -W ignore:setup.py install is deprecated -W ignore:easy_install command is deprecated setup.py egg_info --egg-base ../../build/state_machine build --build-base /home/juan/Documents/fundamentos_robotica/destroyer_ws/build/state_machine/build install --record /home/juan/Documents/fundamentos_robotica/destroyer_ws/build/state_machine/install.log --single-version-externally-managed install_data
[1.257s] running egg_info
[1.258s] creating ../../build/state_machine/state_machine.egg-info
[1.258s] writing ../../build/state_machine/state_machine.egg-info/PKG-INFO
[1.259s] writing dependency_links to ../../build/state_machine/state_machine.egg-info/dependency_links.txt
[1.259s] writing entry points to ../../build/state_machine/state_machine.egg-info/entry_points.txt
[1.259s] writing requirements to ../../build/state_machine/state_machine.egg-info/requires.txt
[1.259s] writing top-level names to ../../build/state_machine/state_machine.egg-info/top_level.txt
[1.259s] writing manifest file '../../build/state_machine/state_machine.egg-info/SOURCES.txt'
[1.261s] reading manifest file '../../build/state_machine/state_machine.egg-info/SOURCES.txt'
[1.261s] adding license file 'LICENSE'
[1.262s] writing manifest file '../../build/state_machine/state_machine.egg-info/SOURCES.txt'
[1.262s] running build
[1.262s] running build_py
[1.262s] creating /home/juan/Documents/fundamentos_robotica/destroyer_ws/build/state_machine/build
[1.262s] creating /home/juan/Documents/fundamentos_robotica/destroyer_ws/build/state_machine/build/lib
[1.262s] creating /home/juan/Documents/fundamentos_robotica/destroyer_ws/build/state_machine/build/lib/state_machine
[1.263s] copying state_machine/map_publisher.py -> /home/juan/Documents/fundamentos_robotica/destroyer_ws/build/state_machine/build/lib/state_machine
[1.263s] copying state_machine/__init__.py -> /home/juan/Documents/fundamentos_robotica/destroyer_ws/build/state_machine/build/lib/state_machine
[1.263s] copying state_machine/likelihood.py -> /home/juan/Documents/fundamentos_robotica/destroyer_ws/build/state_machine/build/lib/state_machine
[1.263s] running install
[1.263s] running install_lib
[1.264s] creating /home/juan/Documents/fundamentos_robotica/destroyer_ws/install/state_machine/lib/python3.10/site-packages/state_machine
[1.264s] copying /home/juan/Documents/fundamentos_robotica/destroyer_ws/build/state_machine/build/lib/state_machine/map_publisher.py -> /home/juan/Documents/fundamentos_robotica/destroyer_ws/install/state_machine/lib/python3.10/site-packages/state_machine
[1.265s] copying /home/juan/Documents/fundamentos_robotica/destroyer_ws/build/state_machine/build/lib/state_machine/__init__.py -> /home/juan/Documents/fundamentos_robotica/destroyer_ws/install/state_machine/lib/python3.10/site-packages/state_machine
[1.265s] copying /home/juan/Documents/fundamentos_robotica/destroyer_ws/build/state_machine/build/lib/state_machine/likelihood.py -> /home/juan/Documents/fundamentos_robotica/destroyer_ws/install/state_machine/lib/python3.10/site-packages/state_machine
[1.265s] byte-compiling /home/juan/Documents/fundamentos_robotica/destroyer_ws/install/state_machine/lib/python3.10/site-packages/state_machine/map_publisher.py to map_publisher.cpython-310.pyc
[1.266s] byte-compiling /home/juan/Documents/fundamentos_robotica/destroyer_ws/install/state_machine/lib/python3.10/site-packages/state_machine/__init__.py to __init__.cpython-310.pyc
[1.266s] byte-compiling /home/juan/Documents/fundamentos_robotica/destroyer_ws/install/state_machine/lib/python3.10/site-packages/state_machine/likelihood.py to likelihood.cpython-310.pyc
[1.267s] running install_data
[1.267s] creating /home/juan/Documents/fundamentos_robotica/destroyer_ws/install/state_machine/share/ament_index
[1.267s] creating /home/juan/Documents/fundamentos_robotica/destroyer_ws/install/state_machine/share/ament_index/resource_index
[1.267s] creating /home/juan/Documents/fundamentos_robotica/destroyer_ws/install/state_machine/share/ament_index/resource_index/packages
[1.267s] copying resource/state_machine -> /home/juan/Documents/fundamentos_robotica/destroyer_ws/install/state_machine/share/ament_index/resource_index/packages
[1.267s] copying package.xml -> /home/juan/Documents/fundamentos_robotica/destroyer_ws/install/state_machine/share/state_machine
[1.268s] running install_egg_info
[1.269s] Copying ../../build/state_machine/state_machine.egg-info to /home/juan/Documents/fundamentos_robotica/destroyer_ws/install/state_machine/lib/python3.10/site-packages/state_machine-0.0.0-py3.10.egg-info
[1.270s] running install_scripts
[1.291s] Installing likelihood_map_publisher script to /home/juan/Documents/fundamentos_robotica/destroyer_ws/install/state_machine/lib/state_machine
[1.292s] Installing map_publisher script to /home/juan/Documents/fundamentos_robotica/destroyer_ws/install/state_machine/lib/state_machine
[1.292s] writing list of installed files to '/home/juan/Documents/fundamentos_robotica/destroyer_ws/build/state_machine/install.log'
[1.331s] Invoked command in '/home/juan/Documents/fundamentos_robotica/destroyer_ws/src/state_machine' returned '0': PYTHONPATH=/home/juan/Documents/fundamentos_robotica/destroyer_ws/build/state_machine/prefix_override:/usr/lib/python3/dist-packages/colcon_core/task/python/colcon_distutils_commands:/home/juan/Documents/fundamentos_robotica/destroyer_ws/install/state_machine/lib/python3.10/site-packages:${PYTHONPATH} /usr/bin/python3 -W ignore:setup.py install is deprecated -W ignore:easy_install command is deprecated setup.py egg_info --egg-base ../../build/state_machine build --build-base /home/juan/Documents/fundamentos_robotica/destroyer_ws/build/state_machine/build install --record /home/juan/Documents/fundamentos_robotica/destroyer_ws/build/state_machine/install.log --single-version-externally-managed install_data
