running develop
running egg_info
creating mappeate_y_ubicate.egg-info
writing mappeate_y_ubicate.egg-info/PKG-INFO
writing dependency_links to mappeate_y_ubicate.egg-info/dependency_links.txt
writing entry points to mappeate_y_ubicate.egg-info/entry_points.txt
writing requirements to mappeate_y_ubicate.egg-info/requires.txt
writing top-level names to mappeate_y_ubicate.egg-info/top_level.txt
writing manifest file 'mappeate_y_ubicate.egg-info/SOURCES.txt'
reading manifest file 'mappeate_y_ubicate.egg-info/SOURCES.txt'
writing manifest file 'mappeate_y_ubicate.egg-info/SOURCES.txt'
running build_ext
Creating /home/alumno1/Documents/destroyer_ws/install/mappeate_y_ubicate/lib/python3.10/site-packages/mappeate-y-ubicate.egg-link (link to .)
Installing delta_odom script to /home/alumno1/Documents/destroyer_ws/install/mappeate_y_ubicate/lib/mappeate_y_ubicate
Installing fastslam script to /home/alumno1/Documents/destroyer_ws/install/mappeate_y_ubicate/lib/mappeate_y_ubicate

Installed /home/alumno1/Documents/destroyer_ws/build/mappeate_y_ubicate
running symlink_data
creating /home/alumno1/Documents/destroyer_ws/install/mappeate_y_ubicate/share/ament_index
creating /home/alumno1/Documents/destroyer_ws/install/mappeate_y_ubicate/share/ament_index/resource_index
creating /home/alumno1/Documents/destroyer_ws/install/mappeate_y_ubicate/share/ament_index/resource_index/packages
symbolically linking /home/alumno1/Documents/destroyer_ws/build/mappeate_y_ubicate/resource/mappeate_y_ubicate -> /home/alumno1/Documents/destroyer_ws/install/mappeate_y_ubicate/share/ament_index/resource_index/packages
symbolically linking /home/alumno1/Documents/destroyer_ws/build/mappeate_y_ubicate/package.xml -> /home/alumno1/Documents/destroyer_ws/install/mappeate_y_ubicate/share/mappeate_y_ubicate
creating /home/alumno1/Documents/destroyer_ws/install/mappeate_y_ubicate/share/mappeate_y_ubicate/launch
symbolically linking /home/alumno1/Documents/destroyer_ws/build/mappeate_y_ubicate/launch/launch_my_fastslam.launch.py -> /home/alumno1/Documents/destroyer_ws/install/mappeate_y_ubicate/share/mappeate_y_ubicate/launch
creating /home/alumno1/Documents/destroyer_ws/install/mappeate_y_ubicate/share/mappeate_y_ubicate/rviz
symbolically linking /home/alumno1/Documents/destroyer_ws/build/mappeate_y_ubicate/rviz/slam.rviz -> /home/alumno1/Documents/destroyer_ws/install/mappeate_y_ubicate/share/mappeate_y_ubicate/rviz
