[0.272s] Invoking command in '/home/alumno1/Documents/destroyer_ws/build/mappeate_y_ubicate': PYTHONPATH=/home/alumno1/Documents/destroyer_ws/build/mappeate_y_ubicate/prefix_override:/usr/lib/python3/dist-packages/colcon_core/task/python/colcon_distutils_commands:/home/alumno1/Documents/destroyer_ws/install/mappeate_y_ubicate/lib/python3.10/site-packages:${PYTHONPATH} /usr/bin/python3 -W ignore:setup.py install is deprecated -W ignore:easy_install command is deprecated setup.py develop --editable --build-directory /home/alumno1/Documents/destroyer_ws/build/mappeate_y_ubicate/build --no-deps symlink_data
[0.383s] running develop
[0.457s] running egg_info
[0.457s] creating mappeate_y_ubicate.egg-info
[0.457s] writing mappeate_y_ubicate.egg-info/PKG-INFO
[0.457s] writing dependency_links to mappeate_y_ubicate.egg-info/dependency_links.txt
[0.457s] writing entry points to mappeate_y_ubicate.egg-info/entry_points.txt
[0.457s] writing requirements to mappeate_y_ubicate.egg-info/requires.txt
[0.457s] writing top-level names to mappeate_y_ubicate.egg-info/top_level.txt
[0.457s] writing manifest file 'mappeate_y_ubicate.egg-info/SOURCES.txt'
[0.458s] reading manifest file 'mappeate_y_ubicate.egg-info/SOURCES.txt'
[0.458s] writing manifest file 'mappeate_y_ubicate.egg-info/SOURCES.txt'
[0.458s] running build_ext
[0.459s] Creating /home/alumno1/Documents/destroyer_ws/install/mappeate_y_ubicate/lib/python3.10/site-packages/mappeate-y-ubicate.egg-link (link to .)
[0.459s] Installing delta_odom script to /home/alumno1/Documents/destroyer_ws/install/mappeate_y_ubicate/lib/mappeate_y_ubicate
[0.459s] Installing fastslam script to /home/alumno1/Documents/destroyer_ws/install/mappeate_y_ubicate/lib/mappeate_y_ubicate
[0.459s] 
[0.459s] Installed /home/alumno1/Documents/destroyer_ws/build/mappeate_y_ubicate
[0.459s] running symlink_data
[0.459s] creating /home/alumno1/Documents/destroyer_ws/install/mappeate_y_ubicate/share/ament_index
[0.459s] creating /home/alumno1/Documents/destroyer_ws/install/mappeate_y_ubicate/share/ament_index/resource_index
[0.459s] creating /home/alumno1/Documents/destroyer_ws/install/mappeate_y_ubicate/share/ament_index/resource_index/packages
[0.459s] symbolically linking /home/alumno1/Documents/destroyer_ws/build/mappeate_y_ubicate/resource/mappeate_y_ubicate -> /home/alumno1/Documents/destroyer_ws/install/mappeate_y_ubicate/share/ament_index/resource_index/packages
[0.459s] symbolically linking /home/alumno1/Documents/destroyer_ws/build/mappeate_y_ubicate/package.xml -> /home/alumno1/Documents/destroyer_ws/install/mappeate_y_ubicate/share/mappeate_y_ubicate
[0.459s] creating /home/alumno1/Documents/destroyer_ws/install/mappeate_y_ubicate/share/mappeate_y_ubicate/launch
[0.459s] symbolically linking /home/alumno1/Documents/destroyer_ws/build/mappeate_y_ubicate/launch/launch_my_fastslam.launch.py -> /home/alumno1/Documents/destroyer_ws/install/mappeate_y_ubicate/share/mappeate_y_ubicate/launch
[0.459s] creating /home/alumno1/Documents/destroyer_ws/install/mappeate_y_ubicate/share/mappeate_y_ubicate/rviz
[0.459s] symbolically linking /home/alumno1/Documents/destroyer_ws/build/mappeate_y_ubicate/rviz/slam.rviz -> /home/alumno1/Documents/destroyer_ws/install/mappeate_y_ubicate/share/mappeate_y_ubicate/rviz
[0.471s] Invoked command in '/home/alumno1/Documents/destroyer_ws/build/mappeate_y_ubicate' returned '0': PYTHONPATH=/home/alumno1/Documents/destroyer_ws/build/mappeate_y_ubicate/prefix_override:/usr/lib/python3/dist-packages/colcon_core/task/python/colcon_distutils_commands:/home/alumno1/Documents/destroyer_ws/install/mappeate_y_ubicate/lib/python3.10/site-packages:${PYTHONPATH} /usr/bin/python3 -W ignore:setup.py install is deprecated -W ignore:easy_install command is deprecated setup.py develop --editable --build-directory /home/alumno1/Documents/destroyer_ws/build/mappeate_y_ubicate/build --no-deps symlink_data
