running egg_info
writing ../../build/state_machine/state_machine.egg-info/PKG-INFO
writing dependency_links to ../../build/state_machine/state_machine.egg-info/dependency_links.txt
writing entry points to ../../build/state_machine/state_machine.egg-info/entry_points.txt
writing requirements to ../../build/state_machine/state_machine.egg-info/requires.txt
writing top-level names to ../../build/state_machine/state_machine.egg-info/top_level.txt
reading manifest file '../../build/state_machine/state_machine.egg-info/SOURCES.txt'
adding license file 'LICENSE'
writing manifest file '../../build/state_machine/state_machine.egg-info/SOURCES.txt'
running build
running build_py
running install
running install_lib
running install_data
running install_egg_info
removing '/home/alumno1/Documents/destroyer_ws/install/state_machine/lib/python3.10/site-packages/state_machine-0.0.0-py3.10.egg-info' (and everything under it)
Copying ../../build/state_machine/state_machine.egg-info to /home/alumno1/Documents/destroyer_ws/install/state_machine/lib/python3.10/site-packages/state_machine-0.0.0-py3.10.egg-info
running install_scripts
Installing likelihood_map_publisher script to /home/alumno1/Documents/destroyer_ws/install/state_machine/lib/state_machine
Installing map_publisher script to /home/alumno1/Documents/destroyer_ws/install/state_machine/lib/state_machine
writing list of installed files to '/home/alumno1/Documents/destroyer_ws/build/state_machine/install.log'
