/home/juan/Documents/fundamentos_robotica/destroyer_ws/install/state_machine/lib/python3.10/site-packages/state_machine/map_publisher.py
/home/juan/Documents/fundamentos_robotica/destroyer_ws/install/state_machine/lib/python3.10/site-packages/state_machine/__init__.py
/home/juan/Documents/fundamentos_robotica/destroyer_ws/install/state_machine/lib/python3.10/site-packages/state_machine/likelihood.py
/home/juan/Documents/fundamentos_robotica/destroyer_ws/install/state_machine/lib/python3.10/site-packages/state_machine/__pycache__/map_publisher.cpython-310.pyc
/home/juan/Documents/fundamentos_robotica/destroyer_ws/install/state_machine/lib/python3.10/site-packages/state_machine/__pycache__/__init__.cpython-310.pyc
/home/juan/Documents/fundamentos_robotica/destroyer_ws/install/state_machine/lib/python3.10/site-packages/state_machine/__pycache__/likelihood.cpython-310.pyc
/home/juan/Documents/fundamentos_robotica/destroyer_ws/install/state_machine/share/ament_index/resource_index/packages/state_machine
/home/juan/Documents/fundamentos_robotica/destroyer_ws/install/state_machine/share/state_machine/package.xml
/home/juan/Documents/fundamentos_robotica/destroyer_ws/install/state_machine/share/state_machine/launch/state_machine.launch.py
/home/juan/Documents/fundamentos_robotica/destroyer_ws/install/state_machine/share/state_machine/maps/custom_casa_1.pgm
/home/juan/Documents/fundamentos_robotica/destroyer_ws/install/state_machine/share/state_machine/maps/custom_casa_1.yaml
/home/juan/Documents/fundamentos_robotica/destroyer_ws/install/state_machine/share/state_machine/rviz
/home/juan/Documents/fundamentos_robotica/destroyer_ws/install/state_machine/lib/python3.10/site-packages/state_machine-0.0.0-py3.10.egg-info/zip-safe
/home/juan/Documents/fundamentos_robotica/destroyer_ws/install/state_machine/lib/python3.10/site-packages/state_machine-0.0.0-py3.10.egg-info/requires.txt
/home/juan/Documents/fundamentos_robotica/destroyer_ws/install/state_machine/lib/python3.10/site-packages/state_machine-0.0.0-py3.10.egg-info/PKG-INFO
/home/juan/Documents/fundamentos_robotica/destroyer_ws/install/state_machine/lib/python3.10/site-packages/state_machine-0.0.0-py3.10.egg-info/dependency_links.txt
/home/juan/Documents/fundamentos_robotica/destroyer_ws/install/state_machine/lib/python3.10/site-packages/state_machine-0.0.0-py3.10.egg-info/entry_points.txt
/home/juan/Documents/fundamentos_robotica/destroyer_ws/install/state_machine/lib/python3.10/site-packages/state_machine-0.0.0-py3.10.egg-info/top_level.txt
/home/juan/Documents/fundamentos_robotica/destroyer_ws/install/state_machine/lib/python3.10/site-packages/state_machine-0.0.0-py3.10.egg-info/SOURCES.txt
/home/juan/Documents/fundamentos_robotica/destroyer_ws/install/state_machine/lib/state_machine/likelihood_map_publisher
/home/juan/Documents/fundamentos_robotica/destroyer_ws/install/state_machine/lib/state_machine/map_publisher
