[0.952s] Invoking command in '/home/juan/Documents/fundamentos_robotica/destroyer_ws/src/state_machine': PYTHONPATH=/home/juan/Documents/fundamentos_robotica/destroyer_ws/build/state_machine/prefix_override:/usr/lib/python3/dist-packages/colcon_core/task/python/colcon_distutils_commands:/home/juan/Documents/fundamentos_robotica/destroyer_ws/install/state_machine/lib/python3.10/site-packages:${PYTHONPATH} /usr/bin/python3 -W ignore:setup.py install is deprecated -W ignore:easy_install command is deprecated setup.py egg_info --egg-base ../../build/state_machine build --build-base /home/juan/Documents/fundamentos_robotica/destroyer_ws/build/state_machine/build install --record /home/juan/Documents/fundamentos_robotica/destroyer_ws/build/state_machine/install.log --single-version-externally-managed install_data
[1.170s] running egg_info
[1.171s] writing ../../build/state_machine/state_machine.egg-info/PKG-INFO
[1.171s] writing dependency_links to ../../build/state_machine/state_machine.egg-info/dependency_links.txt
[1.171s] writing entry points to ../../build/state_machine/state_machine.egg-info/entry_points.txt
[1.171s] writing requirements to ../../build/state_machine/state_machine.egg-info/requires.txt
[1.171s] writing top-level names to ../../build/state_machine/state_machine.egg-info/top_level.txt
[1.174s] reading manifest file '../../build/state_machine/state_machine.egg-info/SOURCES.txt'
[1.174s] adding license file 'LICENSE'
[1.175s] writing manifest file '../../build/state_machine/state_machine.egg-info/SOURCES.txt'
[1.175s] running build
[1.175s] running build_py
[1.175s] running install
[1.176s] running install_lib
[1.177s] running install_data
[1.177s] creating /home/juan/Documents/fundamentos_robotica/destroyer_ws/install/state_machine/share/state_machine/launch
[1.177s] copying launch/state_machine.launch.py -> /home/juan/Documents/fundamentos_robotica/destroyer_ws/install/state_machine/share/state_machine/launch
[1.177s] creating /home/juan/Documents/fundamentos_robotica/destroyer_ws/install/state_machine/share/state_machine/maps
[1.177s] copying maps/custom_casa_1.pgm -> /home/juan/Documents/fundamentos_robotica/destroyer_ws/install/state_machine/share/state_machine/maps
[1.178s] copying maps/custom_casa_1.yaml -> /home/juan/Documents/fundamentos_robotica/destroyer_ws/install/state_machine/share/state_machine/maps
[1.178s] creating /home/juan/Documents/fundamentos_robotica/destroyer_ws/install/state_machine/share/state_machine/rviz
[1.178s] running install_egg_info
[1.180s] removing '/home/juan/Documents/fundamentos_robotica/destroyer_ws/install/state_machine/lib/python3.10/site-packages/state_machine-0.0.0-py3.10.egg-info' (and everything under it)
[1.180s] Copying ../../build/state_machine/state_machine.egg-info to /home/juan/Documents/fundamentos_robotica/destroyer_ws/install/state_machine/lib/python3.10/site-packages/state_machine-0.0.0-py3.10.egg-info
[1.181s] running install_scripts
[1.200s] Installing likelihood_map_publisher script to /home/juan/Documents/fundamentos_robotica/destroyer_ws/install/state_machine/lib/state_machine
[1.200s] Installing map_publisher script to /home/juan/Documents/fundamentos_robotica/destroyer_ws/install/state_machine/lib/state_machine
[1.200s] writing list of installed files to '/home/juan/Documents/fundamentos_robotica/destroyer_ws/build/state_machine/install.log'
[1.243s] Invoked command in '/home/juan/Documents/fundamentos_robotica/destroyer_ws/src/state_machine' returned '0': PYTHONPATH=/home/juan/Documents/fundamentos_robotica/destroyer_ws/build/state_machine/prefix_override:/usr/lib/python3/dist-packages/colcon_core/task/python/colcon_distutils_commands:/home/juan/Documents/fundamentos_robotica/destroyer_ws/install/state_machine/lib/python3.10/site-packages:${PYTHONPATH} /usr/bin/python3 -W ignore:setup.py install is deprecated -W ignore:easy_install command is deprecated setup.py egg_info --egg-base ../../build/state_machine build --build-base /home/juan/Documents/fundamentos_robotica/destroyer_ws/build/state_machine/build install --record /home/juan/Documents/fundamentos_robotica/destroyer_ws/build/state_machine/install.log --single-version-externally-managed install_data
