[1.051s] Invoking command in '/home/juan/Documents/fundamentos_robotica/destroyer_ws/src/mappeate_y_ubicate': PYTHONPATH=/home/juan/Documents/fundamentos_robotica/destroyer_ws/build/mappeate_y_ubicate/prefix_override:/usr/lib/python3/dist-packages/colcon_core/task/python/colcon_distutils_commands:/home/juan/Documents/fundamentos_robotica/destroyer_ws/install/mappeate_y_ubicate/lib/python3.10/site-packages:${PYTHONPATH} /usr/bin/python3 -W ignore:setup.py install is deprecated -W ignore:easy_install command is deprecated setup.py egg_info --egg-base ../../build/mappeate_y_ubicate build --build-base /home/juan/Documents/fundamentos_robotica/destroyer_ws/build/mappeate_y_ubicate/build install --record /home/juan/Documents/fundamentos_robotica/destroyer_ws/build/mappeate_y_ubicate/install.log --single-version-externally-managed install_data
[1.279s] running egg_info
[1.280s] writing ../../build/mappeate_y_ubicate/mappeate_y_ubicate.egg-info/PKG-INFO
[1.280s] writing dependency_links to ../../build/mappeate_y_ubicate/mappeate_y_ubicate.egg-info/dependency_links.txt
[1.280s] writing entry points to ../../build/mappeate_y_ubicate/mappeate_y_ubicate.egg-info/entry_points.txt
[1.281s] writing requirements to ../../build/mappeate_y_ubicate/mappeate_y_ubicate.egg-info/requires.txt
[1.281s] writing top-level names to ../../build/mappeate_y_ubicate/mappeate_y_ubicate.egg-info/top_level.txt
[1.283s] reading manifest file '../../build/mappeate_y_ubicate/mappeate_y_ubicate.egg-info/SOURCES.txt'
[1.283s] adding license file 'LICENSE'
[1.284s] writing manifest file '../../build/mappeate_y_ubicate/mappeate_y_ubicate.egg-info/SOURCES.txt'
[1.284s] running build
[1.284s] running build_py
[1.285s] running install
[1.285s] running install_lib
[1.286s] running install_data
[1.286s] running install_egg_info
[1.288s] removing '/home/juan/Documents/fundamentos_robotica/destroyer_ws/install/mappeate_y_ubicate/lib/python3.10/site-packages/mappeate_y_ubicate-0.0.0-py3.10.egg-info' (and everything under it)
[1.289s] Copying ../../build/mappeate_y_ubicate/mappeate_y_ubicate.egg-info to /home/juan/Documents/fundamentos_robotica/destroyer_ws/install/mappeate_y_ubicate/lib/python3.10/site-packages/mappeate_y_ubicate-0.0.0-py3.10.egg-info
[1.290s] running install_scripts
[1.313s] Installing delta_odom script to /home/juan/Documents/fundamentos_robotica/destroyer_ws/install/mappeate_y_ubicate/lib/mappeate_y_ubicate
[1.313s] Installing fastslam script to /home/juan/Documents/fundamentos_robotica/destroyer_ws/install/mappeate_y_ubicate/lib/mappeate_y_ubicate
[1.313s] writing list of installed files to '/home/juan/Documents/fundamentos_robotica/destroyer_ws/build/mappeate_y_ubicate/install.log'
[1.354s] Invoked command in '/home/juan/Documents/fundamentos_robotica/destroyer_ws/src/mappeate_y_ubicate' returned '0': PYTHONPATH=/home/juan/Documents/fundamentos_robotica/destroyer_ws/build/mappeate_y_ubicate/prefix_override:/usr/lib/python3/dist-packages/colcon_core/task/python/colcon_distutils_commands:/home/juan/Documents/fundamentos_robotica/destroyer_ws/install/mappeate_y_ubicate/lib/python3.10/site-packages:${PYTHONPATH} /usr/bin/python3 -W ignore:setup.py install is deprecated -W ignore:easy_install command is deprecated setup.py egg_info --egg-base ../../build/mappeate_y_ubicate build --build-base /home/juan/Documents/fundamentos_robotica/destroyer_ws/build/mappeate_y_ubicate/build install --record /home/juan/Documents/fundamentos_robotica/destroyer_ws/build/mappeate_y_ubicate/install.log --single-version-externally-managed install_data
