[0.007s] Invoking command in '/home/alumno1/Documents/destroyer_ws/build/grid_fastslam': CMAKE_PREFIX_PATH=/home/alumno1/Documents/destroyer_ws/install/custom_msgs:/home/alumno1/Documents/destroyer_ws/install/turtlebot3_custom_simulation:/home/alumno1/Documents/destroyer_ws/install/grid_fastslam:/home/alumno1/turtlebot3_ws/install/turtlebot3:/home/alumno1/turtlebot3_ws/install/turtlebot3_simulations:/home/alumno1/turtlebot3_ws/install/turtlebot3_bringup:/home/alumno1/turtlebot3_ws/install/turtlebot3_node:/home/alumno1/turtlebot3_ws/install/turtlebot3_navigation2:/home/alumno1/turtlebot3_ws/install/turtlebot3_fake_node:/home/alumno1/turtlebot3_ws/install/turtlebot3_custom_simulation:/home/alumno1/turtlebot3_ws/install/turtlebot3_msgs:/home/alumno1/turtlebot3_ws/install/turtlebot3_gazebo:/home/alumno1/turtlebot3_ws/install/turtlebot3_description:/home/alumno1/turtlebot3_ws/install/turtlebot3_cartographer:/home/alumno1/turtlebot3_ws/install/dynamixel_sdk_examples:/home/alumno1/turtlebot3_ws/install/dynamixel_sdk_custom_interfaces:/home/alumno1/turtlebot3_ws/install/dynamixel_sdk:/home/alumno1/Documents/destroyer_ws/install/odom_tools:/home/alumno1/Documents/destroyer_ws/install/mappeate_y_ubicate:/home/alumno1/turtlebot3_ws/install/turtlebot3_teleop:/home/alumno1/turtlebot3_ws/install/turtlebot3_example:/opt/ros/humble LD_LIBRARY_PATH=/home/alumno1/Documents/destroyer_ws/install/custom_msgs/lib:/home/alumno1/turtlebot3_ws/install/turtlebot3_msgs/lib:/home/alumno1/turtlebot3_ws/install/dynamixel_sdk_custom_interfaces/lib:/home/alumno1/turtlebot3_ws/install/dynamixel_sdk/lib:/usr/lib/x86_64-linux-gnu/gazebo-11/plugins:/opt/ros/humble/opt/rviz_ogre_vendor/lib:/opt/ros/humble/lib/x86_64-linux-gnu:/opt/ros/humble/lib:/usr/lib/x86_64-linux-gnu/gazebo-11/plugins /usr/bin/cmake --build /home/alumno1/Documents/destroyer_ws/build/grid_fastslam -- -j28 -l28
[0.023s] -- Found ament_cmake: 1.3.11 (/opt/ros/humble/share/ament_cmake/cmake)
[0.089s] -- Override CMake install command with custom implementation using symlinks instead of copying resources
[0.092s] -- Found rclcpp: 16.0.11 (/opt/ros/humble/share/rclcpp/cmake)
[0.105s] -- Found rosidl_generator_c: 3.1.6 (/opt/ros/humble/share/rosidl_generator_c/cmake)
[0.106s] -- Found rosidl_adapter: 3.1.6 (/opt/ros/humble/share/rosidl_adapter/cmake)
[0.108s] -- Found rosidl_generator_cpp: 3.1.6 (/opt/ros/humble/share/rosidl_generator_cpp/cmake)
[0.113s] -- Using all available rosidl_typesupport_c: rosidl_typesupport_fastrtps_c;rosidl_typesupport_introspection_c
[0.119s] -- Using all available rosidl_typesupport_cpp: rosidl_typesupport_fastrtps_cpp;rosidl_typesupport_introspection_cpp
[0.133s] -- Found rmw_implementation_cmake: 6.1.2 (/opt/ros/humble/share/rmw_implementation_cmake/cmake)
[0.134s] -- Found rmw_fastrtps_cpp: 6.2.7 (/opt/ros/humble/share/rmw_fastrtps_cpp/cmake)
[0.191s] -- Using RMW implementation 'rmw_fastrtps_cpp' as default
[0.214s] -- Found sensor_msgs: 4.2.4 (/opt/ros/humble/share/sensor_msgs/cmake)
[0.226s] -- Found nav_msgs: 4.2.4 (/opt/ros/humble/share/nav_msgs/cmake)
[0.234s] -- Found tf2: 0.25.12 (/opt/ros/humble/share/tf2/cmake)
[0.235s] -- Found tf2_ros: 0.25.12 (/opt/ros/humble/share/tf2_ros/cmake)
[0.270s] -- Found custom_msgs: 0.0.0 (/home/alumno1/Documents/destroyer_ws/install/custom_msgs/share/custom_msgs/cmake)
[0.277s] -- Found ament_lint_auto: 0.12.11 (/opt/ros/humble/share/ament_lint_auto/cmake)
[0.315s] -- Added test 'cppcheck' to perform static code analysis on C / C++ code
[0.316s] -- Configured cppcheck include dirs: /home/alumno1/Documents/destroyer_ws/src/grid_fastslam/include
[0.316s] -- Configured cppcheck exclude dirs and/or files: 
[0.316s] -- Added test 'flake8' to check Python code syntax and style conventions
[0.316s] -- Added test 'lint_cmake' to check CMake code style
[0.316s] -- Added test 'pep257' to check Python code against some of the docstring style conventions in PEP 257
[0.316s] -- Added test 'uncrustify' to check C / C++ code style
[0.316s] -- Configured uncrustify additional arguments: 
[0.316s] -- Added test 'xmllint' to check XML markup files
[0.317s] -- Configuring done
[0.322s] -- Generating done
[0.324s] -- Build files have been written to: /home/alumno1/Documents/destroyer_ws/build/grid_fastslam
[0.340s] [35m[1mConsolidate compiler generated dependencies of target grid_fastslam_node[0m
[0.351s] [100%] Built target grid_fastslam_node
[0.358s] Invoked command in '/home/alumno1/Documents/destroyer_ws/build/grid_fastslam' returned '0': CMAKE_PREFIX_PATH=/home/alumno1/Documents/destroyer_ws/install/custom_msgs:/home/alumno1/Documents/destroyer_ws/install/turtlebot3_custom_simulation:/home/alumno1/Documents/destroyer_ws/install/grid_fastslam:/home/alumno1/turtlebot3_ws/install/turtlebot3:/home/alumno1/turtlebot3_ws/install/turtlebot3_simulations:/home/alumno1/turtlebot3_ws/install/turtlebot3_bringup:/home/alumno1/turtlebot3_ws/install/turtlebot3_node:/home/alumno1/turtlebot3_ws/install/turtlebot3_navigation2:/home/alumno1/turtlebot3_ws/install/turtlebot3_fake_node:/home/alumno1/turtlebot3_ws/install/turtlebot3_custom_simulation:/home/alumno1/turtlebot3_ws/install/turtlebot3_msgs:/home/alumno1/turtlebot3_ws/install/turtlebot3_gazebo:/home/alumno1/turtlebot3_ws/install/turtlebot3_description:/home/alumno1/turtlebot3_ws/install/turtlebot3_cartographer:/home/alumno1/turtlebot3_ws/install/dynamixel_sdk_examples:/home/alumno1/turtlebot3_ws/install/dynamixel_sdk_custom_interfaces:/home/alumno1/turtlebot3_ws/install/dynamixel_sdk:/home/alumno1/Documents/destroyer_ws/install/odom_tools:/home/alumno1/Documents/destroyer_ws/install/mappeate_y_ubicate:/home/alumno1/turtlebot3_ws/install/turtlebot3_teleop:/home/alumno1/turtlebot3_ws/install/turtlebot3_example:/opt/ros/humble LD_LIBRARY_PATH=/home/alumno1/Documents/destroyer_ws/install/custom_msgs/lib:/home/alumno1/turtlebot3_ws/install/turtlebot3_msgs/lib:/home/alumno1/turtlebot3_ws/install/dynamixel_sdk_custom_interfaces/lib:/home/alumno1/turtlebot3_ws/install/dynamixel_sdk/lib:/usr/lib/x86_64-linux-gnu/gazebo-11/plugins:/opt/ros/humble/opt/rviz_ogre_vendor/lib:/opt/ros/humble/lib/x86_64-linux-gnu:/opt/ros/humble/lib:/usr/lib/x86_64-linux-gnu/gazebo-11/plugins /usr/bin/cmake --build /home/alumno1/Documents/destroyer_ws/build/grid_fastslam -- -j28 -l28
[0.359s] Invoking command in '/home/alumno1/Documents/destroyer_ws/build/grid_fastslam': CMAKE_PREFIX_PATH=/home/alumno1/Documents/destroyer_ws/install/custom_msgs:/home/alumno1/Documents/destroyer_ws/install/turtlebot3_custom_simulation:/home/alumno1/Documents/destroyer_ws/install/grid_fastslam:/home/alumno1/turtlebot3_ws/install/turtlebot3:/home/alumno1/turtlebot3_ws/install/turtlebot3_simulations:/home/alumno1/turtlebot3_ws/install/turtlebot3_bringup:/home/alumno1/turtlebot3_ws/install/turtlebot3_node:/home/alumno1/turtlebot3_ws/install/turtlebot3_navigation2:/home/alumno1/turtlebot3_ws/install/turtlebot3_fake_node:/home/alumno1/turtlebot3_ws/install/turtlebot3_custom_simulation:/home/alumno1/turtlebot3_ws/install/turtlebot3_msgs:/home/alumno1/turtlebot3_ws/install/turtlebot3_gazebo:/home/alumno1/turtlebot3_ws/install/turtlebot3_description:/home/alumno1/turtlebot3_ws/install/turtlebot3_cartographer:/home/alumno1/turtlebot3_ws/install/dynamixel_sdk_examples:/home/alumno1/turtlebot3_ws/install/dynamixel_sdk_custom_interfaces:/home/alumno1/turtlebot3_ws/install/dynamixel_sdk:/home/alumno1/Documents/destroyer_ws/install/odom_tools:/home/alumno1/Documents/destroyer_ws/install/mappeate_y_ubicate:/home/alumno1/turtlebot3_ws/install/turtlebot3_teleop:/home/alumno1/turtlebot3_ws/install/turtlebot3_example:/opt/ros/humble LD_LIBRARY_PATH=/home/alumno1/Documents/destroyer_ws/install/custom_msgs/lib:/home/alumno1/turtlebot3_ws/install/turtlebot3_msgs/lib:/home/alumno1/turtlebot3_ws/install/dynamixel_sdk_custom_interfaces/lib:/home/alumno1/turtlebot3_ws/install/dynamixel_sdk/lib:/usr/lib/x86_64-linux-gnu/gazebo-11/plugins:/opt/ros/humble/opt/rviz_ogre_vendor/lib:/opt/ros/humble/lib/x86_64-linux-gnu:/opt/ros/humble/lib:/usr/lib/x86_64-linux-gnu/gazebo-11/plugins /usr/bin/cmake --install /home/alumno1/Documents/destroyer_ws/build/grid_fastslam
[0.362s] -- Install configuration: ""
[0.362s] -- Execute custom install script
[0.362s] -- Up-to-date symlink: /home/alumno1/Documents/destroyer_ws/install/grid_fastslam/lib/grid_fastslam/grid_fastslam_node
[0.362s] -- Up-to-date symlink: /home/alumno1/Documents/destroyer_ws/install/grid_fastslam/include//grid_fastslam/grid_fastslam.hpp
[0.362s] -- Up-to-date symlink: /home/alumno1/Documents/destroyer_ws/install/grid_fastslam/share/grid_fastslam/launch/fastslam.launch.py
[0.363s] -- Symlinking: /home/alumno1/Documents/destroyer_ws/install/grid_fastslam/share/grid_fastslam/rviz/fastslam.rviz
[0.367s] -- Up-to-date symlink: /home/alumno1/Documents/destroyer_ws/install/grid_fastslam/share/ament_index/resource_index/package_run_dependencies/grid_fastslam
[0.367s] -- Up-to-date symlink: /home/alumno1/Documents/destroyer_ws/install/grid_fastslam/share/ament_index/resource_index/parent_prefix_path/grid_fastslam
[0.367s] -- Up-to-date symlink: /home/alumno1/Documents/destroyer_ws/install/grid_fastslam/share/grid_fastslam/environment/ament_prefix_path.sh
[0.367s] -- Up-to-date symlink: /home/alumno1/Documents/destroyer_ws/install/grid_fastslam/share/grid_fastslam/environment/ament_prefix_path.dsv
[0.367s] -- Up-to-date symlink: /home/alumno1/Documents/destroyer_ws/install/grid_fastslam/share/grid_fastslam/environment/path.sh
[0.367s] -- Up-to-date symlink: /home/alumno1/Documents/destroyer_ws/install/grid_fastslam/share/grid_fastslam/environment/path.dsv
[0.367s] -- Up-to-date symlink: /home/alumno1/Documents/destroyer_ws/install/grid_fastslam/share/grid_fastslam/local_setup.bash
[0.367s] -- Up-to-date symlink: /home/alumno1/Documents/destroyer_ws/install/grid_fastslam/share/grid_fastslam/local_setup.sh
[0.367s] -- Up-to-date symlink: /home/alumno1/Documents/destroyer_ws/install/grid_fastslam/share/grid_fastslam/local_setup.zsh
[0.367s] -- Up-to-date symlink: /home/alumno1/Documents/destroyer_ws/install/grid_fastslam/share/grid_fastslam/local_setup.dsv
[0.367s] -- Symlinking: /home/alumno1/Documents/destroyer_ws/install/grid_fastslam/share/grid_fastslam/package.dsv
[0.372s] -- Up-to-date symlink: /home/alumno1/Documents/destroyer_ws/install/grid_fastslam/share/ament_index/resource_index/packages/grid_fastslam
[0.372s] -- Up-to-date symlink: /home/alumno1/Documents/destroyer_ws/install/grid_fastslam/share/grid_fastslam/cmake/grid_fastslamConfig.cmake
[0.372s] -- Up-to-date symlink: /home/alumno1/Documents/destroyer_ws/install/grid_fastslam/share/grid_fastslam/cmake/grid_fastslamConfig-version.cmake
[0.372s] -- Up-to-date symlink: /home/alumno1/Documents/destroyer_ws/install/grid_fastslam/share/grid_fastslam/package.xml
[0.373s] Invoked command in '/home/alumno1/Documents/destroyer_ws/build/grid_fastslam' returned '0': CMAKE_PREFIX_PATH=/home/alumno1/Documents/destroyer_ws/install/custom_msgs:/home/alumno1/Documents/destroyer_ws/install/turtlebot3_custom_simulation:/home/alumno1/Documents/destroyer_ws/install/grid_fastslam:/home/alumno1/turtlebot3_ws/install/turtlebot3:/home/alumno1/turtlebot3_ws/install/turtlebot3_simulations:/home/alumno1/turtlebot3_ws/install/turtlebot3_bringup:/home/alumno1/turtlebot3_ws/install/turtlebot3_node:/home/alumno1/turtlebot3_ws/install/turtlebot3_navigation2:/home/alumno1/turtlebot3_ws/install/turtlebot3_fake_node:/home/alumno1/turtlebot3_ws/install/turtlebot3_custom_simulation:/home/alumno1/turtlebot3_ws/install/turtlebot3_msgs:/home/alumno1/turtlebot3_ws/install/turtlebot3_gazebo:/home/alumno1/turtlebot3_ws/install/turtlebot3_description:/home/alumno1/turtlebot3_ws/install/turtlebot3_cartographer:/home/alumno1/turtlebot3_ws/install/dynamixel_sdk_examples:/home/alumno1/turtlebot3_ws/install/dynamixel_sdk_custom_interfaces:/home/alumno1/turtlebot3_ws/install/dynamixel_sdk:/home/alumno1/Documents/destroyer_ws/install/odom_tools:/home/alumno1/Documents/destroyer_ws/install/mappeate_y_ubicate:/home/alumno1/turtlebot3_ws/install/turtlebot3_teleop:/home/alumno1/turtlebot3_ws/install/turtlebot3_example:/opt/ros/humble LD_LIBRARY_PATH=/home/alumno1/Documents/destroyer_ws/install/custom_msgs/lib:/home/alumno1/turtlebot3_ws/install/turtlebot3_msgs/lib:/home/alumno1/turtlebot3_ws/install/dynamixel_sdk_custom_interfaces/lib:/home/alumno1/turtlebot3_ws/install/dynamixel_sdk/lib:/usr/lib/x86_64-linux-gnu/gazebo-11/plugins:/opt/ros/humble/opt/rviz_ogre_vendor/lib:/opt/ros/humble/lib/x86_64-linux-gnu:/opt/ros/humble/lib:/usr/lib/x86_64-linux-gnu/gazebo-11/plugins /usr/bin/cmake --install /home/alumno1/Documents/destroyer_ws/build/grid_fastslam
