[0.014s] Invoking command in '/home/juan/Documents/fundamentos_robotica/destroyer_ws/build/grid_fastslam': AMENT_PREFIX_PATH=/home/juan/Documents/fundamentos_robotica/destroyer_ws/install/custom_msgs:${AMENT_PREFIX_PATH} CMAKE_PREFIX_PATH=/home/juan/Documents/fundamentos_robotica/destroyer_ws/install/custom_msgs:/home/juan/Documents/fundamentos_robotica/ws/install/turtlebot3_icp_localization:/home/juan/Documents/fundamentos_robotica/ws/install/turtlebot3_custom_simulation:/home/juan/Documents/fundamentos_robotica/ws/install/custom_msgs:/home/juan/Documents/fundamentos_robotica/ws/install/ubicate_nene:/home/juan/Documents/fundamentos_robotica/ws/install/paquete1:/home/juan/Documents/fundamentos_robotica/ws/install/no_te_choques:/home/juan/Documents/fundamentos_robotica/ws/install/custom_code:/opt/ros/humble LD_LIBRARY_PATH=/home/juan/Documents/fundamentos_robotica/destroyer_ws/install/custom_msgs/lib:/home/juan/Documents/fundamentos_robotica/ws/install/custom_msgs/lib:/usr/lib/x86_64-linux-gnu/gazebo-11/plugins:/opt/ros/humble/opt/rviz_ogre_vendor/lib:/opt/ros/humble/lib/x86_64-linux-gnu:/opt/ros/humble/lib:/usr/lib/x86_64-linux-gnu/gazebo-11/plugins PYTHONPATH=/home/juan/Documents/fundamentos_robotica/destroyer_ws/install/custom_msgs/local/lib/python3.10/dist-packages:${PYTHONPATH} /usr/bin/cmake /home/juan/Documents/fundamentos_robotica/destroyer_ws/src/grid_fastslam -DCMAKE_INSTALL_PREFIX=/home/juan/Documents/fundamentos_robotica/destroyer_ws/install/grid_fastslam
[0.076s] -- The C compiler identification is GNU 11.4.0
[0.136s] -- The CXX compiler identification is GNU 11.4.0
[0.145s] -- Detecting C compiler ABI info
[0.219s] -- Detecting C compiler ABI info - done
[0.226s] -- Check for working C compiler: /usr/bin/cc - skipped
[0.226s] -- Detecting C compile features
[0.227s] -- Detecting C compile features - done
[0.229s] -- Detecting CXX compiler ABI info
[0.321s] -- Detecting CXX compiler ABI info - done
[0.329s] -- Check for working CXX compiler: /usr/bin/c++ - skipped
[0.329s] -- Detecting CXX compile features
[0.329s] -- Detecting CXX compile features - done
[0.333s] -- Found ament_cmake: 1.3.12 (/opt/ros/humble/share/ament_cmake/cmake)
[0.496s] -- Found Python3: /usr/bin/python3 (found version "3.10.12") found components: Interpreter 
[0.613s] -- Found rclcpp: 16.0.15 (/opt/ros/humble/share/rclcpp/cmake)
[0.670s] -- Found rosidl_generator_c: 3.1.7 (/opt/ros/humble/share/rosidl_generator_c/cmake)
[0.678s] -- Found rosidl_adapter: 3.1.7 (/opt/ros/humble/share/rosidl_adapter/cmake)
[0.689s] -- Found rosidl_generator_cpp: 3.1.7 (/opt/ros/humble/share/rosidl_generator_cpp/cmake)
[0.704s] -- Using all available rosidl_typesupport_c: rosidl_typesupport_fastrtps_c;rosidl_typesupport_introspection_c
[0.725s] -- Using all available rosidl_typesupport_cpp: rosidl_typesupport_fastrtps_cpp;rosidl_typesupport_introspection_cpp
[0.781s] -- Found rmw_implementation_cmake: 6.1.2 (/opt/ros/humble/share/rmw_implementation_cmake/cmake)
[0.786s] -- Found rmw_fastrtps_cpp: 6.2.9 (/opt/ros/humble/share/rmw_fastrtps_cpp/cmake)
[0.914s] -- Found OpenSSL: /usr/lib/x86_64-linux-gnu/libcrypto.so (found version "3.0.2")  
[0.948s] -- Found FastRTPS: /opt/ros/humble/include  
[0.999s] -- Using RMW implementation 'rmw_fastrtps_cpp' as default
[1.012s] -- Looking for pthread.h
[1.095s] -- Looking for pthread.h - found
[1.096s] -- Performing Test CMAKE_HAVE_LIBC_PTHREAD
[1.180s] -- Performing Test CMAKE_HAVE_LIBC_PTHREAD - Success
[1.180s] -- Found Threads: TRUE  
[1.233s] -- Found sensor_msgs: 4.9.0 (/opt/ros/humble/share/sensor_msgs/cmake)
[1.264s] -- Found nav_msgs: 4.9.0 (/opt/ros/humble/share/nav_msgs/cmake)
[1.280s] -- Found tf2: 0.25.16 (/opt/ros/humble/share/tf2/cmake)
[1.295s] -- Found tf2_ros: 0.25.16 (/opt/ros/humble/share/tf2_ros/cmake)
[1.400s] -- Found custom_msgs: 0.0.0 (/home/juan/Documents/fundamentos_robotica/destroyer_ws/install/custom_msgs/share/custom_msgs/cmake)
[1.678s] -- Found OpenMP_C: -fopenmp (found version "4.5") 
[1.772s] -- Found OpenMP_CXX: -fopenmp (found version "4.5") 
[1.772s] -- Found OpenMP: TRUE (found version "4.5")  
[1.778s] -- Found ament_lint_auto: 0.12.14 (/opt/ros/humble/share/ament_lint_auto/cmake)
[1.863s] -- Added test 'cppcheck' to perform static code analysis on C / C++ code
[1.863s] -- Configured cppcheck include dirs: /home/juan/Documents/fundamentos_robotica/destroyer_ws/src/grid_fastslam/include
[1.863s] -- Configured cppcheck exclude dirs and/or files: 
[1.864s] -- Added test 'flake8' to check Python code syntax and style conventions
[1.864s] -- Added test 'lint_cmake' to check CMake code style
[1.865s] -- Added test 'pep257' to check Python code against some of the docstring style conventions in PEP 257
[1.866s] -- Added test 'uncrustify' to check C / C++ code style
[1.867s] -- Configured uncrustify additional arguments: 
[1.867s] -- Added test 'xmllint' to check XML markup files
[1.869s] -- Configuring done
[1.883s] -- Generating done
[1.888s] -- Build files have been written to: /home/juan/Documents/fundamentos_robotica/destroyer_ws/build/grid_fastslam
[1.899s] Invoked command in '/home/juan/Documents/fundamentos_robotica/destroyer_ws/build/grid_fastslam' returned '0': AMENT_PREFIX_PATH=/home/juan/Documents/fundamentos_robotica/destroyer_ws/install/custom_msgs:${AMENT_PREFIX_PATH} CMAKE_PREFIX_PATH=/home/juan/Documents/fundamentos_robotica/destroyer_ws/install/custom_msgs:/home/juan/Documents/fundamentos_robotica/ws/install/turtlebot3_icp_localization:/home/juan/Documents/fundamentos_robotica/ws/install/turtlebot3_custom_simulation:/home/juan/Documents/fundamentos_robotica/ws/install/custom_msgs:/home/juan/Documents/fundamentos_robotica/ws/install/ubicate_nene:/home/juan/Documents/fundamentos_robotica/ws/install/paquete1:/home/juan/Documents/fundamentos_robotica/ws/install/no_te_choques:/home/juan/Documents/fundamentos_robotica/ws/install/custom_code:/opt/ros/humble LD_LIBRARY_PATH=/home/juan/Documents/fundamentos_robotica/destroyer_ws/install/custom_msgs/lib:/home/juan/Documents/fundamentos_robotica/ws/install/custom_msgs/lib:/usr/lib/x86_64-linux-gnu/gazebo-11/plugins:/opt/ros/humble/opt/rviz_ogre_vendor/lib:/opt/ros/humble/lib/x86_64-linux-gnu:/opt/ros/humble/lib:/usr/lib/x86_64-linux-gnu/gazebo-11/plugins PYTHONPATH=/home/juan/Documents/fundamentos_robotica/destroyer_ws/install/custom_msgs/local/lib/python3.10/dist-packages:${PYTHONPATH} /usr/bin/cmake /home/juan/Documents/fundamentos_robotica/destroyer_ws/src/grid_fastslam -DCMAKE_INSTALL_PREFIX=/home/juan/Documents/fundamentos_robotica/destroyer_ws/install/grid_fastslam
[1.901s] Invoking command in '/home/juan/Documents/fundamentos_robotica/destroyer_ws/build/grid_fastslam': AMENT_PREFIX_PATH=/home/juan/Documents/fundamentos_robotica/destroyer_ws/install/custom_msgs:${AMENT_PREFIX_PATH} CMAKE_PREFIX_PATH=/home/juan/Documents/fundamentos_robotica/destroyer_ws/install/custom_msgs:/home/juan/Documents/fundamentos_robotica/ws/install/turtlebot3_icp_localization:/home/juan/Documents/fundamentos_robotica/ws/install/turtlebot3_custom_simulation:/home/juan/Documents/fundamentos_robotica/ws/install/custom_msgs:/home/juan/Documents/fundamentos_robotica/ws/install/ubicate_nene:/home/juan/Documents/fundamentos_robotica/ws/install/paquete1:/home/juan/Documents/fundamentos_robotica/ws/install/no_te_choques:/home/juan/Documents/fundamentos_robotica/ws/install/custom_code:/opt/ros/humble LD_LIBRARY_PATH=/home/juan/Documents/fundamentos_robotica/destroyer_ws/install/custom_msgs/lib:/home/juan/Documents/fundamentos_robotica/ws/install/custom_msgs/lib:/usr/lib/x86_64-linux-gnu/gazebo-11/plugins:/opt/ros/humble/opt/rviz_ogre_vendor/lib:/opt/ros/humble/lib/x86_64-linux-gnu:/opt/ros/humble/lib:/usr/lib/x86_64-linux-gnu/gazebo-11/plugins PYTHONPATH=/home/juan/Documents/fundamentos_robotica/destroyer_ws/install/custom_msgs/local/lib/python3.10/dist-packages:${PYTHONPATH} /usr/bin/cmake --build /home/juan/Documents/fundamentos_robotica/destroyer_ws/build/grid_fastslam -- -j12 -l12
[1.960s] [ 33%] [32mBuilding CXX object CMakeFiles/grid_fastslam_node.dir/src/grid_fastslam.cpp.o[0m
[1.961s] [ 66%] [32mBuilding CXX object CMakeFiles/grid_fastslam_node.dir/src/main.cpp.o[0m
[13.693s] [100%] [32m[1mLinking CXX executable grid_fastslam_node[0m
[14.596s] [100%] Built target grid_fastslam_node
[14.610s] Invoked command in '/home/juan/Documents/fundamentos_robotica/destroyer_ws/build/grid_fastslam' returned '0': AMENT_PREFIX_PATH=/home/juan/Documents/fundamentos_robotica/destroyer_ws/install/custom_msgs:${AMENT_PREFIX_PATH} CMAKE_PREFIX_PATH=/home/juan/Documents/fundamentos_robotica/destroyer_ws/install/custom_msgs:/home/juan/Documents/fundamentos_robotica/ws/install/turtlebot3_icp_localization:/home/juan/Documents/fundamentos_robotica/ws/install/turtlebot3_custom_simulation:/home/juan/Documents/fundamentos_robotica/ws/install/custom_msgs:/home/juan/Documents/fundamentos_robotica/ws/install/ubicate_nene:/home/juan/Documents/fundamentos_robotica/ws/install/paquete1:/home/juan/Documents/fundamentos_robotica/ws/install/no_te_choques:/home/juan/Documents/fundamentos_robotica/ws/install/custom_code:/opt/ros/humble LD_LIBRARY_PATH=/home/juan/Documents/fundamentos_robotica/destroyer_ws/install/custom_msgs/lib:/home/juan/Documents/fundamentos_robotica/ws/install/custom_msgs/lib:/usr/lib/x86_64-linux-gnu/gazebo-11/plugins:/opt/ros/humble/opt/rviz_ogre_vendor/lib:/opt/ros/humble/lib/x86_64-linux-gnu:/opt/ros/humble/lib:/usr/lib/x86_64-linux-gnu/gazebo-11/plugins PYTHONPATH=/home/juan/Documents/fundamentos_robotica/destroyer_ws/install/custom_msgs/local/lib/python3.10/dist-packages:${PYTHONPATH} /usr/bin/cmake --build /home/juan/Documents/fundamentos_robotica/destroyer_ws/build/grid_fastslam -- -j12 -l12
[14.612s] Invoking command in '/home/juan/Documents/fundamentos_robotica/destroyer_ws/build/grid_fastslam': AMENT_PREFIX_PATH=/home/juan/Documents/fundamentos_robotica/destroyer_ws/install/custom_msgs:${AMENT_PREFIX_PATH} CMAKE_PREFIX_PATH=/home/juan/Documents/fundamentos_robotica/destroyer_ws/install/custom_msgs:/home/juan/Documents/fundamentos_robotica/ws/install/turtlebot3_icp_localization:/home/juan/Documents/fundamentos_robotica/ws/install/turtlebot3_custom_simulation:/home/juan/Documents/fundamentos_robotica/ws/install/custom_msgs:/home/juan/Documents/fundamentos_robotica/ws/install/ubicate_nene:/home/juan/Documents/fundamentos_robotica/ws/install/paquete1:/home/juan/Documents/fundamentos_robotica/ws/install/no_te_choques:/home/juan/Documents/fundamentos_robotica/ws/install/custom_code:/opt/ros/humble LD_LIBRARY_PATH=/home/juan/Documents/fundamentos_robotica/destroyer_ws/install/custom_msgs/lib:/home/juan/Documents/fundamentos_robotica/ws/install/custom_msgs/lib:/usr/lib/x86_64-linux-gnu/gazebo-11/plugins:/opt/ros/humble/opt/rviz_ogre_vendor/lib:/opt/ros/humble/lib/x86_64-linux-gnu:/opt/ros/humble/lib:/usr/lib/x86_64-linux-gnu/gazebo-11/plugins PYTHONPATH=/home/juan/Documents/fundamentos_robotica/destroyer_ws/install/custom_msgs/local/lib/python3.10/dist-packages:${PYTHONPATH} /usr/bin/cmake --install /home/juan/Documents/fundamentos_robotica/destroyer_ws/build/grid_fastslam
[14.620s] -- Install configuration: ""
[14.620s] -- Installing: /home/juan/Documents/fundamentos_robotica/destroyer_ws/install/grid_fastslam/lib/grid_fastslam/grid_fastslam_node
[14.627s] -- Set runtime path of "/home/juan/Documents/fundamentos_robotica/destroyer_ws/install/grid_fastslam/lib/grid_fastslam/grid_fastslam_node" to ""
[14.627s] -- Installing: /home/juan/Documents/fundamentos_robotica/destroyer_ws/install/grid_fastslam/include/
[14.627s] -- Installing: /home/juan/Documents/fundamentos_robotica/destroyer_ws/install/grid_fastslam/include//grid_fastslam
[14.628s] -- Installing: /home/juan/Documents/fundamentos_robotica/destroyer_ws/install/grid_fastslam/include//grid_fastslam/grid_fastslam.hpp
[14.628s] -- Installing: /home/juan/Documents/fundamentos_robotica/destroyer_ws/install/grid_fastslam/share/grid_fastslam/launch
[14.628s] -- Installing: /home/juan/Documents/fundamentos_robotica/destroyer_ws/install/grid_fastslam/share/grid_fastslam/launch/fastslam.launch.py
[14.628s] -- Installing: /home/juan/Documents/fundamentos_robotica/destroyer_ws/install/grid_fastslam/share/grid_fastslam/rviz
[14.628s] -- Installing: /home/juan/Documents/fundamentos_robotica/destroyer_ws/install/grid_fastslam/share/grid_fastslam/rviz/fastslam.rviz
[14.628s] -- Installing: /home/juan/Documents/fundamentos_robotica/destroyer_ws/install/grid_fastslam/share/ament_index/resource_index/package_run_dependencies/grid_fastslam
[14.628s] -- Installing: /home/juan/Documents/fundamentos_robotica/destroyer_ws/install/grid_fastslam/share/ament_index/resource_index/parent_prefix_path/grid_fastslam
[14.628s] -- Installing: /home/juan/Documents/fundamentos_robotica/destroyer_ws/install/grid_fastslam/share/grid_fastslam/environment/ament_prefix_path.sh
[14.629s] -- Installing: /home/juan/Documents/fundamentos_robotica/destroyer_ws/install/grid_fastslam/share/grid_fastslam/environment/ament_prefix_path.dsv
[14.629s] -- Installing: /home/juan/Documents/fundamentos_robotica/destroyer_ws/install/grid_fastslam/share/grid_fastslam/environment/path.sh
[14.629s] -- Installing: /home/juan/Documents/fundamentos_robotica/destroyer_ws/install/grid_fastslam/share/grid_fastslam/environment/path.dsv
[14.629s] -- Installing: /home/juan/Documents/fundamentos_robotica/destroyer_ws/install/grid_fastslam/share/grid_fastslam/local_setup.bash
[14.629s] -- Installing: /home/juan/Documents/fundamentos_robotica/destroyer_ws/install/grid_fastslam/share/grid_fastslam/local_setup.sh
[14.629s] -- Installing: /home/juan/Documents/fundamentos_robotica/destroyer_ws/install/grid_fastslam/share/grid_fastslam/local_setup.zsh
[14.629s] -- Installing: /home/juan/Documents/fundamentos_robotica/destroyer_ws/install/grid_fastslam/share/grid_fastslam/local_setup.dsv
[14.630s] -- Installing: /home/juan/Documents/fundamentos_robotica/destroyer_ws/install/grid_fastslam/share/grid_fastslam/package.dsv
[14.630s] -- Installing: /home/juan/Documents/fundamentos_robotica/destroyer_ws/install/grid_fastslam/share/ament_index/resource_index/packages/grid_fastslam
[14.630s] -- Installing: /home/juan/Documents/fundamentos_robotica/destroyer_ws/install/grid_fastslam/share/grid_fastslam/cmake/grid_fastslamConfig.cmake
[14.630s] -- Installing: /home/juan/Documents/fundamentos_robotica/destroyer_ws/install/grid_fastslam/share/grid_fastslam/cmake/grid_fastslamConfig-version.cmake
[14.630s] -- Installing: /home/juan/Documents/fundamentos_robotica/destroyer_ws/install/grid_fastslam/share/grid_fastslam/package.xml
[14.634s] Invoked command in '/home/juan/Documents/fundamentos_robotica/destroyer_ws/build/grid_fastslam' returned '0': AMENT_PREFIX_PATH=/home/juan/Documents/fundamentos_robotica/destroyer_ws/install/custom_msgs:${AMENT_PREFIX_PATH} CMAKE_PREFIX_PATH=/home/juan/Documents/fundamentos_robotica/destroyer_ws/install/custom_msgs:/home/juan/Documents/fundamentos_robotica/ws/install/turtlebot3_icp_localization:/home/juan/Documents/fundamentos_robotica/ws/install/turtlebot3_custom_simulation:/home/juan/Documents/fundamentos_robotica/ws/install/custom_msgs:/home/juan/Documents/fundamentos_robotica/ws/install/ubicate_nene:/home/juan/Documents/fundamentos_robotica/ws/install/paquete1:/home/juan/Documents/fundamentos_robotica/ws/install/no_te_choques:/home/juan/Documents/fundamentos_robotica/ws/install/custom_code:/opt/ros/humble LD_LIBRARY_PATH=/home/juan/Documents/fundamentos_robotica/destroyer_ws/install/custom_msgs/lib:/home/juan/Documents/fundamentos_robotica/ws/install/custom_msgs/lib:/usr/lib/x86_64-linux-gnu/gazebo-11/plugins:/opt/ros/humble/opt/rviz_ogre_vendor/lib:/opt/ros/humble/lib/x86_64-linux-gnu:/opt/ros/humble/lib:/usr/lib/x86_64-linux-gnu/gazebo-11/plugins PYTHONPATH=/home/juan/Documents/fundamentos_robotica/destroyer_ws/install/custom_msgs/local/lib/python3.10/dist-packages:${PYTHONPATH} /usr/bin/cmake --install /home/juan/Documents/fundamentos_robotica/destroyer_ws/build/grid_fastslam
