[0.272s] Invoking command in '/home/alumno1/Documents/destroyer_ws/build/mappeate_y_ubicate': PYTHONPATH=/home/alumno1/Documents/destroyer_ws/build/mappeate_y_ubicate/prefix_override:/usr/lib/python3/dist-packages/colcon_core/task/python/colcon_distutils_commands:/home/alumno1/Documents/destroyer_ws/install/mappeate_y_ubicate/lib/python3.10/site-packages:${PYTHONPATH} /usr/bin/python3 -W ignore:setup.py install is deprecated -W ignore:easy_install command is deprecated setup.py develop --uninstall --editable --build-directory /home/alumno1/Documents/destroyer_ws/build/mappeate_y_ubicate/build
[0.383s] running develop
[0.457s] Removing /home/alumno1/Documents/destroyer_ws/install/mappeate_y_ubicate/lib/python3.10/site-packages/mappeate-y-ubicate.egg-link (link to .)
[0.469s] Invoked command in '/home/alumno1/Documents/destroyer_ws/build/mappeate_y_ubicate' returned '0': PYTHONPATH=/home/alumno1/Documents/destroyer_ws/build/mappeate_y_ubicate/prefix_override:/usr/lib/python3/dist-packages/colcon_core/task/python/colcon_distutils_commands:/home/alumno1/Documents/destroyer_ws/install/mappeate_y_ubicate/lib/python3.10/site-packages:${PYTHONPATH} /usr/bin/python3 -W ignore:setup.py install is deprecated -W ignore:easy_install command is deprecated setup.py develop --uninstall --editable --build-directory /home/alumno1/Documents/destroyer_ws/build/mappeate_y_ubicate/build
[0.470s] Invoking command in '/home/alumno1/Documents/destroyer_ws/src/mappeate_y_ubicate': PYTHONPATH=/home/alumno1/Documents/destroyer_ws/build/mappeate_y_ubicate/prefix_override:/usr/lib/python3/dist-packages/colcon_core/task/python/colcon_distutils_commands:/home/alumno1/Documents/destroyer_ws/install/mappeate_y_ubicate/lib/python3.10/site-packages:${PYTHONPATH} /usr/bin/python3 -W ignore:setup.py install is deprecated -W ignore:easy_install command is deprecated setup.py egg_info --egg-base ../../build/mappeate_y_ubicate build --build-base /home/alumno1/Documents/destroyer_ws/build/mappeate_y_ubicate/build install --record /home/alumno1/Documents/destroyer_ws/build/mappeate_y_ubicate/install.log --single-version-externally-managed install_data --force
[0.574s] running egg_info
[0.574s] writing ../../build/mappeate_y_ubicate/mappeate_y_ubicate.egg-info/PKG-INFO
[0.575s] writing dependency_links to ../../build/mappeate_y_ubicate/mappeate_y_ubicate.egg-info/dependency_links.txt
[0.575s] writing entry points to ../../build/mappeate_y_ubicate/mappeate_y_ubicate.egg-info/entry_points.txt
[0.575s] writing requirements to ../../build/mappeate_y_ubicate/mappeate_y_ubicate.egg-info/requires.txt
[0.575s] writing top-level names to ../../build/mappeate_y_ubicate/mappeate_y_ubicate.egg-info/top_level.txt
[0.576s] reading manifest file '../../build/mappeate_y_ubicate/mappeate_y_ubicate.egg-info/SOURCES.txt'
[0.576s] adding license file 'LICENSE'
[0.576s] writing manifest file '../../build/mappeate_y_ubicate/mappeate_y_ubicate.egg-info/SOURCES.txt'
[0.576s] running build
[0.576s] running build_py
[0.576s] creating /home/alumno1/Documents/destroyer_ws/build/mappeate_y_ubicate/build
[0.576s] creating /home/alumno1/Documents/destroyer_ws/build/mappeate_y_ubicate/build/lib
[0.576s] creating /home/alumno1/Documents/destroyer_ws/build/mappeate_y_ubicate/build/lib/mappeate_y_ubicate
[0.576s] copying mappeate_y_ubicate/robot_functions.py -> /home/alumno1/Documents/destroyer_ws/build/mappeate_y_ubicate/build/lib/mappeate_y_ubicate
[0.576s] copying mappeate_y_ubicate/__init__.py -> /home/alumno1/Documents/destroyer_ws/build/mappeate_y_ubicate/build/lib/mappeate_y_ubicate
[0.576s] copying mappeate_y_ubicate/fastslam.py -> /home/alumno1/Documents/destroyer_ws/build/mappeate_y_ubicate/build/lib/mappeate_y_ubicate
[0.576s] copying mappeate_y_ubicate/delta_odom.py -> /home/alumno1/Documents/destroyer_ws/build/mappeate_y_ubicate/build/lib/mappeate_y_ubicate
[0.576s] running install
[0.576s] running install_lib
[0.576s] creating /home/alumno1/Documents/destroyer_ws/install/mappeate_y_ubicate/lib/python3.10/site-packages/mappeate_y_ubicate
[0.577s] copying /home/alumno1/Documents/destroyer_ws/build/mappeate_y_ubicate/build/lib/mappeate_y_ubicate/robot_functions.py -> /home/alumno1/Documents/destroyer_ws/install/mappeate_y_ubicate/lib/python3.10/site-packages/mappeate_y_ubicate
[0.577s] copying /home/alumno1/Documents/destroyer_ws/build/mappeate_y_ubicate/build/lib/mappeate_y_ubicate/__init__.py -> /home/alumno1/Documents/destroyer_ws/install/mappeate_y_ubicate/lib/python3.10/site-packages/mappeate_y_ubicate
[0.577s] copying /home/alumno1/Documents/destroyer_ws/build/mappeate_y_ubicate/build/lib/mappeate_y_ubicate/fastslam.py -> /home/alumno1/Documents/destroyer_ws/install/mappeate_y_ubicate/lib/python3.10/site-packages/mappeate_y_ubicate
[0.577s] copying /home/alumno1/Documents/destroyer_ws/build/mappeate_y_ubicate/build/lib/mappeate_y_ubicate/delta_odom.py -> /home/alumno1/Documents/destroyer_ws/install/mappeate_y_ubicate/lib/python3.10/site-packages/mappeate_y_ubicate
[0.577s] byte-compiling /home/alumno1/Documents/destroyer_ws/install/mappeate_y_ubicate/lib/python3.10/site-packages/mappeate_y_ubicate/robot_functions.py to robot_functions.cpython-310.pyc
[0.578s] byte-compiling /home/alumno1/Documents/destroyer_ws/install/mappeate_y_ubicate/lib/python3.10/site-packages/mappeate_y_ubicate/__init__.py to __init__.cpython-310.pyc
[0.578s] byte-compiling /home/alumno1/Documents/destroyer_ws/install/mappeate_y_ubicate/lib/python3.10/site-packages/mappeate_y_ubicate/fastslam.py to fastslam.cpython-310.pyc
[0.578s] byte-compiling /home/alumno1/Documents/destroyer_ws/install/mappeate_y_ubicate/lib/python3.10/site-packages/mappeate_y_ubicate/delta_odom.py to delta_odom.cpython-310.pyc
[0.579s] running install_data
[0.579s] copying resource/mappeate_y_ubicate -> /home/alumno1/Documents/destroyer_ws/install/mappeate_y_ubicate/share/ament_index/resource_index/packages
[0.579s] copying package.xml -> /home/alumno1/Documents/destroyer_ws/install/mappeate_y_ubicate/share/mappeate_y_ubicate
[0.579s] copying launch/launch_my_fastslam.launch.py -> /home/alumno1/Documents/destroyer_ws/install/mappeate_y_ubicate/share/mappeate_y_ubicate/launch
[0.579s] copying rviz/slam.rviz -> /home/alumno1/Documents/destroyer_ws/install/mappeate_y_ubicate/share/mappeate_y_ubicate/rviz
[0.579s] running install_egg_info
[0.580s] Copying ../../build/mappeate_y_ubicate/mappeate_y_ubicate.egg-info to /home/alumno1/Documents/destroyer_ws/install/mappeate_y_ubicate/lib/python3.10/site-packages/mappeate_y_ubicate-0.0.0-py3.10.egg-info
[0.580s] running install_scripts
[0.589s] Installing delta_odom script to /home/alumno1/Documents/destroyer_ws/install/mappeate_y_ubicate/lib/mappeate_y_ubicate
[0.589s] Installing fastslam script to /home/alumno1/Documents/destroyer_ws/install/mappeate_y_ubicate/lib/mappeate_y_ubicate
[0.589s] writing list of installed files to '/home/alumno1/Documents/destroyer_ws/build/mappeate_y_ubicate/install.log'
[0.599s] Invoked command in '/home/alumno1/Documents/destroyer_ws/src/mappeate_y_ubicate' returned '0': PYTHONPATH=/home/alumno1/Documents/destroyer_ws/build/mappeate_y_ubicate/prefix_override:/usr/lib/python3/dist-packages/colcon_core/task/python/colcon_distutils_commands:/home/alumno1/Documents/destroyer_ws/install/mappeate_y_ubicate/lib/python3.10/site-packages:${PYTHONPATH} /usr/bin/python3 -W ignore:setup.py install is deprecated -W ignore:easy_install command is deprecated setup.py egg_info --egg-base ../../build/mappeate_y_ubicate build --build-base /home/alumno1/Documents/destroyer_ws/build/mappeate_y_ubicate/build install --record /home/alumno1/Documents/destroyer_ws/build/mappeate_y_ubicate/install.log --single-version-externally-managed install_data --force
