-- Found ament_cmake: 1.3.11 (/opt/ros/humble/share/ament_cmake/cmake)
-- Override CMake install command with custom implementation using symlinks instead of copying resources
-- Found rclcpp: 16.0.11 (/opt/ros/humble/share/rclcpp/cmake)
-- Found rosidl_generator_c: 3.1.6 (/opt/ros/humble/share/rosidl_generator_c/cmake)
-- Found rosidl_adapter: 3.1.6 (/opt/ros/humble/share/rosidl_adapter/cmake)
-- Found rosidl_generator_cpp: 3.1.6 (/opt/ros/humble/share/rosidl_generator_cpp/cmake)
-- Using all available rosidl_typesupport_c: rosidl_typesupport_fastrtps_c;rosidl_typesupport_introspection_c
-- Using all available rosidl_typesupport_cpp: rosidl_typesupport_fastrtps_cpp;rosidl_typesupport_introspection_cpp
-- Found rmw_implementation_cmake: 6.1.2 (/opt/ros/humble/share/rmw_implementation_cmake/cmake)
-- Found rmw_fastrtps_cpp: 6.2.7 (/opt/ros/humble/share/rmw_fastrtps_cpp/cmake)
-- Using RMW implementation 'rmw_fastrtps_cpp' as default
-- Found sensor_msgs: 4.2.4 (/opt/ros/humble/share/sensor_msgs/cmake)
-- Found nav_msgs: 4.2.4 (/opt/ros/humble/share/nav_msgs/cmake)
-- Found tf2: 0.25.12 (/opt/ros/humble/share/tf2/cmake)
-- Found tf2_ros: 0.25.12 (/opt/ros/humble/share/tf2_ros/cmake)
-- Found custom_msgs: 0.0.0 (/home/alumno1/Documents/destroyer_ws/install/custom_msgs/share/custom_msgs/cmake)
-- Found ament_lint_auto: 0.12.11 (/opt/ros/humble/share/ament_lint_auto/cmake)
-- Added test 'cppcheck' to perform static code analysis on C / C++ code
-- Configured cppcheck include dirs: /home/alumno1/Documents/destroyer_ws/src/grid_fastslam/include
-- Configured cppcheck exclude dirs and/or files: 
-- Added test 'flake8' to check Python code syntax and style conventions
-- Added test 'lint_cmake' to check CMake code style
-- Added test 'pep257' to check Python code against some of the docstring style conventions in PEP 257
-- Added test 'uncrustify' to check C / C++ code style
-- Configured uncrustify additional arguments: 
-- Added test 'xmllint' to check XML markup files
-- Configuring done
-- Generating done
-- Build files have been written to: /home/alumno1/Documents/destroyer_ws/build/grid_fastslam
[35m[1mConsolidate compiler generated dependencies of target grid_fastslam_node[0m
[ 33%] [32mBuilding CXX object CMakeFiles/grid_fastslam_node.dir/src/main.cpp.o[0m
[ 66%] [32mBuilding CXX object CMakeFiles/grid_fastslam_node.dir/src/grid_fastslam.cpp.o[0m
[100%] [32m[1mLinking CXX executable grid_fastslam_node[0m
[100%] Built target grid_fastslam_node
-- Install configuration: ""
-- Execute custom install script
-- Symlinking: /home/alumno1/Documents/destroyer_ws/install/grid_fastslam/lib/grid_fastslam/grid_fastslam_node
-- Symlinking: /home/alumno1/Documents/destroyer_ws/install/grid_fastslam/include//grid_fastslam/grid_fastslam.hpp
-- Symlinking: /home/alumno1/Documents/destroyer_ws/install/grid_fastslam/share/grid_fastslam/launch/fastslam.launch.py
-- Symlinking: /home/alumno1/Documents/destroyer_ws/install/grid_fastslam/share/ament_index/resource_index/package_run_dependencies/grid_fastslam
-- Symlinking: /home/alumno1/Documents/destroyer_ws/install/grid_fastslam/share/ament_index/resource_index/parent_prefix_path/grid_fastslam
-- Symlinking: /home/alumno1/Documents/destroyer_ws/install/grid_fastslam/share/grid_fastslam/environment/ament_prefix_path.sh
-- Symlinking: /home/alumno1/Documents/destroyer_ws/install/grid_fastslam/share/grid_fastslam/environment/ament_prefix_path.dsv
-- Symlinking: /home/alumno1/Documents/destroyer_ws/install/grid_fastslam/share/grid_fastslam/environment/path.sh
-- Symlinking: /home/alumno1/Documents/destroyer_ws/install/grid_fastslam/share/grid_fastslam/environment/path.dsv
-- Symlinking: /home/alumno1/Documents/destroyer_ws/install/grid_fastslam/share/grid_fastslam/local_setup.bash
-- Symlinking: /home/alumno1/Documents/destroyer_ws/install/grid_fastslam/share/grid_fastslam/local_setup.sh
-- Symlinking: /home/alumno1/Documents/destroyer_ws/install/grid_fastslam/share/grid_fastslam/local_setup.zsh
-- Symlinking: /home/alumno1/Documents/destroyer_ws/install/grid_fastslam/share/grid_fastslam/local_setup.dsv
-- Symlinking: /home/alumno1/Documents/destroyer_ws/install/grid_fastslam/share/grid_fastslam/package.dsv
-- Symlinking: /home/alumno1/Documents/destroyer_ws/install/grid_fastslam/share/ament_index/resource_index/packages/grid_fastslam
-- Symlinking: /home/alumno1/Documents/destroyer_ws/install/grid_fastslam/share/grid_fastslam/cmake/grid_fastslamConfig.cmake
-- Symlinking: /home/alumno1/Documents/destroyer_ws/install/grid_fastslam/share/grid_fastslam/cmake/grid_fastslamConfig-version.cmake
-- Symlinking: /home/alumno1/Documents/destroyer_ws/install/grid_fastslam/share/grid_fastslam/package.xml
