[0.050s] DEBUG:colcon:Command line arguments: ['/usr/bin/colcon', 'build']
[0.050s] DEBUG:colcon:Parsed command line arguments: Namespace(log_base=None, log_level=None, verb_name='build', build_base='build', install_base='install', merge_install=False, symlink_install=False, test_result_base=None, continue_on_error=False, executor='parallel', parallel_workers=28, event_handlers=None, ignore_user_meta=False, metas=['./colcon.meta'], base_paths=['.'], packages_ignore=None, packages_ignore_regex=None, paths=None, packages_up_to=None, packages_up_to_regex=None, packages_above=None, packages_above_and_dependencies=None, packages_above_depth=None, packages_select_by_dep=None, packages_skip_by_dep=None, packages_skip_up_to=None, packages_select_build_failed=False, packages_skip_build_finished=False, packages_select_test_failures=False, packages_skip_test_passed=False, packages_select=None, packages_skip=None, packages_select_regex=None, packages_skip_regex=None, packages_start=None, packages_end=None, allow_overriding=[], cmake_args=None, cmake_target=None, cmake_target_skip_unavailable=False, cmake_clean_cache=False, cmake_clean_first=False, cmake_force_configure=False, ament_cmake_args=None, catkin_cmake_args=None, catkin_skip_building_tests=False, mixin_files=None, mixin=None, verb_parser=<colcon_mixin.mixin.mixin_argument.MixinArgumentDecorator object at 0x75558dc5fd90>, verb_extension=<colcon_core.verb.build.BuildVerb object at 0x75558dc5f790>, main=<bound method BuildVerb.main of <colcon_core.verb.build.BuildVerb object at 0x75558dc5f790>>, mixin_verb=('build',))
[0.126s] Level 1:colcon.colcon_core.package_discovery:discover_packages(colcon_meta) check parameters
[0.126s] Level 1:colcon.colcon_core.package_discovery:discover_packages(recursive) check parameters
[0.126s] Level 1:colcon.colcon_core.package_discovery:discover_packages(ignore) check parameters
[0.126s] Level 1:colcon.colcon_core.package_discovery:discover_packages(path) check parameters
[0.126s] Level 1:colcon.colcon_core.package_discovery:discover_packages(colcon_meta) discover
[0.126s] Level 1:colcon.colcon_core.package_discovery:discover_packages(recursive) discover
[0.126s] INFO:colcon.colcon_core.package_discovery:Crawling recursively for packages in '/home/alumno1/Documents/destroyer_ws'
[0.126s] Level 1:colcon.colcon_core.package_identification:_identify(.) by extensions ['ignore', 'ignore_ament_install']
[0.126s] Level 1:colcon.colcon_core.package_identification:_identify(.) by extension 'ignore'
[0.126s] Level 1:colcon.colcon_core.package_identification:_identify(.) by extension 'ignore_ament_install'
[0.126s] Level 1:colcon.colcon_core.package_identification:_identify(.) by extensions ['colcon_pkg']
[0.126s] Level 1:colcon.colcon_core.package_identification:_identify(.) by extension 'colcon_pkg'
[0.126s] Level 1:colcon.colcon_core.package_identification:_identify(.) by extensions ['colcon_meta']
[0.126s] Level 1:colcon.colcon_core.package_identification:_identify(.) by extension 'colcon_meta'
[0.126s] Level 1:colcon.colcon_core.package_identification:_identify(.) by extensions ['ros']
[0.126s] Level 1:colcon.colcon_core.package_identification:_identify(.) by extension 'ros'
[0.132s] Level 1:colcon.colcon_core.package_identification:_identify(.) by extensions ['cmake', 'python']
[0.132s] Level 1:colcon.colcon_core.package_identification:_identify(.) by extension 'cmake'
[0.132s] Level 1:colcon.colcon_core.package_identification:_identify(.) by extension 'python'
[0.132s] Level 1:colcon.colcon_core.package_identification:_identify(.) by extensions ['python_setup_py']
[0.132s] Level 1:colcon.colcon_core.package_identification:_identify(.) by extension 'python_setup_py'
[0.132s] Level 1:colcon.colcon_core.package_identification:_identify(build) by extensions ['ignore', 'ignore_ament_install']
[0.132s] Level 1:colcon.colcon_core.package_identification:_identify(build) by extension 'ignore'
[0.132s] Level 1:colcon.colcon_core.package_identification:_identify(build) ignored
[0.133s] Level 1:colcon.colcon_core.package_identification:_identify(install) by extensions ['ignore', 'ignore_ament_install']
[0.133s] Level 1:colcon.colcon_core.package_identification:_identify(install) by extension 'ignore'
[0.133s] Level 1:colcon.colcon_core.package_identification:_identify(install) ignored
[0.133s] Level 1:colcon.colcon_core.package_identification:_identify(log) by extensions ['ignore', 'ignore_ament_install']
[0.133s] Level 1:colcon.colcon_core.package_identification:_identify(log) by extension 'ignore'
[0.133s] Level 1:colcon.colcon_core.package_identification:_identify(log) ignored
[0.133s] Level 1:colcon.colcon_core.package_identification:_identify(src) by extensions ['ignore', 'ignore_ament_install']
[0.133s] Level 1:colcon.colcon_core.package_identification:_identify(src) by extension 'ignore'
[0.133s] Level 1:colcon.colcon_core.package_identification:_identify(src) by extension 'ignore_ament_install'
[0.133s] Level 1:colcon.colcon_core.package_identification:_identify(src) by extensions ['colcon_pkg']
[0.133s] Level 1:colcon.colcon_core.package_identification:_identify(src) by extension 'colcon_pkg'
[0.133s] Level 1:colcon.colcon_core.package_identification:_identify(src) by extensions ['colcon_meta']
[0.133s] Level 1:colcon.colcon_core.package_identification:_identify(src) by extension 'colcon_meta'
[0.133s] Level 1:colcon.colcon_core.package_identification:_identify(src) by extensions ['ros']
[0.133s] Level 1:colcon.colcon_core.package_identification:_identify(src) by extension 'ros'
[0.133s] Level 1:colcon.colcon_core.package_identification:_identify(src) by extensions ['cmake', 'python']
[0.133s] Level 1:colcon.colcon_core.package_identification:_identify(src) by extension 'cmake'
[0.133s] Level 1:colcon.colcon_core.package_identification:_identify(src) by extension 'python'
[0.133s] Level 1:colcon.colcon_core.package_identification:_identify(src) by extensions ['python_setup_py']
[0.133s] Level 1:colcon.colcon_core.package_identification:_identify(src) by extension 'python_setup_py'
[0.133s] Level 1:colcon.colcon_core.package_identification:_identify(src/custom_msgs) by extensions ['ignore', 'ignore_ament_install']
[0.133s] Level 1:colcon.colcon_core.package_identification:_identify(src/custom_msgs) by extension 'ignore'
[0.133s] Level 1:colcon.colcon_core.package_identification:_identify(src/custom_msgs) by extension 'ignore_ament_install'
[0.133s] Level 1:colcon.colcon_core.package_identification:_identify(src/custom_msgs) by extensions ['colcon_pkg']
[0.133s] Level 1:colcon.colcon_core.package_identification:_identify(src/custom_msgs) by extension 'colcon_pkg'
[0.133s] Level 1:colcon.colcon_core.package_identification:_identify(src/custom_msgs) by extensions ['colcon_meta']
[0.133s] Level 1:colcon.colcon_core.package_identification:_identify(src/custom_msgs) by extension 'colcon_meta'
[0.133s] Level 1:colcon.colcon_core.package_identification:_identify(src/custom_msgs) by extensions ['ros']
[0.133s] Level 1:colcon.colcon_core.package_identification:_identify(src/custom_msgs) by extension 'ros'
[0.135s] DEBUG:colcon.colcon_core.package_identification:Package 'src/custom_msgs' with type 'ros.ament_cmake' and name 'custom_msgs'
[0.135s] Level 1:colcon.colcon_core.package_identification:_identify(src/grid_fastslam) by extensions ['ignore', 'ignore_ament_install']
[0.135s] Level 1:colcon.colcon_core.package_identification:_identify(src/grid_fastslam) by extension 'ignore'
[0.135s] Level 1:colcon.colcon_core.package_identification:_identify(src/grid_fastslam) by extension 'ignore_ament_install'
[0.135s] Level 1:colcon.colcon_core.package_identification:_identify(src/grid_fastslam) by extensions ['colcon_pkg']
[0.135s] Level 1:colcon.colcon_core.package_identification:_identify(src/grid_fastslam) by extension 'colcon_pkg'
[0.135s] Level 1:colcon.colcon_core.package_identification:_identify(src/grid_fastslam) by extensions ['colcon_meta']
[0.135s] Level 1:colcon.colcon_core.package_identification:_identify(src/grid_fastslam) by extension 'colcon_meta'
[0.135s] Level 1:colcon.colcon_core.package_identification:_identify(src/grid_fastslam) by extensions ['ros']
[0.135s] Level 1:colcon.colcon_core.package_identification:_identify(src/grid_fastslam) by extension 'ros'
[0.137s] DEBUG:colcon.colcon_core.package_identification:Package 'src/grid_fastslam' with type 'ros.ament_cmake' and name 'grid_fastslam'
[0.137s] Level 1:colcon.colcon_core.package_identification:_identify(src/mappeate_y_ubicate) by extensions ['ignore', 'ignore_ament_install']
[0.137s] Level 1:colcon.colcon_core.package_identification:_identify(src/mappeate_y_ubicate) by extension 'ignore'
[0.137s] Level 1:colcon.colcon_core.package_identification:_identify(src/mappeate_y_ubicate) by extension 'ignore_ament_install'
[0.137s] Level 1:colcon.colcon_core.package_identification:_identify(src/mappeate_y_ubicate) by extensions ['colcon_pkg']
[0.137s] Level 1:colcon.colcon_core.package_identification:_identify(src/mappeate_y_ubicate) by extension 'colcon_pkg'
[0.137s] Level 1:colcon.colcon_core.package_identification:_identify(src/mappeate_y_ubicate) by extensions ['colcon_meta']
[0.137s] Level 1:colcon.colcon_core.package_identification:_identify(src/mappeate_y_ubicate) by extension 'colcon_meta'
[0.138s] Level 1:colcon.colcon_core.package_identification:_identify(src/mappeate_y_ubicate) by extensions ['ros']
[0.138s] Level 1:colcon.colcon_core.package_identification:_identify(src/mappeate_y_ubicate) by extension 'ros'
[0.139s] DEBUG:colcon.colcon_core.package_identification:Package 'src/mappeate_y_ubicate' with type 'ros.ament_python' and name 'mappeate_y_ubicate'
[0.139s] Level 1:colcon.colcon_core.package_identification:_identify(src/state_machine) by extensions ['ignore', 'ignore_ament_install']
[0.139s] Level 1:colcon.colcon_core.package_identification:_identify(src/state_machine) by extension 'ignore'
[0.139s] Level 1:colcon.colcon_core.package_identification:_identify(src/state_machine) by extension 'ignore_ament_install'
[0.139s] Level 1:colcon.colcon_core.package_identification:_identify(src/state_machine) by extensions ['colcon_pkg']
[0.139s] Level 1:colcon.colcon_core.package_identification:_identify(src/state_machine) by extension 'colcon_pkg'
[0.139s] Level 1:colcon.colcon_core.package_identification:_identify(src/state_machine) by extensions ['colcon_meta']
[0.139s] Level 1:colcon.colcon_core.package_identification:_identify(src/state_machine) by extension 'colcon_meta'
[0.139s] Level 1:colcon.colcon_core.package_identification:_identify(src/state_machine) by extensions ['ros']
[0.139s] Level 1:colcon.colcon_core.package_identification:_identify(src/state_machine) by extension 'ros'
[0.139s] DEBUG:colcon.colcon_core.package_identification:Package 'src/state_machine' with type 'ros.ament_python' and name 'state_machine'
[0.140s] Level 1:colcon.colcon_core.package_identification:_identify(src/tools) by extensions ['ignore', 'ignore_ament_install']
[0.140s] Level 1:colcon.colcon_core.package_identification:_identify(src/tools) by extension 'ignore'
[0.140s] Level 1:colcon.colcon_core.package_identification:_identify(src/tools) by extension 'ignore_ament_install'
[0.140s] Level 1:colcon.colcon_core.package_identification:_identify(src/tools) by extensions ['colcon_pkg']
[0.140s] Level 1:colcon.colcon_core.package_identification:_identify(src/tools) by extension 'colcon_pkg'
[0.140s] Level 1:colcon.colcon_core.package_identification:_identify(src/tools) by extensions ['colcon_meta']
[0.140s] Level 1:colcon.colcon_core.package_identification:_identify(src/tools) by extension 'colcon_meta'
[0.140s] Level 1:colcon.colcon_core.package_identification:_identify(src/tools) by extensions ['ros']
[0.140s] Level 1:colcon.colcon_core.package_identification:_identify(src/tools) by extension 'ros'
[0.140s] DEBUG:colcon.colcon_core.package_identification:Package 'src/tools' with type 'ros.ament_python' and name 'tools'
[0.141s] Level 1:colcon.colcon_core.package_identification:_identify(src/turtlebot3_custom_simulation) by extensions ['ignore', 'ignore_ament_install']
[0.141s] Level 1:colcon.colcon_core.package_identification:_identify(src/turtlebot3_custom_simulation) by extension 'ignore'
[0.141s] Level 1:colcon.colcon_core.package_identification:_identify(src/turtlebot3_custom_simulation) by extension 'ignore_ament_install'
[0.141s] Level 1:colcon.colcon_core.package_identification:_identify(src/turtlebot3_custom_simulation) by extensions ['colcon_pkg']
[0.141s] Level 1:colcon.colcon_core.package_identification:_identify(src/turtlebot3_custom_simulation) by extension 'colcon_pkg'
[0.141s] Level 1:colcon.colcon_core.package_identification:_identify(src/turtlebot3_custom_simulation) by extensions ['colcon_meta']
[0.141s] Level 1:colcon.colcon_core.package_identification:_identify(src/turtlebot3_custom_simulation) by extension 'colcon_meta'
[0.141s] Level 1:colcon.colcon_core.package_identification:_identify(src/turtlebot3_custom_simulation) by extensions ['ros']
[0.141s] Level 1:colcon.colcon_core.package_identification:_identify(src/turtlebot3_custom_simulation) by extension 'ros'
[0.142s] DEBUG:colcon.colcon_core.package_identification:Package 'src/turtlebot3_custom_simulation' with type 'ros.ament_cmake' and name 'turtlebot3_custom_simulation'
[0.142s] Level 1:colcon.colcon_core.package_discovery:discover_packages(recursive) using defaults
[0.142s] Level 1:colcon.colcon_core.package_discovery:discover_packages(ignore) discover
[0.142s] Level 1:colcon.colcon_core.package_discovery:discover_packages(ignore) using defaults
[0.142s] Level 1:colcon.colcon_core.package_discovery:discover_packages(path) discover
[0.142s] Level 1:colcon.colcon_core.package_discovery:discover_packages(path) using defaults
[0.165s] Level 1:colcon.colcon_core.package_discovery:discover_packages(prefix_path) check parameters
[0.165s] Level 1:colcon.colcon_core.package_discovery:discover_packages(prefix_path) discover
[0.166s] DEBUG:colcon.colcon_installed_package_information.package_discovery:Found 6 installed packages in /home/alumno1/Documents/destroyer_ws/install
[0.166s] DEBUG:colcon.colcon_installed_package_information.package_discovery:Found 16 installed packages in /home/alumno1/turtlebot3_ws/install
[0.167s] DEBUG:colcon.colcon_installed_package_information.package_discovery:Found 363 installed packages in /opt/ros/humble
[0.168s] Level 1:colcon.colcon_core.package_discovery:discover_packages(prefix_path) using defaults
[0.187s] Level 5:colcon.colcon_core.verb:set package 'custom_msgs' build argument 'cmake_args' from command line to 'None'
[0.187s] Level 5:colcon.colcon_core.verb:set package 'custom_msgs' build argument 'cmake_target' from command line to 'None'
[0.187s] Level 5:colcon.colcon_core.verb:set package 'custom_msgs' build argument 'cmake_target_skip_unavailable' from command line to 'False'
[0.187s] Level 5:colcon.colcon_core.verb:set package 'custom_msgs' build argument 'cmake_clean_cache' from command line to 'False'
[0.187s] Level 5:colcon.colcon_core.verb:set package 'custom_msgs' build argument 'cmake_clean_first' from command line to 'False'
[0.187s] Level 5:colcon.colcon_core.verb:set package 'custom_msgs' build argument 'cmake_force_configure' from command line to 'False'
[0.187s] Level 5:colcon.colcon_core.verb:set package 'custom_msgs' build argument 'ament_cmake_args' from command line to 'None'
[0.187s] Level 5:colcon.colcon_core.verb:set package 'custom_msgs' build argument 'catkin_cmake_args' from command line to 'None'
[0.187s] Level 5:colcon.colcon_core.verb:set package 'custom_msgs' build argument 'catkin_skip_building_tests' from command line to 'False'
[0.187s] DEBUG:colcon.colcon_core.verb:Building package 'custom_msgs' with the following arguments: {'ament_cmake_args': None, 'build_base': '/home/alumno1/Documents/destroyer_ws/build/custom_msgs', 'catkin_cmake_args': None, 'catkin_skip_building_tests': False, 'cmake_args': None, 'cmake_clean_cache': False, 'cmake_clean_first': False, 'cmake_force_configure': False, 'cmake_target': None, 'cmake_target_skip_unavailable': False, 'install_base': '/home/alumno1/Documents/destroyer_ws/install/custom_msgs', 'merge_install': False, 'path': '/home/alumno1/Documents/destroyer_ws/src/custom_msgs', 'symlink_install': False, 'test_result_base': None}
[0.187s] Level 5:colcon.colcon_core.verb:set package 'mappeate_y_ubicate' build argument 'cmake_args' from command line to 'None'
[0.187s] Level 5:colcon.colcon_core.verb:set package 'mappeate_y_ubicate' build argument 'cmake_target' from command line to 'None'
[0.187s] Level 5:colcon.colcon_core.verb:set package 'mappeate_y_ubicate' build argument 'cmake_target_skip_unavailable' from command line to 'False'
[0.187s] Level 5:colcon.colcon_core.verb:set package 'mappeate_y_ubicate' build argument 'cmake_clean_cache' from command line to 'False'
[0.187s] Level 5:colcon.colcon_core.verb:set package 'mappeate_y_ubicate' build argument 'cmake_clean_first' from command line to 'False'
[0.187s] Level 5:colcon.colcon_core.verb:set package 'mappeate_y_ubicate' build argument 'cmake_force_configure' from command line to 'False'
[0.187s] Level 5:colcon.colcon_core.verb:set package 'mappeate_y_ubicate' build argument 'ament_cmake_args' from command line to 'None'
[0.187s] Level 5:colcon.colcon_core.verb:set package 'mappeate_y_ubicate' build argument 'catkin_cmake_args' from command line to 'None'
[0.187s] Level 5:colcon.colcon_core.verb:set package 'mappeate_y_ubicate' build argument 'catkin_skip_building_tests' from command line to 'False'
[0.187s] DEBUG:colcon.colcon_core.verb:Building package 'mappeate_y_ubicate' with the following arguments: {'ament_cmake_args': None, 'build_base': '/home/alumno1/Documents/destroyer_ws/build/mappeate_y_ubicate', 'catkin_cmake_args': None, 'catkin_skip_building_tests': False, 'cmake_args': None, 'cmake_clean_cache': False, 'cmake_clean_first': False, 'cmake_force_configure': False, 'cmake_target': None, 'cmake_target_skip_unavailable': False, 'install_base': '/home/alumno1/Documents/destroyer_ws/install/mappeate_y_ubicate', 'merge_install': False, 'path': '/home/alumno1/Documents/destroyer_ws/src/mappeate_y_ubicate', 'symlink_install': False, 'test_result_base': None}
[0.187s] Level 5:colcon.colcon_core.verb:set package 'state_machine' build argument 'cmake_args' from command line to 'None'
[0.187s] Level 5:colcon.colcon_core.verb:set package 'state_machine' build argument 'cmake_target' from command line to 'None'
[0.187s] Level 5:colcon.colcon_core.verb:set package 'state_machine' build argument 'cmake_target_skip_unavailable' from command line to 'False'
[0.187s] Level 5:colcon.colcon_core.verb:set package 'state_machine' build argument 'cmake_clean_cache' from command line to 'False'
[0.187s] Level 5:colcon.colcon_core.verb:set package 'state_machine' build argument 'cmake_clean_first' from command line to 'False'
[0.187s] Level 5:colcon.colcon_core.verb:set package 'state_machine' build argument 'cmake_force_configure' from command line to 'False'
[0.187s] Level 5:colcon.colcon_core.verb:set package 'state_machine' build argument 'ament_cmake_args' from command line to 'None'
[0.187s] Level 5:colcon.colcon_core.verb:set package 'state_machine' build argument 'catkin_cmake_args' from command line to 'None'
[0.187s] Level 5:colcon.colcon_core.verb:set package 'state_machine' build argument 'catkin_skip_building_tests' from command line to 'False'
[0.187s] DEBUG:colcon.colcon_core.verb:Building package 'state_machine' with the following arguments: {'ament_cmake_args': None, 'build_base': '/home/alumno1/Documents/destroyer_ws/build/state_machine', 'catkin_cmake_args': None, 'catkin_skip_building_tests': False, 'cmake_args': None, 'cmake_clean_cache': False, 'cmake_clean_first': False, 'cmake_force_configure': False, 'cmake_target': None, 'cmake_target_skip_unavailable': False, 'install_base': '/home/alumno1/Documents/destroyer_ws/install/state_machine', 'merge_install': False, 'path': '/home/alumno1/Documents/destroyer_ws/src/state_machine', 'symlink_install': False, 'test_result_base': None}
[0.188s] Level 5:colcon.colcon_core.verb:set package 'turtlebot3_custom_simulation' build argument 'cmake_args' from command line to 'None'
[0.188s] Level 5:colcon.colcon_core.verb:set package 'turtlebot3_custom_simulation' build argument 'cmake_target' from command line to 'None'
[0.188s] Level 5:colcon.colcon_core.verb:set package 'turtlebot3_custom_simulation' build argument 'cmake_target_skip_unavailable' from command line to 'False'
[0.188s] Level 5:colcon.colcon_core.verb:set package 'turtlebot3_custom_simulation' build argument 'cmake_clean_cache' from command line to 'False'
[0.188s] Level 5:colcon.colcon_core.verb:set package 'turtlebot3_custom_simulation' build argument 'cmake_clean_first' from command line to 'False'
[0.188s] Level 5:colcon.colcon_core.verb:set package 'turtlebot3_custom_simulation' build argument 'cmake_force_configure' from command line to 'False'
[0.188s] Level 5:colcon.colcon_core.verb:set package 'turtlebot3_custom_simulation' build argument 'ament_cmake_args' from command line to 'None'
[0.188s] Level 5:colcon.colcon_core.verb:set package 'turtlebot3_custom_simulation' build argument 'catkin_cmake_args' from command line to 'None'
[0.188s] Level 5:colcon.colcon_core.verb:set package 'turtlebot3_custom_simulation' build argument 'catkin_skip_building_tests' from command line to 'False'
[0.188s] DEBUG:colcon.colcon_core.verb:Building package 'turtlebot3_custom_simulation' with the following arguments: {'ament_cmake_args': None, 'build_base': '/home/alumno1/Documents/destroyer_ws/build/turtlebot3_custom_simulation', 'catkin_cmake_args': None, 'catkin_skip_building_tests': False, 'cmake_args': None, 'cmake_clean_cache': False, 'cmake_clean_first': False, 'cmake_force_configure': False, 'cmake_target': None, 'cmake_target_skip_unavailable': False, 'install_base': '/home/alumno1/Documents/destroyer_ws/install/turtlebot3_custom_simulation', 'merge_install': False, 'path': '/home/alumno1/Documents/destroyer_ws/src/turtlebot3_custom_simulation', 'symlink_install': False, 'test_result_base': None}
[0.188s] Level 5:colcon.colcon_core.verb:set package 'grid_fastslam' build argument 'cmake_args' from command line to 'None'
[0.188s] Level 5:colcon.colcon_core.verb:set package 'grid_fastslam' build argument 'cmake_target' from command line to 'None'
[0.188s] Level 5:colcon.colcon_core.verb:set package 'grid_fastslam' build argument 'cmake_target_skip_unavailable' from command line to 'False'
[0.188s] Level 5:colcon.colcon_core.verb:set package 'grid_fastslam' build argument 'cmake_clean_cache' from command line to 'False'
[0.188s] Level 5:colcon.colcon_core.verb:set package 'grid_fastslam' build argument 'cmake_clean_first' from command line to 'False'
[0.188s] Level 5:colcon.colcon_core.verb:set package 'grid_fastslam' build argument 'cmake_force_configure' from command line to 'False'
[0.188s] Level 5:colcon.colcon_core.verb:set package 'grid_fastslam' build argument 'ament_cmake_args' from command line to 'None'
[0.188s] Level 5:colcon.colcon_core.verb:set package 'grid_fastslam' build argument 'catkin_cmake_args' from command line to 'None'
[0.188s] Level 5:colcon.colcon_core.verb:set package 'grid_fastslam' build argument 'catkin_skip_building_tests' from command line to 'False'
[0.188s] DEBUG:colcon.colcon_core.verb:Building package 'grid_fastslam' with the following arguments: {'ament_cmake_args': None, 'build_base': '/home/alumno1/Documents/destroyer_ws/build/grid_fastslam', 'catkin_cmake_args': None, 'catkin_skip_building_tests': False, 'cmake_args': None, 'cmake_clean_cache': False, 'cmake_clean_first': False, 'cmake_force_configure': False, 'cmake_target': None, 'cmake_target_skip_unavailable': False, 'install_base': '/home/alumno1/Documents/destroyer_ws/install/grid_fastslam', 'merge_install': False, 'path': '/home/alumno1/Documents/destroyer_ws/src/grid_fastslam', 'symlink_install': False, 'test_result_base': None}
[0.188s] Level 5:colcon.colcon_core.verb:set package 'tools' build argument 'cmake_args' from command line to 'None'
[0.188s] Level 5:colcon.colcon_core.verb:set package 'tools' build argument 'cmake_target' from command line to 'None'
[0.188s] Level 5:colcon.colcon_core.verb:set package 'tools' build argument 'cmake_target_skip_unavailable' from command line to 'False'
[0.188s] Level 5:colcon.colcon_core.verb:set package 'tools' build argument 'cmake_clean_cache' from command line to 'False'
[0.188s] Level 5:colcon.colcon_core.verb:set package 'tools' build argument 'cmake_clean_first' from command line to 'False'
[0.188s] Level 5:colcon.colcon_core.verb:set package 'tools' build argument 'cmake_force_configure' from command line to 'False'
[0.188s] Level 5:colcon.colcon_core.verb:set package 'tools' build argument 'ament_cmake_args' from command line to 'None'
[0.188s] Level 5:colcon.colcon_core.verb:set package 'tools' build argument 'catkin_cmake_args' from command line to 'None'
[0.188s] Level 5:colcon.colcon_core.verb:set package 'tools' build argument 'catkin_skip_building_tests' from command line to 'False'
[0.188s] DEBUG:colcon.colcon_core.verb:Building package 'tools' with the following arguments: {'ament_cmake_args': None, 'build_base': '/home/alumno1/Documents/destroyer_ws/build/tools', 'catkin_cmake_args': None, 'catkin_skip_building_tests': False, 'cmake_args': None, 'cmake_clean_cache': False, 'cmake_clean_first': False, 'cmake_force_configure': False, 'cmake_target': None, 'cmake_target_skip_unavailable': False, 'install_base': '/home/alumno1/Documents/destroyer_ws/install/tools', 'merge_install': False, 'path': '/home/alumno1/Documents/destroyer_ws/src/tools', 'symlink_install': False, 'test_result_base': None}
[0.188s] INFO:colcon.colcon_core.executor:Executing jobs using 'parallel' executor
[0.189s] DEBUG:colcon.colcon_parallel_executor.executor.parallel:run_until_complete
[0.189s] INFO:colcon.colcon_ros.task.ament_cmake.build:Building ROS package in '/home/alumno1/Documents/destroyer_ws/src/custom_msgs' with build type 'ament_cmake'
[0.189s] INFO:colcon.colcon_cmake.task.cmake.build:Building CMake package in '/home/alumno1/Documents/destroyer_ws/src/custom_msgs'
[0.190s] INFO:colcon.colcon_core.plugin_system:Skipping extension 'colcon_core.shell.bat': Not used on non-Windows systems
[0.190s] INFO:colcon.colcon_core.shell:Skip shell extension 'powershell' for command environment: Not usable outside of PowerShell
[0.190s] DEBUG:colcon.colcon_core.shell:Skip shell extension 'dsv' for command environment
[0.193s] INFO:colcon.colcon_ros.task.ament_python.build:Building ROS package in '/home/alumno1/Documents/destroyer_ws/src/mappeate_y_ubicate' with build type 'ament_python'
[0.193s] Level 1:colcon.colcon_core.shell:create_environment_hook('mappeate_y_ubicate', 'ament_prefix_path')
[0.193s] INFO:colcon.colcon_core.shell:Creating environment hook '/home/alumno1/Documents/destroyer_ws/install/mappeate_y_ubicate/share/mappeate_y_ubicate/hook/ament_prefix_path.ps1'
[0.193s] INFO:colcon.colcon_core.shell:Creating environment descriptor '/home/alumno1/Documents/destroyer_ws/install/mappeate_y_ubicate/share/mappeate_y_ubicate/hook/ament_prefix_path.dsv'
[0.193s] INFO:colcon.colcon_core.shell:Creating environment hook '/home/alumno1/Documents/destroyer_ws/install/mappeate_y_ubicate/share/mappeate_y_ubicate/hook/ament_prefix_path.sh'
[0.194s] INFO:colcon.colcon_core.shell:Skip shell extension 'powershell' for command environment: Not usable outside of PowerShell
[0.194s] DEBUG:colcon.colcon_core.shell:Skip shell extension 'dsv' for command environment
[0.195s] INFO:colcon.colcon_ros.task.ament_python.build:Building ROS package in '/home/alumno1/Documents/destroyer_ws/src/state_machine' with build type 'ament_python'
[0.195s] Level 1:colcon.colcon_core.shell:create_environment_hook('state_machine', 'ament_prefix_path')
[0.196s] INFO:colcon.colcon_core.shell:Creating environment hook '/home/alumno1/Documents/destroyer_ws/install/state_machine/share/state_machine/hook/ament_prefix_path.ps1'
[0.196s] INFO:colcon.colcon_core.shell:Creating environment descriptor '/home/alumno1/Documents/destroyer_ws/install/state_machine/share/state_machine/hook/ament_prefix_path.dsv'
[0.196s] INFO:colcon.colcon_core.shell:Creating environment hook '/home/alumno1/Documents/destroyer_ws/install/state_machine/share/state_machine/hook/ament_prefix_path.sh'
[0.196s] INFO:colcon.colcon_core.shell:Skip shell extension 'powershell' for command environment: Not usable outside of PowerShell
[0.196s] DEBUG:colcon.colcon_core.shell:Skip shell extension 'dsv' for command environment
[0.198s] INFO:colcon.colcon_ros.task.ament_cmake.build:Building ROS package in '/home/alumno1/Documents/destroyer_ws/src/turtlebot3_custom_simulation' with build type 'ament_cmake'
[0.198s] INFO:colcon.colcon_cmake.task.cmake.build:Building CMake package in '/home/alumno1/Documents/destroyer_ws/src/turtlebot3_custom_simulation'
[0.198s] INFO:colcon.colcon_core.shell:Skip shell extension 'powershell' for command environment: Not usable outside of PowerShell
[0.198s] DEBUG:colcon.colcon_core.shell:Skip shell extension 'dsv' for command environment
[0.203s] DEBUG:colcon.colcon_core.event_handler.log_command:Invoking command in '/home/alumno1/Documents/destroyer_ws/build/custom_msgs': CMAKE_PREFIX_PATH=${CMAKE_PREFIX_PATH}:/home/alumno1/Documents/destroyer_ws/install/tools:/home/alumno1/Documents/destroyer_ws/install/state_machine:/home/alumno1/Documents/destroyer_ws/install/mappeate_y_ubicate:/home/alumno1/turtlebot3_ws/install/turtlebot3_teleop:/home/alumno1/turtlebot3_ws/install/turtlebot3_example:/opt/ros/humble /usr/bin/cmake --build /home/alumno1/Documents/destroyer_ws/build/custom_msgs -- -j28 -l28
[0.353s] INFO:colcon.colcon_core.task.python.build:Building Python package in '/home/alumno1/Documents/destroyer_ws/src/mappeate_y_ubicate'
[0.353s] INFO:colcon.colcon_core.shell:Skip shell extension 'powershell' for command environment: Not usable outside of PowerShell
[0.353s] DEBUG:colcon.colcon_core.shell:Skip shell extension 'dsv' for command environment
[0.489s] INFO:colcon.colcon_core.task.python.build:Building Python package in '/home/alumno1/Documents/destroyer_ws/src/state_machine'
[0.489s] INFO:colcon.colcon_core.shell:Skip shell extension 'powershell' for command environment: Not usable outside of PowerShell
[0.489s] DEBUG:colcon.colcon_core.shell:Skip shell extension 'dsv' for command environment
[0.496s] DEBUG:colcon.colcon_core.event_handler.log_command:Invoking command in '/home/alumno1/Documents/destroyer_ws/build/turtlebot3_custom_simulation': CMAKE_PREFIX_PATH=${CMAKE_PREFIX_PATH}:/home/alumno1/Documents/destroyer_ws/install/tools:/home/alumno1/Documents/destroyer_ws/install/state_machine:/home/alumno1/Documents/destroyer_ws/install/mappeate_y_ubicate:/home/alumno1/turtlebot3_ws/install/turtlebot3_teleop:/home/alumno1/turtlebot3_ws/install/turtlebot3_example:/opt/ros/humble /usr/bin/cmake --build /home/alumno1/Documents/destroyer_ws/build/turtlebot3_custom_simulation -- -j28 -l28
[0.496s] DEBUG:colcon.colcon_core.event_handler.log_command:Invoked command in '/home/alumno1/Documents/destroyer_ws/build/custom_msgs' returned '0': CMAKE_PREFIX_PATH=${CMAKE_PREFIX_PATH}:/home/alumno1/Documents/destroyer_ws/install/tools:/home/alumno1/Documents/destroyer_ws/install/state_machine:/home/alumno1/Documents/destroyer_ws/install/mappeate_y_ubicate:/home/alumno1/turtlebot3_ws/install/turtlebot3_teleop:/home/alumno1/turtlebot3_ws/install/turtlebot3_example:/opt/ros/humble /usr/bin/cmake --build /home/alumno1/Documents/destroyer_ws/build/custom_msgs -- -j28 -l28
[0.501s] DEBUG:colcon.colcon_core.event_handler.log_command:Invoking command in '/home/alumno1/Documents/destroyer_ws/build/custom_msgs': CMAKE_PREFIX_PATH=${CMAKE_PREFIX_PATH}:/home/alumno1/Documents/destroyer_ws/install/tools:/home/alumno1/Documents/destroyer_ws/install/state_machine:/home/alumno1/Documents/destroyer_ws/install/mappeate_y_ubicate:/home/alumno1/turtlebot3_ws/install/turtlebot3_teleop:/home/alumno1/turtlebot3_ws/install/turtlebot3_example:/opt/ros/humble /usr/bin/cmake --install /home/alumno1/Documents/destroyer_ws/build/custom_msgs
[0.545s] Level 1:colcon.colcon_core.environment:create_environment_scripts_only(custom_msgs)
[0.546s] DEBUG:colcon.colcon_core.event_handler.log_command:Invoked command in '/home/alumno1/Documents/destroyer_ws/build/custom_msgs' returned '0': CMAKE_PREFIX_PATH=${CMAKE_PREFIX_PATH}:/home/alumno1/Documents/destroyer_ws/install/tools:/home/alumno1/Documents/destroyer_ws/install/state_machine:/home/alumno1/Documents/destroyer_ws/install/mappeate_y_ubicate:/home/alumno1/turtlebot3_ws/install/turtlebot3_teleop:/home/alumno1/turtlebot3_ws/install/turtlebot3_example:/opt/ros/humble /usr/bin/cmake --install /home/alumno1/Documents/destroyer_ws/build/custom_msgs
[0.548s] Level 1:colcon.colcon_core.environment:checking '/home/alumno1/Documents/destroyer_ws/install/custom_msgs' for CMake module files
[0.548s] Level 1:colcon.colcon_core.environment:checking '/home/alumno1/Documents/destroyer_ws/install/custom_msgs' for CMake config files
[0.549s] Level 1:colcon.colcon_core.shell:create_environment_hook('custom_msgs', 'cmake_prefix_path')
[0.549s] INFO:colcon.colcon_core.shell:Creating environment hook '/home/alumno1/Documents/destroyer_ws/install/custom_msgs/share/custom_msgs/hook/cmake_prefix_path.ps1'
[0.549s] INFO:colcon.colcon_core.shell:Creating environment descriptor '/home/alumno1/Documents/destroyer_ws/install/custom_msgs/share/custom_msgs/hook/cmake_prefix_path.dsv'
[0.550s] INFO:colcon.colcon_core.shell:Creating environment hook '/home/alumno1/Documents/destroyer_ws/install/custom_msgs/share/custom_msgs/hook/cmake_prefix_path.sh'
[0.550s] Level 1:colcon.colcon_core.environment:checking '/home/alumno1/Documents/destroyer_ws/install/custom_msgs/lib'
[0.550s] Level 1:colcon.colcon_core.shell:create_environment_hook('custom_msgs', 'ld_library_path_lib')
[0.551s] INFO:colcon.colcon_core.shell:Creating environment hook '/home/alumno1/Documents/destroyer_ws/install/custom_msgs/share/custom_msgs/hook/ld_library_path_lib.ps1'
[0.551s] INFO:colcon.colcon_core.shell:Creating environment descriptor '/home/alumno1/Documents/destroyer_ws/install/custom_msgs/share/custom_msgs/hook/ld_library_path_lib.dsv'
[0.551s] INFO:colcon.colcon_core.shell:Creating environment hook '/home/alumno1/Documents/destroyer_ws/install/custom_msgs/share/custom_msgs/hook/ld_library_path_lib.sh'
[0.552s] Level 1:colcon.colcon_core.environment:checking '/home/alumno1/Documents/destroyer_ws/install/custom_msgs/bin'
[0.552s] Level 1:colcon.colcon_core.environment:checking '/home/alumno1/Documents/destroyer_ws/install/custom_msgs/lib/pkgconfig/custom_msgs.pc'
[0.552s] Level 1:colcon.colcon_core.environment:checking '/home/alumno1/Documents/destroyer_ws/install/custom_msgs/lib/python3.10/site-packages'
[0.552s] Level 1:colcon.colcon_core.environment:checking '/home/alumno1/Documents/destroyer_ws/install/custom_msgs/bin'
[0.553s] INFO:colcon.colcon_core.shell:Creating package script '/home/alumno1/Documents/destroyer_ws/install/custom_msgs/share/custom_msgs/package.ps1'
[0.553s] INFO:colcon.colcon_core.shell:Creating package descriptor '/home/alumno1/Documents/destroyer_ws/install/custom_msgs/share/custom_msgs/package.dsv'
[0.554s] INFO:colcon.colcon_core.shell:Creating package script '/home/alumno1/Documents/destroyer_ws/install/custom_msgs/share/custom_msgs/package.sh'
[0.554s] INFO:colcon.colcon_core.shell:Creating package script '/home/alumno1/Documents/destroyer_ws/install/custom_msgs/share/custom_msgs/package.bash'
[0.555s] INFO:colcon.colcon_core.shell:Creating package script '/home/alumno1/Documents/destroyer_ws/install/custom_msgs/share/custom_msgs/package.zsh'
[0.556s] Level 1:colcon.colcon_core.environment:create_file_with_runtime_dependencies(/home/alumno1/Documents/destroyer_ws/install/custom_msgs/share/colcon-core/packages/custom_msgs)
[0.556s] Level 1:colcon.colcon_core.environment:create_environment_scripts_only(custom_msgs)
[0.556s] Level 1:colcon.colcon_core.environment:checking '/home/alumno1/Documents/destroyer_ws/install/custom_msgs' for CMake module files
[0.557s] Level 1:colcon.colcon_core.environment:checking '/home/alumno1/Documents/destroyer_ws/install/custom_msgs' for CMake config files
[0.557s] Level 1:colcon.colcon_core.shell:create_environment_hook('custom_msgs', 'cmake_prefix_path')
[0.558s] INFO:colcon.colcon_core.shell:Creating environment hook '/home/alumno1/Documents/destroyer_ws/install/custom_msgs/share/custom_msgs/hook/cmake_prefix_path.ps1'
[0.558s] INFO:colcon.colcon_core.shell:Creating environment descriptor '/home/alumno1/Documents/destroyer_ws/install/custom_msgs/share/custom_msgs/hook/cmake_prefix_path.dsv'
[0.558s] INFO:colcon.colcon_core.shell:Creating environment hook '/home/alumno1/Documents/destroyer_ws/install/custom_msgs/share/custom_msgs/hook/cmake_prefix_path.sh'
[0.559s] Level 1:colcon.colcon_core.environment:checking '/home/alumno1/Documents/destroyer_ws/install/custom_msgs/lib'
[0.559s] Level 1:colcon.colcon_core.shell:create_environment_hook('custom_msgs', 'ld_library_path_lib')
[0.559s] INFO:colcon.colcon_core.shell:Creating environment hook '/home/alumno1/Documents/destroyer_ws/install/custom_msgs/share/custom_msgs/hook/ld_library_path_lib.ps1'
[0.559s] INFO:colcon.colcon_core.shell:Creating environment descriptor '/home/alumno1/Documents/destroyer_ws/install/custom_msgs/share/custom_msgs/hook/ld_library_path_lib.dsv'
[0.559s] INFO:colcon.colcon_core.shell:Creating environment hook '/home/alumno1/Documents/destroyer_ws/install/custom_msgs/share/custom_msgs/hook/ld_library_path_lib.sh'
[0.560s] Level 1:colcon.colcon_core.environment:checking '/home/alumno1/Documents/destroyer_ws/install/custom_msgs/bin'
[0.560s] Level 1:colcon.colcon_core.environment:checking '/home/alumno1/Documents/destroyer_ws/install/custom_msgs/lib/pkgconfig/custom_msgs.pc'
[0.560s] Level 1:colcon.colcon_core.environment:checking '/home/alumno1/Documents/destroyer_ws/install/custom_msgs/lib/python3.10/site-packages'
[0.560s] Level 1:colcon.colcon_core.environment:checking '/home/alumno1/Documents/destroyer_ws/install/custom_msgs/bin'
[0.561s] INFO:colcon.colcon_core.shell:Creating package script '/home/alumno1/Documents/destroyer_ws/install/custom_msgs/share/custom_msgs/package.ps1'
[0.561s] INFO:colcon.colcon_core.shell:Creating package descriptor '/home/alumno1/Documents/destroyer_ws/install/custom_msgs/share/custom_msgs/package.dsv'
[0.561s] INFO:colcon.colcon_core.shell:Creating package script '/home/alumno1/Documents/destroyer_ws/install/custom_msgs/share/custom_msgs/package.sh'
[0.562s] INFO:colcon.colcon_core.shell:Creating package script '/home/alumno1/Documents/destroyer_ws/install/custom_msgs/share/custom_msgs/package.bash'
[0.562s] INFO:colcon.colcon_core.shell:Creating package script '/home/alumno1/Documents/destroyer_ws/install/custom_msgs/share/custom_msgs/package.zsh'
[0.563s] Level 1:colcon.colcon_core.environment:create_file_with_runtime_dependencies(/home/alumno1/Documents/destroyer_ws/install/custom_msgs/share/colcon-core/packages/custom_msgs)
[0.563s] INFO:colcon.colcon_ros.task.ament_cmake.build:Building ROS package in '/home/alumno1/Documents/destroyer_ws/src/grid_fastslam' with build type 'ament_cmake'
[0.563s] INFO:colcon.colcon_cmake.task.cmake.build:Building CMake package in '/home/alumno1/Documents/destroyer_ws/src/grid_fastslam'
[0.563s] INFO:colcon.colcon_core.shell:Skip shell extension 'powershell' for command environment: Not usable outside of PowerShell
[0.563s] DEBUG:colcon.colcon_core.shell:Skip shell extension 'dsv' for command environment
[0.568s] INFO:colcon.colcon_ros.task.ament_python.build:Building ROS package in '/home/alumno1/Documents/destroyer_ws/src/tools' with build type 'ament_python'
[0.568s] Level 1:colcon.colcon_core.shell:create_environment_hook('tools', 'ament_prefix_path')
[0.568s] INFO:colcon.colcon_core.shell:Creating environment hook '/home/alumno1/Documents/destroyer_ws/install/tools/share/tools/hook/ament_prefix_path.ps1'
[0.568s] INFO:colcon.colcon_core.shell:Creating environment descriptor '/home/alumno1/Documents/destroyer_ws/install/tools/share/tools/hook/ament_prefix_path.dsv'
[0.569s] INFO:colcon.colcon_core.shell:Creating environment hook '/home/alumno1/Documents/destroyer_ws/install/tools/share/tools/hook/ament_prefix_path.sh'
[0.569s] INFO:colcon.colcon_core.shell:Skip shell extension 'powershell' for command environment: Not usable outside of PowerShell
[0.569s] DEBUG:colcon.colcon_core.shell:Skip shell extension 'dsv' for command environment
[0.574s] DEBUG:colcon.colcon_core.event_handler.log_command:Invoked command in '/home/alumno1/Documents/destroyer_ws/build/turtlebot3_custom_simulation' returned '0': CMAKE_PREFIX_PATH=${CMAKE_PREFIX_PATH}:/home/alumno1/Documents/destroyer_ws/install/tools:/home/alumno1/Documents/destroyer_ws/install/state_machine:/home/alumno1/Documents/destroyer_ws/install/mappeate_y_ubicate:/home/alumno1/turtlebot3_ws/install/turtlebot3_teleop:/home/alumno1/turtlebot3_ws/install/turtlebot3_example:/opt/ros/humble /usr/bin/cmake --build /home/alumno1/Documents/destroyer_ws/build/turtlebot3_custom_simulation -- -j28 -l28
[0.575s] DEBUG:colcon.colcon_core.event_handler.log_command:Invoking command in '/home/alumno1/Documents/destroyer_ws/build/turtlebot3_custom_simulation': CMAKE_PREFIX_PATH=${CMAKE_PREFIX_PATH}:/home/alumno1/Documents/destroyer_ws/install/tools:/home/alumno1/Documents/destroyer_ws/install/state_machine:/home/alumno1/Documents/destroyer_ws/install/mappeate_y_ubicate:/home/alumno1/turtlebot3_ws/install/turtlebot3_teleop:/home/alumno1/turtlebot3_ws/install/turtlebot3_example:/opt/ros/humble /usr/bin/cmake --install /home/alumno1/Documents/destroyer_ws/build/turtlebot3_custom_simulation
[0.578s] DEBUG:colcon.colcon_core.event_handler.log_command:Invoking command in '/home/alumno1/Documents/destroyer_ws/build/grid_fastslam': CMAKE_PREFIX_PATH=/home/alumno1/Documents/destroyer_ws/install/custom_msgs:/home/alumno1/Documents/destroyer_ws/install/turtlebot3_custom_simulation:/home/alumno1/Documents/destroyer_ws/install/grid_fastslam:/home/alumno1/turtlebot3_ws/install/turtlebot3:/home/alumno1/turtlebot3_ws/install/turtlebot3_simulations:/home/alumno1/turtlebot3_ws/install/turtlebot3_bringup:/home/alumno1/turtlebot3_ws/install/turtlebot3_node:/home/alumno1/turtlebot3_ws/install/turtlebot3_navigation2:/home/alumno1/turtlebot3_ws/install/turtlebot3_fake_node:/home/alumno1/turtlebot3_ws/install/turtlebot3_custom_simulation:/home/alumno1/turtlebot3_ws/install/turtlebot3_msgs:/home/alumno1/turtlebot3_ws/install/turtlebot3_gazebo:/home/alumno1/turtlebot3_ws/install/turtlebot3_description:/home/alumno1/turtlebot3_ws/install/turtlebot3_cartographer:/home/alumno1/turtlebot3_ws/install/dynamixel_sdk_examples:/home/alumno1/turtlebot3_ws/install/dynamixel_sdk_custom_interfaces:/home/alumno1/turtlebot3_ws/install/dynamixel_sdk:/home/alumno1/Documents/destroyer_ws/install/tools:/home/alumno1/Documents/destroyer_ws/install/state_machine:/home/alumno1/Documents/destroyer_ws/install/mappeate_y_ubicate:/home/alumno1/turtlebot3_ws/install/turtlebot3_teleop:/home/alumno1/turtlebot3_ws/install/turtlebot3_example:/opt/ros/humble LD_LIBRARY_PATH=/home/alumno1/Documents/destroyer_ws/install/custom_msgs/lib:/home/alumno1/turtlebot3_ws/install/turtlebot3_msgs/lib:/home/alumno1/turtlebot3_ws/install/dynamixel_sdk_custom_interfaces/lib:/home/alumno1/turtlebot3_ws/install/dynamixel_sdk/lib:/usr/lib/x86_64-linux-gnu/gazebo-11/plugins:/opt/ros/humble/opt/rviz_ogre_vendor/lib:/opt/ros/humble/lib/x86_64-linux-gnu:/opt/ros/humble/lib:/usr/lib/x86_64-linux-gnu/gazebo-11/plugins /usr/bin/cmake --build /home/alumno1/Documents/destroyer_ws/build/grid_fastslam -- -j28 -l28
[0.724s] INFO:colcon.colcon_core.task.python.build:Building Python package in '/home/alumno1/Documents/destroyer_ws/src/tools'
[0.724s] INFO:colcon.colcon_core.shell:Skip shell extension 'powershell' for command environment: Not usable outside of PowerShell
[0.724s] DEBUG:colcon.colcon_core.shell:Skip shell extension 'dsv' for command environment
[0.729s] Level 1:colcon.colcon_core.environment:create_environment_scripts_only(turtlebot3_custom_simulation)
[0.729s] Level 1:colcon.colcon_core.environment:checking '/home/alumno1/Documents/destroyer_ws/install/turtlebot3_custom_simulation' for CMake module files
[0.730s] DEBUG:colcon.colcon_core.event_handler.log_command:Invoking command in '/home/alumno1/Documents/destroyer_ws/src/state_machine': PYTHONPATH=/home/alumno1/Documents/destroyer_ws/build/state_machine/prefix_override:/usr/lib/python3/dist-packages/colcon_core/task/python/colcon_distutils_commands:/home/alumno1/Documents/destroyer_ws/install/state_machine/lib/python3.10/site-packages:${PYTHONPATH} /usr/bin/python3 -W ignore:setup.py install is deprecated -W ignore:easy_install command is deprecated setup.py egg_info --egg-base ../../build/state_machine build --build-base /home/alumno1/Documents/destroyer_ws/build/state_machine/build install --record /home/alumno1/Documents/destroyer_ws/build/state_machine/install.log --single-version-externally-managed install_data
[0.730s] Level 1:colcon.colcon_core.environment:checking '/home/alumno1/Documents/destroyer_ws/install/turtlebot3_custom_simulation' for CMake config files
[0.730s] DEBUG:colcon.colcon_core.event_handler.log_command:Invoking command in '/home/alumno1/Documents/destroyer_ws/src/mappeate_y_ubicate': PYTHONPATH=/home/alumno1/Documents/destroyer_ws/build/mappeate_y_ubicate/prefix_override:/usr/lib/python3/dist-packages/colcon_core/task/python/colcon_distutils_commands:/home/alumno1/Documents/destroyer_ws/install/mappeate_y_ubicate/lib/python3.10/site-packages:${PYTHONPATH} /usr/bin/python3 -W ignore:setup.py install is deprecated -W ignore:easy_install command is deprecated setup.py egg_info --egg-base ../../build/mappeate_y_ubicate build --build-base /home/alumno1/Documents/destroyer_ws/build/mappeate_y_ubicate/build install --record /home/alumno1/Documents/destroyer_ws/build/mappeate_y_ubicate/install.log --single-version-externally-managed install_data
[0.730s] DEBUG:colcon.colcon_core.event_handler.log_command:Invoked command in '/home/alumno1/Documents/destroyer_ws/build/turtlebot3_custom_simulation' returned '0': CMAKE_PREFIX_PATH=${CMAKE_PREFIX_PATH}:/home/alumno1/Documents/destroyer_ws/install/tools:/home/alumno1/Documents/destroyer_ws/install/state_machine:/home/alumno1/Documents/destroyer_ws/install/mappeate_y_ubicate:/home/alumno1/turtlebot3_ws/install/turtlebot3_teleop:/home/alumno1/turtlebot3_ws/install/turtlebot3_example:/opt/ros/humble /usr/bin/cmake --install /home/alumno1/Documents/destroyer_ws/build/turtlebot3_custom_simulation
[0.730s] Level 1:colcon.colcon_core.shell:create_environment_hook('turtlebot3_custom_simulation', 'cmake_prefix_path')
[0.731s] INFO:colcon.colcon_core.shell:Creating environment hook '/home/alumno1/Documents/destroyer_ws/install/turtlebot3_custom_simulation/share/turtlebot3_custom_simulation/hook/cmake_prefix_path.ps1'
[0.731s] INFO:colcon.colcon_core.shell:Creating environment descriptor '/home/alumno1/Documents/destroyer_ws/install/turtlebot3_custom_simulation/share/turtlebot3_custom_simulation/hook/cmake_prefix_path.dsv'
[0.731s] INFO:colcon.colcon_core.shell:Creating environment hook '/home/alumno1/Documents/destroyer_ws/install/turtlebot3_custom_simulation/share/turtlebot3_custom_simulation/hook/cmake_prefix_path.sh'
[0.731s] Level 1:colcon.colcon_core.environment:checking '/home/alumno1/Documents/destroyer_ws/install/turtlebot3_custom_simulation/lib'
[0.731s] Level 1:colcon.colcon_core.environment:checking '/home/alumno1/Documents/destroyer_ws/install/turtlebot3_custom_simulation/bin'
[0.731s] Level 1:colcon.colcon_core.environment:checking '/home/alumno1/Documents/destroyer_ws/install/turtlebot3_custom_simulation/lib/pkgconfig/turtlebot3_custom_simulation.pc'
[0.731s] Level 1:colcon.colcon_core.environment:checking '/home/alumno1/Documents/destroyer_ws/install/turtlebot3_custom_simulation/lib/python3.10/site-packages'
[0.731s] Level 1:colcon.colcon_core.environment:checking '/home/alumno1/Documents/destroyer_ws/install/turtlebot3_custom_simulation/bin'
[0.732s] INFO:colcon.colcon_core.shell:Creating package script '/home/alumno1/Documents/destroyer_ws/install/turtlebot3_custom_simulation/share/turtlebot3_custom_simulation/package.ps1'
[0.732s] INFO:colcon.colcon_core.shell:Creating package descriptor '/home/alumno1/Documents/destroyer_ws/install/turtlebot3_custom_simulation/share/turtlebot3_custom_simulation/package.dsv'
[0.732s] INFO:colcon.colcon_core.shell:Creating package script '/home/alumno1/Documents/destroyer_ws/install/turtlebot3_custom_simulation/share/turtlebot3_custom_simulation/package.sh'
[0.732s] INFO:colcon.colcon_core.shell:Creating package script '/home/alumno1/Documents/destroyer_ws/install/turtlebot3_custom_simulation/share/turtlebot3_custom_simulation/package.bash'
[0.732s] INFO:colcon.colcon_core.shell:Creating package script '/home/alumno1/Documents/destroyer_ws/install/turtlebot3_custom_simulation/share/turtlebot3_custom_simulation/package.zsh'
[0.733s] Level 1:colcon.colcon_core.environment:create_file_with_runtime_dependencies(/home/alumno1/Documents/destroyer_ws/install/turtlebot3_custom_simulation/share/colcon-core/packages/turtlebot3_custom_simulation)
[0.733s] Level 1:colcon.colcon_core.environment:create_environment_scripts_only(turtlebot3_custom_simulation)
[0.733s] Level 1:colcon.colcon_core.environment:checking '/home/alumno1/Documents/destroyer_ws/install/turtlebot3_custom_simulation' for CMake module files
[0.733s] Level 1:colcon.colcon_core.environment:checking '/home/alumno1/Documents/destroyer_ws/install/turtlebot3_custom_simulation' for CMake config files
[0.733s] Level 1:colcon.colcon_core.shell:create_environment_hook('turtlebot3_custom_simulation', 'cmake_prefix_path')
[0.734s] INFO:colcon.colcon_core.shell:Creating environment hook '/home/alumno1/Documents/destroyer_ws/install/turtlebot3_custom_simulation/share/turtlebot3_custom_simulation/hook/cmake_prefix_path.ps1'
[0.734s] INFO:colcon.colcon_core.shell:Creating environment descriptor '/home/alumno1/Documents/destroyer_ws/install/turtlebot3_custom_simulation/share/turtlebot3_custom_simulation/hook/cmake_prefix_path.dsv'
[0.734s] INFO:colcon.colcon_core.shell:Creating environment hook '/home/alumno1/Documents/destroyer_ws/install/turtlebot3_custom_simulation/share/turtlebot3_custom_simulation/hook/cmake_prefix_path.sh'
[0.734s] Level 1:colcon.colcon_core.environment:checking '/home/alumno1/Documents/destroyer_ws/install/turtlebot3_custom_simulation/lib'
[0.734s] Level 1:colcon.colcon_core.environment:checking '/home/alumno1/Documents/destroyer_ws/install/turtlebot3_custom_simulation/bin'
[0.734s] Level 1:colcon.colcon_core.environment:checking '/home/alumno1/Documents/destroyer_ws/install/turtlebot3_custom_simulation/lib/pkgconfig/turtlebot3_custom_simulation.pc'
[0.734s] Level 1:colcon.colcon_core.environment:checking '/home/alumno1/Documents/destroyer_ws/install/turtlebot3_custom_simulation/lib/python3.10/site-packages'
[0.734s] Level 1:colcon.colcon_core.environment:checking '/home/alumno1/Documents/destroyer_ws/install/turtlebot3_custom_simulation/bin'
[0.735s] INFO:colcon.colcon_core.shell:Creating package script '/home/alumno1/Documents/destroyer_ws/install/turtlebot3_custom_simulation/share/turtlebot3_custom_simulation/package.ps1'
[0.735s] INFO:colcon.colcon_core.shell:Creating package descriptor '/home/alumno1/Documents/destroyer_ws/install/turtlebot3_custom_simulation/share/turtlebot3_custom_simulation/package.dsv'
[0.735s] INFO:colcon.colcon_core.shell:Creating package script '/home/alumno1/Documents/destroyer_ws/install/turtlebot3_custom_simulation/share/turtlebot3_custom_simulation/package.sh'
[0.736s] INFO:colcon.colcon_core.shell:Creating package script '/home/alumno1/Documents/destroyer_ws/install/turtlebot3_custom_simulation/share/turtlebot3_custom_simulation/package.bash'
[0.736s] INFO:colcon.colcon_core.shell:Creating package script '/home/alumno1/Documents/destroyer_ws/install/turtlebot3_custom_simulation/share/turtlebot3_custom_simulation/package.zsh'
[0.736s] Level 1:colcon.colcon_core.environment:create_file_with_runtime_dependencies(/home/alumno1/Documents/destroyer_ws/install/turtlebot3_custom_simulation/share/colcon-core/packages/turtlebot3_custom_simulation)
[0.737s] DEBUG:colcon.colcon_core.event_handler.log_command:Invoked command in '/home/alumno1/Documents/destroyer_ws/build/grid_fastslam' returned '0': CMAKE_PREFIX_PATH=/home/alumno1/Documents/destroyer_ws/install/custom_msgs:/home/alumno1/Documents/destroyer_ws/install/turtlebot3_custom_simulation:/home/alumno1/Documents/destroyer_ws/install/grid_fastslam:/home/alumno1/turtlebot3_ws/install/turtlebot3:/home/alumno1/turtlebot3_ws/install/turtlebot3_simulations:/home/alumno1/turtlebot3_ws/install/turtlebot3_bringup:/home/alumno1/turtlebot3_ws/install/turtlebot3_node:/home/alumno1/turtlebot3_ws/install/turtlebot3_navigation2:/home/alumno1/turtlebot3_ws/install/turtlebot3_fake_node:/home/alumno1/turtlebot3_ws/install/turtlebot3_custom_simulation:/home/alumno1/turtlebot3_ws/install/turtlebot3_msgs:/home/alumno1/turtlebot3_ws/install/turtlebot3_gazebo:/home/alumno1/turtlebot3_ws/install/turtlebot3_description:/home/alumno1/turtlebot3_ws/install/turtlebot3_cartographer:/home/alumno1/turtlebot3_ws/install/dynamixel_sdk_examples:/home/alumno1/turtlebot3_ws/install/dynamixel_sdk_custom_interfaces:/home/alumno1/turtlebot3_ws/install/dynamixel_sdk:/home/alumno1/Documents/destroyer_ws/install/tools:/home/alumno1/Documents/destroyer_ws/install/state_machine:/home/alumno1/Documents/destroyer_ws/install/mappeate_y_ubicate:/home/alumno1/turtlebot3_ws/install/turtlebot3_teleop:/home/alumno1/turtlebot3_ws/install/turtlebot3_example:/opt/ros/humble LD_LIBRARY_PATH=/home/alumno1/Documents/destroyer_ws/install/custom_msgs/lib:/home/alumno1/turtlebot3_ws/install/turtlebot3_msgs/lib:/home/alumno1/turtlebot3_ws/install/dynamixel_sdk_custom_interfaces/lib:/home/alumno1/turtlebot3_ws/install/dynamixel_sdk/lib:/usr/lib/x86_64-linux-gnu/gazebo-11/plugins:/opt/ros/humble/opt/rviz_ogre_vendor/lib:/opt/ros/humble/lib/x86_64-linux-gnu:/opt/ros/humble/lib:/usr/lib/x86_64-linux-gnu/gazebo-11/plugins /usr/bin/cmake --build /home/alumno1/Documents/destroyer_ws/build/grid_fastslam -- -j28 -l28
[0.738s] DEBUG:colcon.colcon_core.event_handler.log_command:Invoking command in '/home/alumno1/Documents/destroyer_ws/build/grid_fastslam': CMAKE_PREFIX_PATH=/home/alumno1/Documents/destroyer_ws/install/custom_msgs:/home/alumno1/Documents/destroyer_ws/install/turtlebot3_custom_simulation:/home/alumno1/Documents/destroyer_ws/install/grid_fastslam:/home/alumno1/turtlebot3_ws/install/turtlebot3:/home/alumno1/turtlebot3_ws/install/turtlebot3_simulations:/home/alumno1/turtlebot3_ws/install/turtlebot3_bringup:/home/alumno1/turtlebot3_ws/install/turtlebot3_node:/home/alumno1/turtlebot3_ws/install/turtlebot3_navigation2:/home/alumno1/turtlebot3_ws/install/turtlebot3_fake_node:/home/alumno1/turtlebot3_ws/install/turtlebot3_custom_simulation:/home/alumno1/turtlebot3_ws/install/turtlebot3_msgs:/home/alumno1/turtlebot3_ws/install/turtlebot3_gazebo:/home/alumno1/turtlebot3_ws/install/turtlebot3_description:/home/alumno1/turtlebot3_ws/install/turtlebot3_cartographer:/home/alumno1/turtlebot3_ws/install/dynamixel_sdk_examples:/home/alumno1/turtlebot3_ws/install/dynamixel_sdk_custom_interfaces:/home/alumno1/turtlebot3_ws/install/dynamixel_sdk:/home/alumno1/Documents/destroyer_ws/install/tools:/home/alumno1/Documents/destroyer_ws/install/state_machine:/home/alumno1/Documents/destroyer_ws/install/mappeate_y_ubicate:/home/alumno1/turtlebot3_ws/install/turtlebot3_teleop:/home/alumno1/turtlebot3_ws/install/turtlebot3_example:/opt/ros/humble LD_LIBRARY_PATH=/home/alumno1/Documents/destroyer_ws/install/custom_msgs/lib:/home/alumno1/turtlebot3_ws/install/turtlebot3_msgs/lib:/home/alumno1/turtlebot3_ws/install/dynamixel_sdk_custom_interfaces/lib:/home/alumno1/turtlebot3_ws/install/dynamixel_sdk/lib:/usr/lib/x86_64-linux-gnu/gazebo-11/plugins:/opt/ros/humble/opt/rviz_ogre_vendor/lib:/opt/ros/humble/lib/x86_64-linux-gnu:/opt/ros/humble/lib:/usr/lib/x86_64-linux-gnu/gazebo-11/plugins /usr/bin/cmake --install /home/alumno1/Documents/destroyer_ws/build/grid_fastslam
[0.751s] Level 1:colcon.colcon_core.environment:create_environment_scripts_only(grid_fastslam)
[0.751s] Level 1:colcon.colcon_core.environment:checking '/home/alumno1/Documents/destroyer_ws/install/grid_fastslam' for CMake module files
[0.752s] Level 1:colcon.colcon_core.environment:checking '/home/alumno1/Documents/destroyer_ws/install/grid_fastslam' for CMake config files
[0.752s] Level 1:colcon.colcon_core.shell:create_environment_hook('grid_fastslam', 'cmake_prefix_path')
[0.752s] INFO:colcon.colcon_core.shell:Creating environment hook '/home/alumno1/Documents/destroyer_ws/install/grid_fastslam/share/grid_fastslam/hook/cmake_prefix_path.ps1'
[0.752s] INFO:colcon.colcon_core.shell:Creating environment descriptor '/home/alumno1/Documents/destroyer_ws/install/grid_fastslam/share/grid_fastslam/hook/cmake_prefix_path.dsv'
[0.752s] INFO:colcon.colcon_core.shell:Creating environment hook '/home/alumno1/Documents/destroyer_ws/install/grid_fastslam/share/grid_fastslam/hook/cmake_prefix_path.sh'
[0.753s] Level 1:colcon.colcon_core.environment:checking '/home/alumno1/Documents/destroyer_ws/install/grid_fastslam/lib'
[0.753s] Level 1:colcon.colcon_core.environment:checking '/home/alumno1/Documents/destroyer_ws/install/grid_fastslam/bin'
[0.753s] Level 1:colcon.colcon_core.environment:checking '/home/alumno1/Documents/destroyer_ws/install/grid_fastslam/lib/pkgconfig/grid_fastslam.pc'
[0.753s] Level 1:colcon.colcon_core.environment:checking '/home/alumno1/Documents/destroyer_ws/install/grid_fastslam/lib/python3.10/site-packages'
[0.753s] Level 1:colcon.colcon_core.environment:checking '/home/alumno1/Documents/destroyer_ws/install/grid_fastslam/bin'
[0.754s] INFO:colcon.colcon_core.shell:Creating package script '/home/alumno1/Documents/destroyer_ws/install/grid_fastslam/share/grid_fastslam/package.ps1'
[0.754s] DEBUG:colcon.colcon_core.event_handler.log_command:Invoked command in '/home/alumno1/Documents/destroyer_ws/build/grid_fastslam' returned '0': CMAKE_PREFIX_PATH=/home/alumno1/Documents/destroyer_ws/install/custom_msgs:/home/alumno1/Documents/destroyer_ws/install/turtlebot3_custom_simulation:/home/alumno1/Documents/destroyer_ws/install/grid_fastslam:/home/alumno1/turtlebot3_ws/install/turtlebot3:/home/alumno1/turtlebot3_ws/install/turtlebot3_simulations:/home/alumno1/turtlebot3_ws/install/turtlebot3_bringup:/home/alumno1/turtlebot3_ws/install/turtlebot3_node:/home/alumno1/turtlebot3_ws/install/turtlebot3_navigation2:/home/alumno1/turtlebot3_ws/install/turtlebot3_fake_node:/home/alumno1/turtlebot3_ws/install/turtlebot3_custom_simulation:/home/alumno1/turtlebot3_ws/install/turtlebot3_msgs:/home/alumno1/turtlebot3_ws/install/turtlebot3_gazebo:/home/alumno1/turtlebot3_ws/install/turtlebot3_description:/home/alumno1/turtlebot3_ws/install/turtlebot3_cartographer:/home/alumno1/turtlebot3_ws/install/dynamixel_sdk_examples:/home/alumno1/turtlebot3_ws/install/dynamixel_sdk_custom_interfaces:/home/alumno1/turtlebot3_ws/install/dynamixel_sdk:/home/alumno1/Documents/destroyer_ws/install/tools:/home/alumno1/Documents/destroyer_ws/install/state_machine:/home/alumno1/Documents/destroyer_ws/install/mappeate_y_ubicate:/home/alumno1/turtlebot3_ws/install/turtlebot3_teleop:/home/alumno1/turtlebot3_ws/install/turtlebot3_example:/opt/ros/humble LD_LIBRARY_PATH=/home/alumno1/Documents/destroyer_ws/install/custom_msgs/lib:/home/alumno1/turtlebot3_ws/install/turtlebot3_msgs/lib:/home/alumno1/turtlebot3_ws/install/dynamixel_sdk_custom_interfaces/lib:/home/alumno1/turtlebot3_ws/install/dynamixel_sdk/lib:/usr/lib/x86_64-linux-gnu/gazebo-11/plugins:/opt/ros/humble/opt/rviz_ogre_vendor/lib:/opt/ros/humble/lib/x86_64-linux-gnu:/opt/ros/humble/lib:/usr/lib/x86_64-linux-gnu/gazebo-11/plugins /usr/bin/cmake --install /home/alumno1/Documents/destroyer_ws/build/grid_fastslam
[0.754s] INFO:colcon.colcon_core.shell:Creating package descriptor '/home/alumno1/Documents/destroyer_ws/install/grid_fastslam/share/grid_fastslam/package.dsv'
[0.755s] INFO:colcon.colcon_core.shell:Creating package script '/home/alumno1/Documents/destroyer_ws/install/grid_fastslam/share/grid_fastslam/package.sh'
[0.755s] INFO:colcon.colcon_core.shell:Creating package script '/home/alumno1/Documents/destroyer_ws/install/grid_fastslam/share/grid_fastslam/package.bash'
[0.755s] INFO:colcon.colcon_core.shell:Creating package script '/home/alumno1/Documents/destroyer_ws/install/grid_fastslam/share/grid_fastslam/package.zsh'
[0.756s] Level 1:colcon.colcon_core.environment:create_file_with_runtime_dependencies(/home/alumno1/Documents/destroyer_ws/install/grid_fastslam/share/colcon-core/packages/grid_fastslam)
[0.756s] Level 1:colcon.colcon_core.environment:create_environment_scripts_only(grid_fastslam)
[0.756s] Level 1:colcon.colcon_core.environment:checking '/home/alumno1/Documents/destroyer_ws/install/grid_fastslam' for CMake module files
[0.757s] Level 1:colcon.colcon_core.environment:checking '/home/alumno1/Documents/destroyer_ws/install/grid_fastslam' for CMake config files
[0.757s] Level 1:colcon.colcon_core.shell:create_environment_hook('grid_fastslam', 'cmake_prefix_path')
[0.757s] INFO:colcon.colcon_core.shell:Creating environment hook '/home/alumno1/Documents/destroyer_ws/install/grid_fastslam/share/grid_fastslam/hook/cmake_prefix_path.ps1'
[0.758s] INFO:colcon.colcon_core.shell:Creating environment descriptor '/home/alumno1/Documents/destroyer_ws/install/grid_fastslam/share/grid_fastslam/hook/cmake_prefix_path.dsv'
[0.758s] INFO:colcon.colcon_core.shell:Creating environment hook '/home/alumno1/Documents/destroyer_ws/install/grid_fastslam/share/grid_fastslam/hook/cmake_prefix_path.sh'
[0.758s] Level 1:colcon.colcon_core.environment:checking '/home/alumno1/Documents/destroyer_ws/install/grid_fastslam/lib'
[0.758s] Level 1:colcon.colcon_core.environment:checking '/home/alumno1/Documents/destroyer_ws/install/grid_fastslam/bin'
[0.758s] Level 1:colcon.colcon_core.environment:checking '/home/alumno1/Documents/destroyer_ws/install/grid_fastslam/lib/pkgconfig/grid_fastslam.pc'
[0.759s] Level 1:colcon.colcon_core.environment:checking '/home/alumno1/Documents/destroyer_ws/install/grid_fastslam/lib/python3.10/site-packages'
[0.759s] Level 1:colcon.colcon_core.environment:checking '/home/alumno1/Documents/destroyer_ws/install/grid_fastslam/bin'
[0.759s] INFO:colcon.colcon_core.shell:Creating package script '/home/alumno1/Documents/destroyer_ws/install/grid_fastslam/share/grid_fastslam/package.ps1'
[0.760s] INFO:colcon.colcon_core.shell:Creating package descriptor '/home/alumno1/Documents/destroyer_ws/install/grid_fastslam/share/grid_fastslam/package.dsv'
[0.760s] INFO:colcon.colcon_core.shell:Creating package script '/home/alumno1/Documents/destroyer_ws/install/grid_fastslam/share/grid_fastslam/package.sh'
[0.760s] INFO:colcon.colcon_core.shell:Creating package script '/home/alumno1/Documents/destroyer_ws/install/grid_fastslam/share/grid_fastslam/package.bash'
[0.761s] INFO:colcon.colcon_core.shell:Creating package script '/home/alumno1/Documents/destroyer_ws/install/grid_fastslam/share/grid_fastslam/package.zsh'
[0.761s] Level 1:colcon.colcon_core.environment:create_file_with_runtime_dependencies(/home/alumno1/Documents/destroyer_ws/install/grid_fastslam/share/colcon-core/packages/grid_fastslam)
[0.893s] Level 1:colcon.colcon_core.environment:checking '/home/alumno1/Documents/destroyer_ws/install/state_machine' for CMake module files
[0.893s] DEBUG:colcon.colcon_core.event_handler.log_command:Invoked command in '/home/alumno1/Documents/destroyer_ws/src/state_machine' returned '0': PYTHONPATH=/home/alumno1/Documents/destroyer_ws/build/state_machine/prefix_override:/usr/lib/python3/dist-packages/colcon_core/task/python/colcon_distutils_commands:/home/alumno1/Documents/destroyer_ws/install/state_machine/lib/python3.10/site-packages:${PYTHONPATH} /usr/bin/python3 -W ignore:setup.py install is deprecated -W ignore:easy_install command is deprecated setup.py egg_info --egg-base ../../build/state_machine build --build-base /home/alumno1/Documents/destroyer_ws/build/state_machine/build install --record /home/alumno1/Documents/destroyer_ws/build/state_machine/install.log --single-version-externally-managed install_data
[0.894s] Level 1:colcon.colcon_core.environment:checking '/home/alumno1/Documents/destroyer_ws/install/state_machine' for CMake config files
[0.894s] Level 1:colcon.colcon_core.environment:checking '/home/alumno1/Documents/destroyer_ws/install/state_machine/lib'
[0.894s] Level 1:colcon.colcon_core.environment:checking '/home/alumno1/Documents/destroyer_ws/install/state_machine/bin'
[0.894s] Level 1:colcon.colcon_core.environment:checking '/home/alumno1/Documents/destroyer_ws/install/state_machine/lib/pkgconfig/state_machine.pc'
[0.894s] Level 1:colcon.colcon_core.environment:checking '/home/alumno1/Documents/destroyer_ws/install/state_machine/lib/python3.10/site-packages'
[0.894s] Level 1:colcon.colcon_core.shell:create_environment_hook('state_machine', 'pythonpath')
[0.894s] INFO:colcon.colcon_core.shell:Creating environment hook '/home/alumno1/Documents/destroyer_ws/install/state_machine/share/state_machine/hook/pythonpath.ps1'
[0.895s] INFO:colcon.colcon_core.shell:Creating environment descriptor '/home/alumno1/Documents/destroyer_ws/install/state_machine/share/state_machine/hook/pythonpath.dsv'
[0.895s] INFO:colcon.colcon_core.shell:Creating environment hook '/home/alumno1/Documents/destroyer_ws/install/state_machine/share/state_machine/hook/pythonpath.sh'
[0.895s] Level 1:colcon.colcon_core.environment:checking '/home/alumno1/Documents/destroyer_ws/install/state_machine/bin'
[0.895s] Level 1:colcon.colcon_core.environment:create_environment_scripts_only(state_machine)
[0.895s] INFO:colcon.colcon_core.shell:Creating package script '/home/alumno1/Documents/destroyer_ws/install/state_machine/share/state_machine/package.ps1'
[0.895s] INFO:colcon.colcon_core.shell:Creating package descriptor '/home/alumno1/Documents/destroyer_ws/install/state_machine/share/state_machine/package.dsv'
[0.896s] INFO:colcon.colcon_core.shell:Creating package script '/home/alumno1/Documents/destroyer_ws/install/state_machine/share/state_machine/package.sh'
[0.896s] INFO:colcon.colcon_core.shell:Creating package script '/home/alumno1/Documents/destroyer_ws/install/state_machine/share/state_machine/package.bash'
[0.896s] INFO:colcon.colcon_core.shell:Creating package script '/home/alumno1/Documents/destroyer_ws/install/state_machine/share/state_machine/package.zsh'
[0.896s] Level 1:colcon.colcon_core.environment:create_file_with_runtime_dependencies(/home/alumno1/Documents/destroyer_ws/install/state_machine/share/colcon-core/packages/state_machine)
[0.910s] Level 1:colcon.colcon_core.environment:checking '/home/alumno1/Documents/destroyer_ws/install/mappeate_y_ubicate' for CMake module files
[0.910s] DEBUG:colcon.colcon_core.event_handler.log_command:Invoked command in '/home/alumno1/Documents/destroyer_ws/src/mappeate_y_ubicate' returned '0': PYTHONPATH=/home/alumno1/Documents/destroyer_ws/build/mappeate_y_ubicate/prefix_override:/usr/lib/python3/dist-packages/colcon_core/task/python/colcon_distutils_commands:/home/alumno1/Documents/destroyer_ws/install/mappeate_y_ubicate/lib/python3.10/site-packages:${PYTHONPATH} /usr/bin/python3 -W ignore:setup.py install is deprecated -W ignore:easy_install command is deprecated setup.py egg_info --egg-base ../../build/mappeate_y_ubicate build --build-base /home/alumno1/Documents/destroyer_ws/build/mappeate_y_ubicate/build install --record /home/alumno1/Documents/destroyer_ws/build/mappeate_y_ubicate/install.log --single-version-externally-managed install_data
[0.910s] Level 1:colcon.colcon_core.environment:checking '/home/alumno1/Documents/destroyer_ws/install/mappeate_y_ubicate' for CMake config files
[0.911s] Level 1:colcon.colcon_core.environment:checking '/home/alumno1/Documents/destroyer_ws/install/mappeate_y_ubicate/lib'
[0.911s] Level 1:colcon.colcon_core.environment:checking '/home/alumno1/Documents/destroyer_ws/install/mappeate_y_ubicate/bin'
[0.911s] Level 1:colcon.colcon_core.environment:checking '/home/alumno1/Documents/destroyer_ws/install/mappeate_y_ubicate/lib/pkgconfig/mappeate_y_ubicate.pc'
[0.911s] Level 1:colcon.colcon_core.environment:checking '/home/alumno1/Documents/destroyer_ws/install/mappeate_y_ubicate/lib/python3.10/site-packages'
[0.911s] Level 1:colcon.colcon_core.shell:create_environment_hook('mappeate_y_ubicate', 'pythonpath')
[0.911s] INFO:colcon.colcon_core.shell:Creating environment hook '/home/alumno1/Documents/destroyer_ws/install/mappeate_y_ubicate/share/mappeate_y_ubicate/hook/pythonpath.ps1'
[0.912s] INFO:colcon.colcon_core.shell:Creating environment descriptor '/home/alumno1/Documents/destroyer_ws/install/mappeate_y_ubicate/share/mappeate_y_ubicate/hook/pythonpath.dsv'
[0.912s] INFO:colcon.colcon_core.shell:Creating environment hook '/home/alumno1/Documents/destroyer_ws/install/mappeate_y_ubicate/share/mappeate_y_ubicate/hook/pythonpath.sh'
[0.912s] Level 1:colcon.colcon_core.environment:checking '/home/alumno1/Documents/destroyer_ws/install/mappeate_y_ubicate/bin'
[0.912s] Level 1:colcon.colcon_core.environment:create_environment_scripts_only(mappeate_y_ubicate)
[0.912s] INFO:colcon.colcon_core.shell:Creating package script '/home/alumno1/Documents/destroyer_ws/install/mappeate_y_ubicate/share/mappeate_y_ubicate/package.ps1'
[0.913s] INFO:colcon.colcon_core.shell:Creating package descriptor '/home/alumno1/Documents/destroyer_ws/install/mappeate_y_ubicate/share/mappeate_y_ubicate/package.dsv'
[0.913s] INFO:colcon.colcon_core.shell:Creating package script '/home/alumno1/Documents/destroyer_ws/install/mappeate_y_ubicate/share/mappeate_y_ubicate/package.sh'
[0.913s] INFO:colcon.colcon_core.shell:Creating package script '/home/alumno1/Documents/destroyer_ws/install/mappeate_y_ubicate/share/mappeate_y_ubicate/package.bash'
[0.914s] INFO:colcon.colcon_core.shell:Creating package script '/home/alumno1/Documents/destroyer_ws/install/mappeate_y_ubicate/share/mappeate_y_ubicate/package.zsh'
[0.914s] Level 1:colcon.colcon_core.environment:create_file_with_runtime_dependencies(/home/alumno1/Documents/destroyer_ws/install/mappeate_y_ubicate/share/colcon-core/packages/mappeate_y_ubicate)
[0.932s] DEBUG:colcon.colcon_core.event_handler.log_command:Invoking command in '/home/alumno1/Documents/destroyer_ws/src/tools': CMAKE_PREFIX_PATH=/home/alumno1/Documents/destroyer_ws/install/custom_msgs:/home/alumno1/Documents/destroyer_ws/install/turtlebot3_custom_simulation:/home/alumno1/Documents/destroyer_ws/install/grid_fastslam:/home/alumno1/turtlebot3_ws/install/turtlebot3:/home/alumno1/turtlebot3_ws/install/turtlebot3_simulations:/home/alumno1/turtlebot3_ws/install/turtlebot3_bringup:/home/alumno1/turtlebot3_ws/install/turtlebot3_node:/home/alumno1/turtlebot3_ws/install/turtlebot3_navigation2:/home/alumno1/turtlebot3_ws/install/turtlebot3_fake_node:/home/alumno1/turtlebot3_ws/install/turtlebot3_custom_simulation:/home/alumno1/turtlebot3_ws/install/turtlebot3_msgs:/home/alumno1/turtlebot3_ws/install/turtlebot3_gazebo:/home/alumno1/turtlebot3_ws/install/turtlebot3_description:/home/alumno1/turtlebot3_ws/install/turtlebot3_cartographer:/home/alumno1/turtlebot3_ws/install/dynamixel_sdk_examples:/home/alumno1/turtlebot3_ws/install/dynamixel_sdk_custom_interfaces:/home/alumno1/turtlebot3_ws/install/dynamixel_sdk LD_LIBRARY_PATH=/home/alumno1/Documents/destroyer_ws/install/custom_msgs/lib:/home/alumno1/turtlebot3_ws/install/turtlebot3_msgs/lib:/home/alumno1/turtlebot3_ws/install/dynamixel_sdk_custom_interfaces/lib:/home/alumno1/turtlebot3_ws/install/dynamixel_sdk/lib:/usr/lib/x86_64-linux-gnu/gazebo-11/plugins:/opt/ros/humble/opt/rviz_ogre_vendor/lib:/opt/ros/humble/lib/x86_64-linux-gnu:/opt/ros/humble/lib:/usr/lib/x86_64-linux-gnu/gazebo-11/plugins PYTHONPATH=/home/alumno1/Documents/destroyer_ws/build/tools/prefix_override:/usr/lib/python3/dist-packages/colcon_core/task/python/colcon_distutils_commands:/home/alumno1/Documents/destroyer_ws/install/tools/lib/python3.10/site-packages:${PYTHONPATH} /usr/bin/python3 -W ignore:setup.py install is deprecated -W ignore:easy_install command is deprecated setup.py egg_info --egg-base ../../build/tools build --build-base /home/alumno1/Documents/destroyer_ws/build/tools/build install --record /home/alumno1/Documents/destroyer_ws/build/tools/install.log --single-version-externally-managed install_data
[1.096s] Level 1:colcon.colcon_core.environment:checking '/home/alumno1/Documents/destroyer_ws/install/tools' for CMake module files
[1.097s] DEBUG:colcon.colcon_core.event_handler.log_command:Invoked command in '/home/alumno1/Documents/destroyer_ws/src/tools' returned '0': CMAKE_PREFIX_PATH=/home/alumno1/Documents/destroyer_ws/install/custom_msgs:/home/alumno1/Documents/destroyer_ws/install/turtlebot3_custom_simulation:/home/alumno1/Documents/destroyer_ws/install/grid_fastslam:/home/alumno1/turtlebot3_ws/install/turtlebot3:/home/alumno1/turtlebot3_ws/install/turtlebot3_simulations:/home/alumno1/turtlebot3_ws/install/turtlebot3_bringup:/home/alumno1/turtlebot3_ws/install/turtlebot3_node:/home/alumno1/turtlebot3_ws/install/turtlebot3_navigation2:/home/alumno1/turtlebot3_ws/install/turtlebot3_fake_node:/home/alumno1/turtlebot3_ws/install/turtlebot3_custom_simulation:/home/alumno1/turtlebot3_ws/install/turtlebot3_msgs:/home/alumno1/turtlebot3_ws/install/turtlebot3_gazebo:/home/alumno1/turtlebot3_ws/install/turtlebot3_description:/home/alumno1/turtlebot3_ws/install/turtlebot3_cartographer:/home/alumno1/turtlebot3_ws/install/dynamixel_sdk_examples:/home/alumno1/turtlebot3_ws/install/dynamixel_sdk_custom_interfaces:/home/alumno1/turtlebot3_ws/install/dynamixel_sdk LD_LIBRARY_PATH=/home/alumno1/Documents/destroyer_ws/install/custom_msgs/lib:/home/alumno1/turtlebot3_ws/install/turtlebot3_msgs/lib:/home/alumno1/turtlebot3_ws/install/dynamixel_sdk_custom_interfaces/lib:/home/alumno1/turtlebot3_ws/install/dynamixel_sdk/lib:/usr/lib/x86_64-linux-gnu/gazebo-11/plugins:/opt/ros/humble/opt/rviz_ogre_vendor/lib:/opt/ros/humble/lib/x86_64-linux-gnu:/opt/ros/humble/lib:/usr/lib/x86_64-linux-gnu/gazebo-11/plugins PYTHONPATH=/home/alumno1/Documents/destroyer_ws/build/tools/prefix_override:/usr/lib/python3/dist-packages/colcon_core/task/python/colcon_distutils_commands:/home/alumno1/Documents/destroyer_ws/install/tools/lib/python3.10/site-packages:${PYTHONPATH} /usr/bin/python3 -W ignore:setup.py install is deprecated -W ignore:easy_install command is deprecated setup.py egg_info --egg-base ../../build/tools build --build-base /home/alumno1/Documents/destroyer_ws/build/tools/build install --record /home/alumno1/Documents/destroyer_ws/build/tools/install.log --single-version-externally-managed install_data
[1.097s] Level 1:colcon.colcon_core.environment:checking '/home/alumno1/Documents/destroyer_ws/install/tools' for CMake config files
[1.097s] Level 1:colcon.colcon_core.environment:checking '/home/alumno1/Documents/destroyer_ws/install/tools/lib'
[1.097s] Level 1:colcon.colcon_core.environment:checking '/home/alumno1/Documents/destroyer_ws/install/tools/bin'
[1.097s] Level 1:colcon.colcon_core.environment:checking '/home/alumno1/Documents/destroyer_ws/install/tools/lib/pkgconfig/tools.pc'
[1.097s] Level 1:colcon.colcon_core.environment:checking '/home/alumno1/Documents/destroyer_ws/install/tools/lib/python3.10/site-packages'
[1.097s] Level 1:colcon.colcon_core.shell:create_environment_hook('tools', 'pythonpath')
[1.098s] INFO:colcon.colcon_core.shell:Creating environment hook '/home/alumno1/Documents/destroyer_ws/install/tools/share/tools/hook/pythonpath.ps1'
[1.098s] INFO:colcon.colcon_core.shell:Creating environment descriptor '/home/alumno1/Documents/destroyer_ws/install/tools/share/tools/hook/pythonpath.dsv'
[1.098s] INFO:colcon.colcon_core.shell:Creating environment hook '/home/alumno1/Documents/destroyer_ws/install/tools/share/tools/hook/pythonpath.sh'
[1.098s] Level 1:colcon.colcon_core.environment:checking '/home/alumno1/Documents/destroyer_ws/install/tools/bin'
[1.098s] Level 1:colcon.colcon_core.environment:create_environment_scripts_only(tools)
[1.098s] INFO:colcon.colcon_core.shell:Creating package script '/home/alumno1/Documents/destroyer_ws/install/tools/share/tools/package.ps1'
[1.099s] INFO:colcon.colcon_core.shell:Creating package descriptor '/home/alumno1/Documents/destroyer_ws/install/tools/share/tools/package.dsv'
[1.099s] INFO:colcon.colcon_core.shell:Creating package script '/home/alumno1/Documents/destroyer_ws/install/tools/share/tools/package.sh'
[1.099s] INFO:colcon.colcon_core.shell:Creating package script '/home/alumno1/Documents/destroyer_ws/install/tools/share/tools/package.bash'
[1.099s] INFO:colcon.colcon_core.shell:Creating package script '/home/alumno1/Documents/destroyer_ws/install/tools/share/tools/package.zsh'
[1.099s] Level 1:colcon.colcon_core.environment:create_file_with_runtime_dependencies(/home/alumno1/Documents/destroyer_ws/install/tools/share/colcon-core/packages/tools)
[1.099s] DEBUG:colcon.colcon_parallel_executor.executor.parallel:closing loop
[1.099s] DEBUG:colcon.colcon_parallel_executor.executor.parallel:loop closed
[1.099s] DEBUG:colcon.colcon_parallel_executor.executor.parallel:run_until_complete finished with '0'
[1.099s] DEBUG:colcon.colcon_core.event_reactor:joining thread
[1.104s] INFO:colcon.colcon_core.plugin_system:Skipping extension 'colcon_notification.desktop_notification.terminal_notifier': Not used on non-Darwin systems
[1.104s] INFO:colcon.colcon_core.plugin_system:Skipping extension 'colcon_notification.desktop_notification.win32': Not used on non-Windows systems
[1.104s] INFO:colcon.colcon_notification.desktop_notification:Sending desktop notification using 'notify2'
[1.115s] DEBUG:colcon.colcon_core.event_reactor:joined thread
[1.116s] INFO:colcon.colcon_core.shell:Creating prefix script '/home/alumno1/Documents/destroyer_ws/install/local_setup.ps1'
[1.116s] INFO:colcon.colcon_core.shell:Creating prefix util module '/home/alumno1/Documents/destroyer_ws/install/_local_setup_util_ps1.py'
[1.117s] INFO:colcon.colcon_core.shell:Creating prefix chain script '/home/alumno1/Documents/destroyer_ws/install/setup.ps1'
[1.117s] INFO:colcon.colcon_core.shell:Creating prefix script '/home/alumno1/Documents/destroyer_ws/install/local_setup.sh'
[1.117s] INFO:colcon.colcon_core.shell:Creating prefix util module '/home/alumno1/Documents/destroyer_ws/install/_local_setup_util_sh.py'
[1.118s] INFO:colcon.colcon_core.shell:Creating prefix chain script '/home/alumno1/Documents/destroyer_ws/install/setup.sh'
[1.118s] INFO:colcon.colcon_core.shell:Creating prefix script '/home/alumno1/Documents/destroyer_ws/install/local_setup.bash'
[1.119s] INFO:colcon.colcon_core.shell:Creating prefix chain script '/home/alumno1/Documents/destroyer_ws/install/setup.bash'
[1.119s] INFO:colcon.colcon_core.shell:Creating prefix script '/home/alumno1/Documents/destroyer_ws/install/local_setup.zsh'
[1.119s] INFO:colcon.colcon_core.shell:Creating prefix chain script '/home/alumno1/Documents/destroyer_ws/install/setup.zsh'
