[0.637s] Invoking command in '/home/juan/Documents/fundamentos_robotica/destroyer_ws/src/tools': AMENT_PREFIX_PATH=/home/juan/Documents/fundamentos_robotica/destroyer_ws/install/custom_msgs:${AMENT_PREFIX_PATH} CMAKE_PREFIX_PATH=/home/juan/Documents/fundamentos_robotica/destroyer_ws/install/custom_msgs:${CMAKE_PREFIX_PATH} LD_LIBRARY_PATH=/home/juan/Documents/fundamentos_robotica/destroyer_ws/install/custom_msgs/lib:/home/juan/Documents/fundamentos_robotica/ws/install/custom_msgs/lib:/usr/lib/x86_64-linux-gnu/gazebo-11/plugins:/opt/ros/humble/opt/rviz_ogre_vendor/lib:/opt/ros/humble/lib/x86_64-linux-gnu:/opt/ros/humble/lib:/usr/lib/x86_64-linux-gnu/gazebo-11/plugins PYTHONPATH=/home/juan/Documents/fundamentos_robotica/destroyer_ws/build/tools/prefix_override:/usr/lib/python3/dist-packages/colcon_core/task/python/colcon_distutils_commands:/home/juan/Documents/fundamentos_robotica/destroyer_ws/install/tools/lib/python3.10/site-packages:/home/juan/Documents/fundamentos_robotica/destroyer_ws/install/custom_msgs/local/lib/python3.10/dist-packages:${PYTHONPATH} /usr/bin/python3 -W ignore:setup.py install is deprecated -W ignore:easy_install command is deprecated setup.py egg_info --egg-base ../../build/tools build --build-base /home/juan/Documents/fundamentos_robotica/destroyer_ws/build/tools/build install --record /home/juan/Documents/fundamentos_robotica/destroyer_ws/build/tools/install.log --single-version-externally-managed install_data
[0.850s] running egg_info
[0.850s] writing ../../build/tools/tools.egg-info/PKG-INFO
[0.851s] writing dependency_links to ../../build/tools/tools.egg-info/dependency_links.txt
[0.851s] writing entry points to ../../build/tools/tools.egg-info/entry_points.txt
[0.851s] writing requirements to ../../build/tools/tools.egg-info/requires.txt
[0.851s] writing top-level names to ../../build/tools/tools.egg-info/top_level.txt
[0.853s] reading manifest file '../../build/tools/tools.egg-info/SOURCES.txt'
[0.853s] adding license file 'LICENSE'
[0.854s] writing manifest file '../../build/tools/tools.egg-info/SOURCES.txt'
[0.854s] running build
[0.854s] running build_py
[0.854s] running install
[0.855s] running install_lib
[0.856s] running install_data
[0.856s] running install_egg_info
[0.858s] removing '/home/juan/Documents/fundamentos_robotica/destroyer_ws/install/tools/lib/python3.10/site-packages/tools-0.0.0-py3.10.egg-info' (and everything under it)
[0.858s] Copying ../../build/tools/tools.egg-info to /home/juan/Documents/fundamentos_robotica/destroyer_ws/install/tools/lib/python3.10/site-packages/tools-0.0.0-py3.10.egg-info
[0.859s] running install_scripts
[0.877s] Installing delta_odom script to /home/juan/Documents/fundamentos_robotica/destroyer_ws/install/tools/lib/tools
[0.877s] Installing map_saver script to /home/juan/Documents/fundamentos_robotica/destroyer_ws/install/tools/lib/tools
[0.877s] writing list of installed files to '/home/juan/Documents/fundamentos_robotica/destroyer_ws/build/tools/install.log'
[0.907s] Invoked command in '/home/juan/Documents/fundamentos_robotica/destroyer_ws/src/tools' returned '0': AMENT_PREFIX_PATH=/home/juan/Documents/fundamentos_robotica/destroyer_ws/install/custom_msgs:${AMENT_PREFIX_PATH} CMAKE_PREFIX_PATH=/home/juan/Documents/fundamentos_robotica/destroyer_ws/install/custom_msgs:${CMAKE_PREFIX_PATH} LD_LIBRARY_PATH=/home/juan/Documents/fundamentos_robotica/destroyer_ws/install/custom_msgs/lib:/home/juan/Documents/fundamentos_robotica/ws/install/custom_msgs/lib:/usr/lib/x86_64-linux-gnu/gazebo-11/plugins:/opt/ros/humble/opt/rviz_ogre_vendor/lib:/opt/ros/humble/lib/x86_64-linux-gnu:/opt/ros/humble/lib:/usr/lib/x86_64-linux-gnu/gazebo-11/plugins PYTHONPATH=/home/juan/Documents/fundamentos_robotica/destroyer_ws/build/tools/prefix_override:/usr/lib/python3/dist-packages/colcon_core/task/python/colcon_distutils_commands:/home/juan/Documents/fundamentos_robotica/destroyer_ws/install/tools/lib/python3.10/site-packages:/home/juan/Documents/fundamentos_robotica/destroyer_ws/install/custom_msgs/local/lib/python3.10/dist-packages:${PYTHONPATH} /usr/bin/python3 -W ignore:setup.py install is deprecated -W ignore:easy_install command is deprecated setup.py egg_info --egg-base ../../build/tools build --build-base /home/juan/Documents/fundamentos_robotica/destroyer_ws/build/tools/build install --record /home/juan/Documents/fundamentos_robotica/destroyer_ws/build/tools/install.log --single-version-externally-managed install_data
