[0.020s] Invoking command in '/home/juan/Documents/fundamentos_robotica/destroyer_ws/build/custom_msgs': CMAKE_PREFIX_PATH=${CMAKE_PREFIX_PATH}:/home/juan/Documents/fundamentos_robotica/ws/install/ubicate_nene:/home/juan/Documents/fundamentos_robotica/ws/install/paquete1:/home/juan/Documents/fundamentos_robotica/ws/install/no_te_choques:/home/juan/Documents/fundamentos_robotica/ws/install/custom_code:/opt/ros/humble /usr/bin/cmake /home/juan/Documents/fundamentos_robotica/destroyer_ws/src/custom_msgs -DCMAKE_INSTALL_PREFIX=/home/juan/Documents/fundamentos_robotica/destroyer_ws/install/custom_msgs
[0.257s] -- The C compiler identification is GNU 11.4.0
[0.277s] -- The CXX compiler identification is GNU 11.4.0
[0.287s] -- Detecting C compiler ABI info
[0.376s] -- Detecting C compiler ABI info - done
[0.384s] -- Check for working C compiler: /usr/bin/cc - skipped
[0.384s] -- Detecting C compile features
[0.385s] -- Detecting C compile features - done
[0.388s] -- Detecting CXX compiler ABI info
[0.483s] -- Detecting CXX compiler ABI info - done
[0.494s] -- Check for working CXX compiler: /usr/bin/c++ - skipped
[0.494s] -- Detecting CXX compile features
[0.495s] -- Detecting CXX compile features - done
[0.504s] -- Found ament_cmake: 1.3.12 (/opt/ros/humble/share/ament_cmake/cmake)
[0.667s] -- Found Python3: /usr/bin/python3 (found version "3.10.12") found components: Interpreter 
[0.803s] -- Found geometry_msgs: 4.9.0 (/opt/ros/humble/share/geometry_msgs/cmake)
[0.866s] -- Found rosidl_generator_c: 3.1.7 (/opt/ros/humble/share/rosidl_generator_c/cmake)
[0.875s] -- Found rosidl_adapter: 3.1.7 (/opt/ros/humble/share/rosidl_adapter/cmake)
[0.888s] -- Found rosidl_generator_cpp: 3.1.7 (/opt/ros/humble/share/rosidl_generator_cpp/cmake)
[0.907s] -- Using all available rosidl_typesupport_c: rosidl_typesupport_fastrtps_c;rosidl_typesupport_introspection_c
[0.930s] -- Using all available rosidl_typesupport_cpp: rosidl_typesupport_fastrtps_cpp;rosidl_typesupport_introspection_cpp
[0.979s] -- Found rosidl_default_generators: 1.2.0 (/opt/ros/humble/share/rosidl_default_generators/cmake)
[0.994s] -- Found ament_lint_auto: 0.12.14 (/opt/ros/humble/share/ament_lint_auto/cmake)
[1.298s] -- Found ament_cmake_ros: 0.10.0 (/opt/ros/humble/share/ament_cmake_ros/cmake)
[1.718s] -- Using all available rosidl_typesupport_c: rosidl_typesupport_fastrtps_c;rosidl_typesupport_introspection_c
[1.878s] -- Using all available rosidl_typesupport_cpp: rosidl_typesupport_fastrtps_cpp;rosidl_typesupport_introspection_cpp
[1.902s] -- Found PythonInterp: /usr/bin/python3 (found suitable version "3.10.12", minimum required is "3.6") 
[1.905s] -- Found python_cmake_module: 0.10.0 (/opt/ros/humble/share/python_cmake_module/cmake)
[1.936s] -- Found PythonLibs: /usr/lib/x86_64-linux-gnu/libpython3.10.so (found suitable version "3.10.12", minimum required is "3.5") 
[1.936s] -- Using PYTHON_EXECUTABLE: /usr/bin/python3
[1.936s] -- Using PYTHON_INCLUDE_DIRS: /usr/include/python3.10
[1.936s] -- Using PYTHON_LIBRARIES: /usr/lib/x86_64-linux-gnu/libpython3.10.so
[1.958s] -- Found PythonExtra: .so  
[2.021s] -- Added test 'lint_cmake' to check CMake code style
[2.022s] -- Added test 'xmllint' to check XML markup files
[2.030s] -- Configuring done
[2.066s] -- Generating done
[2.077s] -- Build files have been written to: /home/juan/Documents/fundamentos_robotica/destroyer_ws/build/custom_msgs
[2.087s] Invoked command in '/home/juan/Documents/fundamentos_robotica/destroyer_ws/build/custom_msgs' returned '0': CMAKE_PREFIX_PATH=${CMAKE_PREFIX_PATH}:/home/juan/Documents/fundamentos_robotica/ws/install/ubicate_nene:/home/juan/Documents/fundamentos_robotica/ws/install/paquete1:/home/juan/Documents/fundamentos_robotica/ws/install/no_te_choques:/home/juan/Documents/fundamentos_robotica/ws/install/custom_code:/opt/ros/humble /usr/bin/cmake /home/juan/Documents/fundamentos_robotica/destroyer_ws/src/custom_msgs -DCMAKE_INSTALL_PREFIX=/home/juan/Documents/fundamentos_robotica/destroyer_ws/install/custom_msgs
[2.089s] Invoking command in '/home/juan/Documents/fundamentos_robotica/destroyer_ws/build/custom_msgs': CMAKE_PREFIX_PATH=${CMAKE_PREFIX_PATH}:/home/juan/Documents/fundamentos_robotica/ws/install/ubicate_nene:/home/juan/Documents/fundamentos_robotica/ws/install/paquete1:/home/juan/Documents/fundamentos_robotica/ws/install/no_te_choques:/home/juan/Documents/fundamentos_robotica/ws/install/custom_code:/opt/ros/humble /usr/bin/cmake --build /home/juan/Documents/fundamentos_robotica/destroyer_ws/build/custom_msgs -- -j12 -l12
[2.137s] [  2%] [34m[1mGenerating C code for ROS interfaces[0m
[2.149s] [  5%] [34m[1mGenerating C++ code for ROS interfaces[0m
[2.158s] [  5%] Built target ament_cmake_python_copy_custom_msgs
[2.408s] running egg_info
[2.408s] creating custom_msgs.egg-info
[2.409s] writing custom_msgs.egg-info/PKG-INFO
[2.409s] writing dependency_links to custom_msgs.egg-info/dependency_links.txt
[2.409s] writing top-level names to custom_msgs.egg-info/top_level.txt
[2.410s] writing manifest file 'custom_msgs.egg-info/SOURCES.txt'
[2.412s] reading manifest file 'custom_msgs.egg-info/SOURCES.txt'
[2.419s] writing manifest file 'custom_msgs.egg-info/SOURCES.txt'
[2.451s] [  5%] Built target custom_msgs__cpp
[2.454s] [  7%] [32mBuilding C object CMakeFiles/custom_msgs__rosidl_generator_c.dir/rosidl_generator_c/custom_msgs/msg/detail/delta_odom__functions.c.o[0m
[2.456s] [ 10%] [32mBuilding C object CMakeFiles/custom_msgs__rosidl_generator_c.dir/rosidl_generator_c/custom_msgs/msg/detail/belief__functions.c.o[0m
[2.467s] [ 17%] [34m[1mGenerating C++ introspection for ROS interfaces[0m
[2.467s] [ 17%] [34m[1mGenerating C++ type support for eProsima Fast-RTPS[0m
[2.467s] [ 17%] [34m[1mGenerating C++ type support dispatch for ROS interfaces[0m
[2.472s] [ 17%] Built target ament_cmake_python_build_custom_msgs_egg
[2.523s] [ 20%] [32m[1mLinking C shared library libcustom_msgs__rosidl_generator_c.so[0m
[2.576s] [ 20%] Built target custom_msgs__rosidl_generator_c
[2.591s] [ 23%] [34m[1mGenerating C type support for eProsima Fast-RTPS[0m
[2.591s] [ 25%] [34m[1mGenerating C introspection for ROS interfaces[0m
[2.596s] [ 28%] [34m[1mGenerating C type support dispatch for ROS interfaces[0m
[2.752s] [ 30%] [32mBuilding CXX object CMakeFiles/custom_msgs__rosidl_typesupport_cpp.dir/rosidl_typesupport_cpp/custom_msgs/msg/delta_odom__type_support.cpp.o[0m
[2.755s] [ 33%] [32mBuilding CXX object CMakeFiles/custom_msgs__rosidl_typesupport_cpp.dir/rosidl_typesupport_cpp/custom_msgs/msg/belief__type_support.cpp.o[0m
[2.799s] [ 38%] [32mBuilding CXX object CMakeFiles/custom_msgs__rosidl_typesupport_introspection_cpp.dir/rosidl_typesupport_introspection_cpp/custom_msgs/msg/detail/belief__type_support.cpp.o[0m
[2.799s] [ 38%] [32mBuilding CXX object CMakeFiles/custom_msgs__rosidl_typesupport_introspection_cpp.dir/rosidl_typesupport_introspection_cpp/custom_msgs/msg/detail/delta_odom__type_support.cpp.o[0m
[2.842s] [ 43%] [32mBuilding CXX object CMakeFiles/custom_msgs__rosidl_typesupport_fastrtps_cpp.dir/rosidl_typesupport_fastrtps_cpp/custom_msgs/msg/detail/dds_fastrtps/delta_odom__type_support.cpp.o[0m
[2.842s] [ 43%] [32mBuilding CXX object CMakeFiles/custom_msgs__rosidl_typesupport_fastrtps_cpp.dir/rosidl_typesupport_fastrtps_cpp/custom_msgs/msg/detail/dds_fastrtps/belief__type_support.cpp.o[0m
[2.941s] [ 46%] [32mBuilding CXX object CMakeFiles/custom_msgs__rosidl_typesupport_c.dir/rosidl_typesupport_c/custom_msgs/msg/belief__type_support.cpp.o[0m
[2.943s] [ 48%] [32mBuilding CXX object CMakeFiles/custom_msgs__rosidl_typesupport_c.dir/rosidl_typesupport_c/custom_msgs/msg/delta_odom__type_support.cpp.o[0m
[2.974s] [ 53%] [32mBuilding C object CMakeFiles/custom_msgs__rosidl_typesupport_introspection_c.dir/rosidl_typesupport_introspection_c/custom_msgs/msg/detail/belief__type_support.c.o[0m
[2.974s] [ 53%] [32mBuilding C object CMakeFiles/custom_msgs__rosidl_typesupport_introspection_c.dir/rosidl_typesupport_introspection_c/custom_msgs/msg/detail/delta_odom__type_support.c.o[0m
[3.003s] [ 56%] [32m[1mLinking CXX shared library libcustom_msgs__rosidl_typesupport_c.so[0m
[3.036s] [ 58%] [32m[1mLinking C shared library libcustom_msgs__rosidl_typesupport_introspection_c.so[0m
[3.090s] [ 58%] Built target custom_msgs__rosidl_typesupport_c
[3.106s] [ 58%] Built target custom_msgs__rosidl_typesupport_introspection_c
[3.122s] [ 64%] [32mBuilding CXX object CMakeFiles/custom_msgs__rosidl_typesupport_fastrtps_c.dir/rosidl_typesupport_fastrtps_c/custom_msgs/msg/detail/belief__type_support_c.cpp.o[0m
[3.122s] [ 64%] [32mBuilding CXX object CMakeFiles/custom_msgs__rosidl_typesupport_fastrtps_c.dir/rosidl_typesupport_fastrtps_c/custom_msgs/msg/detail/delta_odom__type_support_c.cpp.o[0m
[3.187s] [ 66%] [32m[1mLinking CXX shared library libcustom_msgs__rosidl_typesupport_cpp.so[0m
[3.264s] [ 66%] Built target custom_msgs__rosidl_typesupport_cpp
[3.340s] [ 69%] [32m[1mLinking CXX shared library libcustom_msgs__rosidl_typesupport_introspection_cpp.so[0m
[3.411s] [ 71%] [32m[1mLinking CXX shared library libcustom_msgs__rosidl_typesupport_fastrtps_cpp.so[0m
[3.465s] [ 71%] Built target custom_msgs__rosidl_typesupport_introspection_cpp
[3.494s] [ 74%] [32m[1mLinking CXX shared library libcustom_msgs__rosidl_typesupport_fastrtps_c.so[0m
[3.527s] [ 74%] Built target custom_msgs__rosidl_typesupport_fastrtps_cpp
[3.602s] [ 74%] Built target custom_msgs__rosidl_typesupport_fastrtps_c
[3.627s] [ 74%] Built target custom_msgs
[3.653s] [ 76%] [34m[1mGenerating Python code for ROS interfaces[0m
[3.996s] [ 76%] Built target custom_msgs__py
[4.021s] [ 82%] [32mBuilding C object CMakeFiles/custom_msgs__rosidl_generator_py.dir/rosidl_generator_py/custom_msgs/msg/_belief_s.c.o[0m
[4.021s] [ 82%] [32mBuilding C object CMakeFiles/custom_msgs__rosidl_generator_py.dir/rosidl_generator_py/custom_msgs/msg/_delta_odom_s.c.o[0m
[4.141s] [ 84%] [32m[1mLinking C shared library rosidl_generator_py/custom_msgs/libcustom_msgs__rosidl_generator_py.so[0m
[4.191s] [ 84%] Built target custom_msgs__rosidl_generator_py
[4.214s] [ 89%] [32mBuilding C object CMakeFiles/custom_msgs__rosidl_typesupport_introspection_c__pyext.dir/rosidl_generator_py/custom_msgs/_custom_msgs_s.ep.rosidl_typesupport_introspection_c.c.o[0m
[4.214s] [ 89%] [32mBuilding C object CMakeFiles/custom_msgs__rosidl_typesupport_fastrtps_c__pyext.dir/rosidl_generator_py/custom_msgs/_custom_msgs_s.ep.rosidl_typesupport_fastrtps_c.c.o[0m
[4.216s] [ 92%] [32mBuilding C object CMakeFiles/custom_msgs__rosidl_typesupport_c__pyext.dir/rosidl_generator_py/custom_msgs/_custom_msgs_s.ep.rosidl_typesupport_c.c.o[0m
[4.314s] [ 97%] [32m[1mLinking C shared library rosidl_generator_py/custom_msgs/custom_msgs_s__rosidl_typesupport_introspection_c.cpython-310-x86_64-linux-gnu.so[0m
[4.314s] [ 97%] [32m[1mLinking C shared library rosidl_generator_py/custom_msgs/custom_msgs_s__rosidl_typesupport_fastrtps_c.cpython-310-x86_64-linux-gnu.so[0m
[4.318s] [100%] [32m[1mLinking C shared library rosidl_generator_py/custom_msgs/custom_msgs_s__rosidl_typesupport_c.cpython-310-x86_64-linux-gnu.so[0m
[4.359s] [100%] Built target custom_msgs__rosidl_typesupport_fastrtps_c__pyext
[4.359s] [100%] Built target custom_msgs__rosidl_typesupport_introspection_c__pyext
[4.365s] [100%] Built target custom_msgs__rosidl_typesupport_c__pyext
[4.382s] Invoked command in '/home/juan/Documents/fundamentos_robotica/destroyer_ws/build/custom_msgs' returned '0': CMAKE_PREFIX_PATH=${CMAKE_PREFIX_PATH}:/home/juan/Documents/fundamentos_robotica/ws/install/ubicate_nene:/home/juan/Documents/fundamentos_robotica/ws/install/paquete1:/home/juan/Documents/fundamentos_robotica/ws/install/no_te_choques:/home/juan/Documents/fundamentos_robotica/ws/install/custom_code:/opt/ros/humble /usr/bin/cmake --build /home/juan/Documents/fundamentos_robotica/destroyer_ws/build/custom_msgs -- -j12 -l12
[4.394s] Invoking command in '/home/juan/Documents/fundamentos_robotica/destroyer_ws/build/custom_msgs': CMAKE_PREFIX_PATH=${CMAKE_PREFIX_PATH}:/home/juan/Documents/fundamentos_robotica/ws/install/ubicate_nene:/home/juan/Documents/fundamentos_robotica/ws/install/paquete1:/home/juan/Documents/fundamentos_robotica/ws/install/no_te_choques:/home/juan/Documents/fundamentos_robotica/ws/install/custom_code:/opt/ros/humble /usr/bin/cmake --install /home/juan/Documents/fundamentos_robotica/destroyer_ws/build/custom_msgs
[4.402s] -- Install configuration: ""
[4.402s] -- Installing: /home/juan/Documents/fundamentos_robotica/destroyer_ws/install/custom_msgs/share/ament_index/resource_index/rosidl_interfaces/custom_msgs
[4.402s] -- Installing: /home/juan/Documents/fundamentos_robotica/destroyer_ws/install/custom_msgs/include/custom_msgs/custom_msgs
[4.402s] -- Installing: /home/juan/Documents/fundamentos_robotica/destroyer_ws/install/custom_msgs/include/custom_msgs/custom_msgs/msg
[4.403s] -- Installing: /home/juan/Documents/fundamentos_robotica/destroyer_ws/install/custom_msgs/include/custom_msgs/custom_msgs/msg/belief.h
[4.403s] -- Installing: /home/juan/Documents/fundamentos_robotica/destroyer_ws/install/custom_msgs/include/custom_msgs/custom_msgs/msg/detail
[4.403s] -- Installing: /home/juan/Documents/fundamentos_robotica/destroyer_ws/install/custom_msgs/include/custom_msgs/custom_msgs/msg/detail/belief__type_support.h
[4.403s] -- Installing: /home/juan/Documents/fundamentos_robotica/destroyer_ws/install/custom_msgs/include/custom_msgs/custom_msgs/msg/detail/belief__struct.h
[4.403s] -- Installing: /home/juan/Documents/fundamentos_robotica/destroyer_ws/install/custom_msgs/include/custom_msgs/custom_msgs/msg/detail/delta_odom__struct.h
[4.403s] -- Installing: /home/juan/Documents/fundamentos_robotica/destroyer_ws/install/custom_msgs/include/custom_msgs/custom_msgs/msg/detail/delta_odom__functions.h
[4.403s] -- Installing: /home/juan/Documents/fundamentos_robotica/destroyer_ws/install/custom_msgs/include/custom_msgs/custom_msgs/msg/detail/belief__functions.c
[4.403s] -- Installing: /home/juan/Documents/fundamentos_robotica/destroyer_ws/install/custom_msgs/include/custom_msgs/custom_msgs/msg/detail/delta_odom__functions.c
[4.404s] -- Installing: /home/juan/Documents/fundamentos_robotica/destroyer_ws/install/custom_msgs/include/custom_msgs/custom_msgs/msg/detail/delta_odom__type_support.h
[4.404s] -- Installing: /home/juan/Documents/fundamentos_robotica/destroyer_ws/install/custom_msgs/include/custom_msgs/custom_msgs/msg/detail/belief__functions.h
[4.404s] -- Installing: /home/juan/Documents/fundamentos_robotica/destroyer_ws/install/custom_msgs/include/custom_msgs/custom_msgs/msg/rosidl_generator_c__visibility_control.h
[4.404s] -- Installing: /home/juan/Documents/fundamentos_robotica/destroyer_ws/install/custom_msgs/include/custom_msgs/custom_msgs/msg/delta_odom.h
[4.404s] -- Installing: /home/juan/Documents/fundamentos_robotica/destroyer_ws/install/custom_msgs/share/custom_msgs/environment/library_path.sh
[4.404s] -- Installing: /home/juan/Documents/fundamentos_robotica/destroyer_ws/install/custom_msgs/share/custom_msgs/environment/library_path.dsv
[4.404s] -- Installing: /home/juan/Documents/fundamentos_robotica/destroyer_ws/install/custom_msgs/lib/libcustom_msgs__rosidl_generator_c.so
[4.405s] -- Set runtime path of "/home/juan/Documents/fundamentos_robotica/destroyer_ws/install/custom_msgs/lib/libcustom_msgs__rosidl_generator_c.so" to ""
[4.405s] -- Up-to-date: /home/juan/Documents/fundamentos_robotica/destroyer_ws/install/custom_msgs/include/custom_msgs/custom_msgs
[4.405s] -- Up-to-date: /home/juan/Documents/fundamentos_robotica/destroyer_ws/install/custom_msgs/include/custom_msgs/custom_msgs/msg
[4.405s] -- Installing: /home/juan/Documents/fundamentos_robotica/destroyer_ws/install/custom_msgs/include/custom_msgs/custom_msgs/msg/rosidl_typesupport_fastrtps_c__visibility_control.h
[4.405s] -- Up-to-date: /home/juan/Documents/fundamentos_robotica/destroyer_ws/install/custom_msgs/include/custom_msgs/custom_msgs/msg/detail
[4.405s] -- Installing: /home/juan/Documents/fundamentos_robotica/destroyer_ws/install/custom_msgs/include/custom_msgs/custom_msgs/msg/detail/belief__rosidl_typesupport_fastrtps_c.h
[4.405s] -- Installing: /home/juan/Documents/fundamentos_robotica/destroyer_ws/install/custom_msgs/include/custom_msgs/custom_msgs/msg/detail/delta_odom__rosidl_typesupport_fastrtps_c.h
[4.406s] -- Installing: /home/juan/Documents/fundamentos_robotica/destroyer_ws/install/custom_msgs/lib/libcustom_msgs__rosidl_typesupport_fastrtps_c.so
[4.406s] -- Set runtime path of "/home/juan/Documents/fundamentos_robotica/destroyer_ws/install/custom_msgs/lib/libcustom_msgs__rosidl_typesupport_fastrtps_c.so" to ""
[4.406s] -- Up-to-date: /home/juan/Documents/fundamentos_robotica/destroyer_ws/install/custom_msgs/include/custom_msgs/custom_msgs
[4.406s] -- Up-to-date: /home/juan/Documents/fundamentos_robotica/destroyer_ws/install/custom_msgs/include/custom_msgs/custom_msgs/msg
[4.407s] -- Installing: /home/juan/Documents/fundamentos_robotica/destroyer_ws/install/custom_msgs/include/custom_msgs/custom_msgs/msg/rosidl_generator_cpp__visibility_control.hpp
[4.407s] -- Installing: /home/juan/Documents/fundamentos_robotica/destroyer_ws/install/custom_msgs/include/custom_msgs/custom_msgs/msg/delta_odom.hpp
[4.407s] -- Installing: /home/juan/Documents/fundamentos_robotica/destroyer_ws/install/custom_msgs/include/custom_msgs/custom_msgs/msg/belief.hpp
[4.407s] -- Up-to-date: /home/juan/Documents/fundamentos_robotica/destroyer_ws/install/custom_msgs/include/custom_msgs/custom_msgs/msg/detail
[4.407s] -- Installing: /home/juan/Documents/fundamentos_robotica/destroyer_ws/install/custom_msgs/include/custom_msgs/custom_msgs/msg/detail/delta_odom__traits.hpp
[4.407s] -- Installing: /home/juan/Documents/fundamentos_robotica/destroyer_ws/install/custom_msgs/include/custom_msgs/custom_msgs/msg/detail/delta_odom__struct.hpp
[4.407s] -- Installing: /home/juan/Documents/fundamentos_robotica/destroyer_ws/install/custom_msgs/include/custom_msgs/custom_msgs/msg/detail/belief__builder.hpp
[4.407s] -- Installing: /home/juan/Documents/fundamentos_robotica/destroyer_ws/install/custom_msgs/include/custom_msgs/custom_msgs/msg/detail/belief__traits.hpp
[4.407s] -- Installing: /home/juan/Documents/fundamentos_robotica/destroyer_ws/install/custom_msgs/include/custom_msgs/custom_msgs/msg/detail/belief__type_support.hpp
[4.407s] -- Installing: /home/juan/Documents/fundamentos_robotica/destroyer_ws/install/custom_msgs/include/custom_msgs/custom_msgs/msg/detail/delta_odom__builder.hpp
[4.408s] -- Installing: /home/juan/Documents/fundamentos_robotica/destroyer_ws/install/custom_msgs/include/custom_msgs/custom_msgs/msg/detail/delta_odom__type_support.hpp
[4.408s] -- Installing: /home/juan/Documents/fundamentos_robotica/destroyer_ws/install/custom_msgs/include/custom_msgs/custom_msgs/msg/detail/belief__struct.hpp
[4.408s] -- Up-to-date: /home/juan/Documents/fundamentos_robotica/destroyer_ws/install/custom_msgs/include/custom_msgs/custom_msgs
[4.408s] -- Up-to-date: /home/juan/Documents/fundamentos_robotica/destroyer_ws/install/custom_msgs/include/custom_msgs/custom_msgs/msg
[4.408s] -- Up-to-date: /home/juan/Documents/fundamentos_robotica/destroyer_ws/install/custom_msgs/include/custom_msgs/custom_msgs/msg/detail
[4.408s] -- Installing: /home/juan/Documents/fundamentos_robotica/destroyer_ws/install/custom_msgs/include/custom_msgs/custom_msgs/msg/detail/belief__rosidl_typesupport_fastrtps_cpp.hpp
[4.408s] -- Installing: /home/juan/Documents/fundamentos_robotica/destroyer_ws/install/custom_msgs/include/custom_msgs/custom_msgs/msg/detail/delta_odom__rosidl_typesupport_fastrtps_cpp.hpp
[4.409s] -- Installing: /home/juan/Documents/fundamentos_robotica/destroyer_ws/install/custom_msgs/include/custom_msgs/custom_msgs/msg/detail/dds_fastrtps
[4.409s] -- Installing: /home/juan/Documents/fundamentos_robotica/destroyer_ws/install/custom_msgs/include/custom_msgs/custom_msgs/msg/rosidl_typesupport_fastrtps_cpp__visibility_control.h
[4.409s] -- Installing: /home/juan/Documents/fundamentos_robotica/destroyer_ws/install/custom_msgs/lib/libcustom_msgs__rosidl_typesupport_fastrtps_cpp.so
[4.409s] -- Set runtime path of "/home/juan/Documents/fundamentos_robotica/destroyer_ws/install/custom_msgs/lib/libcustom_msgs__rosidl_typesupport_fastrtps_cpp.so" to ""
[4.409s] -- Up-to-date: /home/juan/Documents/fundamentos_robotica/destroyer_ws/install/custom_msgs/include/custom_msgs/custom_msgs
[4.409s] -- Up-to-date: /home/juan/Documents/fundamentos_robotica/destroyer_ws/install/custom_msgs/include/custom_msgs/custom_msgs/msg
[4.409s] -- Up-to-date: /home/juan/Documents/fundamentos_robotica/destroyer_ws/install/custom_msgs/include/custom_msgs/custom_msgs/msg/detail
[4.409s] -- Installing: /home/juan/Documents/fundamentos_robotica/destroyer_ws/install/custom_msgs/include/custom_msgs/custom_msgs/msg/detail/belief__type_support.c
[4.409s] -- Installing: /home/juan/Documents/fundamentos_robotica/destroyer_ws/install/custom_msgs/include/custom_msgs/custom_msgs/msg/detail/delta_odom__type_support.c
[4.409s] -- Installing: /home/juan/Documents/fundamentos_robotica/destroyer_ws/install/custom_msgs/include/custom_msgs/custom_msgs/msg/detail/belief__rosidl_typesupport_introspection_c.h
[4.409s] -- Installing: /home/juan/Documents/fundamentos_robotica/destroyer_ws/install/custom_msgs/include/custom_msgs/custom_msgs/msg/detail/delta_odom__rosidl_typesupport_introspection_c.h
[4.410s] -- Installing: /home/juan/Documents/fundamentos_robotica/destroyer_ws/install/custom_msgs/include/custom_msgs/custom_msgs/msg/rosidl_typesupport_introspection_c__visibility_control.h
[4.410s] -- Installing: /home/juan/Documents/fundamentos_robotica/destroyer_ws/install/custom_msgs/lib/libcustom_msgs__rosidl_typesupport_introspection_c.so
[4.410s] -- Set runtime path of "/home/juan/Documents/fundamentos_robotica/destroyer_ws/install/custom_msgs/lib/libcustom_msgs__rosidl_typesupport_introspection_c.so" to ""
[4.410s] -- Installing: /home/juan/Documents/fundamentos_robotica/destroyer_ws/install/custom_msgs/lib/libcustom_msgs__rosidl_typesupport_c.so
[4.410s] -- Set runtime path of "/home/juan/Documents/fundamentos_robotica/destroyer_ws/install/custom_msgs/lib/libcustom_msgs__rosidl_typesupport_c.so" to ""
[4.411s] -- Up-to-date: /home/juan/Documents/fundamentos_robotica/destroyer_ws/install/custom_msgs/include/custom_msgs/custom_msgs
[4.411s] -- Up-to-date: /home/juan/Documents/fundamentos_robotica/destroyer_ws/install/custom_msgs/include/custom_msgs/custom_msgs/msg
[4.411s] -- Up-to-date: /home/juan/Documents/fundamentos_robotica/destroyer_ws/install/custom_msgs/include/custom_msgs/custom_msgs/msg/detail
[4.411s] -- Installing: /home/juan/Documents/fundamentos_robotica/destroyer_ws/install/custom_msgs/include/custom_msgs/custom_msgs/msg/detail/delta_odom__type_support.cpp
[4.411s] -- Installing: /home/juan/Documents/fundamentos_robotica/destroyer_ws/install/custom_msgs/include/custom_msgs/custom_msgs/msg/detail/delta_odom__rosidl_typesupport_introspection_cpp.hpp
[4.411s] -- Installing: /home/juan/Documents/fundamentos_robotica/destroyer_ws/install/custom_msgs/include/custom_msgs/custom_msgs/msg/detail/belief__rosidl_typesupport_introspection_cpp.hpp
[4.411s] -- Installing: /home/juan/Documents/fundamentos_robotica/destroyer_ws/install/custom_msgs/include/custom_msgs/custom_msgs/msg/detail/belief__type_support.cpp
[4.411s] -- Installing: /home/juan/Documents/fundamentos_robotica/destroyer_ws/install/custom_msgs/lib/libcustom_msgs__rosidl_typesupport_introspection_cpp.so
[4.412s] -- Set runtime path of "/home/juan/Documents/fundamentos_robotica/destroyer_ws/install/custom_msgs/lib/libcustom_msgs__rosidl_typesupport_introspection_cpp.so" to ""
[4.412s] -- Installing: /home/juan/Documents/fundamentos_robotica/destroyer_ws/install/custom_msgs/lib/libcustom_msgs__rosidl_typesupport_cpp.so
[4.412s] -- Set runtime path of "/home/juan/Documents/fundamentos_robotica/destroyer_ws/install/custom_msgs/lib/libcustom_msgs__rosidl_typesupport_cpp.so" to ""
[4.412s] -- Installing: /home/juan/Documents/fundamentos_robotica/destroyer_ws/install/custom_msgs/share/custom_msgs/environment/pythonpath.sh
[4.412s] -- Installing: /home/juan/Documents/fundamentos_robotica/destroyer_ws/install/custom_msgs/share/custom_msgs/environment/pythonpath.dsv
[4.412s] -- Installing: /home/juan/Documents/fundamentos_robotica/destroyer_ws/install/custom_msgs/local/lib/python3.10/dist-packages/custom_msgs-0.0.0-py3.10.egg-info
[4.413s] -- Installing: /home/juan/Documents/fundamentos_robotica/destroyer_ws/install/custom_msgs/local/lib/python3.10/dist-packages/custom_msgs-0.0.0-py3.10.egg-info/PKG-INFO
[4.413s] -- Installing: /home/juan/Documents/fundamentos_robotica/destroyer_ws/install/custom_msgs/local/lib/python3.10/dist-packages/custom_msgs-0.0.0-py3.10.egg-info/dependency_links.txt
[4.413s] -- Installing: /home/juan/Documents/fundamentos_robotica/destroyer_ws/install/custom_msgs/local/lib/python3.10/dist-packages/custom_msgs-0.0.0-py3.10.egg-info/top_level.txt
[4.413s] -- Installing: /home/juan/Documents/fundamentos_robotica/destroyer_ws/install/custom_msgs/local/lib/python3.10/dist-packages/custom_msgs-0.0.0-py3.10.egg-info/SOURCES.txt
[4.413s] -- Installing: /home/juan/Documents/fundamentos_robotica/destroyer_ws/install/custom_msgs/local/lib/python3.10/dist-packages/custom_msgs
[4.413s] -- Installing: /home/juan/Documents/fundamentos_robotica/destroyer_ws/install/custom_msgs/local/lib/python3.10/dist-packages/custom_msgs/custom_msgs_s__rosidl_typesupport_fastrtps_c.cpython-310-x86_64-linux-gnu.so
[4.413s] -- Installing: /home/juan/Documents/fundamentos_robotica/destroyer_ws/install/custom_msgs/local/lib/python3.10/dist-packages/custom_msgs/_custom_msgs_s.ep.rosidl_typesupport_introspection_c.c
[4.414s] -- Installing: /home/juan/Documents/fundamentos_robotica/destroyer_ws/install/custom_msgs/local/lib/python3.10/dist-packages/custom_msgs/libcustom_msgs__rosidl_generator_py.so
[4.414s] -- Installing: /home/juan/Documents/fundamentos_robotica/destroyer_ws/install/custom_msgs/local/lib/python3.10/dist-packages/custom_msgs/msg
[4.414s] -- Installing: /home/juan/Documents/fundamentos_robotica/destroyer_ws/install/custom_msgs/local/lib/python3.10/dist-packages/custom_msgs/msg/_belief.py
[4.414s] -- Installing: /home/juan/Documents/fundamentos_robotica/destroyer_ws/install/custom_msgs/local/lib/python3.10/dist-packages/custom_msgs/msg/_delta_odom.py
[4.414s] -- Installing: /home/juan/Documents/fundamentos_robotica/destroyer_ws/install/custom_msgs/local/lib/python3.10/dist-packages/custom_msgs/msg/__init__.py
[4.414s] -- Installing: /home/juan/Documents/fundamentos_robotica/destroyer_ws/install/custom_msgs/local/lib/python3.10/dist-packages/custom_msgs/msg/_delta_odom_s.c
[4.414s] -- Installing: /home/juan/Documents/fundamentos_robotica/destroyer_ws/install/custom_msgs/local/lib/python3.10/dist-packages/custom_msgs/msg/_belief_s.c
[4.414s] -- Installing: /home/juan/Documents/fundamentos_robotica/destroyer_ws/install/custom_msgs/local/lib/python3.10/dist-packages/custom_msgs/__init__.py
[4.415s] -- Installing: /home/juan/Documents/fundamentos_robotica/destroyer_ws/install/custom_msgs/local/lib/python3.10/dist-packages/custom_msgs/_custom_msgs_s.ep.rosidl_typesupport_fastrtps_c.c
[4.415s] -- Installing: /home/juan/Documents/fundamentos_robotica/destroyer_ws/install/custom_msgs/local/lib/python3.10/dist-packages/custom_msgs/_custom_msgs_s.ep.rosidl_typesupport_c.c
[4.415s] -- Installing: /home/juan/Documents/fundamentos_robotica/destroyer_ws/install/custom_msgs/local/lib/python3.10/dist-packages/custom_msgs/custom_msgs_s__rosidl_typesupport_introspection_c.cpython-310-x86_64-linux-gnu.so
[4.415s] -- Installing: /home/juan/Documents/fundamentos_robotica/destroyer_ws/install/custom_msgs/local/lib/python3.10/dist-packages/custom_msgs/custom_msgs_s__rosidl_typesupport_c.cpython-310-x86_64-linux-gnu.so
[4.448s] Listing '/home/juan/Documents/fundamentos_robotica/destroyer_ws/install/custom_msgs/local/lib/python3.10/dist-packages/custom_msgs'...
[4.448s] Compiling '/home/juan/Documents/fundamentos_robotica/destroyer_ws/install/custom_msgs/local/lib/python3.10/dist-packages/custom_msgs/__init__.py'...
[4.449s] Listing '/home/juan/Documents/fundamentos_robotica/destroyer_ws/install/custom_msgs/local/lib/python3.10/dist-packages/custom_msgs/msg'...
[4.449s] Compiling '/home/juan/Documents/fundamentos_robotica/destroyer_ws/install/custom_msgs/local/lib/python3.10/dist-packages/custom_msgs/msg/__init__.py'...
[4.449s] Compiling '/home/juan/Documents/fundamentos_robotica/destroyer_ws/install/custom_msgs/local/lib/python3.10/dist-packages/custom_msgs/msg/_belief.py'...
[4.449s] Compiling '/home/juan/Documents/fundamentos_robotica/destroyer_ws/install/custom_msgs/local/lib/python3.10/dist-packages/custom_msgs/msg/_delta_odom.py'...
[4.453s] -- Installing: /home/juan/Documents/fundamentos_robotica/destroyer_ws/install/custom_msgs/local/lib/python3.10/dist-packages/custom_msgs/custom_msgs_s__rosidl_typesupport_fastrtps_c.cpython-310-x86_64-linux-gnu.so
[4.454s] -- Set runtime path of "/home/juan/Documents/fundamentos_robotica/destroyer_ws/install/custom_msgs/local/lib/python3.10/dist-packages/custom_msgs/custom_msgs_s__rosidl_typesupport_fastrtps_c.cpython-310-x86_64-linux-gnu.so" to ""
[4.454s] -- Installing: /home/juan/Documents/fundamentos_robotica/destroyer_ws/install/custom_msgs/local/lib/python3.10/dist-packages/custom_msgs/custom_msgs_s__rosidl_typesupport_introspection_c.cpython-310-x86_64-linux-gnu.so
[4.455s] -- Set runtime path of "/home/juan/Documents/fundamentos_robotica/destroyer_ws/install/custom_msgs/local/lib/python3.10/dist-packages/custom_msgs/custom_msgs_s__rosidl_typesupport_introspection_c.cpython-310-x86_64-linux-gnu.so" to ""
[4.455s] -- Installing: /home/juan/Documents/fundamentos_robotica/destroyer_ws/install/custom_msgs/local/lib/python3.10/dist-packages/custom_msgs/custom_msgs_s__rosidl_typesupport_c.cpython-310-x86_64-linux-gnu.so
[4.455s] -- Set runtime path of "/home/juan/Documents/fundamentos_robotica/destroyer_ws/install/custom_msgs/local/lib/python3.10/dist-packages/custom_msgs/custom_msgs_s__rosidl_typesupport_c.cpython-310-x86_64-linux-gnu.so" to ""
[4.455s] -- Installing: /home/juan/Documents/fundamentos_robotica/destroyer_ws/install/custom_msgs/lib/libcustom_msgs__rosidl_generator_py.so
[4.456s] -- Set runtime path of "/home/juan/Documents/fundamentos_robotica/destroyer_ws/install/custom_msgs/lib/libcustom_msgs__rosidl_generator_py.so" to ""
[4.456s] -- Installing: /home/juan/Documents/fundamentos_robotica/destroyer_ws/install/custom_msgs/share/custom_msgs/msg/DeltaOdom.idl
[4.456s] -- Installing: /home/juan/Documents/fundamentos_robotica/destroyer_ws/install/custom_msgs/share/custom_msgs/msg/Belief.idl
[4.456s] -- Installing: /home/juan/Documents/fundamentos_robotica/destroyer_ws/install/custom_msgs/share/custom_msgs/msg/DeltaOdom.msg
[4.456s] -- Installing: /home/juan/Documents/fundamentos_robotica/destroyer_ws/install/custom_msgs/share/custom_msgs/msg/Belief.msg
[4.456s] -- Installing: /home/juan/Documents/fundamentos_robotica/destroyer_ws/install/custom_msgs/share/ament_index/resource_index/package_run_dependencies/custom_msgs
[4.457s] -- Installing: /home/juan/Documents/fundamentos_robotica/destroyer_ws/install/custom_msgs/share/ament_index/resource_index/parent_prefix_path/custom_msgs
[4.457s] -- Installing: /home/juan/Documents/fundamentos_robotica/destroyer_ws/install/custom_msgs/share/custom_msgs/environment/ament_prefix_path.sh
[4.457s] -- Installing: /home/juan/Documents/fundamentos_robotica/destroyer_ws/install/custom_msgs/share/custom_msgs/environment/ament_prefix_path.dsv
[4.457s] -- Installing: /home/juan/Documents/fundamentos_robotica/destroyer_ws/install/custom_msgs/share/custom_msgs/environment/path.sh
[4.457s] -- Installing: /home/juan/Documents/fundamentos_robotica/destroyer_ws/install/custom_msgs/share/custom_msgs/environment/path.dsv
[4.457s] -- Installing: /home/juan/Documents/fundamentos_robotica/destroyer_ws/install/custom_msgs/share/custom_msgs/local_setup.bash
[4.458s] -- Installing: /home/juan/Documents/fundamentos_robotica/destroyer_ws/install/custom_msgs/share/custom_msgs/local_setup.sh
[4.458s] -- Installing: /home/juan/Documents/fundamentos_robotica/destroyer_ws/install/custom_msgs/share/custom_msgs/local_setup.zsh
[4.458s] -- Installing: /home/juan/Documents/fundamentos_robotica/destroyer_ws/install/custom_msgs/share/custom_msgs/local_setup.dsv
[4.458s] -- Installing: /home/juan/Documents/fundamentos_robotica/destroyer_ws/install/custom_msgs/share/custom_msgs/package.dsv
[4.458s] -- Installing: /home/juan/Documents/fundamentos_robotica/destroyer_ws/install/custom_msgs/share/ament_index/resource_index/packages/custom_msgs
[4.458s] -- Installing: /home/juan/Documents/fundamentos_robotica/destroyer_ws/install/custom_msgs/share/custom_msgs/cmake/export_custom_msgs__rosidl_generator_cExport.cmake
[4.459s] -- Installing: /home/juan/Documents/fundamentos_robotica/destroyer_ws/install/custom_msgs/share/custom_msgs/cmake/export_custom_msgs__rosidl_generator_cExport-noconfig.cmake
[4.459s] -- Installing: /home/juan/Documents/fundamentos_robotica/destroyer_ws/install/custom_msgs/share/custom_msgs/cmake/export_custom_msgs__rosidl_typesupport_fastrtps_cExport.cmake
[4.459s] -- Installing: /home/juan/Documents/fundamentos_robotica/destroyer_ws/install/custom_msgs/share/custom_msgs/cmake/export_custom_msgs__rosidl_typesupport_fastrtps_cExport-noconfig.cmake
[4.459s] -- Installing: /home/juan/Documents/fundamentos_robotica/destroyer_ws/install/custom_msgs/share/custom_msgs/cmake/export_custom_msgs__rosidl_generator_cppExport.cmake
[4.459s] -- Installing: /home/juan/Documents/fundamentos_robotica/destroyer_ws/install/custom_msgs/share/custom_msgs/cmake/export_custom_msgs__rosidl_typesupport_fastrtps_cppExport.cmake
[4.459s] -- Installing: /home/juan/Documents/fundamentos_robotica/destroyer_ws/install/custom_msgs/share/custom_msgs/cmake/export_custom_msgs__rosidl_typesupport_fastrtps_cppExport-noconfig.cmake
[4.460s] -- Installing: /home/juan/Documents/fundamentos_robotica/destroyer_ws/install/custom_msgs/share/custom_msgs/cmake/custom_msgs__rosidl_typesupport_introspection_cExport.cmake
[4.460s] -- Installing: /home/juan/Documents/fundamentos_robotica/destroyer_ws/install/custom_msgs/share/custom_msgs/cmake/custom_msgs__rosidl_typesupport_introspection_cExport-noconfig.cmake
[4.460s] -- Installing: /home/juan/Documents/fundamentos_robotica/destroyer_ws/install/custom_msgs/share/custom_msgs/cmake/custom_msgs__rosidl_typesupport_cExport.cmake
[4.460s] -- Installing: /home/juan/Documents/fundamentos_robotica/destroyer_ws/install/custom_msgs/share/custom_msgs/cmake/custom_msgs__rosidl_typesupport_cExport-noconfig.cmake
[4.460s] -- Installing: /home/juan/Documents/fundamentos_robotica/destroyer_ws/install/custom_msgs/share/custom_msgs/cmake/custom_msgs__rosidl_typesupport_introspection_cppExport.cmake
[4.460s] -- Installing: /home/juan/Documents/fundamentos_robotica/destroyer_ws/install/custom_msgs/share/custom_msgs/cmake/custom_msgs__rosidl_typesupport_introspection_cppExport-noconfig.cmake
[4.461s] -- Installing: /home/juan/Documents/fundamentos_robotica/destroyer_ws/install/custom_msgs/share/custom_msgs/cmake/custom_msgs__rosidl_typesupport_cppExport.cmake
[4.461s] -- Installing: /home/juan/Documents/fundamentos_robotica/destroyer_ws/install/custom_msgs/share/custom_msgs/cmake/custom_msgs__rosidl_typesupport_cppExport-noconfig.cmake
[4.461s] -- Installing: /home/juan/Documents/fundamentos_robotica/destroyer_ws/install/custom_msgs/share/custom_msgs/cmake/export_custom_msgs__rosidl_generator_pyExport.cmake
[4.461s] -- Installing: /home/juan/Documents/fundamentos_robotica/destroyer_ws/install/custom_msgs/share/custom_msgs/cmake/export_custom_msgs__rosidl_generator_pyExport-noconfig.cmake
[4.461s] -- Installing: /home/juan/Documents/fundamentos_robotica/destroyer_ws/install/custom_msgs/share/custom_msgs/cmake/rosidl_cmake-extras.cmake
[4.461s] -- Installing: /home/juan/Documents/fundamentos_robotica/destroyer_ws/install/custom_msgs/share/custom_msgs/cmake/ament_cmake_export_dependencies-extras.cmake
[4.461s] -- Installing: /home/juan/Documents/fundamentos_robotica/destroyer_ws/install/custom_msgs/share/custom_msgs/cmake/ament_cmake_export_include_directories-extras.cmake
[4.462s] -- Installing: /home/juan/Documents/fundamentos_robotica/destroyer_ws/install/custom_msgs/share/custom_msgs/cmake/ament_cmake_export_libraries-extras.cmake
[4.462s] -- Installing: /home/juan/Documents/fundamentos_robotica/destroyer_ws/install/custom_msgs/share/custom_msgs/cmake/ament_cmake_export_targets-extras.cmake
[4.462s] -- Installing: /home/juan/Documents/fundamentos_robotica/destroyer_ws/install/custom_msgs/share/custom_msgs/cmake/rosidl_cmake_export_typesupport_targets-extras.cmake
[4.462s] -- Installing: /home/juan/Documents/fundamentos_robotica/destroyer_ws/install/custom_msgs/share/custom_msgs/cmake/rosidl_cmake_export_typesupport_libraries-extras.cmake
[4.462s] -- Installing: /home/juan/Documents/fundamentos_robotica/destroyer_ws/install/custom_msgs/share/custom_msgs/cmake/custom_msgsConfig.cmake
[4.462s] -- Installing: /home/juan/Documents/fundamentos_robotica/destroyer_ws/install/custom_msgs/share/custom_msgs/cmake/custom_msgsConfig-version.cmake
[4.463s] -- Installing: /home/juan/Documents/fundamentos_robotica/destroyer_ws/install/custom_msgs/share/custom_msgs/package.xml
[4.465s] Invoked command in '/home/juan/Documents/fundamentos_robotica/destroyer_ws/build/custom_msgs' returned '0': CMAKE_PREFIX_PATH=${CMAKE_PREFIX_PATH}:/home/juan/Documents/fundamentos_robotica/ws/install/ubicate_nene:/home/juan/Documents/fundamentos_robotica/ws/install/paquete1:/home/juan/Documents/fundamentos_robotica/ws/install/no_te_choques:/home/juan/Documents/fundamentos_robotica/ws/install/custom_code:/opt/ros/humble /usr/bin/cmake --install /home/juan/Documents/fundamentos_robotica/destroyer_ws/build/custom_msgs
