[0.433s] Invoking command in '/home/alumno1/Documents/destroyer_ws/src/state_machine': PYTHONPATH=/home/alumno1/Documents/destroyer_ws/build/state_machine/prefix_override:/usr/lib/python3/dist-packages/colcon_core/task/python/colcon_distutils_commands:/home/alumno1/Documents/destroyer_ws/install/state_machine/lib/python3.10/site-packages:${PYTHONPATH} /usr/bin/python3 -W ignore:setup.py install is deprecated -W ignore:easy_install command is deprecated setup.py egg_info --egg-base ../../build/state_machine build --build-base /home/alumno1/Documents/destroyer_ws/build/state_machine/build install --record /home/alumno1/Documents/destroyer_ws/build/state_machine/install.log --single-version-externally-managed install_data
[0.540s] running egg_info
[0.540s] writing ../../build/state_machine/state_machine.egg-info/PKG-INFO
[0.540s] writing dependency_links to ../../build/state_machine/state_machine.egg-info/dependency_links.txt
[0.541s] writing entry points to ../../build/state_machine/state_machine.egg-info/entry_points.txt
[0.541s] writing requirements to ../../build/state_machine/state_machine.egg-info/requires.txt
[0.541s] writing top-level names to ../../build/state_machine/state_machine.egg-info/top_level.txt
[0.541s] reading manifest file '../../build/state_machine/state_machine.egg-info/SOURCES.txt'
[0.541s] adding license file 'LICENSE'
[0.541s] writing manifest file '../../build/state_machine/state_machine.egg-info/SOURCES.txt'
[0.541s] running build
[0.541s] running build_py
[0.542s] running install
[0.542s] running install_lib
[0.542s] running install_data
[0.542s] running install_egg_info
[0.543s] removing '/home/alumno1/Documents/destroyer_ws/install/state_machine/lib/python3.10/site-packages/state_machine-0.0.0-py3.10.egg-info' (and everything under it)
[0.543s] Copying ../../build/state_machine/state_machine.egg-info to /home/alumno1/Documents/destroyer_ws/install/state_machine/lib/python3.10/site-packages/state_machine-0.0.0-py3.10.egg-info
[0.544s] running install_scripts
[0.554s] Installing likelihood_map_publisher script to /home/alumno1/Documents/destroyer_ws/install/state_machine/lib/state_machine
[0.554s] Installing localization script to /home/alumno1/Documents/destroyer_ws/install/state_machine/lib/state_machine
[0.554s] Installing map_publisher script to /home/alumno1/Documents/destroyer_ws/install/state_machine/lib/state_machine
[0.554s] writing list of installed files to '/home/alumno1/Documents/destroyer_ws/build/state_machine/install.log'
[0.571s] Invoked command in '/home/alumno1/Documents/destroyer_ws/src/state_machine' returned '0': PYTHONPATH=/home/alumno1/Documents/destroyer_ws/build/state_machine/prefix_override:/usr/lib/python3/dist-packages/colcon_core/task/python/colcon_distutils_commands:/home/alumno1/Documents/destroyer_ws/install/state_machine/lib/python3.10/site-packages:${PYTHONPATH} /usr/bin/python3 -W ignore:setup.py install is deprecated -W ignore:easy_install command is deprecated setup.py egg_info --egg-base ../../build/state_machine build --build-base /home/alumno1/Documents/destroyer_ws/build/state_machine/build install --record /home/alumno1/Documents/destroyer_ws/build/state_machine/install.log --single-version-externally-managed install_data
