running egg_info
creating ../../build/odom_tools/odom_tools.egg-info
writing ../../build/odom_tools/odom_tools.egg-info/PKG-INFO
writing dependency_links to ../../build/odom_tools/odom_tools.egg-info/dependency_links.txt
writing entry points to ../../build/odom_tools/odom_tools.egg-info/entry_points.txt
writing requirements to ../../build/odom_tools/odom_tools.egg-info/requires.txt
writing top-level names to ../../build/odom_tools/odom_tools.egg-info/top_level.txt
writing manifest file '../../build/odom_tools/odom_tools.egg-info/SOURCES.txt'
reading manifest file '../../build/odom_tools/odom_tools.egg-info/SOURCES.txt'
adding license file 'LICENSE'
writing manifest file '../../build/odom_tools/odom_tools.egg-info/SOURCES.txt'
running build
running build_py
creating /home/alumno1/Documents/destroyer_ws/build/odom_tools/build
creating /home/alumno1/Documents/destroyer_ws/build/odom_tools/build/lib
creating /home/alumno1/Documents/destroyer_ws/build/odom_tools/build/lib/odom_tools
copying odom_tools/__init__.py -> /home/alumno1/Documents/destroyer_ws/build/odom_tools/build/lib/odom_tools
copying odom_tools/delta_odom.py -> /home/alumno1/Documents/destroyer_ws/build/odom_tools/build/lib/odom_tools
running install
running install_lib
creating /home/alumno1/Documents/destroyer_ws/install/odom_tools/lib/python3.10/site-packages/odom_tools
copying /home/alumno1/Documents/destroyer_ws/build/odom_tools/build/lib/odom_tools/__init__.py -> /home/alumno1/Documents/destroyer_ws/install/odom_tools/lib/python3.10/site-packages/odom_tools
copying /home/alumno1/Documents/destroyer_ws/build/odom_tools/build/lib/odom_tools/delta_odom.py -> /home/alumno1/Documents/destroyer_ws/install/odom_tools/lib/python3.10/site-packages/odom_tools
byte-compiling /home/alumno1/Documents/destroyer_ws/install/odom_tools/lib/python3.10/site-packages/odom_tools/__init__.py to __init__.cpython-310.pyc
byte-compiling /home/alumno1/Documents/destroyer_ws/install/odom_tools/lib/python3.10/site-packages/odom_tools/delta_odom.py to delta_odom.cpython-310.pyc
running install_data
creating /home/alumno1/Documents/destroyer_ws/install/odom_tools/share/ament_index
creating /home/alumno1/Documents/destroyer_ws/install/odom_tools/share/ament_index/resource_index
creating /home/alumno1/Documents/destroyer_ws/install/odom_tools/share/ament_index/resource_index/packages
copying resource/odom_tools -> /home/alumno1/Documents/destroyer_ws/install/odom_tools/share/ament_index/resource_index/packages
copying package.xml -> /home/alumno1/Documents/destroyer_ws/install/odom_tools/share/odom_tools
creating /home/alumno1/Documents/destroyer_ws/install/odom_tools/share/odom_tools/launch
running install_egg_info
Copying ../../build/odom_tools/odom_tools.egg-info to /home/alumno1/Documents/destroyer_ws/install/odom_tools/lib/python3.10/site-packages/odom_tools-0.0.0-py3.10.egg-info
running install_scripts
Installing delta_odom script to /home/alumno1/Documents/destroyer_ws/install/odom_tools/lib/odom_tools
writing list of installed files to '/home/alumno1/Documents/destroyer_ws/build/odom_tools/install.log'
