[0.247s] Invoking command in '/home/juan/Documents/fundamentos_robotica/destroyer_ws/build/turtlebot3_custom_simulation': CMAKE_PREFIX_PATH=${CMAKE_PREFIX_PATH}:/home/juan/Documents/fundamentos_robotica/ws/install/ubicate_nene:/home/juan/Documents/fundamentos_robotica/ws/install/paquete1:/home/juan/Documents/fundamentos_robotica/ws/install/no_te_choques:/home/juan/Documents/fundamentos_robotica/ws/install/custom_code:/opt/ros/humble /usr/bin/cmake /home/juan/Documents/fundamentos_robotica/destroyer_ws/src/turtlebot3_custom_simulation -DCMAKE_INSTALL_PREFIX=/home/juan/Documents/fundamentos_robotica/destroyer_ws/install/turtlebot3_custom_simulation
[0.310s] -- The C compiler identification is GNU 11.4.0
[0.372s] -- The CXX compiler identification is GNU 11.4.0
[0.381s] -- Detecting C compiler ABI info
[0.462s] -- Detecting C compiler ABI info - done
[0.469s] -- Check for working C compiler: /usr/bin/cc - skipped
[0.469s] -- Detecting C compile features
[0.469s] -- Detecting C compile features - done
[0.473s] -- Detecting CXX compiler ABI info
[0.572s] -- Detecting CXX compiler ABI info - done
[0.579s] -- Check for working CXX compiler: /usr/bin/c++ - skipped
[0.579s] -- Detecting CXX compile features
[0.579s] -- Detecting CXX compile features - done
[0.583s] -- Found ament_cmake: 1.3.12 (/opt/ros/humble/share/ament_cmake/cmake)
[0.736s] -- Found Python3: /usr/bin/python3 (found version "3.10.12") found components: Interpreter 
[0.850s] -- Found geometry_msgs: 4.9.0 (/opt/ros/humble/share/geometry_msgs/cmake)
[0.897s] -- Found rosidl_generator_c: 3.1.7 (/opt/ros/humble/share/rosidl_generator_c/cmake)
[0.904s] -- Found rosidl_adapter: 3.1.7 (/opt/ros/humble/share/rosidl_adapter/cmake)
[0.915s] -- Found rosidl_generator_cpp: 3.1.7 (/opt/ros/humble/share/rosidl_generator_cpp/cmake)
[0.929s] -- Using all available rosidl_typesupport_c: rosidl_typesupport_fastrtps_c;rosidl_typesupport_introspection_c
[0.947s] -- Using all available rosidl_typesupport_cpp: rosidl_typesupport_fastrtps_cpp;rosidl_typesupport_introspection_cpp
[0.988s] -- Found nav_msgs: 4.9.0 (/opt/ros/humble/share/nav_msgs/cmake)
[1.009s] -- Found rclcpp: 16.0.15 (/opt/ros/humble/share/rclcpp/cmake)
[1.072s] -- Found rmw_implementation_cmake: 6.1.2 (/opt/ros/humble/share/rmw_implementation_cmake/cmake)
[1.078s] -- Found rmw_fastrtps_cpp: 6.2.9 (/opt/ros/humble/share/rmw_fastrtps_cpp/cmake)
[1.212s] -- Found OpenSSL: /usr/lib/x86_64-linux-gnu/libcrypto.so (found version "3.0.2")  
[1.247s] -- Found FastRTPS: /opt/ros/humble/include  
[1.296s] -- Using RMW implementation 'rmw_fastrtps_cpp' as default
[1.311s] -- Looking for pthread.h
[1.400s] -- Looking for pthread.h - found
[1.401s] -- Performing Test CMAKE_HAVE_LIBC_PTHREAD
[1.483s] -- Performing Test CMAKE_HAVE_LIBC_PTHREAD - Success
[1.484s] -- Found Threads: TRUE  
[1.536s] -- Found sensor_msgs: 4.9.0 (/opt/ros/humble/share/sensor_msgs/cmake)
[1.559s] -- Found tf2: 0.25.16 (/opt/ros/humble/share/tf2/cmake)
[1.575s] -- Found tf2_msgs: 0.25.16 (/opt/ros/humble/share/tf2_msgs/cmake)
[1.629s] -- Found turtlebot3_msgs: 2.4.0 (/opt/ros/humble/share/turtlebot3_msgs/cmake)
[1.717s] -- Configuring done
[1.730s] -- Generating done
[1.734s] -- Build files have been written to: /home/juan/Documents/fundamentos_robotica/destroyer_ws/build/turtlebot3_custom_simulation
[1.745s] Invoked command in '/home/juan/Documents/fundamentos_robotica/destroyer_ws/build/turtlebot3_custom_simulation' returned '0': CMAKE_PREFIX_PATH=${CMAKE_PREFIX_PATH}:/home/juan/Documents/fundamentos_robotica/ws/install/ubicate_nene:/home/juan/Documents/fundamentos_robotica/ws/install/paquete1:/home/juan/Documents/fundamentos_robotica/ws/install/no_te_choques:/home/juan/Documents/fundamentos_robotica/ws/install/custom_code:/opt/ros/humble /usr/bin/cmake /home/juan/Documents/fundamentos_robotica/destroyer_ws/src/turtlebot3_custom_simulation -DCMAKE_INSTALL_PREFIX=/home/juan/Documents/fundamentos_robotica/destroyer_ws/install/turtlebot3_custom_simulation
[1.748s] Invoking command in '/home/juan/Documents/fundamentos_robotica/destroyer_ws/build/turtlebot3_custom_simulation': CMAKE_PREFIX_PATH=${CMAKE_PREFIX_PATH}:/home/juan/Documents/fundamentos_robotica/ws/install/ubicate_nene:/home/juan/Documents/fundamentos_robotica/ws/install/paquete1:/home/juan/Documents/fundamentos_robotica/ws/install/no_te_choques:/home/juan/Documents/fundamentos_robotica/ws/install/custom_code:/opt/ros/humble /usr/bin/cmake --build /home/juan/Documents/fundamentos_robotica/destroyer_ws/build/turtlebot3_custom_simulation -- -j12 -l12
[1.808s] [ 50%] [32mBuilding CXX object CMakeFiles/turtlebot3_custom_simulation.dir/src/turtlebot3_custom_simulation.cpp.o[0m
[10.781s] [100%] [32m[1mLinking CXX executable turtlebot3_custom_simulation[0m
[11.414s] [100%] Built target turtlebot3_custom_simulation
[11.429s] Invoked command in '/home/juan/Documents/fundamentos_robotica/destroyer_ws/build/turtlebot3_custom_simulation' returned '0': CMAKE_PREFIX_PATH=${CMAKE_PREFIX_PATH}:/home/juan/Documents/fundamentos_robotica/ws/install/ubicate_nene:/home/juan/Documents/fundamentos_robotica/ws/install/paquete1:/home/juan/Documents/fundamentos_robotica/ws/install/no_te_choques:/home/juan/Documents/fundamentos_robotica/ws/install/custom_code:/opt/ros/humble /usr/bin/cmake --build /home/juan/Documents/fundamentos_robotica/destroyer_ws/build/turtlebot3_custom_simulation -- -j12 -l12
[11.431s] Invoking command in '/home/juan/Documents/fundamentos_robotica/destroyer_ws/build/turtlebot3_custom_simulation': CMAKE_PREFIX_PATH=${CMAKE_PREFIX_PATH}:/home/juan/Documents/fundamentos_robotica/ws/install/ubicate_nene:/home/juan/Documents/fundamentos_robotica/ws/install/paquete1:/home/juan/Documents/fundamentos_robotica/ws/install/no_te_choques:/home/juan/Documents/fundamentos_robotica/ws/install/custom_code:/opt/ros/humble /usr/bin/cmake --install /home/juan/Documents/fundamentos_robotica/destroyer_ws/build/turtlebot3_custom_simulation
[11.439s] -- Install configuration: ""
[11.439s] -- Installing: /home/juan/Documents/fundamentos_robotica/destroyer_ws/install/turtlebot3_custom_simulation/lib/turtlebot3_custom_simulation/turtlebot3_custom_simulation
[11.443s] -- Set runtime path of "/home/juan/Documents/fundamentos_robotica/destroyer_ws/install/turtlebot3_custom_simulation/lib/turtlebot3_custom_simulation/turtlebot3_custom_simulation" to ""
[11.444s] -- Installing: /home/juan/Documents/fundamentos_robotica/destroyer_ws/install/turtlebot3_custom_simulation/share/turtlebot3_custom_simulation/launch
[11.444s] -- Installing: /home/juan/Documents/fundamentos_robotica/destroyer_ws/install/turtlebot3_custom_simulation/share/turtlebot3_custom_simulation/launch/custom_room.launch.py
[11.444s] -- Installing: /home/juan/Documents/fundamentos_robotica/destroyer_ws/install/turtlebot3_custom_simulation/share/turtlebot3_custom_simulation/launch/custom_casa_obs.launch.py
[11.444s] -- Installing: /home/juan/Documents/fundamentos_robotica/destroyer_ws/install/turtlebot3_custom_simulation/share/turtlebot3_custom_simulation/launch/custom_maze.launch.py
[11.444s] -- Installing: /home/juan/Documents/fundamentos_robotica/destroyer_ws/install/turtlebot3_custom_simulation/share/turtlebot3_custom_simulation/launch/custom_casa.launch.py
[11.444s] -- Installing: /home/juan/Documents/fundamentos_robotica/destroyer_ws/install/turtlebot3_custom_simulation/share/turtlebot3_custom_simulation/launch/custom_simulation.launch.py
[11.444s] -- Installing: /home/juan/Documents/fundamentos_robotica/destroyer_ws/install/turtlebot3_custom_simulation/share/turtlebot3_custom_simulation/launch/custom_casa_obs2.launch.py
[11.444s] -- Installing: /home/juan/Documents/fundamentos_robotica/destroyer_ws/install/turtlebot3_custom_simulation/share/turtlebot3_custom_simulation/param
[11.444s] -- Installing: /home/juan/Documents/fundamentos_robotica/destroyer_ws/install/turtlebot3_custom_simulation/share/turtlebot3_custom_simulation/param/burger.yaml
[11.444s] -- Installing: /home/juan/Documents/fundamentos_robotica/destroyer_ws/install/turtlebot3_custom_simulation/share/turtlebot3_custom_simulation/worlds
[11.444s] -- Installing: /home/juan/Documents/fundamentos_robotica/destroyer_ws/install/turtlebot3_custom_simulation/share/turtlebot3_custom_simulation/worlds/casa_obs2.world
[11.445s] -- Installing: /home/juan/Documents/fundamentos_robotica/destroyer_ws/install/turtlebot3_custom_simulation/share/turtlebot3_custom_simulation/worlds/Armchair
[11.445s] -- Installing: /home/juan/Documents/fundamentos_robotica/destroyer_ws/install/turtlebot3_custom_simulation/share/turtlebot3_custom_simulation/worlds/Armchair/model.sdf
[11.446s] -- Installing: /home/juan/Documents/fundamentos_robotica/destroyer_ws/install/turtlebot3_custom_simulation/share/turtlebot3_custom_simulation/worlds/Armchair/model.config
[11.446s] -- Installing: /home/juan/Documents/fundamentos_robotica/destroyer_ws/install/turtlebot3_custom_simulation/share/turtlebot3_custom_simulation/worlds/Walls
[11.446s] -- Installing: /home/juan/Documents/fundamentos_robotica/destroyer_ws/install/turtlebot3_custom_simulation/share/turtlebot3_custom_simulation/worlds/Walls/model.sdf
[11.446s] -- Installing: /home/juan/Documents/fundamentos_robotica/destroyer_ws/install/turtlebot3_custom_simulation/share/turtlebot3_custom_simulation/worlds/Walls/model.config
[11.447s] -- Installing: /home/juan/Documents/fundamentos_robotica/destroyer_ws/install/turtlebot3_custom_simulation/share/turtlebot3_custom_simulation/worlds/slippery.world
[11.447s] -- Installing: /home/juan/Documents/fundamentos_robotica/destroyer_ws/install/turtlebot3_custom_simulation/share/turtlebot3_custom_simulation/worlds/map
[11.447s] -- Installing: /home/juan/Documents/fundamentos_robotica/destroyer_ws/install/turtlebot3_custom_simulation/share/turtlebot3_custom_simulation/worlds/map/map.pgm
[11.447s] -- Installing: /home/juan/Documents/fundamentos_robotica/destroyer_ws/install/turtlebot3_custom_simulation/share/turtlebot3_custom_simulation/worlds/map/map.yaml
[11.448s] -- Installing: /home/juan/Documents/fundamentos_robotica/destroyer_ws/install/turtlebot3_custom_simulation/share/turtlebot3_custom_simulation/worlds/HospitalBot
[11.448s] -- Installing: /home/juan/Documents/fundamentos_robotica/destroyer_ws/install/turtlebot3_custom_simulation/share/turtlebot3_custom_simulation/worlds/HospitalBot/model.sdf
[11.448s] -- Installing: /home/juan/Documents/fundamentos_robotica/destroyer_ws/install/turtlebot3_custom_simulation/share/turtlebot3_custom_simulation/worlds/HospitalBot/model.config
[11.448s] -- Installing: /home/juan/Documents/fundamentos_robotica/destroyer_ws/install/turtlebot3_custom_simulation/share/turtlebot3_custom_simulation/worlds/casa_o.world
[11.449s] -- Installing: /home/juan/Documents/fundamentos_robotica/destroyer_ws/install/turtlebot3_custom_simulation/share/turtlebot3_custom_simulation/worlds/Suitcase2H
[11.449s] -- Installing: /home/juan/Documents/fundamentos_robotica/destroyer_ws/install/turtlebot3_custom_simulation/share/turtlebot3_custom_simulation/worlds/Suitcase2H/model.sdf
[11.449s] -- Installing: /home/juan/Documents/fundamentos_robotica/destroyer_ws/install/turtlebot3_custom_simulation/share/turtlebot3_custom_simulation/worlds/Suitcase2H/model.config
[11.449s] -- Installing: /home/juan/Documents/fundamentos_robotica/destroyer_ws/install/turtlebot3_custom_simulation/share/turtlebot3_custom_simulation/worlds/casa_obs.world
[11.450s] -- Installing: /home/juan/Documents/fundamentos_robotica/destroyer_ws/install/turtlebot3_custom_simulation/share/turtlebot3_custom_simulation/worlds/maze.world
[11.451s] -- Installing: /home/juan/Documents/fundamentos_robotica/destroyer_ws/install/turtlebot3_custom_simulation/share/turtlebot3_custom_simulation/worlds/casa.world
[11.451s] -- Installing: /home/juan/Documents/fundamentos_robotica/destroyer_ws/install/turtlebot3_custom_simulation/share/turtlebot3_custom_simulation/worlds/Suitcase1
[11.451s] -- Installing: /home/juan/Documents/fundamentos_robotica/destroyer_ws/install/turtlebot3_custom_simulation/share/turtlebot3_custom_simulation/worlds/Suitcase1/model.sdf
[11.451s] -- Installing: /home/juan/Documents/fundamentos_robotica/destroyer_ws/install/turtlebot3_custom_simulation/share/turtlebot3_custom_simulation/worlds/Suitcase1/model.config
[11.451s] -- Installing: /home/juan/Documents/fundamentos_robotica/destroyer_ws/install/turtlebot3_custom_simulation/share/turtlebot3_custom_simulation/worlds/room.world
[11.452s] -- Installing: /home/juan/Documents/fundamentos_robotica/destroyer_ws/install/turtlebot3_custom_simulation/share/turtlebot3_custom_simulation/worlds/Sofa
[11.452s] -- Installing: /home/juan/Documents/fundamentos_robotica/destroyer_ws/install/turtlebot3_custom_simulation/share/turtlebot3_custom_simulation/worlds/Sofa/model.sdf
[11.452s] -- Installing: /home/juan/Documents/fundamentos_robotica/destroyer_ws/install/turtlebot3_custom_simulation/share/turtlebot3_custom_simulation/worlds/Sofa/model.config
[11.452s] -- Installing: /home/juan/Documents/fundamentos_robotica/destroyer_ws/install/turtlebot3_custom_simulation/include/
[11.452s] -- Installing: /home/juan/Documents/fundamentos_robotica/destroyer_ws/install/turtlebot3_custom_simulation/include//turtlebot3_custom_simulation
[11.453s] -- Installing: /home/juan/Documents/fundamentos_robotica/destroyer_ws/install/turtlebot3_custom_simulation/include//turtlebot3_custom_simulation/turtlebot3_custom_simulation.hpp
[11.453s] -- Installing: /home/juan/Documents/fundamentos_robotica/destroyer_ws/install/turtlebot3_custom_simulation/share/ament_index/resource_index/package_run_dependencies/turtlebot3_custom_simulation
[11.453s] -- Installing: /home/juan/Documents/fundamentos_robotica/destroyer_ws/install/turtlebot3_custom_simulation/share/ament_index/resource_index/parent_prefix_path/turtlebot3_custom_simulation
[11.453s] -- Installing: /home/juan/Documents/fundamentos_robotica/destroyer_ws/install/turtlebot3_custom_simulation/share/turtlebot3_custom_simulation/environment/ament_prefix_path.sh
[11.454s] -- Installing: /home/juan/Documents/fundamentos_robotica/destroyer_ws/install/turtlebot3_custom_simulation/share/turtlebot3_custom_simulation/environment/ament_prefix_path.dsv
[11.454s] -- Installing: /home/juan/Documents/fundamentos_robotica/destroyer_ws/install/turtlebot3_custom_simulation/share/turtlebot3_custom_simulation/environment/path.sh
[11.454s] -- Installing: /home/juan/Documents/fundamentos_robotica/destroyer_ws/install/turtlebot3_custom_simulation/share/turtlebot3_custom_simulation/environment/path.dsv
[11.454s] -- Installing: /home/juan/Documents/fundamentos_robotica/destroyer_ws/install/turtlebot3_custom_simulation/share/turtlebot3_custom_simulation/local_setup.bash
[11.454s] -- Installing: /home/juan/Documents/fundamentos_robotica/destroyer_ws/install/turtlebot3_custom_simulation/share/turtlebot3_custom_simulation/local_setup.sh
[11.454s] -- Installing: /home/juan/Documents/fundamentos_robotica/destroyer_ws/install/turtlebot3_custom_simulation/share/turtlebot3_custom_simulation/local_setup.zsh
[11.455s] -- Installing: /home/juan/Documents/fundamentos_robotica/destroyer_ws/install/turtlebot3_custom_simulation/share/turtlebot3_custom_simulation/local_setup.dsv
[11.455s] -- Installing: /home/juan/Documents/fundamentos_robotica/destroyer_ws/install/turtlebot3_custom_simulation/share/turtlebot3_custom_simulation/package.dsv
[11.455s] -- Installing: /home/juan/Documents/fundamentos_robotica/destroyer_ws/install/turtlebot3_custom_simulation/share/ament_index/resource_index/packages/turtlebot3_custom_simulation
[11.455s] -- Installing: /home/juan/Documents/fundamentos_robotica/destroyer_ws/install/turtlebot3_custom_simulation/share/turtlebot3_custom_simulation/cmake/ament_cmake_export_include_directories-extras.cmake
[11.455s] -- Installing: /home/juan/Documents/fundamentos_robotica/destroyer_ws/install/turtlebot3_custom_simulation/share/turtlebot3_custom_simulation/cmake/ament_cmake_export_dependencies-extras.cmake
[11.455s] -- Installing: /home/juan/Documents/fundamentos_robotica/destroyer_ws/install/turtlebot3_custom_simulation/share/turtlebot3_custom_simulation/cmake/turtlebot3_custom_simulationConfig.cmake
[11.456s] -- Installing: /home/juan/Documents/fundamentos_robotica/destroyer_ws/install/turtlebot3_custom_simulation/share/turtlebot3_custom_simulation/cmake/turtlebot3_custom_simulationConfig-version.cmake
[11.456s] -- Installing: /home/juan/Documents/fundamentos_robotica/destroyer_ws/install/turtlebot3_custom_simulation/share/turtlebot3_custom_simulation/package.xml
[11.459s] Invoked command in '/home/juan/Documents/fundamentos_robotica/destroyer_ws/build/turtlebot3_custom_simulation' returned '0': CMAKE_PREFIX_PATH=${CMAKE_PREFIX_PATH}:/home/juan/Documents/fundamentos_robotica/ws/install/ubicate_nene:/home/juan/Documents/fundamentos_robotica/ws/install/paquete1:/home/juan/Documents/fundamentos_robotica/ws/install/no_te_choques:/home/juan/Documents/fundamentos_robotica/ws/install/custom_code:/opt/ros/humble /usr/bin/cmake --install /home/juan/Documents/fundamentos_robotica/destroyer_ws/build/turtlebot3_custom_simulation
