running egg_info
creating ../../build/mappeate_y_ubicate/mappeate_y_ubicate.egg-info
writing ../../build/mappeate_y_ubicate/mappeate_y_ubicate.egg-info/PKG-INFO
writing dependency_links to ../../build/mappeate_y_ubicate/mappeate_y_ubicate.egg-info/dependency_links.txt
writing entry points to ../../build/mappeate_y_ubicate/mappeate_y_ubicate.egg-info/entry_points.txt
writing requirements to ../../build/mappeate_y_ubicate/mappeate_y_ubicate.egg-info/requires.txt
writing top-level names to ../../build/mappeate_y_ubicate/mappeate_y_ubicate.egg-info/top_level.txt
writing manifest file '../../build/mappeate_y_ubicate/mappeate_y_ubicate.egg-info/SOURCES.txt'
reading manifest file '../../build/mappeate_y_ubicate/mappeate_y_ubicate.egg-info/SOURCES.txt'
adding license file 'LICENSE'
writing manifest file '../../build/mappeate_y_ubicate/mappeate_y_ubicate.egg-info/SOURCES.txt'
running build
running build_py
creating /home/juan/Documents/fundamentos_robotica/destroyer_ws/build/mappeate_y_ubicate/build
creating /home/juan/Documents/fundamentos_robotica/destroyer_ws/build/mappeate_y_ubicate/build/lib
creating /home/juan/Documents/fundamentos_robotica/destroyer_ws/build/mappeate_y_ubicate/build/lib/mappeate_y_ubicate
copying mappeate_y_ubicate/my_fastslam.py -> /home/juan/Documents/fundamentos_robotica/destroyer_ws/build/mappeate_y_ubicate/build/lib/mappeate_y_ubicate
copying mappeate_y_ubicate/__init__.py -> /home/juan/Documents/fundamentos_robotica/destroyer_ws/build/mappeate_y_ubicate/build/lib/mappeate_y_ubicate
running install
running install_lib
creating /home/juan/Documents/fundamentos_robotica/destroyer_ws/install/mappeate_y_ubicate/lib/python3.10/site-packages/mappeate_y_ubicate
copying /home/juan/Documents/fundamentos_robotica/destroyer_ws/build/mappeate_y_ubicate/build/lib/mappeate_y_ubicate/my_fastslam.py -> /home/juan/Documents/fundamentos_robotica/destroyer_ws/install/mappeate_y_ubicate/lib/python3.10/site-packages/mappeate_y_ubicate
copying /home/juan/Documents/fundamentos_robotica/destroyer_ws/build/mappeate_y_ubicate/build/lib/mappeate_y_ubicate/__init__.py -> /home/juan/Documents/fundamentos_robotica/destroyer_ws/install/mappeate_y_ubicate/lib/python3.10/site-packages/mappeate_y_ubicate
byte-compiling /home/juan/Documents/fundamentos_robotica/destroyer_ws/install/mappeate_y_ubicate/lib/python3.10/site-packages/mappeate_y_ubicate/my_fastslam.py to my_fastslam.cpython-310.pyc
byte-compiling /home/juan/Documents/fundamentos_robotica/destroyer_ws/install/mappeate_y_ubicate/lib/python3.10/site-packages/mappeate_y_ubicate/__init__.py to __init__.cpython-310.pyc
running install_data
creating /home/juan/Documents/fundamentos_robotica/destroyer_ws/install/mappeate_y_ubicate/share/ament_index
creating /home/juan/Documents/fundamentos_robotica/destroyer_ws/install/mappeate_y_ubicate/share/ament_index/resource_index
creating /home/juan/Documents/fundamentos_robotica/destroyer_ws/install/mappeate_y_ubicate/share/ament_index/resource_index/packages
copying resource/mappeate_y_ubicate -> /home/juan/Documents/fundamentos_robotica/destroyer_ws/install/mappeate_y_ubicate/share/ament_index/resource_index/packages
copying package.xml -> /home/juan/Documents/fundamentos_robotica/destroyer_ws/install/mappeate_y_ubicate/share/mappeate_y_ubicate
running install_egg_info
Copying ../../build/mappeate_y_ubicate/mappeate_y_ubicate.egg-info to /home/juan/Documents/fundamentos_robotica/destroyer_ws/install/mappeate_y_ubicate/lib/python3.10/site-packages/mappeate_y_ubicate-0.0.0-py3.10.egg-info
running install_scripts
writing list of installed files to '/home/juan/Documents/fundamentos_robotica/destroyer_ws/build/mappeate_y_ubicate/install.log'
