running egg_info
writing ../../build/state_machine/state_machine.egg-info/PKG-INFO
writing dependency_links to ../../build/state_machine/state_machine.egg-info/dependency_links.txt
writing entry points to ../../build/state_machine/state_machine.egg-info/entry_points.txt
writing requirements to ../../build/state_machine/state_machine.egg-info/requires.txt
writing top-level names to ../../build/state_machine/state_machine.egg-info/top_level.txt
reading manifest file '../../build/state_machine/state_machine.egg-info/SOURCES.txt'
adding license file 'LICENSE'
writing manifest file '../../build/state_machine/state_machine.egg-info/SOURCES.txt'
running build
running build_py
copying state_machine/map_publisher.py -> /home/alumno1/Documents/destroyer_ws/build/state_machine/build/lib/state_machine
running install
running install_lib
copying /home/alumno1/Documents/destroyer_ws/build/state_machine/build/lib/state_machine/map_publisher.py -> /home/alumno1/Documents/destroyer_ws/install/state_machine/lib/python3.10/site-packages/state_machine
byte-compiling /home/alumno1/Documents/destroyer_ws/install/state_machine/lib/python3.10/site-packages/state_machine/map_publisher.py to map_publisher.cpython-310.pyc
running install_data
copying launch/state_machine.launch.py -> /home/alumno1/Documents/destroyer_ws/install/state_machine/share/state_machine/launch
copying maps/custom_casa_2.yaml -> /home/alumno1/Documents/destroyer_ws/install/state_machine/share/state_machine/maps
copying maps/custom_casa_2.png -> /home/alumno1/Documents/destroyer_ws/install/state_machine/share/state_machine/maps
copying rviz/state_machine.rviz -> /home/alumno1/Documents/destroyer_ws/install/state_machine/share/state_machine/rviz
running install_egg_info
removing '/home/alumno1/Documents/destroyer_ws/install/state_machine/lib/python3.10/site-packages/state_machine-0.0.0-py3.10.egg-info' (and everything under it)
Copying ../../build/state_machine/state_machine.egg-info to /home/alumno1/Documents/destroyer_ws/install/state_machine/lib/python3.10/site-packages/state_machine-0.0.0-py3.10.egg-info
running install_scripts
Installing likelihood_map_publisher script to /home/alumno1/Documents/destroyer_ws/install/state_machine/lib/state_machine
Installing map_publisher script to /home/alumno1/Documents/destroyer_ws/install/state_machine/lib/state_machine
writing list of installed files to '/home/alumno1/Documents/destroyer_ws/build/state_machine/install.log'
