[35m[1mConsolidate compiler generated dependencies of target grid_fastslam_node[0m
[ 33%] [32mBuilding CXX object CMakeFiles/grid_fastslam_node.dir/src/grid_fastslam.cpp.o[0m
[01m[K/home/alumno1/Documents/destroyer_ws/src/grid_fastslam/src/grid_fastslam.cpp:372:1:[m[K [01;31m[Kerror: [m[Kexpected unqualified-id before ‘[01m[Kif[m[K’
  372 | [01;31m[Kif[m[K (!any_valid_weight)
      | [01;31m[K^~[m[K
[01m[K/home/alumno1/Documents/destroyer_ws/src/grid_fastslam/src/grid_fastslam.cpp:377:1:[m[K [01;31m[Kerror: [m[Kexpected unqualified-id before ‘[01m[Kelse[m[K’
  377 | [01;31m[Kelse[m[K
      | [01;31m[K^~~~[m[K
[01m[K/home/alumno1/Documents/destroyer_ws/src/grid_fastslam/src/grid_fastslam.cpp:385:1:[m[K [01;31m[Kerror: [m[Kexpected declaration before ‘[01m[K}[m[K’ token
  385 | [01;31m[K}[m[K
      | [01;31m[K^[m[K
[01m[K/home/alumno1/Documents/destroyer_ws/src/grid_fastslam/src/grid_fastslam.cpp:387:6:[m[K [01;31m[Kerror: [m[K‘[01m[KGridFastSlam[m[K’ has not been declared
  387 | void [01;31m[KGridFastSlam[m[K::resample()
      |      [01;31m[K^~~~~~~~~~~~[m[K
[01m[K/home/alumno1/Documents/destroyer_ws/src/grid_fastslam/src/grid_fastslam.cpp:[m[K In function ‘[01m[Kvoid resample()[m[K’:
[01m[K/home/alumno1/Documents/destroyer_ws/src/grid_fastslam/src/grid_fastslam.cpp:391:26:[m[K [01;31m[Kerror: [m[K‘[01m[Kparticles_[m[K’ was not declared in this scope
  391 |     for (const auto &p : [01;31m[Kparticles_[m[K)
      |                          [01;31m[K^~~~~~~~~~[m[K
[01m[K/home/alumno1/Documents/destroyer_ws/src/grid_fastslam/src/grid_fastslam.cpp:398:18:[m[K [01;31m[Kerror: [m[K‘[01m[Knum_particles_[m[K’ was not declared in this scope
  398 |     if (n_eff <= [01;31m[Knum_particles_[m[K * 0.9)
      |                  [01;31m[K^~~~~~~~~~~~~~[m[K
[01m[K/home/alumno1/Documents/destroyer_ws/src/grid_fastslam/src/grid_fastslam.cpp:401:21:[m[K [01;31m[Kerror: [m[K‘[01m[KParticle[m[K’ was not declared in this scope; did you mean ‘[01m[Kgrid_fastslam::Particle[m[K’?
  401 |         std::vector<[01;31m[KParticle[m[K> new_particles;
      |                     [01;31m[K^~~~~~~~[m[K
      |                     [32m[Kgrid_fastslam::Particle[m[K
In file included from [01m[K/home/alumno1/Documents/destroyer_ws/src/grid_fastslam/src/grid_fastslam.cpp:2[m[K:
[01m[K/home/alumno1/Documents/destroyer_ws/src/grid_fastslam/include/grid_fastslam/grid_fastslam.hpp:45:12:[m[K [01;36m[Knote: [m[K‘[01m[Kgrid_fastslam::Particle[m[K’ declared here
   45 |     struct [01;36m[KParticle[m[K
      |            [01;36m[K^~~~~~~~[m[K
[01m[K/home/alumno1/Documents/destroyer_ws/src/grid_fastslam/src/grid_fastslam.cpp:401:29:[m[K [01;31m[Kerror: [m[Ktemplate argument 1 is invalid
  401 |         std::vector<Particle[01;31m[K>[m[K new_particles;
      |                             [01;31m[K^[m[K
[01m[K/home/alumno1/Documents/destroyer_ws/src/grid_fastslam/src/grid_fastslam.cpp:401:29:[m[K [01;31m[Kerror: [m[Ktemplate argument 2 is invalid
[01m[K/home/alumno1/Documents/destroyer_ws/src/grid_fastslam/src/grid_fastslam.cpp:402:23:[m[K [01;31m[Kerror: [m[Krequest for member ‘[01m[Kreserve[m[K’ in ‘[01m[Knew_particles[m[K’, which is of non-class type ‘[01m[Kint[m[K’
  402 |         new_particles.[01;31m[Kreserve[m[K(num_particles_);
      |                       [01;31m[K^~~~~~~[m[K
[01m[K/home/alumno1/Documents/destroyer_ws/src/grid_fastslam/src/grid_fastslam.cpp:405:25:[m[K [01;31m[Kerror: [m[K‘[01m[Krng_[m[K’ was not declared in this scope
  405 |         double r = dist([01;31m[Krng_[m[K);           // Random start point
      |                         [01;31m[K^~~~[m[K
[01m[K/home/alumno1/Documents/destroyer_ws/src/grid_fastslam/src/grid_fastslam.cpp:406:20:[m[K [01;31m[Kerror: [m[K‘[01m[Kparticles_[m[K’ was not declared in this scope; did you mean ‘[01m[Knew_particles[m[K’?
  406 |         double c = [01;31m[Kparticles_[m[K[0].weight; // Cumulative weight
      |                    [01;31m[K^~~~~~~~~~[m[K
      |                    [32m[Knew_particles[m[K
[01m[K/home/alumno1/Documents/destroyer_ws/src/grid_fastslam/src/grid_fastslam.cpp:421:21:[m[K [01;31m[Kerror: [m[Kexpected ‘[01m[K;[m[K’ before ‘[01m[Kp_copy[m[K’
  421 |             Particle[01;31m[K [m[K[32m[Kp_copy[m[K = particles_[i];
      |                     [01;31m[K^[m[K[32m[K~~~~~~[m[K
      |                     [32m[K;[m[K
[01m[K/home/alumno1/Documents/destroyer_ws/src/grid_fastslam/src/grid_fastslam.cpp:422:13:[m[K [01;31m[Kerror: [m[K‘[01m[Kp_copy[m[K’ was not declared in this scope; did you mean ‘[01m[Kbcopy[m[K’?
  422 |             [01;31m[Kp_copy[m[K.weight = 1.0 / num_particles_; // Reset weight after resampling
      |             [01;31m[K^~~~~~[m[K
      |             [32m[Kbcopy[m[K
[01m[K/home/alumno1/Documents/destroyer_ws/src/grid_fastslam/src/grid_fastslam.cpp:423:27:[m[K [01;31m[Kerror: [m[Krequest for member ‘[01m[Kpush_back[m[K’ in ‘[01m[Knew_particles[m[K’, which is of non-class type ‘[01m[Kint[m[K’
  423 |             new_particles.[01;31m[Kpush_back[m[K(p_copy);
      |                           [01;31m[K^~~~~~~~~[m[K
[01m[K/home/alumno1/Documents/destroyer_ws/src/grid_fastslam/src/grid_fastslam.cpp:428:9:[m[K [01;31m[Kerror: [m[K‘[01m[Kcurrent_best_index_[m[K’ was not declared in this scope
  428 |         [01;31m[Kcurrent_best_index_[m[K = 0;
      |         [01;31m[K^~~~~~~~~~~~~~~~~~~[m[K
[01m[K/home/alumno1/Documents/destroyer_ws/src/grid_fastslam/src/grid_fastslam.cpp:[m[K At global scope:
[01m[K/home/alumno1/Documents/destroyer_ws/src/grid_fastslam/src/grid_fastslam.cpp:432:6:[m[K [01;31m[Kerror: [m[K‘[01m[KGridFastSlam[m[K’ has not been declared
  432 | void [01;31m[KGridFastSlam[m[K::scan_callback(const sensor_msgs::msg::LaserScan::SharedPtr msg)
      |      [01;31m[K^~~~~~~~~~~~[m[K
[01m[K/home/alumno1/Documents/destroyer_ws/src/grid_fastslam/src/grid_fastslam.cpp:[m[K In function ‘[01m[Kvoid scan_callback(sensor_msgs::msg::LaserScan_<std::allocator<void> >::SharedPtr)[m[K’:
[01m[K/home/alumno1/Documents/destroyer_ws/src/grid_fastslam/src/grid_fastslam.cpp:435:5:[m[K [01;31m[Kerror: [m[K‘[01m[Kinit_lut[m[K’ was not declared in this scope
  435 |     [01;31m[Kinit_lut[m[K(msg);
      |     [01;31m[K^~~~~~~~[m[K
[01m[K/home/alumno1/Documents/destroyer_ws/src/grid_fastslam/src/grid_fastslam.cpp:437:5:[m[K [01;31m[Kerror: [m[K‘[01m[Kupdate_particles[m[K’ was not declared in this scope
  437 |     [01;31m[Kupdate_particles[m[K(msg);
      |     [01;31m[K^~~~~~~~~~~~~~~~[m[K
[01m[K/home/alumno1/Documents/destroyer_ws/src/grid_fastslam/src/grid_fastslam.cpp:440:5:[m[K [01;31m[Kerror: [m[K‘[01m[Kmap_update_counter[m[K’ was not declared in this scope
  440 |     [01;31m[Kmap_update_counter[m[K++;
      |     [01;31m[K^~~~~~~~~~~~~~~~~~[m[K
[01m[K/home/alumno1/Documents/destroyer_ws/src/grid_fastslam/src/grid_fastslam.cpp:441:31:[m[K [01;31m[Kerror: [m[K‘[01m[Kmap_update_interval[m[K’ was not declared in this scope
  441 |     if (map_update_counter >= [01;31m[Kmap_update_interval[m[K)
      |                               [01;31m[K^~~~~~~~~~~~~~~~~~~[m[K
[01m[K/home/alumno1/Documents/destroyer_ws/src/grid_fastslam/src/grid_fastslam.cpp:444:24:[m[K [01;31m[Kerror: [m[K‘[01m[Kparticles_[m[K’ was not declared in this scope
  444 |         for (auto &p : [01;31m[Kparticles_[m[K)
      |                        [01;31m[K^~~~~~~~~~[m[K
[01m[K/home/alumno1/Documents/destroyer_ws/src/grid_fastslam/src/grid_fastslam.cpp:446:13:[m[K [01;31m[Kerror: [m[K‘[01m[Kupdate_grid[m[K’ was not declared in this scope
  446 |             [01;31m[Kupdate_grid[m[K(p, msg);
      |             [01;31m[K^~~~~~~~~~~[m[K
[01m[K/home/alumno1/Documents/destroyer_ws/src/grid_fastslam/src/grid_fastslam.cpp:444:9:[m[K [01;31m[Kerror: [m[Kinvalid type for iteration variable ‘[01m[K<anonymous>[m[K’
  444 |         [01;31m[Kfor[m[K (auto &p : particles_)
      |         [01;31m[K^~~[m[K
[01m[K/home/alumno1/Documents/destroyer_ws/src/grid_fastslam/src/grid_fastslam.cpp:451:5:[m[K [01;31m[Kerror: [m[K‘[01m[Kpublish_map_and_path[m[K’ was not declared in this scope
  451 |     [01;31m[Kpublish_map_and_path[m[K();
      |     [01;31m[K^~~~~~~~~~~~~~~~~~~~[m[K
In file included from [01m[K/opt/ros/humble/include/rclcpp/rclcpp/client.hpp:40[m[K,
                 from [01m[K/opt/ros/humble/include/rclcpp/rclcpp/callback_group.hpp:24[m[K,
                 from [01m[K/opt/ros/humble/include/rclcpp/rclcpp/any_executable.hpp:20[m[K,
                 from [01m[K/opt/ros/humble/include/rclcpp/rclcpp/memory_strategy.hpp:25[m[K,
                 from [01m[K/opt/ros/humble/include/rclcpp/rclcpp/memory_strategies.hpp:18[m[K,
                 from [01m[K/opt/ros/humble/include/rclcpp/rclcpp/executor_options.hpp:20[m[K,
                 from [01m[K/opt/ros/humble/include/rclcpp/rclcpp/executor.hpp:37[m[K,
                 from [01m[K/opt/ros/humble/include/rclcpp/rclcpp/executors/multi_threaded_executor.hpp:25[m[K,
                 from [01m[K/opt/ros/humble/include/rclcpp/rclcpp/executors.hpp:21[m[K,
                 from [01m[K/opt/ros/humble/include/rclcpp/rclcpp/rclcpp.hpp:155[m[K,
                 from [01m[K/home/alumno1/Documents/destroyer_ws/src/grid_fastslam/include/grid_fastslam/grid_fastslam.hpp:11[m[K,
                 from [01m[K/home/alumno1/Documents/destroyer_ws/src/grid_fastslam/src/grid_fastslam.cpp:2[m[K:
[01m[K/home/alumno1/Documents/destroyer_ws/src/grid_fastslam/src/grid_fastslam.cpp:455:17:[m[K [01;31m[Kerror: [m[Kinvalid use of ‘[01m[Kthis[m[K’ in non-member function
  455 |     RCLCPP_INFO([01;31m[Kthis[m[K->get_logger(), "Scan Callback tardó: %ld ms", duration);
      |                 [01;31m[K^~~~[m[K
[01m[K/home/alumno1/Documents/destroyer_ws/src/grid_fastslam/src/grid_fastslam.cpp:455:17:[m[K [01;31m[Kerror: [m[Kinvalid use of ‘[01m[Kthis[m[K’ in non-member function
[01m[K/home/alumno1/Documents/destroyer_ws/src/grid_fastslam/src/grid_fastslam.cpp:455:5:[m[K [01;31m[Kerror: [m[Ktemplate argument 1 is invalid
  455 |     [01;31m[KRCLCPP_INFO[m[K(this->get_logger(), "Scan Callback tardó: %ld ms", duration);
      |     [01;31m[K^~~~~~~~~~~[m[K
[01m[K/home/alumno1/Documents/destroyer_ws/src/grid_fastslam/src/grid_fastslam.cpp:455:5:[m[K [01;31m[Kerror: [m[Ktemplate argument 1 is invalid
  455 |     [01;31m[KRCLCPP_INFO[m[K(this->get_logger(), "Scan Callback tardó: %ld ms", duration);
      |     [01;31m[K^~~~~~~~~~~[m[K
[01m[K/home/alumno1/Documents/destroyer_ws/src/grid_fastslam/src/grid_fastslam.cpp:455:5:[m[K [01;31m[Kerror: [m[Ktemplate argument 1 is invalid
  455 |     [01;31m[KRCLCPP_INFO[m[K(this->get_logger(), "Scan Callback tardó: %ld ms", duration);
      |     [01;31m[K^~~~~~~~~~~[m[K
In file included from [01m[K/opt/ros/humble/include/rclcpp/rclcpp/logging.hpp:24[m[K,
                 from [01m[K/opt/ros/humble/include/rclcpp/rclcpp/client.hpp:40[m[K,
                 from [01m[K/opt/ros/humble/include/rclcpp/rclcpp/callback_group.hpp:24[m[K,
                 from [01m[K/opt/ros/humble/include/rclcpp/rclcpp/any_executable.hpp:20[m[K,
                 from [01m[K/opt/ros/humble/include/rclcpp/rclcpp/memory_strategy.hpp:25[m[K,
                 from [01m[K/opt/ros/humble/include/rclcpp/rclcpp/memory_strategies.hpp:18[m[K,
                 from [01m[K/opt/ros/humble/include/rclcpp/rclcpp/executor_options.hpp:20[m[K,
                 from [01m[K/opt/ros/humble/include/rclcpp/rclcpp/executor.hpp:37[m[K,
                 from [01m[K/opt/ros/humble/include/rclcpp/rclcpp/executors/multi_threaded_executor.hpp:25[m[K,
                 from [01m[K/opt/ros/humble/include/rclcpp/rclcpp/executors.hpp:21[m[K,
                 from [01m[K/opt/ros/humble/include/rclcpp/rclcpp/rclcpp.hpp:155[m[K,
                 from [01m[K/home/alumno1/Documents/destroyer_ws/src/grid_fastslam/include/grid_fastslam/grid_fastslam.hpp:11[m[K,
                 from [01m[K/home/alumno1/Documents/destroyer_ws/src/grid_fastslam/src/grid_fastslam.cpp:2[m[K:
[01m[K/home/alumno1/Documents/destroyer_ws/src/grid_fastslam/src/grid_fastslam.cpp:455:17:[m[K [01;31m[Kerror: [m[Kinvalid use of ‘[01m[Kthis[m[K’ in non-member function
  455 |     RCLCPP_INFO([01;31m[Kthis[m[K->get_logger(), "Scan Callback tardó: %ld ms", duration);
      |                 [01;31m[K^~~~[m[K
[01m[K/home/alumno1/Documents/destroyer_ws/src/grid_fastslam/src/grid_fastslam.cpp:455:17:[m[K [01;31m[Kerror: [m[Kinvalid use of ‘[01m[Kthis[m[K’ in non-member function
  455 |     RCLCPP_INFO([01;31m[Kthis[m[K->get_logger(), "Scan Callback tardó: %ld ms", duration);
      |                 [01;31m[K^~~~[m[K
[01m[K/home/alumno1/Documents/destroyer_ws/src/grid_fastslam/src/grid_fastslam.cpp:[m[K At global scope:
[01m[K/home/alumno1/Documents/destroyer_ws/src/grid_fastslam/src/grid_fastslam.cpp:458:6:[m[K [01;31m[Kerror: [m[K‘[01m[KGridFastSlam[m[K’ has not been declared
  458 | void [01;31m[KGridFastSlam[m[K::publish_map_and_path()
      |      [01;31m[K^~~~~~~~~~~~[m[K
[01m[K/home/alumno1/Documents/destroyer_ws/src/grid_fastslam/src/grid_fastslam.cpp:[m[K In function ‘[01m[Kvoid publish_map_and_path()[m[K’:
[01m[K/home/alumno1/Documents/destroyer_ws/src/grid_fastslam/src/grid_fastslam.cpp:461:37:[m[K [01;31m[Kerror: [m[K‘[01m[Kparticles_[m[K’ was not declared in this scope
  461 |     auto best_it = std::max_element([01;31m[Kparticles_[m[K.begin(), particles_.end(),
      |                                     [01;31m[K^~~~~~~~~~[m[K
[01m[K/home/alumno1/Documents/destroyer_ws/src/grid_fastslam/src/grid_fastslam.cpp:462:46:[m[K [01;31m[Kerror: [m[K‘[01m[KParticle[m[K’ does not name a type
  462 |                                     [](const [01;31m[KParticle[m[K &a, const Particle &b)
      |                                              [01;31m[K^~~~~~~~[m[K
[01m[K/home/alumno1/Documents/destroyer_ws/src/grid_fastslam/src/grid_fastslam.cpp:[m[K In lambda function:
[01m[K/home/alumno1/Documents/destroyer_ws/src/grid_fastslam/src/grid_fastslam.cpp:463:69:[m[K [01;31m[Kerror: [m[Kexpected ‘[01m[K{[m[K’ before ‘[01m[K;[m[K’ token
  463 |                                     { return a.weight < b.weight; })[01;31m[K;[m[K
      |                                                                     [01;31m[K^[m[K
[01m[K/home/alumno1/Documents/destroyer_ws/src/grid_fastslam/src/grid_fastslam.cpp:[m[K In function ‘[01m[Kvoid publish_map_and_path()[m[K’:
[01m[K/home/alumno1/Documents/destroyer_ws/src/grid_fastslam/src/grid_fastslam.cpp:463:69:[m[K [01;31m[Kerror: [m[Kexpected ‘[01m[K)[m[K’ before ‘[01m[K;[m[K’ token
  463 |                                     { return a.weight < b.weight; })[01;31m[K;[m[K
      |                                                                     [01;31m[K^[m[K
      |                                                                     [32m[K)[m[K
[01m[K/home/alumno1/Documents/destroyer_ws/src/grid_fastslam/src/grid_fastslam.cpp:461:36:[m[K [01;36m[Knote: [m[Kto match this ‘[01m[K([m[K’
  461 |     auto best_it = std::max_element[01;36m[K([m[Kparticles_.begin(), particles_.end(),
      |                                    [01;36m[K^[m[K
[01m[K/home/alumno1/Documents/destroyer_ws/src/grid_fastslam/src/grid_fastslam.cpp:468:48:[m[K [01;31m[Kerror: [m[K‘[01m[Kcurrent_best_index_[m[K’ was not declared in this scope
  468 |     double current_display_weight = particles_[[01;31m[Kcurrent_best_index_[m[K].weight;
      |                                                [01;31m[K^~~~~~~~~~~~~~~~~~~[m[K
[01m[K/home/alumno1/Documents/destroyer_ws/src/grid_fastslam/src/grid_fastslam.cpp:473:32:[m[K [01;31m[Kerror: [m[K‘[01m[Knum_particles_[m[K’ was not declared in this scope
  473 |     if (current_best_index_ >= [01;31m[Knum_particles_[m[K)
      |                                [01;31m[K^~~~~~~~~~~~~~[m[K
[01m[K/home/alumno1/Documents/destroyer_ws/src/grid_fastslam/src/grid_fastslam.cpp:480:28:[m[K [01;31m[Kerror: [m[Kinvalid use of ‘[01m[Kthis[m[K’ in non-member function
  480 |     map_msg.header.stamp = [01;31m[Kthis[m[K->now();
      |                            [01;31m[K^~~~[m[K
[01m[K/home/alumno1/Documents/destroyer_ws/src/grid_fastslam/src/grid_fastslam.cpp:482:31:[m[K [01;31m[Kerror: [m[K‘[01m[KRESOLUTION[m[K’ was not declared in this scope; did you mean ‘[01m[Kgrid_fastslam::RESOLUTION[m[K’?
  482 |     map_msg.info.resolution = [01;31m[KRESOLUTION[m[K;
      |                               [01;31m[K^~~~~~~~~~[m[K
      |                               [32m[Kgrid_fastslam::RESOLUTION[m[K
In file included from [01m[K/home/alumno1/Documents/destroyer_ws/src/grid_fastslam/src/grid_fastslam.cpp:2[m[K:
[01m[K/home/alumno1/Documents/destroyer_ws/src/grid_fastslam/include/grid_fastslam/grid_fastslam.hpp:28:22:[m[K [01;36m[Knote: [m[K‘[01m[Kgrid_fastslam::RESOLUTION[m[K’ declared here
   28 |     constexpr double [01;36m[KRESOLUTION[m[K = 0.05;
      |                      [01;36m[K^~~~~~~~~~[m[K
[01m[K/home/alumno1/Documents/destroyer_ws/src/grid_fastslam/src/grid_fastslam.cpp:483:26:[m[K [01;31m[Kerror: [m[K‘[01m[KMAP_WIDTH[m[K’ was not declared in this scope; did you mean ‘[01m[Kgrid_fastslam::MAP_WIDTH[m[K’?
  483 |     map_msg.info.width = [01;31m[KMAP_WIDTH[m[K;
      |                          [01;31m[K^~~~~~~~~[m[K
      |                          [32m[Kgrid_fastslam::MAP_WIDTH[m[K
In file included from [01m[K/home/alumno1/Documents/destroyer_ws/src/grid_fastslam/src/grid_fastslam.cpp:2[m[K:
[01m[K/home/alumno1/Documents/destroyer_ws/src/grid_fastslam/include/grid_fastslam/grid_fastslam.hpp:27:19:[m[K [01;36m[Knote: [m[K‘[01m[Kgrid_fastslam::MAP_WIDTH[m[K’ declared here
   27 |     constexpr int [01;36m[KMAP_WIDTH[m[K = 400;
      |                   [01;36m[K^~~~~~~~~[m[K
[01m[K/home/alumno1/Documents/destroyer_ws/src/grid_fastslam/src/grid_fastslam.cpp:484:27:[m[K [01;31m[Kerror: [m[K‘[01m[KMAP_HEIGHT[m[K’ was not declared in this scope; did you mean ‘[01m[Kgrid_fastslam::MAP_HEIGHT[m[K’?
  484 |     map_msg.info.height = [01;31m[KMAP_HEIGHT[m[K;
      |                           [01;31m[K^~~~~~~~~~[m[K
      |                           [32m[Kgrid_fastslam::MAP_HEIGHT[m[K
In file included from [01m[K/home/alumno1/Documents/destroyer_ws/src/grid_fastslam/src/grid_fastslam.cpp:2[m[K:
[01m[K/home/alumno1/Documents/destroyer_ws/src/grid_fastslam/include/grid_fastslam/grid_fastslam.hpp:26:19:[m[K [01;36m[Knote: [m[K‘[01m[Kgrid_fastslam::MAP_HEIGHT[m[K’ declared here
   26 |     constexpr int [01;36m[KMAP_HEIGHT[m[K = 400;
      |                   [01;36m[K^~~~~~~~~~[m[K
[01m[K/home/alumno1/Documents/destroyer_ws/src/grid_fastslam/src/grid_fastslam.cpp:485:38:[m[K [01;31m[Kerror: [m[K‘[01m[KOX[m[K’ was not declared in this scope; did you mean ‘[01m[Kgrid_fastslam::OX[m[K’?
  485 |     map_msg.info.origin.position.x = [01;31m[KOX[m[K;
      |                                      [01;31m[K^~[m[K
      |                                      [32m[Kgrid_fastslam::OX[m[K
In file included from [01m[K/home/alumno1/Documents/destroyer_ws/src/grid_fastslam/src/grid_fastslam.cpp:2[m[K:
[01m[K/home/alumno1/Documents/destroyer_ws/src/grid_fastslam/include/grid_fastslam/grid_fastslam.hpp:29:22:[m[K [01;36m[Knote: [m[K‘[01m[Kgrid_fastslam::OX[m[K’ declared here
   29 |     constexpr double [01;36m[KOX[m[K = -(MAP_WIDTH * RESOLUTION) / 2.0;
      |                      [01;36m[K^~[m[K
[01m[K/home/alumno1/Documents/destroyer_ws/src/grid_fastslam/src/grid_fastslam.cpp:486:38:[m[K [01;31m[Kerror: [m[K‘[01m[KOY[m[K’ was not declared in this scope; did you mean ‘[01m[Kgrid_fastslam::OY[m[K’?
  486 |     map_msg.info.origin.position.y = [01;31m[KOY[m[K;
      |                                      [01;31m[K^~[m[K
      |                                      [32m[Kgrid_fastslam::OY[m[K
In file included from [01m[K/home/alumno1/Documents/destroyer_ws/src/grid_fastslam/src/grid_fastslam.cpp:2[m[K:
[01m[K/home/alumno1/Documents/destroyer_ws/src/grid_fastslam/include/grid_fastslam/grid_fastslam.hpp:30:22:[m[K [01;36m[Knote: [m[K‘[01m[Kgrid_fastslam::OY[m[K’ declared here
   30 |     constexpr double [01;36m[KOY[m[K = -(MAP_HEIGHT * RESOLUTION) / 2.0;
      |                      [01;36m[K^~[m[K
[01m[K/home/alumno1/Documents/destroyer_ws/src/grid_fastslam/src/grid_fastslam.cpp:500:5:[m[K [01;31m[Kerror: [m[K‘[01m[Kmap_pub_[m[K’ was not declared in this scope
  500 |     [01;31m[Kmap_pub_[m[K->publish(map_msg);
      |     [01;31m[K^~~~~~~~[m[K
[01m[K/home/alumno1/Documents/destroyer_ws/src/grid_fastslam/src/grid_fastslam.cpp:504:33:[m[K [01;31m[Kerror: [m[Kinvalid use of ‘[01m[Kthis[m[K’ in non-member function
  504 |     best_map_msg.header.stamp = [01;31m[Kthis[m[K->now();
      |                                 [01;31m[K^~~~[m[K
[01m[K/home/alumno1/Documents/destroyer_ws/src/grid_fastslam/src/grid_fastslam.cpp:520:5:[m[K [01;31m[Kerror: [m[K‘[01m[Kbest_map_pub_[m[K’ was not declared in this scope; did you mean ‘[01m[Kbest_map_msg[m[K’?
  520 |     [01;31m[Kbest_map_pub_[m[K->publish(best_map_msg);
      |     [01;31m[K^~~~~~~~~~~~~[m[K
      |     [32m[Kbest_map_msg[m[K
[01m[K/home/alumno1/Documents/destroyer_ws/src/grid_fastslam/src/grid_fastslam.cpp:532:5:[m[K [01;31m[Kerror: [m[K‘[01m[Kpath_msg_[m[K’ was not declared in this scope
  532 |     [01;31m[Kpath_msg_[m[K.header.stamp = this->now();
      |     [01;31m[K^~~~~~~~~[m[K
[01m[K/home/alumno1/Documents/destroyer_ws/src/grid_fastslam/src/grid_fastslam.cpp:532:30:[m[K [01;31m[Kerror: [m[Kinvalid use of ‘[01m[Kthis[m[K’ in non-member function
  532 |     path_msg_.header.stamp = [01;31m[Kthis[m[K->now();
      |                              [01;31m[K^~~~[m[K
[01m[K/home/alumno1/Documents/destroyer_ws/src/grid_fastslam/src/grid_fastslam.cpp:535:5:[m[K [01;31m[Kerror: [m[K‘[01m[Kpose_pub_[m[K’ was not declared in this scope
  535 |     [01;31m[Kpose_pub_[m[K->publish(pose);
      |     [01;31m[K^~~~~~~~~[m[K
[01m[K/home/alumno1/Documents/destroyer_ws/src/grid_fastslam/src/grid_fastslam.cpp:536:5:[m[K [01;31m[Kerror: [m[K‘[01m[Kpath_pub_[m[K’ was not declared in this scope
  536 |     [01;31m[Kpath_pub_[m[K->publish(path_msg_);
      |     [01;31m[K^~~~~~~~~[m[K
[01m[K/home/alumno1/Documents/destroyer_ws/src/grid_fastslam/src/grid_fastslam.cpp:540:30:[m[K [01;31m[Kerror: [m[Kinvalid use of ‘[01m[Kthis[m[K’ in non-member function
  540 |     cloud_msg.header.stamp = [01;31m[Kthis[m[K->now();
      |                              [01;31m[K^~~~[m[K
[01m[K/home/alumno1/Documents/destroyer_ws/src/grid_fastslam/src/grid_fastslam.cpp:566:5:[m[K [01;31m[Kerror: [m[K‘[01m[Kparticles_pub_[m[K’ was not declared in this scope
  566 |     [01;31m[Kparticles_pub_[m[K->publish(cloud_msg);
      |     [01;31m[K^~~~~~~~~~~~~~[m[K
[01m[K/home/alumno1/Documents/destroyer_ws/src/grid_fastslam/src/grid_fastslam.cpp:[m[K At global scope:
[01m[K/home/alumno1/Documents/destroyer_ws/src/grid_fastslam/src/grid_fastslam.cpp:569:1:[m[K [01;31m[Kerror: [m[Kexpected declaration before ‘[01m[K}[m[K’ token
  569 | [01;31m[K}[m[K // namespace grid_fastslam
      | [01;31m[K^[m[K
gmake[2]: *** [CMakeFiles/grid_fastslam_node.dir/build.make:76: CMakeFiles/grid_fastslam_node.dir/src/grid_fastslam.cpp.o] Error 1
gmake[1]: *** [CMakeFiles/Makefile2:137: CMakeFiles/grid_fastslam_node.dir/all] Error 2
gmake: *** [Makefile:146: all] Error 2
